<jzznw_S6520_1_down>screen-length 0 temporary
                                  ^
 % Unrecognized command found at '^' position.
<jzznw_S6520_1_down>display version
H3C Comware Software, Version 7.1.070, Release 6628P35
Copyright (c) 2004-2023 New H3C Technologies Co., Ltd. All rights reserved.
H3C S6520X-54QC-EI uptime is 140 weeks, 2 days, 7 hours, 46 minutes
Last reboot reason : User reboot

Boot image: flash:/s6520x-cmw710-boot-r6628p35.bin
Boot image version: 7.1.070, Release 6628P35
  Compiled Mar 24 2023 11:00:00
System image: flash:/s6520x-cmw710-system-r6628p35.bin
System image version: 7.1.070, Release 6628P35
  Compiled Mar 24 2023 11:00:00
Feature image(s) list:
  flash:/s6520x-cmw710-freeradius-r6628p35.bin, version: 7.1.070, Release 6628P35
    Compiled Mar 24 2023 11:00:00
  flash:/s6520x-cmw710-escan-r6628p35.bin, version: 7.1.070, Release 6628P35
    Compiled Mar 24 2023 11:00:00


Slot 1:
Uptime is 140 weeks,2 days,7 hours,46 minutes
S6520X-54QC-EI with 2 Processors
BOARD TYPE:         S6520X-54QC-EI
DRAM:               2048M bytes
FLASH:              1024M bytes
PCB 1 Version:      VER.A
Bootrom Version:    118
CPLD 1 Version:     001
CPLD 2 Version:     003
Release Version:    H3C S6520X-54QC-EI-6628P35
Patch Version  :    None
Reboot Cause  :     UserReboot
[SubSlot 0] 48SFP Plus + 2QSFP Plus
[SubSlot 1] 4*SFP Plus
<jzznw_S6520_1_down>display device
Slot Type              State    Subslot  Soft Ver             Patch Ver
1    S6520X-54QC-EI    Master   1        S6520X-6628P35       None      
<jzznw_S6520_1_down>display startup
MainBoard:
 Current startup saved-configuration file: flash:/startup.cfg 
 Next main startup saved-configuration file: flash:/startup.cfg
 Next backup startup saved-configuration file: NULL
<jzznw_S6520_1_down>display cpu-usage
Slot 1 CPU 0 CPU usage:
       7% in last 5 seconds
       7% in last 1 minute
       7% in last 5 minutes

<jzznw_S6520_1_down>display memory-usage
                            ^
 % Unrecognized command found at '^' position.
<jzznw_S6520_1_down>display memory
Memory statistics are measured in KB:
Slot 1: 
             Total      Used      Free    Shared   Buffers    Cached   FreeRatio
Mem:       2036132   1054460    981672         0      1448    248684       48.4%
-/+ Buffers/Cache:    804328   1231804
Swap:            0         0         0
LowMem:    1520036    682480    837556        --        --        --       55.1%
HighMem:    516096    371980    144116        --        --        --       27.9%

<jzznw_S6520_1_down>display ip interface brief
*down: administratively down
(s): spoofing  (l): loopback
Interface          Physical Protocol IP address/Mask    VPN instance Description
Loop0              up       up(s)    192.168.1.206/32   --           --         
MGE0/0/0           down     down     192.168.0.1/24     --           --         
Vlan1              down     down     --                 --           --         
Vlan4              up       up       10.233.121.206/25  --           --         
<jzznw_S6520_1_down>display interface brief
Brief information on interfaces in route mode:
Link: ADM - administratively down; Stby - standby
Protocol: (s) - spoofing
Interface            Link Protocol Primary IP        Description              
InLoop0              UP   UP(s)    --                
Loop0                UP   UP(s)    192.168.1.206     
MGE0/0/0             DOWN DOWN     192.168.0.1       
NULL0                UP   UP(s)    --                
REG0                 UP   --       --                
Vlan1                DOWN DOWN     --                
Vlan4                UP   UP       10.233.121.206    

Brief information on interfaces in bridge mode:
Link: ADM - administratively down; Stby - standby
Speed: (a) - auto
Duplex: (a)/A - auto; H - half; F - full
Type: A - access; T - trunk; H - hybrid
Interface            Link Speed     Duplex Type PVID Description              
BAGG1                UP   2G(a)     F(a)   T    1    "Switch connected with ea
FGE1/0/49            DOWN auto      A      A    1    
FGE1/0/50            DOWN auto      A      A    1    
XGE1/0/1             UP   1G(a)     F(a)   T    1    "ATAE-slot7-FABBIC-GE-LAN
XGE1/0/2             UP   1G(a)     F(a)   A    4    "F02-USAU6600-SLOT4-LAN1"
XGE1/0/3             UP   1G(a)     F(a)   A    4    "F02-USAU6600-SLOT3-LAN2"
XGE1/0/4             DOWN auto      A      A    4    To-LaFenzhinengwang-zhong
XGE1/0/5             UP   1G(a)     F(a)   A    4    "F02-USAU6600-SlOt6-LAN1"
XGE1/0/6             ADM  auto      A      A    1    
XGE1/0/7             DOWN auto      A      A    4    "F03-USP6600-SOLT3-LAN1"
XGE1/0/8             ADM  auto      A      A    4    "F03-UAO6600-SLOT4-LAN1"
XGE1/0/9             ADM  auto      A      A    4    
XGE1/0/10            DOWN auto      A      A    4    
XGE1/0/11            ADM  auto      A      A    4    
XGE1/0/12            ADM  auto      A      A    4    
XGE1/0/13            UP   1G(a)     F(a)   A    4    to-uap6600-slot6-lower
XGE1/0/14            ADM  auto      A      A    4    "F03-UAO6600-SLOT6-LAN1"
XGE1/0/15            DOWN auto      A      A    4    "F03-USP6600-OMU"
XGE1/0/16            UP   1G(a)     F(a)   A    4    to-uap6600-slot5-lower
XGE1/0/17            ADM  auto      A      A    4    
XGE1/0/18            DOWN auto      A      A    4    TO_NEW3900B-port_SMP21
XGE1/0/19            UP   1G(a)     F(a)   A    4    "USM-IBM3650-eth3"
XGE1/0/20            DOWN auto      A      A    4    "S3900-1-B-lan0"
XGE1/0/21            DOWN auto      A      A    4    "S3900-2-B-lan0"
XGE1/0/22            DOWN auto      A      A    4    "S3900-3-B-lan0"
XGE1/0/23            UP   1G(a)     F(a)   T    1    "to_jzznw_s3300_2_up_e0/0
XGE1/0/24            UP   1G(a)     F(a)   T    1    "to_jzznw_s3300_2_up_e0/0
XGE1/0/25            DOWN auto      A      A    1    
XGE1/0/26            DOWN auto      A      A    1    
XGE1/0/27            DOWN auto      A      A    1    
XGE1/0/28            DOWN auto      A      A    1    
XGE1/0/29            DOWN auto      A      A    1    
XGE1/0/30            DOWN auto      A      A    1    
XGE1/0/31            DOWN auto      A      A    1    
XGE1/0/32            DOWN auto      A      A    1    
XGE1/0/33            DOWN auto      A      A    1    
XGE1/0/34            DOWN auto      A      A    1    
XGE1/0/35            DOWN auto      A      A    1    
XGE1/0/36            DOWN auto      A      A    1    
XGE1/0/37            DOWN auto      A      A    1    
XGE1/0/38            DOWN auto      A      A    1    
XGE1/0/39            DOWN auto      A      A    1    
XGE1/0/40            DOWN auto      A      A    1    
XGE1/0/41            DOWN auto      A      A    1    
XGE1/0/42            DOWN auto      A      A    1    
XGE1/0/43            DOWN auto      A      A    1    
XGE1/0/44            DOWN auto      A      A    1    
XGE1/0/45            DOWN auto      A      A    1    
XGE1/0/46            DOWN auto      A      A    1    
XGE1/0/47            DOWN auto      A      A    1    
XGE1/0/48            UP   1G        F      T    1    "to_liuwu_switch_right_GE
XGE1/1/1             DOWN auto      A      A    1    
XGE1/1/2             DOWN auto      A      A    1    
XGE1/1/3             DOWN auto      A      A    1    
XGE1/1/4             DOWN auto      A      A    1    

<jzznw_S6520_1_down>display ip routing-table

Destinations : 17       Routes : 17

Destination/Mask   Proto   Pre Cost        NextHop         Interface
0.0.0.0/32         Direct  0   0           127.0.0.1       InLoop0
10.233.121.128/25  Direct  0   0           10.233.121.206  Vlan4
10.233.121.128/32  Direct  0   0           10.233.121.206  Vlan4
10.233.121.206/32  Direct  0   0           127.0.0.1       InLoop0
10.233.121.255/32  Direct  0   0           10.233.121.206  Vlan4
10.237.35.0/24     Static  60  0           10.233.121.213  Vlan4
10.237.95.0/24     Static  60  0           10.233.121.213  Vlan4
10.237.99.0/24     Static  60  0           10.233.121.213  Vlan4
10.237.100.0/24    Static  60  0           10.233.121.213  Vlan4
127.0.0.0/8        Direct  0   0           127.0.0.1       InLoop0
127.0.0.0/32       Direct  0   0           127.0.0.1       InLoop0
127.0.0.1/32       Direct  0   0           127.0.0.1       InLoop0
127.255.255.255/32 Direct  0   0           127.0.0.1       InLoop0
192.168.1.206/32   Direct  0   0           127.0.0.1       InLoop0
224.0.0.0/4        Direct  0   0           0.0.0.0         NULL0
224.0.0.0/24       Direct  0   0           0.0.0.0         NULL0
255.255.255.255/32 Direct  0   0           127.0.0.1       InLoop0
<jzznw_S6520_1_down>display logbuffer
Log buffer: Enabled
Max buffer size: 1024
Actual buffer size: 512
Dropped messages: 0
Overwritten messages: 11
Current messages: 512
%Jul  4 20:04:09:685 2023 jzznw_S6520_1_down OPTMOD/4/MODULE_IN: Ten-GigabitEthernet1/0/11: The transceiver is 1000_BASE_T_AN_SFP.
%Jul  4 20:04:10:255 2023 jzznw_S6520_1_down OPTMOD/4/MODULE_IN: Ten-GigabitEthernet1/0/12: The transceiver is 1000_BASE_T_AN_SFP.
%Jul  4 20:04:10:816 2023 jzznw_S6520_1_down OPTMOD/4/MODULE_IN: Ten-GigabitEthernet1/0/13: The transceiver is 1000_BASE_T_AN_SFP.
%Jul  4 20:04:11:395 2023 jzznw_S6520_1_down OPTMOD/4/MODULE_IN: Ten-GigabitEthernet1/0/14: The transceiver is 1000_BASE_T_AN_SFP.
%Jul  4 20:04:11:963 2023 jzznw_S6520_1_down OPTMOD/4/MODULE_IN: Ten-GigabitEthernet1/0/15: The transceiver is 1000_BASE_T_AN_SFP.
%Jul  4 20:04:12:524 2023 jzznw_S6520_1_down OPTMOD/4/MODULE_IN: Ten-GigabitEthernet1/0/16: The transceiver is 1000_BASE_T_AN_SFP.
%Jul  4 20:04:13:109 2023 jzznw_S6520_1_down OPTMOD/4/MODULE_IN: Ten-GigabitEthernet1/0/17: The transceiver is 1000_BASE_T_AN_SFP.
%Jul  4 20:04:13:674 2023 jzznw_S6520_1_down OPTMOD/4/MODULE_IN: Ten-GigabitEthernet1/0/18: The transceiver is 1000_BASE_T_AN_SFP.
%Jul  4 20:04:14:235 2023 jzznw_S6520_1_down OPTMOD/4/MODULE_IN: Ten-GigabitEthernet1/0/19: The transceiver is 1000_BASE_T_AN_SFP.
%Jul  4 20:04:14:820 2023 jzznw_S6520_1_down OPTMOD/4/MODULE_IN: Ten-GigabitEthernet1/0/20: The transceiver is 1000_BASE_T_AN_SFP.
%Jul  4 20:04:15:390 2023 jzznw_S6520_1_down OPTMOD/4/MODULE_IN: Ten-GigabitEthernet1/0/21: The transceiver is 1000_BASE_T_AN_SFP.
%Jul  4 20:04:15:951 2023 jzznw_S6520_1_down OPTMOD/4/MODULE_IN: Ten-GigabitEthernet1/0/22: The transceiver is 1000_BASE_T_AN_SFP.
%Jul  4 20:04:16:541 2023 jzznw_S6520_1_down OPTMOD/4/MODULE_IN: Ten-GigabitEthernet1/0/23: The transceiver is 1000_BASE_T_AN_SFP.
%Jul  4 20:04:17:110 2023 jzznw_S6520_1_down OPTMOD/4/MODULE_IN: Ten-GigabitEthernet1/0/24: The transceiver is 1000_BASE_T_AN_SFP.
%Jul  4 20:04:18:099 2023 jzznw_S6520_1_down OPTMOD/4/MODULE_IN: Ten-GigabitEthernet1/0/48: The transceiver is 1000_BASE_LX_SFP.
%Jul  5 04:05:06:296 2023 jzznw_S6520_1_down DEV/5/DEV_CLOCK_CHANGE: -User=-IPAddr=; System clock changed from 20:05:06 UTC Tue 07/04/2023 to 04:05:06 BJ Wed 07/05/2023.
%Jul  5 04:05:07:869 2023 jzznw_S6520_1_down STP/6/STP_ENABLE: STP is now enabled on the device.
%Jul  5 04:05:22:549 2023 jzznw_S6520_1_down IFNET/3/PHY_UPDOWN: Physical state on the interface Ten-GigabitEthernet1/0/2 changed to up.
%Jul  5 04:05:22:549 2023 jzznw_S6520_1_down IFNET/5/LINK_UPDOWN: Line protocol state on the interface Ten-GigabitEthernet1/0/2 changed to up.
%Jul  5 04:05:22:734 2023 jzznw_S6520_1_down IFNET/3/PHY_UPDOWN: Physical state on the interface Vlan-interface4 changed to up.
%Jul  5 04:05:22:737 2023 jzznw_S6520_1_down IFNET/5/LINK_UPDOWN: Line protocol state on the interface Vlan-interface4 changed to up.
%Jul  5 04:05:22:738 2023 jzznw_S6520_1_down IFNET/3/PHY_UPDOWN: Physical state on the interface Ten-GigabitEthernet1/0/3 changed to up.
%Jul  5 04:05:22:742 2023 jzznw_S6520_1_down IFNET/5/LINK_UPDOWN: Line protocol state on the interface Ten-GigabitEthernet1/0/3 changed to up.
%Jul  5 04:05:22:750 2023 jzznw_S6520_1_down IFNET/3/PHY_UPDOWN: Physical state on the interface Ten-GigabitEthernet1/0/1 changed to up.
%Jul  5 04:05:22:753 2023 jzznw_S6520_1_down IFNET/5/LINK_UPDOWN: Line protocol state on the interface Ten-GigabitEthernet1/0/1 changed to up.
%Jul  5 04:05:22:978 2023 jzznw_S6520_1_down IFNET/3/PHY_UPDOWN: Physical state on the interface Ten-GigabitEthernet1/0/5 changed to up.
%Jul  5 04:05:22:978 2023 jzznw_S6520_1_down IFNET/5/LINK_UPDOWN: Line protocol state on the interface Ten-GigabitEthernet1/0/5 changed to up.
%Jul  5 04:05:24:554 2023 jzznw_S6520_1_down IFNET/3/PHY_UPDOWN: Physical state on the interface Ten-GigabitEthernet1/0/48 changed to up.
%Jul  5 04:05:24:554 2023 jzznw_S6520_1_down IFNET/5/LINK_UPDOWN: Line protocol state on the interface Ten-GigabitEthernet1/0/48 changed to up.
%Jul  5 04:05:24:798 2023 jzznw_S6520_1_down IFNET/3/PHY_UPDOWN: Physical state on the interface Ten-GigabitEthernet1/0/19 changed to up.
%Jul  5 04:05:24:800 2023 jzznw_S6520_1_down IFNET/5/LINK_UPDOWN: Line protocol state on the interface Ten-GigabitEthernet1/0/19 changed to up.
%Jul  5 04:05:25:568 2023 jzznw_S6520_1_down IFNET/3/PHY_UPDOWN: Physical state on the interface Ten-GigabitEthernet1/0/7 changed to up.
%Jul  5 04:05:25:572 2023 jzznw_S6520_1_down IFNET/5/LINK_UPDOWN: Line protocol state on the interface Ten-GigabitEthernet1/0/7 changed to up.
%Jul  5 04:05:25:623 2023 jzznw_S6520_1_down IFNET/3/PHY_UPDOWN: Physical state on the interface Ten-GigabitEthernet1/0/15 changed to up.
%Jul  5 04:05:25:625 2023 jzznw_S6520_1_down IFNET/5/LINK_UPDOWN: Line protocol state on the interface Ten-GigabitEthernet1/0/15 changed to up.
%Jul  5 04:05:25:674 2023 jzznw_S6520_1_down IFNET/3/PHY_UPDOWN: Physical state on the interface Ten-GigabitEthernet1/0/13 changed to up.
%Jul  5 04:05:25:675 2023 jzznw_S6520_1_down IFNET/5/LINK_UPDOWN: Line protocol state on the interface Ten-GigabitEthernet1/0/13 changed to up.
%Jul  5 04:05:25:707 2023 jzznw_S6520_1_down STP/5/STP_NOT_ROOT: The current switch is no longer the root of Instance 0.
%Jul  5 04:05:25:707 2023 jzznw_S6520_1_down STP/6/STP_DETECTED_TC: Instance 0's port Ten-GigabitEthernet1/0/48 detected a topology change.
%Jul  5 04:05:26:359 2023 jzznw_S6520_1_down LLDP/6/LLDP_CREATE_NEIGHBOR: Nearest bridge agent neighbor created on port Ten-GigabitEthernet1/0/48 (IfIndex 48), neighbor's chassis ID is 1484-7760-de40, port ID is Ten-GigabitEthernet1/0/49.
%Jul  5 04:05:26:706 2023 jzznw_S6520_1_down IFNET/3/PHY_UPDOWN: Physical state on the interface Ten-GigabitEthernet1/0/7 changed to down.
%Jul  5 04:05:26:732 2023 jzznw_S6520_1_down IFNET/5/LINK_UPDOWN: Line protocol state on the interface Ten-GigabitEthernet1/0/7 changed to down.
%Jul  5 04:05:26:757 2023 jzznw_S6520_1_down IFNET/3/PHY_UPDOWN: Physical state on the interface Ten-GigabitEthernet1/0/16 changed to up.
%Jul  5 04:05:26:761 2023 jzznw_S6520_1_down IFNET/5/LINK_UPDOWN: Line protocol state on the interface Ten-GigabitEthernet1/0/16 changed to up.
%Jul  5 04:05:26:777 2023 jzznw_S6520_1_down IFNET/3/PHY_UPDOWN: Physical state on the interface Ten-GigabitEthernet1/0/24 changed to up.
%Jul  5 04:05:26:796 2023 jzznw_S6520_1_down LAGG/6/LAGG_ACTIVE: Member port XGE1/0/24 of aggregation group BAGG1 changed to the active state.
%Jul  5 04:05:26:847 2023 jzznw_S6520_1_down IFNET/3/PHY_UPDOWN: Physical state on the interface Ten-GigabitEthernet1/0/23 changed to up.
%Jul  5 04:05:26:848 2023 jzznw_S6520_1_down IFNET/5/LINK_UPDOWN: Line protocol state on the interface Ten-GigabitEthernet1/0/24 changed to up.
%Jul  5 04:05:26:849 2023 jzznw_S6520_1_down IFNET/3/PHY_UPDOWN: Physical state on the interface Bridge-Aggregation1 changed to up.
%Jul  5 04:05:26:858 2023 jzznw_S6520_1_down LAGG/6/LAGG_ACTIVE: Member port XGE1/0/23 of aggregation group BAGG1 changed to the active state.
%Jul  5 04:05:26:858 2023 jzznw_S6520_1_down LAGG/6/LAGG_INACTIVE_SPEED: Member port XGE1/0/24 of aggregation group BAGG1 changed to the inactive state, because the speed configuration of the port was different from that of the reference port.
%Jul  5 04:05:26:870 2023 jzznw_S6520_1_down IFNET/5/LINK_UPDOWN: Line protocol state on the interface Bridge-Aggregation1 changed to up.
%Jul  5 04:05:26:886 2023 jzznw_S6520_1_down LAGG/6/LAGG_ACTIVE: Member port XGE1/0/24 of aggregation group BAGG1 changed to the active state.
%Jul  5 04:05:26:943 2023 jzznw_S6520_1_down IFNET/5/LINK_UPDOWN: Line protocol state on the interface Ten-GigabitEthernet1/0/23 changed to up.
%Jul  5 04:05:26:944 2023 jzznw_S6520_1_down IFNET/5/LINK_UPDOWN: Line protocol state on the interface Ten-GigabitEthernet1/0/24 changed to down.
%Jul  5 04:05:26:944 2023 jzznw_S6520_1_down IFNET/5/LINK_UPDOWN: Line protocol state on the interface Ten-GigabitEthernet1/0/24 changed to up.
%Jul  5 04:05:27:216 2023 jzznw_S6520_1_down LLDP/6/LLDP_CREATE_NEIGHBOR: Nearest bridge agent neighbor created on port Ten-GigabitEthernet1/0/23 (IfIndex 23), neighbor's chassis ID is 7c7a-3c5d-f7f0, port ID is Ten-GigabitEthernet1/0/23.
%Jul  5 04:05:28:696 2023 jzznw_S6520_1_down LLDP/6/LLDP_CREATE_NEIGHBOR: Nearest bridge agent neighbor created on port Ten-GigabitEthernet1/0/24 (IfIndex 24), neighbor's chassis ID is 7c7a-3c5d-f7f0, port ID is Ten-GigabitEthernet1/0/24.
%Jul  5 04:05:29:629 2023 jzznw_S6520_1_down STP/6/STP_DETECTED_TC: Instance 0's port Bridge-Aggregation1 detected a topology change.
%Jul  5 04:05:33:115 2023 jzznw_S6520_1_down IFNET/3/PHY_UPDOWN: Physical state on the interface Ten-GigabitEthernet1/0/7 changed to up.
%Jul  5 04:05:33:119 2023 jzznw_S6520_1_down IFNET/5/LINK_UPDOWN: Line protocol state on the interface Ten-GigabitEthernet1/0/7 changed to up.
%Jul  5 04:05:34:271 2023 jzznw_S6520_1_down IFNET/3/PHY_UPDOWN: Physical state on the interface Ten-GigabitEthernet1/0/7 changed to down.
%Jul  5 04:05:34:273 2023 jzznw_S6520_1_down IFNET/5/LINK_UPDOWN: Line protocol state on the interface Ten-GigabitEthernet1/0/7 changed to down.
%Jul  5 04:05:44:840 2023 jzznw_S6520_1_down IFNET/3/PHY_UPDOWN: Physical state on the interface Ten-GigabitEthernet1/0/7 changed to up.
%Jul  5 04:05:44:840 2023 jzznw_S6520_1_down IFNET/5/LINK_UPDOWN: Line protocol state on the interface Ten-GigabitEthernet1/0/7 changed to up.
%Jul  5 04:05:45:990 2023 jzznw_S6520_1_down IFNET/3/PHY_UPDOWN: Physical state on the interface Ten-GigabitEthernet1/0/7 changed to down.
%Jul  5 04:05:45:990 2023 jzznw_S6520_1_down IFNET/5/LINK_UPDOWN: Line protocol state on the interface Ten-GigabitEthernet1/0/7 changed to down.
%Jul  5 04:05:54:436 2023 jzznw_S6520_1_down IFNET/3/PHY_UPDOWN: Physical state on the interface Ten-GigabitEthernet1/0/7 changed to up.
%Jul  5 04:05:54:436 2023 jzznw_S6520_1_down IFNET/5/LINK_UPDOWN: Line protocol state on the interface Ten-GigabitEthernet1/0/7 changed to up.
%Jul  5 04:05:55:581 2023 jzznw_S6520_1_down IFNET/3/PHY_UPDOWN: Physical state on the interface Ten-GigabitEthernet1/0/7 changed to down.
%Jul  5 04:05:55:582 2023 jzznw_S6520_1_down IFNET/5/LINK_UPDOWN: Line protocol state on the interface Ten-GigabitEthernet1/0/7 changed to down.
%Jul  5 04:06:13:568 2023 jzznw_S6520_1_down IFNET/3/PHY_UPDOWN: Physical state on the interface Ten-GigabitEthernet1/0/7 changed to up.
%Jul  5 04:06:13:568 2023 jzznw_S6520_1_down IFNET/5/LINK_UPDOWN: Line protocol state on the interface Ten-GigabitEthernet1/0/7 changed to up.
%Jul  5 04:06:14:721 2023 jzznw_S6520_1_down IFNET/3/PHY_UPDOWN: Physical state on the interface Ten-GigabitEthernet1/0/7 changed to down.
%Jul  5 04:06:14:721 2023 jzznw_S6520_1_down IFNET/5/LINK_UPDOWN: Line protocol state on the interface Ten-GigabitEthernet1/0/7 changed to down.
%Jul  5 04:06:44:375 2023 jzznw_S6520_1_down IFNET/3/PHY_UPDOWN: Physical state on the interface Ten-GigabitEthernet1/0/7 changed to up.
%Jul  5 04:06:44:375 2023 jzznw_S6520_1_down IFNET/5/LINK_UPDOWN: Line protocol state on the interface Ten-GigabitEthernet1/0/7 changed to up.
%Jul  5 04:06:45:527 2023 jzznw_S6520_1_down IFNET/3/PHY_UPDOWN: Physical state on the interface Ten-GigabitEthernet1/0/7 changed to down.
%Jul  5 04:06:45:527 2023 jzznw_S6520_1_down IFNET/5/LINK_UPDOWN: Line protocol state on the interface Ten-GigabitEthernet1/0/7 changed to down.
%Jul  5 04:06:50:794 2023 jzznw_S6520_1_down IFNET/3/PHY_UPDOWN: Physical state on the interface Ten-GigabitEthernet1/0/7 changed to up.
%Jul  5 04:06:50:794 2023 jzznw_S6520_1_down IFNET/5/LINK_UPDOWN: Line protocol state on the interface Ten-GigabitEthernet1/0/7 changed to up.
%Jul  5 04:06:53:010 2023 jzznw_S6520_1_down IFNET/3/PHY_UPDOWN: Physical state on the interface Ten-GigabitEthernet1/0/7 changed to down.
%Jul  5 04:06:53:010 2023 jzznw_S6520_1_down IFNET/5/LINK_UPDOWN: Line protocol state on the interface Ten-GigabitEthernet1/0/7 changed to down.
%Jul  5 04:07:13:111 2023 jzznw_S6520_1_down IFNET/3/PHY_UPDOWN: Physical state on the interface Ten-GigabitEthernet1/0/7 changed to up.
%Jul  5 04:07:13:111 2023 jzznw_S6520_1_down IFNET/5/LINK_UPDOWN: Line protocol state on the interface Ten-GigabitEthernet1/0/7 changed to up.
%Jul  5 04:07:14:216 2023 jzznw_S6520_1_down IFNET/3/PHY_UPDOWN: Physical state on the interface Ten-GigabitEthernet1/0/7 changed to down.
%Jul  5 04:07:14:266 2023 jzznw_S6520_1_down IFNET/5/LINK_UPDOWN: Line protocol state on the interface Ten-GigabitEthernet1/0/7 changed to down.
%Jul  5 04:07:29:071 2023 jzznw_S6520_1_down IFNET/3/PHY_UPDOWN: Physical state on the interface Ten-GigabitEthernet1/0/7 changed to up.
%Jul  5 04:07:29:071 2023 jzznw_S6520_1_down IFNET/5/LINK_UPDOWN: Line protocol state on the interface Ten-GigabitEthernet1/0/7 changed to up.
%Jul  5 04:07:30:180 2023 jzznw_S6520_1_down IFNET/3/PHY_UPDOWN: Physical state on the interface Ten-GigabitEthernet1/0/7 changed to down.
%Jul  5 04:07:30:237 2023 jzznw_S6520_1_down IFNET/5/LINK_UPDOWN: Line protocol state on the interface Ten-GigabitEthernet1/0/7 changed to down.
%Jul  5 04:07:32:312 2023 jzznw_S6520_1_down IFNET/3/PHY_UPDOWN: Physical state on the interface Ten-GigabitEthernet1/0/7 changed to up.
%Jul  5 04:07:32:313 2023 jzznw_S6520_1_down IFNET/5/LINK_UPDOWN: Line protocol state on the interface Ten-GigabitEthernet1/0/7 changed to up.
%Jul  5 04:07:33:418 2023 jzznw_S6520_1_down IFNET/3/PHY_UPDOWN: Physical state on the interface Ten-GigabitEthernet1/0/7 changed to down.
%Jul  5 04:07:33:470 2023 jzznw_S6520_1_down IFNET/5/LINK_UPDOWN: Line protocol state on the interface Ten-GigabitEthernet1/0/7 changed to down.
%Jul  5 04:07:41:910 2023 jzznw_S6520_1_down IFNET/3/PHY_UPDOWN: Physical state on the interface Ten-GigabitEthernet1/0/7 changed to up.
%Jul  5 04:07:41:911 2023 jzznw_S6520_1_down IFNET/5/LINK_UPDOWN: Line protocol state on the interface Ten-GigabitEthernet1/0/7 changed to up.
%Jul  5 04:07:43:071 2023 jzznw_S6520_1_down IFNET/3/PHY_UPDOWN: Physical state on the interface Ten-GigabitEthernet1/0/7 changed to down.
%Jul  5 04:07:43:071 2023 jzznw_S6520_1_down IFNET/5/LINK_UPDOWN: Line protocol state on the interface Ten-GigabitEthernet1/0/7 changed to down.
%Jul  5 04:07:59:995 2023 jzznw_S6520_1_down IFNET/3/PHY_UPDOWN: Physical state on the interface Ten-GigabitEthernet1/0/7 changed to up.
%Jul  5 04:07:59:995 2023 jzznw_S6520_1_down IFNET/5/LINK_UPDOWN: Line protocol state on the interface Ten-GigabitEthernet1/0/7 changed to up.
%Jul  5 04:08:01:099 2023 jzznw_S6520_1_down IFNET/3/PHY_UPDOWN: Physical state on the interface Ten-GigabitEthernet1/0/7 changed to down.
%Jul  5 04:08:01:148 2023 jzznw_S6520_1_down IFNET/5/LINK_UPDOWN: Line protocol state on the interface Ten-GigabitEthernet1/0/7 changed to down.
%Jul  5 04:08:28:671 2023 jzznw_S6520_1_down IFNET/3/PHY_UPDOWN: Physical state on the interface Ten-GigabitEthernet1/0/7 changed to up.
%Jul  5 04:08:28:671 2023 jzznw_S6520_1_down IFNET/5/LINK_UPDOWN: Line protocol state on the interface Ten-GigabitEthernet1/0/7 changed to up.
%Jul  5 04:08:29:827 2023 jzznw_S6520_1_down IFNET/3/PHY_UPDOWN: Physical state on the interface Ten-GigabitEthernet1/0/7 changed to down.
%Jul  5 04:08:29:829 2023 jzznw_S6520_1_down IFNET/5/LINK_UPDOWN: Line protocol state on the interface Ten-GigabitEthernet1/0/7 changed to down.
%Jul  5 04:09:05:836 2023 jzznw_S6520_1_down IFNET/3/PHY_UPDOWN: Physical state on the interface Ten-GigabitEthernet1/0/7 changed to up.
%Jul  5 04:09:05:836 2023 jzznw_S6520_1_down IFNET/5/LINK_UPDOWN: Line protocol state on the interface Ten-GigabitEthernet1/0/7 changed to up.
%Jul  5 04:09:06:944 2023 jzznw_S6520_1_down IFNET/3/PHY_UPDOWN: Physical state on the interface Ten-GigabitEthernet1/0/7 changed to down.
%Jul  5 04:09:06:999 2023 jzznw_S6520_1_down IFNET/5/LINK_UPDOWN: Line protocol state on the interface Ten-GigabitEthernet1/0/7 changed to down.
%Jul  5 04:09:11:192 2023 jzznw_S6520_1_down IFNET/3/PHY_UPDOWN: Physical state on the interface Ten-GigabitEthernet1/0/7 changed to up.
%Jul  5 04:09:11:192 2023 jzznw_S6520_1_down IFNET/5/LINK_UPDOWN: Line protocol state on the interface Ten-GigabitEthernet1/0/7 changed to up.
%Jul  5 04:09:12:296 2023 jzznw_S6520_1_down IFNET/3/PHY_UPDOWN: Physical state on the interface Ten-GigabitEthernet1/0/7 changed to down.
%Jul  5 04:09:12:348 2023 jzznw_S6520_1_down IFNET/5/LINK_UPDOWN: Line protocol state on the interface Ten-GigabitEthernet1/0/7 changed to down.
%Jul  5 04:09:14:427 2023 jzznw_S6520_1_down IFNET/3/PHY_UPDOWN: Physical state on the interface Ten-GigabitEthernet1/0/7 changed to up.
%Jul  5 04:09:14:428 2023 jzznw_S6520_1_down IFNET/5/LINK_UPDOWN: Line protocol state on the interface Ten-GigabitEthernet1/0/7 changed to up.
%Jul  5 04:09:15:583 2023 jzznw_S6520_1_down IFNET/3/PHY_UPDOWN: Physical state on the interface Ten-GigabitEthernet1/0/7 changed to down.
%Jul  5 04:09:15:585 2023 jzznw_S6520_1_down IFNET/5/LINK_UPDOWN: Line protocol state on the interface Ten-GigabitEthernet1/0/7 changed to down.
%Jul  5 04:09:17:664 2023 jzznw_S6520_1_down IFNET/3/PHY_UPDOWN: Physical state on the interface Ten-GigabitEthernet1/0/7 changed to up.
%Jul  5 04:09:17:670 2023 jzznw_S6520_1_down IFNET/5/LINK_UPDOWN: Line protocol state on the interface Ten-GigabitEthernet1/0/7 changed to up.
%Jul  5 04:09:18:816 2023 jzznw_S6520_1_down IFNET/3/PHY_UPDOWN: Physical state on the interface Ten-GigabitEthernet1/0/7 changed to down.
%Jul  5 04:09:18:819 2023 jzznw_S6520_1_down IFNET/5/LINK_UPDOWN: Line protocol state on the interface Ten-GigabitEthernet1/0/7 changed to down.
%Jul  5 04:09:20:897 2023 jzznw_S6520_1_down IFNET/3/PHY_UPDOWN: Physical state on the interface Ten-GigabitEthernet1/0/7 changed to up.
%Jul  5 04:09:20:898 2023 jzznw_S6520_1_down IFNET/5/LINK_UPDOWN: Line protocol state on the interface Ten-GigabitEthernet1/0/7 changed to up.
%Jul  5 04:09:22:001 2023 jzznw_S6520_1_down IFNET/3/PHY_UPDOWN: Physical state on the interface Ten-GigabitEthernet1/0/7 changed to down.
%Jul  5 04:09:22:053 2023 jzznw_S6520_1_down IFNET/5/LINK_UPDOWN: Line protocol state on the interface Ten-GigabitEthernet1/0/7 changed to down.
%Jul  5 04:09:25:201 2023 jzznw_S6520_1_down IFNET/3/PHY_UPDOWN: Physical state on the interface Ten-GigabitEthernet1/0/7 changed to up.
%Jul  5 04:09:25:201 2023 jzznw_S6520_1_down IFNET/5/LINK_UPDOWN: Line protocol state on the interface Ten-GigabitEthernet1/0/7 changed to up.
%Jul  5 04:09:26:309 2023 jzznw_S6520_1_down IFNET/3/PHY_UPDOWN: Physical state on the interface Ten-GigabitEthernet1/0/7 changed to down.
%Jul  5 04:09:26:366 2023 jzznw_S6520_1_down IFNET/5/LINK_UPDOWN: Line protocol state on the interface Ten-GigabitEthernet1/0/7 changed to down.
%Jul  5 04:09:34:802 2023 jzznw_S6520_1_down IFNET/3/PHY_UPDOWN: Physical state on the interface Ten-GigabitEthernet1/0/7 changed to up.
%Jul  5 04:09:34:802 2023 jzznw_S6520_1_down IFNET/5/LINK_UPDOWN: Line protocol state on the interface Ten-GigabitEthernet1/0/7 changed to up.
%Jul  5 04:09:35:948 2023 jzznw_S6520_1_down IFNET/3/PHY_UPDOWN: Physical state on the interface Ten-GigabitEthernet1/0/7 changed to down.
%Jul  5 04:09:35:948 2023 jzznw_S6520_1_down IFNET/5/LINK_UPDOWN: Line protocol state on the interface Ten-GigabitEthernet1/0/7 changed to down.
%Jul  5 04:09:41:218 2023 jzznw_S6520_1_down IFNET/3/PHY_UPDOWN: Physical state on the interface Ten-GigabitEthernet1/0/7 changed to up.
%Jul  5 04:09:41:218 2023 jzznw_S6520_1_down IFNET/5/LINK_UPDOWN: Line protocol state on the interface Ten-GigabitEthernet1/0/7 changed to up.
%Jul  5 04:09:42:374 2023 jzznw_S6520_1_down IFNET/3/PHY_UPDOWN: Physical state on the interface Ten-GigabitEthernet1/0/7 changed to down.
%Jul  5 04:09:42:374 2023 jzznw_S6520_1_down IFNET/5/LINK_UPDOWN: Line protocol state on the interface Ten-GigabitEthernet1/0/7 changed to down.
%Jul  5 04:10:15:202 2023 jzznw_S6520_1_down IFNET/3/PHY_UPDOWN: Physical state on the interface Ten-GigabitEthernet1/0/7 changed to up.
%Jul  5 04:10:15:203 2023 jzznw_S6520_1_down IFNET/5/LINK_UPDOWN: Line protocol state on the interface Ten-GigabitEthernet1/0/7 changed to up.
%Jul  5 04:10:16:309 2023 jzznw_S6520_1_down IFNET/3/PHY_UPDOWN: Physical state on the interface Ten-GigabitEthernet1/0/7 changed to down.
%Jul  5 04:10:16:360 2023 jzznw_S6520_1_down IFNET/5/LINK_UPDOWN: Line protocol state on the interface Ten-GigabitEthernet1/0/7 changed to down.
%Jul  5 04:10:18:436 2023 jzznw_S6520_1_down IFNET/3/PHY_UPDOWN: Physical state on the interface Ten-GigabitEthernet1/0/7 changed to up.
%Jul  5 04:10:18:480 2023 jzznw_S6520_1_down IFNET/5/LINK_UPDOWN: Line protocol state on the interface Ten-GigabitEthernet1/0/7 changed to up.
%Jul  5 04:10:19:582 2023 jzznw_S6520_1_down IFNET/3/PHY_UPDOWN: Physical state on the interface Ten-GigabitEthernet1/0/7 changed to down.
%Jul  5 04:10:19:582 2023 jzznw_S6520_1_down IFNET/5/LINK_UPDOWN: Line protocol state on the interface Ten-GigabitEthernet1/0/7 changed to down.
%Jul  5 04:10:34:395 2023 jzznw_S6520_1_down IFNET/3/PHY_UPDOWN: Physical state on the interface Ten-GigabitEthernet1/0/7 changed to up.
%Jul  5 04:10:34:399 2023 jzznw_S6520_1_down IFNET/5/LINK_UPDOWN: Line protocol state on the interface Ten-GigabitEthernet1/0/7 changed to up.
%Jul  5 04:10:35:545 2023 jzznw_S6520_1_down IFNET/3/PHY_UPDOWN: Physical state on the interface Ten-GigabitEthernet1/0/7 changed to down.
%Jul  5 04:10:35:547 2023 jzznw_S6520_1_down IFNET/5/LINK_UPDOWN: Line protocol state on the interface Ten-GigabitEthernet1/0/7 changed to down.
%Jul  5 04:10:37:624 2023 jzznw_S6520_1_down IFNET/3/PHY_UPDOWN: Physical state on the interface Ten-GigabitEthernet1/0/7 changed to up.
%Jul  5 04:10:37:624 2023 jzznw_S6520_1_down IFNET/5/LINK_UPDOWN: Line protocol state on the interface Ten-GigabitEthernet1/0/7 changed to up.
%Jul  5 04:10:38:781 2023 jzznw_S6520_1_down IFNET/3/PHY_UPDOWN: Physical state on the interface Ten-GigabitEthernet1/0/7 changed to down.
%Jul  5 04:10:38:783 2023 jzznw_S6520_1_down IFNET/5/LINK_UPDOWN: Line protocol state on the interface Ten-GigabitEthernet1/0/7 changed to down.
%Jul  5 04:10:56:767 2023 jzznw_S6520_1_down IFNET/3/PHY_UPDOWN: Physical state on the interface Ten-GigabitEthernet1/0/7 changed to up.
%Jul  5 04:10:56:771 2023 jzznw_S6520_1_down IFNET/5/LINK_UPDOWN: Line protocol state on the interface Ten-GigabitEthernet1/0/7 changed to up.
%Jul  5 04:10:57:932 2023 jzznw_S6520_1_down IFNET/3/PHY_UPDOWN: Physical state on the interface Ten-GigabitEthernet1/0/7 changed to down.
%Jul  5 04:10:57:934 2023 jzznw_S6520_1_down IFNET/5/LINK_UPDOWN: Line protocol state on the interface Ten-GigabitEthernet1/0/7 changed to down.
%Jul  5 04:11:00:017 2023 jzznw_S6520_1_down IFNET/3/PHY_UPDOWN: Physical state on the interface Ten-GigabitEthernet1/0/7 changed to up.
%Jul  5 04:11:00:017 2023 jzznw_S6520_1_down IFNET/5/LINK_UPDOWN: Line protocol state on the interface Ten-GigabitEthernet1/0/7 changed to up.
%Jul  5 04:11:01:166 2023 jzznw_S6520_1_down IFNET/3/PHY_UPDOWN: Physical state on the interface Ten-GigabitEthernet1/0/7 changed to down.
%Jul  5 04:11:01:168 2023 jzznw_S6520_1_down IFNET/5/LINK_UPDOWN: Line protocol state on the interface Ten-GigabitEthernet1/0/7 changed to down.
%Jul  5 04:11:06:435 2023 jzznw_S6520_1_down IFNET/3/PHY_UPDOWN: Physical state on the interface Ten-GigabitEthernet1/0/7 changed to up.
%Jul  5 04:11:06:435 2023 jzznw_S6520_1_down IFNET/5/LINK_UPDOWN: Line protocol state on the interface Ten-GigabitEthernet1/0/7 changed to up.
%Jul  5 04:11:07:544 2023 jzznw_S6520_1_down IFNET/3/PHY_UPDOWN: Physical state on the interface Ten-GigabitEthernet1/0/7 changed to down.
%Jul  5 04:11:07:594 2023 jzznw_S6520_1_down IFNET/5/LINK_UPDOWN: Line protocol state on the interface Ten-GigabitEthernet1/0/7 changed to down.
%Jul  5 04:11:10:728 2023 jzznw_S6520_1_down IFNET/3/PHY_UPDOWN: Physical state on the interface Ten-GigabitEthernet1/0/7 changed to up.
%Jul  5 04:11:10:731 2023 jzznw_S6520_1_down IFNET/5/LINK_UPDOWN: Line protocol state on the interface Ten-GigabitEthernet1/0/7 changed to up.
%Jul  5 04:11:11:885 2023 jzznw_S6520_1_down IFNET/3/PHY_UPDOWN: Physical state on the interface Ten-GigabitEthernet1/0/7 changed to down.
%Jul  5 04:11:11:890 2023 jzznw_S6520_1_down IFNET/5/LINK_UPDOWN: Line protocol state on the interface Ten-GigabitEthernet1/0/7 changed to down.
%Jul  5 04:11:28:807 2023 jzznw_S6520_1_down IFNET/3/PHY_UPDOWN: Physical state on the interface Ten-GigabitEthernet1/0/7 changed to up.
%Jul  5 04:11:28:811 2023 jzznw_S6520_1_down IFNET/5/LINK_UPDOWN: Line protocol state on the interface Ten-GigabitEthernet1/0/7 changed to up.
%Jul  5 04:11:29:963 2023 jzznw_S6520_1_down IFNET/3/PHY_UPDOWN: Physical state on the interface Ten-GigabitEthernet1/0/7 changed to down.
%Jul  5 04:11:29:965 2023 jzznw_S6520_1_down IFNET/5/LINK_UPDOWN: Line protocol state on the interface Ten-GigabitEthernet1/0/7 changed to down.
%Jul  5 04:11:35:230 2023 jzznw_S6520_1_down IFNET/3/PHY_UPDOWN: Physical state on the interface Ten-GigabitEthernet1/0/7 changed to up.
%Jul  5 04:11:35:230 2023 jzznw_S6520_1_down IFNET/5/LINK_UPDOWN: Line protocol state on the interface Ten-GigabitEthernet1/0/7 changed to up.
%Jul  5 04:11:36:325 2023 jzznw_S6520_1_down IFNET/3/PHY_UPDOWN: Physical state on the interface Ten-GigabitEthernet1/0/7 changed to down.
%Jul  5 04:11:36:375 2023 jzznw_S6520_1_down IFNET/5/LINK_UPDOWN: Line protocol state on the interface Ten-GigabitEthernet1/0/7 changed to down.
%Jul  5 04:11:48:002 2023 jzznw_S6520_1_down IFNET/3/PHY_UPDOWN: Physical state on the interface Ten-GigabitEthernet1/0/7 changed to up.
%Jul  5 04:11:48:003 2023 jzznw_S6520_1_down IFNET/5/LINK_UPDOWN: Line protocol state on the interface Ten-GigabitEthernet1/0/7 changed to up.
%Jul  5 04:11:49:163 2023 jzznw_S6520_1_down IFNET/3/PHY_UPDOWN: Physical state on the interface Ten-GigabitEthernet1/0/7 changed to down.
%Jul  5 04:11:49:164 2023 jzznw_S6520_1_down IFNET/5/LINK_UPDOWN: Line protocol state on the interface Ten-GigabitEthernet1/0/7 changed to down.
%Jul  5 04:11:51:247 2023 jzznw_S6520_1_down IFNET/3/PHY_UPDOWN: Physical state on the interface Ten-GigabitEthernet1/0/7 changed to up.
%Jul  5 04:11:51:247 2023 jzznw_S6520_1_down IFNET/5/LINK_UPDOWN: Line protocol state on the interface Ten-GigabitEthernet1/0/7 changed to up.
%Jul  5 04:11:53:461 2023 jzznw_S6520_1_down IFNET/3/PHY_UPDOWN: Physical state on the interface Ten-GigabitEthernet1/0/7 changed to down.
%Jul  5 04:11:53:462 2023 jzznw_S6520_1_down IFNET/5/LINK_UPDOWN: Line protocol state on the interface Ten-GigabitEthernet1/0/7 changed to down.
%Jul  5 04:11:55:541 2023 jzznw_S6520_1_down IFNET/3/PHY_UPDOWN: Physical state on the interface Ten-GigabitEthernet1/0/7 changed to up.
%Jul  5 04:11:55:541 2023 jzznw_S6520_1_down IFNET/5/LINK_UPDOWN: Line protocol state on the interface Ten-GigabitEthernet1/0/7 changed to up.
%Jul  5 04:11:56:685 2023 jzznw_S6520_1_down IFNET/3/PHY_UPDOWN: Physical state on the interface Ten-GigabitEthernet1/0/7 changed to down.
%Jul  5 04:11:56:690 2023 jzznw_S6520_1_down IFNET/5/LINK_UPDOWN: Line protocol state on the interface Ten-GigabitEthernet1/0/7 changed to down.
%Jul  5 04:12:04:075 2023 jzznw_S6520_1_down IFNET/3/PHY_UPDOWN: Physical state on the interface Ten-GigabitEthernet1/0/7 changed to up.
%Jul  5 04:12:04:076 2023 jzznw_S6520_1_down IFNET/5/LINK_UPDOWN: Line protocol state on the interface Ten-GigabitEthernet1/0/7 changed to up.
%Jul  5 04:12:05:227 2023 jzznw_S6520_1_down IFNET/3/PHY_UPDOWN: Physical state on the interface Ten-GigabitEthernet1/0/7 changed to down.
%Jul  5 04:12:05:228 2023 jzznw_S6520_1_down IFNET/5/LINK_UPDOWN: Line protocol state on the interface Ten-GigabitEthernet1/0/7 changed to down.
%Jul  5 04:12:13:669 2023 jzznw_S6520_1_down IFNET/3/PHY_UPDOWN: Physical state on the interface Ten-GigabitEthernet1/0/7 changed to up.
%Jul  5 04:12:13:669 2023 jzznw_S6520_1_down IFNET/5/LINK_UPDOWN: Line protocol state on the interface Ten-GigabitEthernet1/0/7 changed to up.
%Jul  5 04:12:14:777 2023 jzznw_S6520_1_down IFNET/3/PHY_UPDOWN: Physical state on the interface Ten-GigabitEthernet1/0/7 changed to down.
%Jul  5 04:12:14:837 2023 jzznw_S6520_1_down IFNET/5/LINK_UPDOWN: Line protocol state on the interface Ten-GigabitEthernet1/0/7 changed to down.
%Jul  5 04:12:29:700 2023 jzznw_S6520_1_down IFNET/3/PHY_UPDOWN: Physical state on the interface Ten-GigabitEthernet1/0/7 changed to up.
%Jul  5 04:12:29:701 2023 jzznw_S6520_1_down IFNET/5/LINK_UPDOWN: Line protocol state on the interface Ten-GigabitEthernet1/0/7 changed to up.
%Jul  5 04:12:30:784 2023 jzznw_S6520_1_down IFNET/3/PHY_UPDOWN: Physical state on the interface Ten-GigabitEthernet1/0/7 changed to down.
%Jul  5 04:12:30:785 2023 jzznw_S6520_1_down IFNET/5/LINK_UPDOWN: Line protocol state on the interface Ten-GigabitEthernet1/0/7 changed to down.
%Jul  5 04:12:32:875 2023 jzznw_S6520_1_down IFNET/3/PHY_UPDOWN: Physical state on the interface Ten-GigabitEthernet1/0/7 changed to up.
%Jul  5 04:12:32:875 2023 jzznw_S6520_1_down IFNET/5/LINK_UPDOWN: Line protocol state on the interface Ten-GigabitEthernet1/0/7 changed to up.
%Jul  5 04:12:33:975 2023 jzznw_S6520_1_down IFNET/3/PHY_UPDOWN: Physical state on the interface Ten-GigabitEthernet1/0/7 changed to down.
%Jul  5 04:12:34:025 2023 jzznw_S6520_1_down IFNET/5/LINK_UPDOWN: Line protocol state on the interface Ten-GigabitEthernet1/0/7 changed to down.
%Jul  5 04:12:36:102 2023 jzznw_S6520_1_down IFNET/3/PHY_UPDOWN: Physical state on the interface Ten-GigabitEthernet1/0/7 changed to up.
%Jul  5 04:12:36:102 2023 jzznw_S6520_1_down IFNET/5/LINK_UPDOWN: Line protocol state on the interface Ten-GigabitEthernet1/0/7 changed to up.
%Jul  5 04:12:37:201 2023 jzznw_S6520_1_down IFNET/3/PHY_UPDOWN: Physical state on the interface Ten-GigabitEthernet1/0/7 changed to down.
%Jul  5 04:12:37:258 2023 jzznw_S6520_1_down IFNET/5/LINK_UPDOWN: Line protocol state on the interface Ten-GigabitEthernet1/0/7 changed to down.
%Jul  5 04:12:48:891 2023 jzznw_S6520_1_down IFNET/3/PHY_UPDOWN: Physical state on the interface Ten-GigabitEthernet1/0/7 changed to up.
%Jul  5 04:12:48:892 2023 jzznw_S6520_1_down IFNET/5/LINK_UPDOWN: Line protocol state on the interface Ten-GigabitEthernet1/0/7 changed to up.
%Jul  5 04:12:50:048 2023 jzznw_S6520_1_down IFNET/3/PHY_UPDOWN: Physical state on the interface Ten-GigabitEthernet1/0/7 changed to down.
%Jul  5 04:12:50:049 2023 jzznw_S6520_1_down IFNET/5/LINK_UPDOWN: Line protocol state on the interface Ten-GigabitEthernet1/0/7 changed to down.
%Jul  5 04:12:52:122 2023 jzznw_S6520_1_down IFNET/3/PHY_UPDOWN: Physical state on the interface Ten-GigabitEthernet1/0/7 changed to up.
%Jul  5 04:12:52:123 2023 jzznw_S6520_1_down IFNET/5/LINK_UPDOWN: Line protocol state on the interface Ten-GigabitEthernet1/0/7 changed to up.
%Jul  5 04:12:53:269 2023 jzznw_S6520_1_down IFNET/3/PHY_UPDOWN: Physical state on the interface Ten-GigabitEthernet1/0/7 changed to down.
%Jul  5 04:12:53:271 2023 jzznw_S6520_1_down IFNET/5/LINK_UPDOWN: Line protocol state on the interface Ten-GigabitEthernet1/0/7 changed to down.
%Jul  5 04:12:55:353 2023 jzznw_S6520_1_down IFNET/3/PHY_UPDOWN: Physical state on the interface Ten-GigabitEthernet1/0/7 changed to up.
%Jul  5 04:12:55:353 2023 jzznw_S6520_1_down IFNET/5/LINK_UPDOWN: Line protocol state on the interface Ten-GigabitEthernet1/0/7 changed to up.
%Jul  5 04:12:56:500 2023 jzznw_S6520_1_down IFNET/3/PHY_UPDOWN: Physical state on the interface Ten-GigabitEthernet1/0/7 changed to down.
%Jul  5 04:12:56:500 2023 jzznw_S6520_1_down IFNET/5/LINK_UPDOWN: Line protocol state on the interface Ten-GigabitEthernet1/0/7 changed to down.
%Jul  5 04:13:08:138 2023 jzznw_S6520_1_down IFNET/3/PHY_UPDOWN: Physical state on the interface Ten-GigabitEthernet1/0/7 changed to up.
%Jul  5 04:13:08:139 2023 jzznw_S6520_1_down IFNET/5/LINK_UPDOWN: Line protocol state on the interface Ten-GigabitEthernet1/0/7 changed to up.
%Jul  5 04:13:09:287 2023 jzznw_S6520_1_down IFNET/3/PHY_UPDOWN: Physical state on the interface Ten-GigabitEthernet1/0/7 changed to down.
%Jul  5 04:13:09:290 2023 jzznw_S6520_1_down IFNET/5/LINK_UPDOWN: Line protocol state on the interface Ten-GigabitEthernet1/0/7 changed to down.
%Jul  5 04:13:11:366 2023 jzznw_S6520_1_down IFNET/3/PHY_UPDOWN: Physical state on the interface Ten-GigabitEthernet1/0/7 changed to up.
%Jul  5 04:13:11:369 2023 jzznw_S6520_1_down IFNET/5/LINK_UPDOWN: Line protocol state on the interface Ten-GigabitEthernet1/0/7 changed to up.
%Jul  5 04:13:13:545 2023 jzznw_S6520_1_down IFNET/3/PHY_UPDOWN: Physical state on the interface Ten-GigabitEthernet1/0/7 changed to down.
%Jul  5 04:13:13:596 2023 jzznw_S6520_1_down IFNET/5/LINK_UPDOWN: Line protocol state on the interface Ten-GigabitEthernet1/0/7 changed to down.
%Jul  5 04:13:20:979 2023 jzznw_S6520_1_down IFNET/3/PHY_UPDOWN: Physical state on the interface Ten-GigabitEthernet1/0/7 changed to up.
%Jul  5 04:13:20:979 2023 jzznw_S6520_1_down IFNET/5/LINK_UPDOWN: Line protocol state on the interface Ten-GigabitEthernet1/0/7 changed to up.
%Jul  5 04:13:22:131 2023 jzznw_S6520_1_down IFNET/3/PHY_UPDOWN: Physical state on the interface Ten-GigabitEthernet1/0/7 changed to down.
%Jul  5 04:13:22:134 2023 jzznw_S6520_1_down IFNET/5/LINK_UPDOWN: Line protocol state on the interface Ten-GigabitEthernet1/0/7 changed to down.
%Jul  5 04:13:28:459 2023 jzznw_S6520_1_down IFNET/3/PHY_UPDOWN: Physical state on the interface Ten-GigabitEthernet1/0/7 changed to up.
%Jul  5 04:13:28:460 2023 jzznw_S6520_1_down IFNET/5/LINK_UPDOWN: Line protocol state on the interface Ten-GigabitEthernet1/0/7 changed to up.
%Jul  5 04:13:29:617 2023 jzznw_S6520_1_down IFNET/3/PHY_UPDOWN: Physical state on the interface Ten-GigabitEthernet1/0/7 changed to down.
%Jul  5 04:13:29:617 2023 jzznw_S6520_1_down IFNET/5/LINK_UPDOWN: Line protocol state on the interface Ten-GigabitEthernet1/0/7 changed to down.
%Jul  5 04:13:40:183 2023 jzznw_S6520_1_down IFNET/3/PHY_UPDOWN: Physical state on the interface Ten-GigabitEthernet1/0/7 changed to up.
%Jul  5 04:13:40:187 2023 jzznw_S6520_1_down IFNET/5/LINK_UPDOWN: Line protocol state on the interface Ten-GigabitEthernet1/0/7 changed to up.
%Jul  5 04:13:41:291 2023 jzznw_S6520_1_down IFNET/3/PHY_UPDOWN: Physical state on the interface Ten-GigabitEthernet1/0/7 changed to down.
%Jul  5 04:13:41:343 2023 jzznw_S6520_1_down IFNET/5/LINK_UPDOWN: Line protocol state on the interface Ten-GigabitEthernet1/0/7 changed to down.
%Jul  5 04:13:42:704 2023 jzznw_S6520_1_down SHELL/5/SHELL_LOGIN: TTY logged in from aux0.
%Jul  5 04:13:47:660 2023 jzznw_S6520_1_down IFNET/3/PHY_UPDOWN: Physical state on the interface Ten-GigabitEthernet1/0/7 changed to up.
%Jul  5 04:13:47:660 2023 jzznw_S6520_1_down IFNET/5/LINK_UPDOWN: Line protocol state on the interface Ten-GigabitEthernet1/0/7 changed to up.
%Jul  5 04:13:48:824 2023 jzznw_S6520_1_down IFNET/3/PHY_UPDOWN: Physical state on the interface Ten-GigabitEthernet1/0/7 changed to down.
%Jul  5 04:13:48:824 2023 jzznw_S6520_1_down IFNET/5/LINK_UPDOWN: Line protocol state on the interface Ten-GigabitEthernet1/0/7 changed to down.
%Jul  5 04:13:50:907 2023 jzznw_S6520_1_down IFNET/3/PHY_UPDOWN: Physical state on the interface Ten-GigabitEthernet1/0/7 changed to up.
%Jul  5 04:13:50:910 2023 jzznw_S6520_1_down IFNET/5/LINK_UPDOWN: Line protocol state on the interface Ten-GigabitEthernet1/0/7 changed to up.
%Jul  5 04:13:51:171 2023 jzznw_S6520_1_down SHELL/6/SHELL_CMD: -Line=aux0-IPAddr=**-User=**; Command is display diagnostic-information
%Jul  5 04:13:52:058 2023 jzznw_S6520_1_down IFNET/3/PHY_UPDOWN: Physical state on the interface Ten-GigabitEthernet1/0/7 changed to down.
%Jul  5 04:13:52:059 2023 jzznw_S6520_1_down IFNET/5/LINK_UPDOWN: Line protocol state on the interface Ten-GigabitEthernet1/0/7 changed to down.
%Jul  5 04:13:52:404 2023 jzznw_S6520_1_down SHELL/6/SHELL_CMD_CONFIRM: Confirm option of command display diagnostic-information is yes.
%Jul  5 04:13:53:484 2023 jzznw_S6520_1_down SHELL/6/SHELL_CMD_INPUT: Input string for the display diagnostic-information command is the Enter key.
%Jul  5 04:13:54:137 2023 jzznw_S6520_1_down IFNET/3/PHY_UPDOWN: Physical state on the interface Ten-GigabitEthernet1/0/7 changed to up.
%Jul  5 04:13:54:186 2023 jzznw_S6520_1_down IFNET/5/LINK_UPDOWN: Line protocol state on the interface Ten-GigabitEthernet1/0/7 changed to up.
%Jul  5 04:13:55:235 2023 jzznw_S6520_1_down IFNET/3/PHY_UPDOWN: Physical state on the interface Ten-GigabitEthernet1/0/7 changed to down.
%Jul  5 04:13:55:298 2023 jzznw_S6520_1_down IFNET/5/LINK_UPDOWN: Line protocol state on the interface Ten-GigabitEthernet1/0/7 changed to down.
%Jul  5 04:14:06:928 2023 jzznw_S6520_1_down IFNET/3/PHY_UPDOWN: Physical state on the interface Ten-GigabitEthernet1/0/7 changed to up.
%Jul  5 04:14:06:978 2023 jzznw_S6520_1_down IFNET/5/LINK_UPDOWN: Line protocol state on the interface Ten-GigabitEthernet1/0/7 changed to up.
%Jul  5 04:14:08:075 2023 jzznw_S6520_1_down IFNET/3/PHY_UPDOWN: Physical state on the interface Ten-GigabitEthernet1/0/7 changed to down.
%Jul  5 04:14:08:076 2023 jzznw_S6520_1_down IFNET/5/LINK_UPDOWN: Line protocol state on the interface Ten-GigabitEthernet1/0/7 changed to down.
%Jul  5 04:14:26:061 2023 jzznw_S6520_1_down IFNET/3/PHY_UPDOWN: Physical state on the interface Ten-GigabitEthernet1/0/7 changed to up.
%Jul  5 04:14:26:062 2023 jzznw_S6520_1_down IFNET/5/LINK_UPDOWN: Line protocol state on the interface Ten-GigabitEthernet1/0/7 changed to up.
%Jul  5 04:14:27:162 2023 jzznw_S6520_1_down IFNET/3/PHY_UPDOWN: Physical state on the interface Ten-GigabitEthernet1/0/7 changed to down.
%Jul  5 04:14:27:212 2023 jzznw_S6520_1_down IFNET/5/LINK_UPDOWN: Line protocol state on the interface Ten-GigabitEthernet1/0/7 changed to down.
%Jul  5 04:14:29:298 2023 jzznw_S6520_1_down IFNET/3/PHY_UPDOWN: Physical state on the interface Ten-GigabitEthernet1/0/7 changed to up.
%Jul  5 04:14:29:298 2023 jzznw_S6520_1_down IFNET/5/LINK_UPDOWN: Line protocol state on the interface Ten-GigabitEthernet1/0/7 changed to up.
%Jul  5 04:14:31:515 2023 jzznw_S6520_1_down IFNET/3/PHY_UPDOWN: Physical state on the interface Ten-GigabitEthernet1/0/7 changed to down.
%Jul  5 04:14:31:517 2023 jzznw_S6520_1_down IFNET/5/LINK_UPDOWN: Line protocol state on the interface Ten-GigabitEthernet1/0/7 changed to down.
%Jul  5 04:14:38:891 2023 jzznw_S6520_1_down IFNET/3/PHY_UPDOWN: Physical state on the interface Ten-GigabitEthernet1/0/7 changed to up.
%Jul  5 04:14:38:891 2023 jzznw_S6520_1_down IFNET/5/LINK_UPDOWN: Line protocol state on the interface Ten-GigabitEthernet1/0/7 changed to up.
%Jul  5 04:14:40:054 2023 jzznw_S6520_1_down IFNET/3/PHY_UPDOWN: Physical state on the interface Ten-GigabitEthernet1/0/7 changed to down.
%Jul  5 04:14:40:057 2023 jzznw_S6520_1_down IFNET/5/LINK_UPDOWN: Line protocol state on the interface Ten-GigabitEthernet1/0/7 changed to down.
%Jul  5 04:14:43:196 2023 jzznw_S6520_1_down IFNET/3/PHY_UPDOWN: Physical state on the interface Ten-GigabitEthernet1/0/7 changed to up.
%Jul  5 04:14:43:196 2023 jzznw_S6520_1_down IFNET/5/LINK_UPDOWN: Line protocol state on the interface Ten-GigabitEthernet1/0/7 changed to up.
%Jul  5 04:14:44:301 2023 jzznw_S6520_1_down IFNET/3/PHY_UPDOWN: Physical state on the interface Ten-GigabitEthernet1/0/7 changed to down.
%Jul  5 04:14:44:355 2023 jzznw_S6520_1_down IFNET/5/LINK_UPDOWN: Line protocol state on the interface Ten-GigabitEthernet1/0/7 changed to down.
%Jul  5 04:15:07:942 2023 jzznw_S6520_1_down IFNET/3/PHY_UPDOWN: Physical state on the interface Ten-GigabitEthernet1/0/7 changed to up.
%Jul  5 04:15:07:942 2023 jzznw_S6520_1_down IFNET/5/LINK_UPDOWN: Line protocol state on the interface Ten-GigabitEthernet1/0/7 changed to up.
%Jul  5 04:15:09:090 2023 jzznw_S6520_1_down IFNET/3/PHY_UPDOWN: Physical state on the interface Ten-GigabitEthernet1/0/7 changed to down.
%Jul  5 04:15:09:090 2023 jzznw_S6520_1_down IFNET/5/LINK_UPDOWN: Line protocol state on the interface Ten-GigabitEthernet1/0/7 changed to down.
%Jul  5 04:15:11:170 2023 jzznw_S6520_1_down IFNET/3/PHY_UPDOWN: Physical state on the interface Ten-GigabitEthernet1/0/7 changed to up.
%Jul  5 04:15:11:171 2023 jzznw_S6520_1_down IFNET/5/LINK_UPDOWN: Line protocol state on the interface Ten-GigabitEthernet1/0/7 changed to up.
%Jul  5 04:15:12:250 2023 jzznw_S6520_1_down IFNET/3/PHY_UPDOWN: Physical state on the interface Ten-GigabitEthernet1/0/7 changed to down.
%Jul  5 04:15:12:329 2023 jzznw_S6520_1_down IFNET/5/LINK_UPDOWN: Line protocol state on the interface Ten-GigabitEthernet1/0/7 changed to down.
%Jul  5 04:15:14:778 2023 jzznw_S6520_1_down CFGMAN/5/CFGMAN_CFGCHANGED: -EventIndex=1-CommandSource=snmp-ConfigSource=startup-ConfigDestination=running; Configuration changed.
%Jul  5 04:15:30:324 2023 jzznw_S6520_1_down IFNET/3/PHY_UPDOWN: Physical state on the interface Ten-GigabitEthernet1/0/7 changed to up.
%Jul  5 04:15:30:324 2023 jzznw_S6520_1_down IFNET/5/LINK_UPDOWN: Line protocol state on the interface Ten-GigabitEthernet1/0/7 changed to up.
%Jul  5 04:15:31:439 2023 jzznw_S6520_1_down IFNET/3/PHY_UPDOWN: Physical state on the interface Ten-GigabitEthernet1/0/7 changed to down.
%Jul  5 04:15:31:488 2023 jzznw_S6520_1_down IFNET/5/LINK_UPDOWN: Line protocol state on the interface Ten-GigabitEthernet1/0/7 changed to down.
%Jul  5 04:15:35:689 2023 jzznw_S6520_1_down IFNET/3/PHY_UPDOWN: Physical state on the interface Ten-GigabitEthernet1/0/7 changed to up.
%Jul  5 04:15:35:689 2023 jzznw_S6520_1_down IFNET/5/LINK_UPDOWN: Line protocol state on the interface Ten-GigabitEthernet1/0/7 changed to up.
%Jul  5 04:15:36:836 2023 jzznw_S6520_1_down IFNET/3/PHY_UPDOWN: Physical state on the interface Ten-GigabitEthernet1/0/7 changed to down.
%Jul  5 04:15:36:837 2023 jzznw_S6520_1_down IFNET/5/LINK_UPDOWN: Line protocol state on the interface Ten-GigabitEthernet1/0/7 changed to down.
%Jul  5 04:15:38:917 2023 jzznw_S6520_1_down IFNET/3/PHY_UPDOWN: Physical state on the interface Ten-GigabitEthernet1/0/7 changed to up.
%Jul  5 04:15:38:921 2023 jzznw_S6520_1_down IFNET/5/LINK_UPDOWN: Line protocol state on the interface Ten-GigabitEthernet1/0/7 changed to up.
%Jul  5 04:15:40:024 2023 jzznw_S6520_1_down IFNET/3/PHY_UPDOWN: Physical state on the interface Ten-GigabitEthernet1/0/7 changed to down.
%Jul  5 04:15:40:076 2023 jzznw_S6520_1_down IFNET/5/LINK_UPDOWN: Line protocol state on the interface Ten-GigabitEthernet1/0/7 changed to down.
%Jul  5 04:15:43:214 2023 jzznw_S6520_1_down IFNET/3/PHY_UPDOWN: Physical state on the interface Ten-GigabitEthernet1/0/7 changed to up.
%Jul  5 04:15:43:214 2023 jzznw_S6520_1_down IFNET/5/LINK_UPDOWN: Line protocol state on the interface Ten-GigabitEthernet1/0/7 changed to up.
%Jul  5 04:15:44:370 2023 jzznw_S6520_1_down IFNET/3/PHY_UPDOWN: Physical state on the interface Ten-GigabitEthernet1/0/7 changed to down.
%Jul  5 04:15:44:370 2023 jzznw_S6520_1_down IFNET/5/LINK_UPDOWN: Line protocol state on the interface Ten-GigabitEthernet1/0/7 changed to down.
%Jul  5 04:15:44:370 2023 jzznw_S6520_1_down IFNET/3/PHY_UPDOWN: Physical state on the interface M-GigabitEthernet0/0/0 changed to up.
%Jul  5 04:15:44:379 2023 jzznw_S6520_1_down IFNET/5/LINK_UPDOWN: Line protocol state on the interface M-GigabitEthernet0/0/0 changed to up.
%Jul  5 04:16:02:352 2023 jzznw_S6520_1_down IFNET/3/PHY_UPDOWN: Physical state on the interface Ten-GigabitEthernet1/0/7 changed to up.
%Jul  5 04:16:02:352 2023 jzznw_S6520_1_down IFNET/5/LINK_UPDOWN: Line protocol state on the interface Ten-GigabitEthernet1/0/7 changed to up.
%Jul  5 04:16:03:508 2023 jzznw_S6520_1_down IFNET/3/PHY_UPDOWN: Physical state on the interface Ten-GigabitEthernet1/0/7 changed to down.
%Jul  5 04:16:03:510 2023 jzznw_S6520_1_down IFNET/5/LINK_UPDOWN: Line protocol state on the interface Ten-GigabitEthernet1/0/7 changed to down.
%Jul  5 04:16:30:399 2023 jzznw_S6520_1_down IFNET/3/PHY_UPDOWN: Physical state on the interface M-GigabitEthernet0/0/0 changed to down.
%Jul  5 04:16:30:403 2023 jzznw_S6520_1_down IFNET/5/LINK_UPDOWN: Line protocol state on the interface M-GigabitEthernet0/0/0 changed to down.
%Jul  5 04:16:36:337 2023 jzznw_S6520_1_down IFNET/3/PHY_UPDOWN: Physical state on the interface Ten-GigabitEthernet1/0/7 changed to up.
%Jul  5 04:16:36:337 2023 jzznw_S6520_1_down IFNET/5/LINK_UPDOWN: Line protocol state on the interface Ten-GigabitEthernet1/0/7 changed to up.
%Jul  5 04:16:37:442 2023 jzznw_S6520_1_down IFNET/3/PHY_UPDOWN: Physical state on the interface Ten-GigabitEthernet1/0/7 changed to down.
%Jul  5 04:16:37:492 2023 jzznw_S6520_1_down IFNET/5/LINK_UPDOWN: Line protocol state on the interface Ten-GigabitEthernet1/0/7 changed to down.
%Jul  5 04:16:43:814 2023 jzznw_S6520_1_down IFNET/3/PHY_UPDOWN: Physical state on the interface Ten-GigabitEthernet1/0/7 changed to up.
%Jul  5 04:16:43:816 2023 jzznw_S6520_1_down IFNET/5/LINK_UPDOWN: Line protocol state on the interface Ten-GigabitEthernet1/0/7 changed to up.
%Jul  5 04:16:44:967 2023 jzznw_S6520_1_down IFNET/3/PHY_UPDOWN: Physical state on the interface Ten-GigabitEthernet1/0/7 changed to down.
%Jul  5 04:16:44:967 2023 jzznw_S6520_1_down IFNET/5/LINK_UPDOWN: Line protocol state on the interface Ten-GigabitEthernet1/0/7 changed to down.
%Jul  5 04:16:52:348 2023 jzznw_S6520_1_down IFNET/3/PHY_UPDOWN: Physical state on the interface Ten-GigabitEthernet1/0/7 changed to up.
%Jul  5 04:16:52:348 2023 jzznw_S6520_1_down IFNET/5/LINK_UPDOWN: Line protocol state on the interface Ten-GigabitEthernet1/0/7 changed to up.
%Jul  5 04:16:53:503 2023 jzznw_S6520_1_down IFNET/3/PHY_UPDOWN: Physical state on the interface Ten-GigabitEthernet1/0/7 changed to down.
%Jul  5 04:16:53:504 2023 jzznw_S6520_1_down IFNET/5/LINK_UPDOWN: Line protocol state on the interface Ten-GigabitEthernet1/0/7 changed to down.
%Jul  5 04:16:56:648 2023 jzznw_S6520_1_down IFNET/3/PHY_UPDOWN: Physical state on the interface Ten-GigabitEthernet1/0/7 changed to up.
%Jul  5 04:16:56:648 2023 jzznw_S6520_1_down IFNET/5/LINK_UPDOWN: Line protocol state on the interface Ten-GigabitEthernet1/0/7 changed to up.
%Jul  5 04:16:57:807 2023 jzznw_S6520_1_down IFNET/3/PHY_UPDOWN: Physical state on the interface Ten-GigabitEthernet1/0/7 changed to down.
%Jul  5 04:16:57:807 2023 jzznw_S6520_1_down IFNET/5/LINK_UPDOWN: Line protocol state on the interface Ten-GigabitEthernet1/0/7 changed to down.
%Jul  5 04:17:06:247 2023 jzznw_S6520_1_down IFNET/3/PHY_UPDOWN: Physical state on the interface Ten-GigabitEthernet1/0/7 changed to up.
%Jul  5 04:17:06:247 2023 jzznw_S6520_1_down IFNET/5/LINK_UPDOWN: Line protocol state on the interface Ten-GigabitEthernet1/0/7 changed to up.
%Jul  5 04:17:07:347 2023 jzznw_S6520_1_down IFNET/3/PHY_UPDOWN: Physical state on the interface Ten-GigabitEthernet1/0/7 changed to down.
%Jul  5 04:17:07:394 2023 jzznw_S6520_1_down IFNET/5/LINK_UPDOWN: Line protocol state on the interface Ten-GigabitEthernet1/0/7 changed to down.
%Jul  5 04:17:12:656 2023 jzznw_S6520_1_down IFNET/3/PHY_UPDOWN: Physical state on the interface Ten-GigabitEthernet1/0/7 changed to up.
%Jul  5 04:17:12:656 2023 jzznw_S6520_1_down IFNET/5/LINK_UPDOWN: Line protocol state on the interface Ten-GigabitEthernet1/0/7 changed to up.
%Jul  5 04:17:13:816 2023 jzznw_S6520_1_down IFNET/3/PHY_UPDOWN: Physical state on the interface Ten-GigabitEthernet1/0/7 changed to down.
%Jul  5 04:17:13:816 2023 jzznw_S6520_1_down IFNET/5/LINK_UPDOWN: Line protocol state on the interface Ten-GigabitEthernet1/0/7 changed to down.
%Jul  5 04:17:25:441 2023 jzznw_S6520_1_down IFNET/3/PHY_UPDOWN: Physical state on the interface Ten-GigabitEthernet1/0/7 changed to up.
%Jul  5 04:17:25:441 2023 jzznw_S6520_1_down IFNET/5/LINK_UPDOWN: Line protocol state on the interface Ten-GigabitEthernet1/0/7 changed to up.
%Jul  5 04:17:26:512 2023 jzznw_S6520_1_down IFNET/3/PHY_UPDOWN: Physical state on the interface Ten-GigabitEthernet1/0/7 changed to down.
%Jul  5 04:17:26:512 2023 jzznw_S6520_1_down IFNET/5/LINK_UPDOWN: Line protocol state on the interface Ten-GigabitEthernet1/0/7 changed to down.
%Jul  5 04:17:41:383 2023 jzznw_S6520_1_down IFNET/3/PHY_UPDOWN: Physical state on the interface Ten-GigabitEthernet1/0/7 changed to up.
%Jul  5 04:17:41:383 2023 jzznw_S6520_1_down IFNET/5/LINK_UPDOWN: Line protocol state on the interface Ten-GigabitEthernet1/0/7 changed to up.
%Jul  5 04:17:42:532 2023 jzznw_S6520_1_down IFNET/3/PHY_UPDOWN: Physical state on the interface Ten-GigabitEthernet1/0/7 changed to down.
%Jul  5 04:17:42:535 2023 jzznw_S6520_1_down IFNET/5/LINK_UPDOWN: Line protocol state on the interface Ten-GigabitEthernet1/0/7 changed to down.
%Jul  5 04:17:50:982 2023 jzznw_S6520_1_down IFNET/3/PHY_UPDOWN: Physical state on the interface Ten-GigabitEthernet1/0/7 changed to up.
%Jul  5 04:17:50:982 2023 jzznw_S6520_1_down IFNET/5/LINK_UPDOWN: Line protocol state on the interface Ten-GigabitEthernet1/0/7 changed to up.
%Jul  5 04:17:52:134 2023 jzznw_S6520_1_down IFNET/3/PHY_UPDOWN: Physical state on the interface Ten-GigabitEthernet1/0/7 changed to down.
%Jul  5 04:17:52:135 2023 jzznw_S6520_1_down IFNET/5/LINK_UPDOWN: Line protocol state on the interface Ten-GigabitEthernet1/0/7 changed to down.
%Jul  5 04:18:03:755 2023 jzznw_S6520_1_down IFNET/3/PHY_UPDOWN: Physical state on the interface Ten-GigabitEthernet1/0/7 changed to up.
%Jul  5 04:18:03:756 2023 jzznw_S6520_1_down IFNET/5/LINK_UPDOWN: Line protocol state on the interface Ten-GigabitEthernet1/0/7 changed to up.
%Jul  5 04:18:04:916 2023 jzznw_S6520_1_down IFNET/3/PHY_UPDOWN: Physical state on the interface Ten-GigabitEthernet1/0/7 changed to down.
%Jul  5 04:18:04:916 2023 jzznw_S6520_1_down IFNET/5/LINK_UPDOWN: Line protocol state on the interface Ten-GigabitEthernet1/0/7 changed to down.
%Jul  5 04:18:09:113 2023 jzznw_S6520_1_down IFNET/3/PHY_UPDOWN: Physical state on the interface Ten-GigabitEthernet1/0/7 changed to up.
%Jul  5 04:18:09:113 2023 jzznw_S6520_1_down IFNET/5/LINK_UPDOWN: Line protocol state on the interface Ten-GigabitEthernet1/0/7 changed to up.
%Jul  5 04:18:10:265 2023 jzznw_S6520_1_down IFNET/3/PHY_UPDOWN: Physical state on the interface Ten-GigabitEthernet1/0/7 changed to down.
%Jul  5 04:18:10:266 2023 jzznw_S6520_1_down IFNET/5/LINK_UPDOWN: Line protocol state on the interface Ten-GigabitEthernet1/0/7 changed to down.
%Jul  5 04:18:18:708 2023 jzznw_S6520_1_down IFNET/3/PHY_UPDOWN: Physical state on the interface Ten-GigabitEthernet1/0/7 changed to up.
%Jul  5 04:18:18:708 2023 jzznw_S6520_1_down IFNET/5/LINK_UPDOWN: Line protocol state on the interface Ten-GigabitEthernet1/0/7 changed to up.
%Jul  5 04:18:19:810 2023 jzznw_S6520_1_down IFNET/3/PHY_UPDOWN: Physical state on the interface Ten-GigabitEthernet1/0/7 changed to down.
%Jul  5 04:18:19:859 2023 jzznw_S6520_1_down IFNET/5/LINK_UPDOWN: Line protocol state on the interface Ten-GigabitEthernet1/0/7 changed to down.
%Jul  5 04:18:21:950 2023 jzznw_S6520_1_down IFNET/3/PHY_UPDOWN: Physical state on the interface Ten-GigabitEthernet1/0/7 changed to up.
%Jul  5 04:18:21:951 2023 jzznw_S6520_1_down IFNET/5/LINK_UPDOWN: Line protocol state on the interface Ten-GigabitEthernet1/0/7 changed to up.
%Jul  5 04:18:23:107 2023 jzznw_S6520_1_down IFNET/3/PHY_UPDOWN: Physical state on the interface Ten-GigabitEthernet1/0/7 changed to down.
%Jul  5 04:18:23:108 2023 jzznw_S6520_1_down IFNET/5/LINK_UPDOWN: Line protocol state on the interface Ten-GigabitEthernet1/0/7 changed to down.
%Jul  5 04:18:28:363 2023 jzznw_S6520_1_down IFNET/3/PHY_UPDOWN: Physical state on the interface Ten-GigabitEthernet1/0/7 changed to up.
%Jul  5 04:18:28:363 2023 jzznw_S6520_1_down IFNET/5/LINK_UPDOWN: Line protocol state on the interface Ten-GigabitEthernet1/0/7 changed to up.
%Jul  5 04:18:29:509 2023 jzznw_S6520_1_down IFNET/3/PHY_UPDOWN: Physical state on the interface Ten-GigabitEthernet1/0/7 changed to down.
%Jul  5 04:18:29:511 2023 jzznw_S6520_1_down IFNET/5/LINK_UPDOWN: Line protocol state on the interface Ten-GigabitEthernet1/0/7 changed to down.
%Jul  5 04:18:31:602 2023 jzznw_S6520_1_down IFNET/3/PHY_UPDOWN: Physical state on the interface Ten-GigabitEthernet1/0/7 changed to up.
%Jul  5 04:18:31:602 2023 jzznw_S6520_1_down IFNET/5/LINK_UPDOWN: Line protocol state on the interface Ten-GigabitEthernet1/0/7 changed to up.
%Jul  5 04:18:32:752 2023 jzznw_S6520_1_down IFNET/3/PHY_UPDOWN: Physical state on the interface Ten-GigabitEthernet1/0/7 changed to down.
%Jul  5 04:18:32:755 2023 jzznw_S6520_1_down IFNET/5/LINK_UPDOWN: Line protocol state on the interface Ten-GigabitEthernet1/0/7 changed to down.
%Jul  5 04:18:50:738 2023 jzznw_S6520_1_down IFNET/3/PHY_UPDOWN: Physical state on the interface Ten-GigabitEthernet1/0/7 changed to up.
%Jul  5 04:18:50:738 2023 jzznw_S6520_1_down IFNET/5/LINK_UPDOWN: Line protocol state on the interface Ten-GigabitEthernet1/0/7 changed to up.
%Jul  5 04:18:51:837 2023 jzznw_S6520_1_down IFNET/3/PHY_UPDOWN: Physical state on the interface Ten-GigabitEthernet1/0/7 changed to down.
%Jul  5 04:18:51:888 2023 jzznw_S6520_1_down IFNET/5/LINK_UPDOWN: Line protocol state on the interface Ten-GigabitEthernet1/0/7 changed to down.
%Jul  5 04:18:53:969 2023 jzznw_S6520_1_down IFNET/3/PHY_UPDOWN: Physical state on the interface Ten-GigabitEthernet1/0/7 changed to up.
%Jul  5 04:18:53:970 2023 jzznw_S6520_1_down IFNET/5/LINK_UPDOWN: Line protocol state on the interface Ten-GigabitEthernet1/0/7 changed to up.
%Jul  5 04:18:55:121 2023 jzznw_S6520_1_down IFNET/3/PHY_UPDOWN: Physical state on the interface Ten-GigabitEthernet1/0/7 changed to down.
%Jul  5 04:18:55:122 2023 jzznw_S6520_1_down IFNET/5/LINK_UPDOWN: Line protocol state on the interface Ten-GigabitEthernet1/0/7 changed to down.
%Jul  5 04:19:00:382 2023 jzznw_S6520_1_down IFNET/3/PHY_UPDOWN: Physical state on the interface Ten-GigabitEthernet1/0/7 changed to up.
%Jul  5 04:19:00:387 2023 jzznw_S6520_1_down IFNET/5/LINK_UPDOWN: Line protocol state on the interface Ten-GigabitEthernet1/0/7 changed to up.
%Jul  5 04:19:01:538 2023 jzznw_S6520_1_down IFNET/3/PHY_UPDOWN: Physical state on the interface Ten-GigabitEthernet1/0/7 changed to down.
%Jul  5 04:19:01:543 2023 jzznw_S6520_1_down IFNET/5/LINK_UPDOWN: Line protocol state on the interface Ten-GigabitEthernet1/0/7 changed to down.
%Jul  5 04:19:06:810 2023 jzznw_S6520_1_down IFNET/3/PHY_UPDOWN: Physical state on the interface Ten-GigabitEthernet1/0/7 changed to up.
%Jul  5 04:19:06:810 2023 jzznw_S6520_1_down IFNET/5/LINK_UPDOWN: Line protocol state on the interface Ten-GigabitEthernet1/0/7 changed to up.
%Jul  5 04:19:07:959 2023 jzznw_S6520_1_down IFNET/3/PHY_UPDOWN: Physical state on the interface Ten-GigabitEthernet1/0/7 changed to down.
%Jul  5 04:19:07:960 2023 jzznw_S6520_1_down IFNET/5/LINK_UPDOWN: Line protocol state on the interface Ten-GigabitEthernet1/0/7 changed to down.
%Jul  5 04:19:10:039 2023 jzznw_S6520_1_down IFNET/3/PHY_UPDOWN: Physical state on the interface Ten-GigabitEthernet1/0/7 changed to up.
%Jul  5 04:19:10:039 2023 jzznw_S6520_1_down IFNET/5/LINK_UPDOWN: Line protocol state on the interface Ten-GigabitEthernet1/0/7 changed to up.
%Jul  5 04:19:11:145 2023 jzznw_S6520_1_down IFNET/3/PHY_UPDOWN: Physical state on the interface Ten-GigabitEthernet1/0/7 changed to down.
%Jul  5 04:19:11:194 2023 jzznw_S6520_1_down IFNET/5/LINK_UPDOWN: Line protocol state on the interface Ten-GigabitEthernet1/0/7 changed to down.
%Jul  5 04:19:16:461 2023 jzznw_S6520_1_down IFNET/3/PHY_UPDOWN: Physical state on the interface Ten-GigabitEthernet1/0/7 changed to up.
%Jul  5 04:19:16:465 2023 jzznw_S6520_1_down IFNET/5/LINK_UPDOWN: Line protocol state on the interface Ten-GigabitEthernet1/0/7 changed to up.
%Jul  5 04:19:17:613 2023 jzznw_S6520_1_down IFNET/3/PHY_UPDOWN: Physical state on the interface Ten-GigabitEthernet1/0/7 changed to down.
%Jul  5 04:19:17:613 2023 jzznw_S6520_1_down IFNET/5/LINK_UPDOWN: Line protocol state on the interface Ten-GigabitEthernet1/0/7 changed to down.
%Jul  5 04:19:38:787 2023 jzznw_S6520_1_down IFNET/3/PHY_UPDOWN: Physical state on the interface Ten-GigabitEthernet1/0/7 changed to up.
%Jul  5 04:19:38:787 2023 jzznw_S6520_1_down IFNET/5/LINK_UPDOWN: Line protocol state on the interface Ten-GigabitEthernet1/0/7 changed to up.
%Jul  5 04:19:39:947 2023 jzznw_S6520_1_down IFNET/3/PHY_UPDOWN: Physical state on the interface Ten-GigabitEthernet1/0/7 changed to down.
%Jul  5 04:19:39:947 2023 jzznw_S6520_1_down IFNET/5/LINK_UPDOWN: Line protocol state on the interface Ten-GigabitEthernet1/0/7 changed to down.
%Jul  5 04:19:44:140 2023 jzznw_S6520_1_down IFNET/3/PHY_UPDOWN: Physical state on the interface Ten-GigabitEthernet1/0/7 changed to up.
%Jul  5 04:19:44:140 2023 jzznw_S6520_1_down IFNET/5/LINK_UPDOWN: Line protocol state on the interface Ten-GigabitEthernet1/0/7 changed to up.
%Jul  5 04:19:46:350 2023 jzznw_S6520_1_down IFNET/3/PHY_UPDOWN: Physical state on the interface Ten-GigabitEthernet1/0/7 changed to down.
%Jul  5 04:19:46:354 2023 jzznw_S6520_1_down IFNET/5/LINK_UPDOWN: Line protocol state on the interface Ten-GigabitEthernet1/0/7 changed to down.
%Jul  5 04:19:48:442 2023 jzznw_S6520_1_down IFNET/3/PHY_UPDOWN: Physical state on the interface Ten-GigabitEthernet1/0/7 changed to up.
%Jul  5 04:19:48:443 2023 jzznw_S6520_1_down IFNET/5/LINK_UPDOWN: Line protocol state on the interface Ten-GigabitEthernet1/0/7 changed to up.
%Jul  5 04:19:49:591 2023 jzznw_S6520_1_down IFNET/3/PHY_UPDOWN: Physical state on the interface Ten-GigabitEthernet1/0/7 changed to down.
%Jul  5 04:19:49:592 2023 jzznw_S6520_1_down IFNET/5/LINK_UPDOWN: Line protocol state on the interface Ten-GigabitEthernet1/0/7 changed to down.
%Jul  5 04:19:54:852 2023 jzznw_S6520_1_down IFNET/3/PHY_UPDOWN: Physical state on the interface Ten-GigabitEthernet1/0/7 changed to up.
%Jul  5 04:19:54:853 2023 jzznw_S6520_1_down IFNET/5/LINK_UPDOWN: Line protocol state on the interface Ten-GigabitEthernet1/0/7 changed to up.
%Jul  5 04:19:56:010 2023 jzznw_S6520_1_down IFNET/3/PHY_UPDOWN: Physical state on the interface Ten-GigabitEthernet1/0/7 changed to down.
%Jul  5 04:19:56:010 2023 jzznw_S6520_1_down IFNET/5/LINK_UPDOWN: Line protocol state on the interface Ten-GigabitEthernet1/0/7 changed to down.
%Jul  5 04:19:59:152 2023 jzznw_S6520_1_down IFNET/3/PHY_UPDOWN: Physical state on the interface Ten-GigabitEthernet1/0/7 changed to up.
%Jul  5 04:19:59:152 2023 jzznw_S6520_1_down IFNET/5/LINK_UPDOWN: Line protocol state on the interface Ten-GigabitEthernet1/0/7 changed to up.
%Jul  5 04:20:00:300 2023 jzznw_S6520_1_down IFNET/3/PHY_UPDOWN: Physical state on the interface Ten-GigabitEthernet1/0/7 changed to down.
%Jul  5 04:20:00:304 2023 jzznw_S6520_1_down IFNET/5/LINK_UPDOWN: Line protocol state on the interface Ten-GigabitEthernet1/0/7 changed to down.
%Jul  5 04:20:07:690 2023 jzznw_S6520_1_down IFNET/3/PHY_UPDOWN: Physical state on the interface Ten-GigabitEthernet1/0/7 changed to up.
%Jul  5 04:20:07:691 2023 jzznw_S6520_1_down IFNET/5/LINK_UPDOWN: Line protocol state on the interface Ten-GigabitEthernet1/0/7 changed to up.
%Jul  5 04:20:08:791 2023 jzznw_S6520_1_down IFNET/3/PHY_UPDOWN: Physical state on the interface Ten-GigabitEthernet1/0/7 changed to down.
%Jul  5 04:20:08:842 2023 jzznw_S6520_1_down IFNET/5/LINK_UPDOWN: Line protocol state on the interface Ten-GigabitEthernet1/0/7 changed to down.
%Jul  5 04:20:11:984 2023 jzznw_S6520_1_down IFNET/3/PHY_UPDOWN: Physical state on the interface Ten-GigabitEthernet1/0/7 changed to up.
%Jul  5 04:20:11:984 2023 jzznw_S6520_1_down IFNET/5/LINK_UPDOWN: Line protocol state on the interface Ten-GigabitEthernet1/0/7 changed to up.
%Jul  5 04:20:13:143 2023 jzznw_S6520_1_down IFNET/3/PHY_UPDOWN: Physical state on the interface Ten-GigabitEthernet1/0/7 changed to down.
%Jul  5 04:20:13:144 2023 jzznw_S6520_1_down IFNET/5/LINK_UPDOWN: Line protocol state on the interface Ten-GigabitEthernet1/0/7 changed to down.
%Jul  5 04:20:15:227 2023 jzznw_S6520_1_down IFNET/3/PHY_UPDOWN: Physical state on the interface Ten-GigabitEthernet1/0/7 changed to up.
%Jul  5 04:20:15:232 2023 jzznw_S6520_1_down IFNET/5/LINK_UPDOWN: Line protocol state on the interface Ten-GigabitEthernet1/0/7 changed to up.
%Jul  5 04:20:16:381 2023 jzznw_S6520_1_down IFNET/3/PHY_UPDOWN: Physical state on the interface Ten-GigabitEthernet1/0/7 changed to down.
%Jul  5 04:20:16:383 2023 jzznw_S6520_1_down IFNET/5/LINK_UPDOWN: Line protocol state on the interface Ten-GigabitEthernet1/0/7 changed to down.
%Jul  5 04:20:23:816 2023 jzznw_S6520_1_down IFNET/3/PHY_UPDOWN: Physical state on the interface Ten-GigabitEthernet1/0/7 changed to up.
%Jul  5 04:20:23:816 2023 jzznw_S6520_1_down IFNET/5/LINK_UPDOWN: Line protocol state on the interface Ten-GigabitEthernet1/0/7 changed to up.
%Jul  5 04:20:25:973 2023 jzznw_S6520_1_down IFNET/3/PHY_UPDOWN: Physical state on the interface Ten-GigabitEthernet1/0/7 changed to down.
%Jul  5 04:20:25:975 2023 jzznw_S6520_1_down IFNET/5/LINK_UPDOWN: Line protocol state on the interface Ten-GigabitEthernet1/0/7 changed to down.
%Jul  5 04:20:28:057 2023 jzznw_S6520_1_down IFNET/3/PHY_UPDOWN: Physical state on the interface Ten-GigabitEthernet1/0/7 changed to up.
%Jul  5 04:20:28:061 2023 jzznw_S6520_1_down IFNET/5/LINK_UPDOWN: Line protocol state on the interface Ten-GigabitEthernet1/0/7 changed to up.
%Jul  5 04:20:29:208 2023 jzznw_S6520_1_down IFNET/3/PHY_UPDOWN: Physical state on the interface Ten-GigabitEthernet1/0/7 changed to down.
%Jul  5 04:20:29:208 2023 jzznw_S6520_1_down IFNET/5/LINK_UPDOWN: Line protocol state on the interface Ten-GigabitEthernet1/0/7 changed to down.
%Jul  5 04:20:47:208 2023 jzznw_S6520_1_down IFNET/3/PHY_UPDOWN: Physical state on the interface Ten-GigabitEthernet1/0/7 changed to up.
%Jul  5 04:20:47:208 2023 jzznw_S6520_1_down IFNET/5/LINK_UPDOWN: Line protocol state on the interface Ten-GigabitEthernet1/0/7 changed to up.
%Jul  5 04:20:48:366 2023 jzznw_S6520_1_down IFNET/3/PHY_UPDOWN: Physical state on the interface Ten-GigabitEthernet1/0/7 changed to down.
%Jul  5 04:20:48:367 2023 jzznw_S6520_1_down IFNET/5/LINK_UPDOWN: Line protocol state on the interface Ten-GigabitEthernet1/0/7 changed to down.
%Jul  5 04:20:56:809 2023 jzznw_S6520_1_down IFNET/3/PHY_UPDOWN: Physical state on the interface Ten-GigabitEthernet1/0/7 changed to up.
%Jul  5 04:20:56:810 2023 jzznw_S6520_1_down IFNET/5/LINK_UPDOWN: Line protocol state on the interface Ten-GigabitEthernet1/0/7 changed to up.
%Jul  5 04:20:57:911 2023 jzznw_S6520_1_down IFNET/3/PHY_UPDOWN: Physical state on the interface Ten-GigabitEthernet1/0/7 changed to down.
%Jul  5 04:20:57:959 2023 jzznw_S6520_1_down IFNET/5/LINK_UPDOWN: Line protocol state on the interface Ten-GigabitEthernet1/0/7 changed to down.
%Jul  5 04:21:09:576 2023 jzznw_S6520_1_down IFNET/3/PHY_UPDOWN: Physical state on the interface Ten-GigabitEthernet1/0/7 changed to up.
%Jul  5 04:21:09:581 2023 jzznw_S6520_1_down IFNET/5/LINK_UPDOWN: Line protocol state on the interface Ten-GigabitEthernet1/0/7 changed to up.
%Jul  5 04:21:10:684 2023 jzznw_S6520_1_down IFNET/3/PHY_UPDOWN: Physical state on the interface Ten-GigabitEthernet1/0/7 changed to down.
%Jul  5 04:21:10:732 2023 jzznw_S6520_1_down IFNET/5/LINK_UPDOWN: Line protocol state on the interface Ten-GigabitEthernet1/0/7 changed to down.
%Jul  5 04:21:17:130 2023 jzznw_S6520_1_down SHELL/6/SHELL_CMD: -Line=aux0-IPAddr=**-User=**; Command is sy
%Jul  5 04:21:17:330 2023 jzznw_S6520_1_down IFNET/3/PHY_UPDOWN: Physical state on the interface M-GigabitEthernet0/0/0 changed to up.
%Jul  5 04:21:17:334 2023 jzznw_S6520_1_down IFNET/5/LINK_UPDOWN: Line protocol state on the interface M-GigabitEthernet0/0/0 changed to up.
%Jul  5 04:21:21:216 2023 jzznw_S6520_1_down SHELL/4/SHELL_CMD_MATCHFAIL: -User=**-IPAddr=**; Command q in view system failed to be matched.
%Jul  5 04:21:21:372 2023 jzznw_S6520_1_down IFNET/3/PHY_UPDOWN: Physical state on the interface Ten-GigabitEthernet1/0/7 changed to up.
%Jul  5 04:21:21:372 2023 jzznw_S6520_1_down IFNET/5/LINK_UPDOWN: Line protocol state on the interface Ten-GigabitEthernet1/0/7 changed to up.
%Jul  5 04:21:22:475 2023 jzznw_S6520_1_down IFNET/3/PHY_UPDOWN: Physical state on the interface Ten-GigabitEthernet1/0/7 changed to down.
%Jul  5 04:21:22:477 2023 jzznw_S6520_1_down IFNET/5/LINK_UPDOWN: Line protocol state on the interface Ten-GigabitEthernet1/0/7 changed to down.
%Jul  5 04:21:22:615 2023 jzznw_S6520_1_down SHELL/6/SHELL_CMD: -Line=aux0-IPAddr=**-User=**; Command is quit
%Jul  5 04:21:22:616 2023 jzznw_S6520_1_down CFGMAN/5/CFGMAN_EXIT_FROM_CONFIGURE: -Line=aux0-IPAddr=**-User=**; Exit from the system view or a feature view to the user view.
%Jul  5 04:21:27:999 2023 jzznw_S6520_1_down SHELL/6/SHELL_CMD: -Line=aux0-IPAddr=**-User=**; Command is ftp 192.168.0.2
%Jul  5 04:21:30:939 2023 jzznw_S6520_1_down IFNET/3/PHY_UPDOWN: Physical state on the interface Ten-GigabitEthernet1/0/7 changed to up.
%Jul  5 04:21:30:939 2023 jzznw_S6520_1_down IFNET/5/LINK_UPDOWN: Line protocol state on the interface Ten-GigabitEthernet1/0/7 changed to up.
%Jul  5 04:21:32:018 2023 jzznw_S6520_1_down IFNET/3/PHY_UPDOWN: Physical state on the interface Ten-GigabitEthernet1/0/7 changed to down.
%Jul  5 04:21:32:019 2023 jzznw_S6520_1_down IFNET/5/LINK_UPDOWN: Line protocol state on the interface Ten-GigabitEthernet1/0/7 changed to down.
%Jul  5 04:21:46:773 2023 jzznw_S6520_1_down SHELL/6/SHELL_CMD: -Line=aux0-IPAddr=**-User=**; Command is dir
%Jul  5 04:21:49:617 2023 jzznw_S6520_1_down SHELL/6/SHELL_CMD: -Line=aux0-IPAddr=**-User=**; Command is ftp 192.168.0.2
%Jul  5 04:22:08:073 2023 jzznw_S6520_1_down IFNET/3/PHY_UPDOWN: Physical state on the interface Ten-GigabitEthernet1/0/7 changed to up.
%Jul  5 04:22:08:073 2023 jzznw_S6520_1_down IFNET/5/LINK_UPDOWN: Line protocol state on the interface Ten-GigabitEthernet1/0/7 changed to up.
%Jul  5 04:22:09:226 2023 jzznw_S6520_1_down IFNET/3/PHY_UPDOWN: Physical state on the interface Ten-GigabitEthernet1/0/7 changed to down.
%Jul  5 04:22:09:227 2023 jzznw_S6520_1_down IFNET/5/LINK_UPDOWN: Line protocol state on the interface Ten-GigabitEthernet1/0/7 changed to down.
%Jul  5 04:22:11:307 2023 jzznw_S6520_1_down IFNET/3/PHY_UPDOWN: Physical state on the interface Ten-GigabitEthernet1/0/7 changed to up.
%Jul  5 04:22:11:307 2023 jzznw_S6520_1_down IFNET/5/LINK_UPDOWN: Line protocol state on the interface Ten-GigabitEthernet1/0/7 changed to up.
%Jul  5 04:22:12:420 2023 jzznw_S6520_1_down IFNET/3/PHY_UPDOWN: Physical state on the interface Ten-GigabitEthernet1/0/7 changed to down.
%Jul  5 04:22:12:470 2023 jzznw_S6520_1_down IFNET/5/LINK_UPDOWN: Line protocol state on the interface Ten-GigabitEthernet1/0/7 changed to down.
%Jul  5 04:22:24:095 2023 jzznw_S6520_1_down IFNET/3/PHY_UPDOWN: Physical state on the interface Ten-GigabitEthernet1/0/7 changed to up.
%Jul  5 04:22:24:095 2023 jzznw_S6520_1_down IFNET/5/LINK_UPDOWN: Line protocol state on the interface Ten-GigabitEthernet1/0/7 changed to up.
%Jul  5 04:22:25:248 2023 jzznw_S6520_1_down IFNET/3/PHY_UPDOWN: Physical state on the interface Ten-GigabitEthernet1/0/7 changed to down.
%Jul  5 04:22:25:250 2023 jzznw_S6520_1_down IFNET/5/LINK_UPDOWN: Line protocol state on the interface Ten-GigabitEthernet1/0/7 changed to down.
%Jul  5 04:22:27:332 2023 jzznw_S6520_1_down IFNET/3/PHY_UPDOWN: Physical state on the interface Ten-GigabitEthernet1/0/7 changed to up.
%Jul  5 04:22:27:332 2023 jzznw_S6520_1_down IFNET/5/LINK_UPDOWN: Line protocol state on the interface Ten-GigabitEthernet1/0/7 changed to up.
%Jul  5 04:22:28:412 2023 jzznw_S6520_1_down IFNET/3/PHY_UPDOWN: Physical state on the interface Ten-GigabitEthernet1/0/7 changed to down.
%Jul  5 04:22:28:412 2023 jzznw_S6520_1_down IFNET/5/LINK_UPDOWN: Line protocol state on the interface Ten-GigabitEthernet1/0/7 changed to down.
%Jul  5 04:22:30:558 2023 jzznw_S6520_1_down IFNET/3/PHY_UPDOWN: Physical state on the interface Ten-GigabitEthernet1/0/7 changed to up.
%Jul  5 04:22:30:559 2023 jzznw_S6520_1_down IFNET/5/LINK_UPDOWN: Line protocol state on the interface Ten-GigabitEthernet1/0/7 changed to up.
%Jul  5 04:22:31:701 2023 jzznw_S6520_1_down IFNET/3/PHY_UPDOWN: Physical state on the interface Ten-GigabitEthernet1/0/7 changed to down.
%Jul  5 04:22:31:701 2023 jzznw_S6520_1_down IFNET/5/LINK_UPDOWN: Line protocol state on the interface Ten-GigabitEthernet1/0/7 changed to down.
%Jul  5 04:22:36:958 2023 jzznw_S6520_1_down IFNET/3/PHY_UPDOWN: Physical state on the interface Ten-GigabitEthernet1/0/7 changed to up.
%Jul  5 04:22:36:958 2023 jzznw_S6520_1_down IFNET/5/LINK_UPDOWN: Line protocol state on the interface Ten-GigabitEthernet1/0/7 changed to up.
%Jul  5 04:22:38:120 2023 jzznw_S6520_1_down IFNET/3/PHY_UPDOWN: Physical state on the interface Ten-GigabitEthernet1/0/7 changed to down.
%Jul  5 04:22:38:120 2023 jzznw_S6520_1_down IFNET/5/LINK_UPDOWN: Line protocol state on the interface Ten-GigabitEthernet1/0/7 changed to down.
%Jul  5 04:22:43:375 2023 jzznw_S6520_1_down IFNET/3/PHY_UPDOWN: Physical state on the interface Ten-GigabitEthernet1/0/7 changed to up.
%Jul  5 04:22:43:385 2023 jzznw_S6520_1_down IFNET/5/LINK_UPDOWN: Line protocol state on the interface Ten-GigabitEthernet1/0/7 changed to up.
%Jul  5 04:22:44:534 2023 jzznw_S6520_1_down IFNET/3/PHY_UPDOWN: Physical state on the interface Ten-GigabitEthernet1/0/7 changed to down.
%Jul  5 04:22:44:534 2023 jzznw_S6520_1_down IFNET/5/LINK_UPDOWN: Line protocol state on the interface Ten-GigabitEthernet1/0/7 changed to down.
%Jul  5 04:22:50:861 2023 jzznw_S6520_1_down IFNET/3/PHY_UPDOWN: Physical state on the interface Ten-GigabitEthernet1/0/7 changed to up.
%Jul  5 04:22:50:862 2023 jzznw_S6520_1_down IFNET/5/LINK_UPDOWN: Line protocol state on the interface Ten-GigabitEthernet1/0/7 changed to up.
%Jul  5 04:22:52:011 2023 jzznw_S6520_1_down IFNET/3/PHY_UPDOWN: Physical state on the interface Ten-GigabitEthernet1/0/7 changed to down.
%Jul  5 04:22:52:011 2023 jzznw_S6520_1_down IFNET/5/LINK_UPDOWN: Line protocol state on the interface Ten-GigabitEthernet1/0/7 changed to down.
%Jul  5 04:22:56:220 2023 jzznw_S6520_1_down IFNET/3/PHY_UPDOWN: Physical state on the interface Ten-GigabitEthernet1/0/7 changed to up.
%Jul  5 04:22:56:222 2023 jzznw_S6520_1_down IFNET/5/LINK_UPDOWN: Line protocol state on the interface Ten-GigabitEthernet1/0/7 changed to up.
%Jul  5 04:22:57:367 2023 jzznw_S6520_1_down IFNET/3/PHY_UPDOWN: Physical state on the interface Ten-GigabitEthernet1/0/7 changed to down.
%Jul  5 04:22:57:369 2023 jzznw_S6520_1_down IFNET/5/LINK_UPDOWN: Line protocol state on the interface Ten-GigabitEthernet1/0/7 changed to down.
%Jul  5 04:22:59:444 2023 jzznw_S6520_1_down IFNET/3/PHY_UPDOWN: Physical state on the interface Ten-GigabitEthernet1/0/7 changed to up.
%Jul  5 04:22:59:450 2023 jzznw_S6520_1_down IFNET/5/LINK_UPDOWN: Line protocol state on the interface Ten-GigabitEthernet1/0/7 changed to up.
%Jul  5 04:23:00:601 2023 jzznw_S6520_1_down IFNET/3/PHY_UPDOWN: Physical state on the interface Ten-GigabitEthernet1/0/7 changed to down.
%Jul  5 04:23:00:604 2023 jzznw_S6520_1_down IFNET/5/LINK_UPDOWN: Line protocol state on the interface Ten-GigabitEthernet1/0/7 changed to down.
%Jul  5 04:23:02:686 2023 jzznw_S6520_1_down IFNET/3/PHY_UPDOWN: Physical state on the interface Ten-GigabitEthernet1/0/7 changed to up.
%Jul  5 04:23:02:686 2023 jzznw_S6520_1_down IFNET/5/LINK_UPDOWN: Line protocol state on the interface Ten-GigabitEthernet1/0/7 changed to up.
%Jul  5 04:23:04:907 2023 jzznw_S6520_1_down IFNET/3/PHY_UPDOWN: Physical state on the interface Ten-GigabitEthernet1/0/7 changed to down.
%Jul  5 04:23:04:907 2023 jzznw_S6520_1_down IFNET/5/LINK_UPDOWN: Line protocol state on the interface Ten-GigabitEthernet1/0/7 changed to down.
%Jul  5 04:23:08:971 2023 jzznw_S6520_1_down SHELL/6/SHELL_CMD: -Line=aux0-IPAddr=**-User=**; Command is sy
%Jul  5 04:23:12:326 2023 jzznw_S6520_1_down SHELL/6/SHELL_CMD: -Line=aux0-IPAddr=**-User=**; Command is undo info-center en
%Jul  5 04:23:12:328 2023 jzznw_S6520_1_down SYSLOG/6/SYSLOG_DISABLE: Syslog is disabled.
<jzznw_S6520_1_down>display current-configuration
#
 version 7.1.070, Release 6628P35
#
 sysname jzznw_S6520_1_down
#
 clock timezone BJ add 08:00:00
 clock protocol none
#
 telnet server enable
#
 irf mac-address persistent timer
 irf auto-update enable
 undo irf link-delay
 irf member 1 priority 1
#
 lldp global enable
#
 password-recovery enable
#
vlan 1
#
vlan 3 to 4
#
traffic classifier dd operator and
 if-match acl 3666
#
traffic behavior dd
#
qos policy dd
#
 stp bpdu-protection
 stp tc-protection threshold 1
 stp global enable
#
interface Bridge-Aggregation1
 description "Switch connected with each other"
 port link-type trunk
 undo port trunk permit vlan 1
 port trunk permit vlan 3 to 4
 stp instance 0 cost 1000
 stp loop-protection
#
interface NULL0
#
interface LoopBack0
 ip address 192.168.1.206 255.255.255.255
#
interface Vlan-interface1
 ip address dhcp-alloc
 dhcp client identifier ascii 7c7a3c5de970-VLAN0001
#
interface Vlan-interface4
 ip address 10.233.121.206 255.255.255.128
#
interface FortyGigE1/0/49
 port link-mode bridge
#
interface FortyGigE1/0/50
 port link-mode bridge
#
interface M-GigabitEthernet0/0/0
 ip address 192.168.0.1 255.255.255.0
#
interface Ten-GigabitEthernet1/0/1
 port link-mode bridge
 description "ATAE-slot7-FABBIC-GE-LAN0"
 port link-type trunk
 undo port trunk permit vlan 1
 port trunk permit vlan 4
#
interface Ten-GigabitEthernet1/0/2
 port link-mode bridge
 description "F02-USAU6600-SLOT4-LAN1"
 port access vlan 4
 stp edged-port
#
interface Ten-GigabitEthernet1/0/3
 port link-mode bridge
 description "F02-USAU6600-SLOT3-LAN2"
 port access vlan 4
 stp edged-port
#
interface Ten-GigabitEthernet1/0/4
 port link-mode bridge
 description To-LaFenzhinengwang-zhongduan-FenghuoPTN660-12/8
 port access vlan 4
 stp edged-port
#
interface Ten-GigabitEthernet1/0/5
 port link-mode bridge
 description "F02-USAU6600-SlOt6-LAN1"
 port access vlan 4
 stp edged-port
#
interface Ten-GigabitEthernet1/0/6
 port link-mode bridge
 shutdown
 packet-filter 3666 inbound
#
interface Ten-GigabitEthernet1/0/7
 port link-mode bridge
 description "F03-USP6600-SOLT3-LAN1"
 port access vlan 4
 stp edged-port
#
interface Ten-GigabitEthernet1/0/8
 port link-mode bridge
 description "F03-UAO6600-SLOT4-LAN1"
 port access vlan 4
 shutdown
 stp edged-port
#
interface Ten-GigabitEthernet1/0/9
 port link-mode bridge
 port access vlan 4
 shutdown
#
interface Ten-GigabitEthernet1/0/10
 port link-mode bridge
 port access vlan 4
#
interface Ten-GigabitEthernet1/0/11
 port link-mode bridge
 port access vlan 4
 shutdown
 stp edged-port
#
interface Ten-GigabitEthernet1/0/12
 port link-mode bridge
 port access vlan 4
 shutdown
 stp edged-port
#
interface Ten-GigabitEthernet1/0/13
 port link-mode bridge
 description to-uap6600-slot6-lower
 port access vlan 4
 stp edged-port
#
interface Ten-GigabitEthernet1/0/14
 port link-mode bridge
 description "F03-UAO6600-SLOT6-LAN1"
 port access vlan 4
 shutdown
 stp edged-port
#
interface Ten-GigabitEthernet1/0/15
 port link-mode bridge
 description "F03-USP6600-OMU"
 port access vlan 4
 stp edged-port
#
interface Ten-GigabitEthernet1/0/16
 port link-mode bridge
 description to-uap6600-slot5-lower
 port access vlan 4
 stp edged-port
#
interface Ten-GigabitEthernet1/0/17
 port link-mode bridge
 port access vlan 4
 shutdown
 stp edged-port
#
interface Ten-GigabitEthernet1/0/18
 port link-mode bridge
 description TO_NEW3900B-port_SMP21
 port access vlan 4
#
interface Ten-GigabitEthernet1/0/19
 port link-mode bridge
 description "USM-IBM3650-eth3"
 port access vlan 4
 stp edged-port
#
interface Ten-GigabitEthernet1/0/20
 port link-mode bridge
 description "S3900-1-B-lan0"
 port access vlan 4
 stp edged-port
#
interface Ten-GigabitEthernet1/0/21
 port link-mode bridge
 description "S3900-2-B-lan0"
 port access vlan 4
 stp edged-port
#
interface Ten-GigabitEthernet1/0/22
 port link-mode bridge
 description "S3900-3-B-lan0"
 port access vlan 4
 stp edged-port
#
interface Ten-GigabitEthernet1/0/23
 port link-mode bridge
 description "to_jzznw_s3300_2_up_e0/0/23"
 port link-type trunk
 undo port trunk permit vlan 1
 port trunk permit vlan 3 to 4
 port link-aggregation group 1
#
interface Ten-GigabitEthernet1/0/24
 port link-mode bridge
 description "to_jzznw_s3300_2_up_e0/0/24"
 port link-type trunk
 undo port trunk permit vlan 1
 port trunk permit vlan 3 to 4
 port link-aggregation group 1
#
interface Ten-GigabitEthernet1/0/25
 port link-mode bridge
#
interface Ten-GigabitEthernet1/0/26
 port link-mode bridge
#
interface Ten-GigabitEthernet1/0/27
 port link-mode bridge
#
interface Ten-GigabitEthernet1/0/28
 port link-mode bridge
#
interface Ten-GigabitEthernet1/0/29
 port link-mode bridge
#
interface Ten-GigabitEthernet1/0/30
 port link-mode bridge
#
interface Ten-GigabitEthernet1/0/31
 port link-mode bridge
#
interface Ten-GigabitEthernet1/0/32
 port link-mode bridge
#
interface Ten-GigabitEthernet1/0/33
 port link-mode bridge
#
interface Ten-GigabitEthernet1/0/34
 port link-mode bridge
#
interface Ten-GigabitEthernet1/0/35
 port link-mode bridge
#
interface Ten-GigabitEthernet1/0/36
 port link-mode bridge
#
interface Ten-GigabitEthernet1/0/37
 port link-mode bridge
#
interface Ten-GigabitEthernet1/0/38
 port link-mode bridge
#
interface Ten-GigabitEthernet1/0/39
 port link-mode bridge
#
interface Ten-GigabitEthernet1/0/40
 port link-mode bridge
#
interface Ten-GigabitEthernet1/0/41
 port link-mode bridge
#
interface Ten-GigabitEthernet1/0/42
 port link-mode bridge
#
interface Ten-GigabitEthernet1/0/43
 port link-mode bridge
#
interface Ten-GigabitEthernet1/0/44
 port link-mode bridge
#
interface Ten-GigabitEthernet1/0/45
 port link-mode bridge
#
interface Ten-GigabitEthernet1/0/46
 port link-mode bridge
#
interface Ten-GigabitEthernet1/0/47
 port link-mode bridge
#
interface Ten-GigabitEthernet1/0/48
 port link-mode bridge
 description "to_liuwu_switch_right_GE0/01"
 port link-type trunk
 undo port trunk permit vlan 1
 port trunk permit vlan 3 to 4
 speed 1000 
 duplex full
 stp loop-protection
#
interface Ten-GigabitEthernet1/1/1
 port link-mode bridge
#
interface Ten-GigabitEthernet1/1/2
 port link-mode bridge
#
interface Ten-GigabitEthernet1/1/3
 port link-mode bridge
#
interface Ten-GigabitEthernet1/1/4
 port link-mode bridge
#
route-policy dd permit node 0
#
 scheduler logfile size 16
#
line class aux
 user-role network-admin
#
line class usb
 user-role network-admin
#
line class vty
 user-role network-operator
#
line aux 0
 user-role network-admin
#
line vty 0 4
 authentication-mode scheme
 user-role level-15
 user-role network-operator
 idle-timeout 5 0
 screen-length 0
#
line vty 5 14
 authentication-mode scheme
 user-role network-operator
 protocol inbound ssh
 idle-timeout 5 0
 screen-length 0
#
line vty 15 63
 user-role network-operator
#
 ip route-static 10.237.35.0 24 10.233.121.213
 ip route-static 10.237.95.0 24 10.233.121.213
 ip route-static 10.237.99.0 24 10.233.121.213
 ip route-static 10.237.100.0 24 10.233.121.213
#
 undo info-center enable
 info-center loghost 10.237.35.249
 info-center loghost 10.237.99.80
#
 snmp-agent
 snmp-agent local-engineid 800063A2807C7A3C5DE97400000001
 snmp-agent community read LCjcGPRS
 snmp-agent community read XZYD_smjk-2018 acl 2000
 snmp-agent sys-info version v2c v3 
 snmp-agent target-host trap address udp-domain 10.237.95.23 params securityname LCjcGPRS v2c
 snmp-agent trap enable arp 
 snmp-agent trap enable radius 
 snmp-agent trap enable stp 
 snmp-agent trap enable syslog 
#
 ssh server enable
 ssh user cszdxj service-type stelnet authentication-type password
 ssh user jtcjxz service-type stelnet authentication-type password
 ssh user xz4a_admin service-type stelnet authentication-type password
 ssh user xzyd_zhuoma service-type stelnet authentication-type password
 ssh server acl 2099
#
 ntp-service authentication enable
 ntp-service authentication-keyid 1 authentication-mode md5 cipher $c$3$8Y/XgKrhWCqR9QYbabcIM2XuMgTxgCCKDFASGXLzzahX
 ntp-service unicast-server 10.237.35.249 authentication-keyid 1
#
acl number 2000
 rule 5 permit source 10.237.35.0 0.0.0.255
 rule 10 permit source 10.237.99.0 0.0.0.255
 rule 15 permit source 10.110.100.52 0
 rule 20 permit source 10.110.100.46 0
 rule 21 deny
 rule 25 permit source 10.237.35.254 0
 rule 30 permit source 10.237.100.0 0.0.0.255
#
acl number 2099
 rule 5 permit source 10.237.35.254 0
 rule 10 permit source 10.237.99.0 0.0.0.255
 rule 15 permit source 10.237.100.47 0
#
acl number 3000
 rule 0 deny udp destination-port eq tftp
 rule 1 deny tcp destination-port eq 445
 rule 2 deny udp destination-port eq 445
 rule 3 deny tcp destination-port eq 539
 rule 4 deny udp destination-port eq 539
 rule 5 deny udp destination-port eq 593
 rule 6 deny tcp destination-port eq 593
 rule 7 deny udp destination-port eq 1434
 rule 8 deny tcp destination-port eq 4444
 rule 9 deny tcp destination-port eq 9996
 rule 10 deny tcp destination-port eq 5554
 rule 11 deny udp destination-port eq 9996
 rule 12 deny udp destination-port eq 5554
 rule 13 deny tcp destination-port eq 137
 rule 14 deny tcp destination-port eq 1025
 rule 15 deny udp destination-port eq 1025
 rule 16 deny tcp destination-port eq 9995
 rule 17 deny udp destination-port eq 9995
 rule 18 deny tcp destination-port eq 1068
 rule 19 deny udp destination-port eq 1068
 rule 20 deny tcp destination-port eq 1023
 rule 21 deny udp destination-port eq 1023
 rule 22 deny tcp destination-port eq 135
 rule 23 deny udp destination-port eq 135
 rule 24 deny tcp destination-port eq 69
 rule 25 deny tcp destination-port eq 139
 rule 26 deny udp destination-port eq netbios-ssn
 rule 27 deny udp destination-port eq netbios-ns
 rule 28 deny udp destination-port eq netbios-dgm
#
acl number 3010
 rule 1 deny tcp destination-port eq 4444
 rule 2 deny tcp destination-port eq 69
#
acl number 3666
 rule 10 permit tcp source 1.1.1.1 0 destination 2.2.2.2 0 source-port eq ftp-data destination-port eq 30
#
 super password role level-15 hash $h$6$UstULcb/x6HT3JdE$hZF40cMpGaNOzWBEtBAhI5bADCGNL2BAfpSoumT3VWt48rgkQXhcvMPziHJ9W0/aM1aZ4adJAKgJGdqDFXklLg==
#
radius scheme system
 user-name-format without-domain
#
domain system
#
 domain default enable system
#
role name level-0
 description Predefined level-0 role
#
role name level-1
 description Predefined level-1 role
#
role name level-2
 description Predefined level-2 role
#
role name level-3
 description Predefined level-3 role
#
role name level-4
 description Predefined level-4 role
#
role name level-5
 description Predefined level-5 role
#
role name level-6
 description Predefined level-6 role
#
role name level-7
 description Predefined level-7 role
#
role name level-8
 description Predefined level-8 role
#
role name level-9
 description Predefined level-9 role
#
role name level-10
 description Predefined level-10 role
#
role name level-11
 description Predefined level-11 role
#
role name level-12
 description Predefined level-12 role
#
role name level-13
 description Predefined level-13 role
#
role name level-14
 description Predefined level-14 role
#
user-group system
#
local-user cszdxj class manage
 password hash $h$6$d+ERLJxPzH1hYZwi$jWkRZq8BSs3d9wq+XHdt5WQWpJ0raeLDBaXYpX/YgaZjOHl5+U9OSYVOXAxjsghAqZqhXVb+HiRuVVSNuW7lSg==
 service-type telnet ssh
 authorization-attribute user-role level-15
 authorization-attribute user-role network-operator
#
local-user jtcjxz class manage
 password hash $h$6$GwBNPwzah61QxkAx$SgJ5I5nmZDFEmtGUZm/wJwmCRLkJpTSW8AKJRIuP5WpljB4LXgkyBsD5ZUNTj6O9gCPu1e0CPYoaFOXcuO173A==
 service-type telnet ssh
 authorization-attribute user-role level-1
 authorization-attribute user-role network-operator
#
local-user xz4a_admin class manage
 password hash $h$6$lUG+8Q3oMdF5ZnWp$VwpKPuHZCwr3BmlDG0ukk9oDLGgHKUqNTCLd4kEQwWCV+S0hW0DsTvgVmmGiSXXVjjoCz7gmIDmXED4I93zqtQ==
 service-type telnet ssh
 authorization-attribute user-role level-1
 authorization-attribute user-role network-operator
#
local-user xzyd_zhuoma class manage
 password hash $h$6$gwRdFFmMG03AIB0V$WpLxf9mrFxf6d5Fk6WggiNFCze1eHnpmcQrigBqPu3pW8NRk91KTwQYFmqBR/9SdjQJE7CSASWnkmY0Yfz/TZA==
 service-type telnet ssh terminal
 authorization-attribute user-role level-15
 authorization-attribute user-role network-operator
#
 security-enhanced level 1
#
return
