IntelligentNet daily check started: 2026/3/13 12:11:33
Log directory: C:\Users\dukang\Desktop\VBS_泐啣儂蚳蚚\logs\2026-3-13\IntelligentNet
========================================================================
[2026/3/13 12:11:33] Start tab: JZZNW_S6520_1_DOWN detected prompt: <jzznw_S6520_1_down>
[2026/3/13 12:11:33] JZZNW_S6520_1_DOWN run command: display version
[2026/3/13 12:11:34] JZZNW_S6520_1_DOWN run command: display device
[2026/3/13 12:11:34] JZZNW_S6520_1_DOWN run command: display startup
[2026/3/13 12:11:34] JZZNW_S6520_1_DOWN run command: display cpu-usage
[2026/3/13 12:11:34] JZZNW_S6520_1_DOWN run command: display memory-usage
[2026/3/13 12:11:34] JZZNW_S6520_1_DOWN run command: display memory
[2026/3/13 12:11:34] JZZNW_S6520_1_DOWN run command: display ip interface brief
[2026/3/13 12:11:34] JZZNW_S6520_1_DOWN run command: display interface brief
[2026/3/13 12:11:34] JZZNW_S6520_1_DOWN run command: display ip routing-table
[2026/3/13 12:11:34] JZZNW_S6520_1_DOWN run command: display logbuffer
[2026/3/13 12:11:35] JZZNW_S6520_1_DOWN run command: display current-configuration
[2026/3/13 12:11:36] Tab finished: JZZNW_S6520_1_DOWN, log: C:\Users\dukang\Desktop\VBS_泐啣儂蚳蚚\logs\2026-3-13\IntelligentNet\IntelligentNet_JZZNW_S6520_1_DOWN_20260313_121133.log
------------------------------------------------------------------------
[2026/3/13 12:11:36] Start tab: JZZNW_S6520_2_UP detected prompt: <jzznw_s6520_2_up>
[2026/3/13 12:11:36] JZZNW_S6520_2_UP run command: display version
[2026/3/13 12:11:36] JZZNW_S6520_2_UP run command: display device
[2026/3/13 12:11:36] JZZNW_S6520_2_UP run command: display startup
[2026/3/13 12:11:36] JZZNW_S6520_2_UP run command: display cpu-usage
[2026/3/13 12:11:36] JZZNW_S6520_2_UP run command: display memory-usage
[2026/3/13 12:11:36] JZZNW_S6520_2_UP run command: display memory
[2026/3/13 12:11:37] JZZNW_S6520_2_UP run command: display ip interface brief
[2026/3/13 12:11:37] JZZNW_S6520_2_UP run command: display interface brief
[2026/3/13 12:11:37] JZZNW_S6520_2_UP run command: display ip routing-table
[2026/3/13 12:11:37] JZZNW_S6520_2_UP run command: display logbuffer
[2026/3/13 12:11:38] JZZNW_S6520_2_UP run command: display current-configuration
[2026/3/13 12:11:39] Tab finished: JZZNW_S6520_2_UP, log: C:\Users\dukang\Desktop\VBS_泐啣儂蚳蚚\logs\2026-3-13\IntelligentNet\IntelligentNet_JZZNW_S6520_2_UP_20260313_121136.log
------------------------------------------------------------------------
[2026/3/13 12:11:39] Start tab: XZYD-ENIP1 detected prompt: <xzyd-enip1>
[2026/3/13 12:11:39] XZYD-ENIP1 run command: display version
[2026/3/13 12:11:39] XZYD-ENIP1 run command: display device
[2026/3/13 12:11:40] XZYD-ENIP1 run command: display startup
[2026/3/13 12:11:40] XZYD-ENIP1 run command: display cpu-usage
[2026/3/13 12:11:40] XZYD-ENIP1 run command: display memory-usage
[2026/3/13 12:11:40] XZYD-ENIP1 run command: display memory
[2026/3/13 12:11:40] XZYD-ENIP1 run command: display ip interface brief
[2026/3/13 12:11:40] XZYD-ENIP1 run command: display interface brief
[2026/3/13 12:11:41] XZYD-ENIP1 run command: display ip routing-table
[2026/3/13 12:11:41] XZYD-ENIP1 run command: display logbuffer
[2026/3/13 12:11:42] XZYD-ENIP1 run command: display current-configuration
[2026/3/13 12:11:45] Tab finished: XZYD-ENIP1, log: C:\Users\dukang\Desktop\VBS_泐啣儂蚳蚚\logs\2026-3-13\IntelligentNet\IntelligentNet_XZYD-ENIP1_20260313_121139.log
------------------------------------------------------------------------
[2026/3/13 12:11:45] Start tab: XZYD-ENIP2 detected prompt: <xzyd-enip2>
[2026/3/13 12:11:45] XZYD-ENIP2 run command: display version
[2026/3/13 12:11:45] XZYD-ENIP2 run command: display device
[2026/3/13 12:11:45] XZYD-ENIP2 run command: display startup
[2026/3/13 12:11:45] XZYD-ENIP2 run command: display cpu-usage
[2026/3/13 12:11:46] XZYD-ENIP2 run command: display memory-usage
[2026/3/13 12:11:46] XZYD-ENIP2 run command: display memory
[2026/3/13 12:11:46] XZYD-ENIP2 run command: display ip interface brief
[2026/3/13 12:11:46] XZYD-ENIP2 run command: display interface brief
[2026/3/13 12:11:46] XZYD-ENIP2 run command: display ip routing-table
[2026/3/13 12:11:47] XZYD-ENIP2 run command: display logbuffer
[2026/3/13 12:11:48] XZYD-ENIP2 run command: display current-configuration
[2026/3/13 12:11:50] Tab finished: XZYD-ENIP2, log: C:\Users\dukang\Desktop\VBS_泐啣儂蚳蚚\logs\2026-3-13\IntelligentNet\IntelligentNet_XZYD-ENIP2_20260313_121145.log
------------------------------------------------------------------------
[2026/3/13 12:11:50] Start tab: XZYD-USAU1 detected prompt: <xzyd-usau1>
[2026/3/13 12:11:50] XZYD-USAU1 run command: display version
[2026/3/13 12:11:50] XZYD-USAU1 run command: display device
[2026/3/13 12:11:51] XZYD-USAU1 run command: display startup
[2026/3/13 12:11:51] XZYD-USAU1 run command: display cpu-usage
[2026/3/13 12:11:51] XZYD-USAU1 run command: display memory-usage
[2026/3/13 12:11:51] XZYD-USAU1 run command: display memory
[2026/3/13 12:11:51] XZYD-USAU1 run command: display ip interface brief
[2026/3/13 12:11:51] XZYD-USAU1 run command: display interface brief
[2026/3/13 12:11:52] XZYD-USAU1 run command: display ip routing-table
[2026/3/13 12:11:52] XZYD-USAU1 run command: display logbuffer
[2026/3/13 12:11:53] XZYD-USAU1 run command: display current-configuration
[2026/3/13 12:11:55] Tab finished: XZYD-USAU1, log: C:\Users\dukang\Desktop\VBS_泐啣儂蚳蚚\logs\2026-3-13\IntelligentNet\IntelligentNet_XZYD-USAU1_20260313_121150.log
------------------------------------------------------------------------
[2026/3/13 12:11:55] Start tab: XZYD-USAU2 detected prompt: <xzyd-usau2>
[2026/3/13 12:11:55] XZYD-USAU2 run command: display version
[2026/3/13 12:11:56] XZYD-USAU2 run command: display device
[2026/3/13 12:11:56] XZYD-USAU2 run command: display startup
[2026/3/13 12:11:56] XZYD-USAU2 run command: display cpu-usage
[2026/3/13 12:11:56] XZYD-USAU2 run command: display memory-usage
[2026/3/13 12:11:56] XZYD-USAU2 run command: display memory
[2026/3/13 12:11:56] XZYD-USAU2 run command: display ip interface brief
[2026/3/13 12:11:56] XZYD-USAU2 run command: display interface brief
[2026/3/13 12:11:57] XZYD-USAU2 run command: display ip routing-table
[2026/3/13 12:11:57] XZYD-USAU2 run command: display logbuffer
[2026/3/13 12:11:58] XZYD-USAU2 run command: display current-configuration
[2026/3/13 12:12:00] Tab finished: XZYD-USAU2, log: C:\Users\dukang\Desktop\VBS_泐啣儂蚳蚚\logs\2026-3-13\IntelligentNet\IntelligentNet_XZYD-USAU2_20260313_121155.log
------------------------------------------------------------------------
[2026/3/13 12:12:01] Start tab: XZYD-VPN-RT01 detected prompt: <XZYD-VPN-RT01>
[2026/3/13 12:12:01] XZYD-VPN-RT01 run command: display version
[2026/3/13 12:12:01] XZYD-VPN-RT01 run command: display device
[2026/3/13 12:12:01] XZYD-VPN-RT01 run command: display startup
[2026/3/13 12:12:02] XZYD-VPN-RT01 run command: display cpu-usage
[2026/3/13 12:12:02] XZYD-VPN-RT01 run command: display memory-usage
[2026/3/13 12:12:02] XZYD-VPN-RT01 run command: display memory
[2026/3/13 12:12:03] XZYD-VPN-RT01 run command: display ip interface brief
[2026/3/13 12:12:03] XZYD-VPN-RT01 run command: display interface brief
[2026/3/13 12:12:04] XZYD-VPN-RT01 run command: display ip routing-table
[2026/3/13 12:12:04] XZYD-VPN-RT01 run command: display logbuffer
[2026/3/13 12:12:06] XZYD-VPN-RT01 run command: display current-configuration
[2026/3/13 12:12:07] Tab finished: XZYD-VPN-RT01, log: C:\Users\dukang\Desktop\VBS_泐啣儂蚳蚚\logs\2026-3-13\IntelligentNet\IntelligentNet_XZYD-VPN-RT01_20260313_121201.log
------------------------------------------------------------------------
[2026/3/13 12:12:07] Start tab: XZYD-VPN-RT02 detected prompt: <XZYD-VPN-RT02>
[2026/3/13 12:12:08] XZYD-VPN-RT02 run command: display version
[2026/3/13 12:12:08] XZYD-VPN-RT02 run command: display device
[2026/3/13 12:12:08] XZYD-VPN-RT02 run command: display startup
[2026/3/13 12:12:09] XZYD-VPN-RT02 run command: display cpu-usage
[2026/3/13 12:12:09] XZYD-VPN-RT02 run command: display memory-usage
[2026/3/13 12:12:09] XZYD-VPN-RT02 run command: display memory
[2026/3/13 12:12:10] XZYD-VPN-RT02 run command: display ip interface brief
[2026/3/13 12:12:10] XZYD-VPN-RT02 run command: display interface brief
[2026/3/13 12:12:10] XZYD-VPN-RT02 run command: display ip routing-table
[2026/3/13 12:12:11] XZYD-VPN-RT02 run command: display logbuffer
[2026/3/13 12:12:12] XZYD-VPN-RT02 run command: display current-configuration
[2026/3/13 12:12:14] Tab finished: XZYD-VPN-RT02, log: C:\Users\dukang\Desktop\VBS_泐啣儂蚳蚚\logs\2026-3-13\IntelligentNet\IntelligentNet_XZYD-VPN-RT02_20260313_121207.log
------------------------------------------------------------------------
========================================================================
IntelligentNet daily check finished: 2026/3/13 12:12:14
