<LSCE02BHW>screen-length 0 temporary
Info: The configuration takes effect on the current user terminal interface only.
<LSCE02BHW>display device
NE40E-X8A's Device status:
-------------------------------------------------------------------------------
Slot #   Type    Online     Register     Status     Role   LsId   Primary      
-------------------------------------------------------------------------------
1        LPU     Present    Registered   Normal     LC     0      NA           
2        LPU     Present    Registered   Normal     LC     0      NA           
3        LPU     Present    Registered   Normal     LC     0      NA           
4        LPU     Present    Registered   Normal     LC     0      NA           
5        LPU     Present    Registered   Normal     LC     0      NA           
6        LPU     Present    Registered   Normal     LC     0      NA           
9        MPU     Present    Registered   Normal     MMB    0      Master       
10       MPU     Present    Registered   Normal     MMB    0      Slave        
11       SFU     Present    Registered   Normal     OTHER  0      NA           
12       SFU     Present    Registered   Normal     OTHER  0      NA           
13       SFU     Present    Registered   Normal     OTHER  0      NA           
14       SFU     Present    Registered   Normal     OTHER  0      NA           
15       CLK     Present    Registered   Normal     OTHER  0      Master       
16       CLK     Present    Registered   Normal     OTHER  0      Slave        
17       PWR     Present    Registered   Abnormal   OTHER  0      NA           
18       PWR     Present    Registered   Normal     OTHER  0      NA           
19       FAN     Present    Registered   Normal     OTHER  0      NA           
20       FAN     Present    Registered   Normal     OTHER  0      NA           
22       PMU     Present    Registered   Normal     OTHER  0      Slave        
23       PMU     Present    Registered   Normal     OTHER  0      Master       
-------------------------------------------------------------------------------
<LSCE02BHW>display cpu-usage
Cpu utilization statistics at 2026-03-13 11:42:50 015 ms
System cpu use rate is : 3%
Cpu utilization for five seconds: 3% ;  one minute: 3% ;  five minutes: 4%.
Max CPU Usage : 66%
Max CPU Usage Stat. Time : 2020-05-16 00:05:25 123 ms
---------------------------
ServiceName  UseRate   
---------------------------
SYSTEM            3%
AAA               0%
ARP               0%
CMF               0%
DEVICE            0%
DHCP              0%
ETRUNK            0%
EUM               0%
FEA               0%
FEC               0%
FIBRESM           0%
IFM               0%
IP STACK          0%
LINK              0%
LOCAL PKT         0%
MFLP              0%
MSTP              0%
ND                0%
NETSTREAM         0%
OAM               0%
OSPF              0%
PNP               0%
PTPA              0%
RBS               0%
RGM               0%
RM                0%
SLA               0%
SMLK              0%
SVRO              0%
TNLM              0%
TUNNEL            0%
VLAN              0%
VRRP              0%
---------------------------
CPU Usage Details
----------------------------------------------------------------
CPU     Current  FiveSec   OneMin  FiveMin  Max MaxTime         
----------------------------------------------------------------
cpu0         4%       4%       4%       6%  58% 2020-05-16 00:05:47
cpu1         3%       3%       4%       4%  68% 2020-05-16 00:05:27
cpu2         2%       2%       2%       3%  69% 2020-05-16 00:04:58
cpu3         3%       3%       3%       4%  67% 2020-05-16 00:05:47
----------------------------------------------------------------
<LSCE02BHW>display memory
Memory utilization statistics at 2026-03-13 11:42:50 124 ms
System Total Memory Is: 8120260 Kbytes
Total Memory Used Is: 1267080 Kbytes
Memory Using Percentage Is: 15%
<LSCE02BHW>dis alarm active
1:Critical  2:Major  3:Minor  4:Warning
--------------------------------------------------------------------------------
Sequence   AlarmId    Level Date Time  Description                              
--------------------------------------------------------------------------------
7805       0x813007C  1     2026-01-19 Loss of signal alarm.(hwPhysicalPortIfInd
                             16:51:52+ ex=16847366,BoardID=1,CardID=1,PortID=5,I
                            08:00      nterfaceName=GigabitEthernet1/1/5,AlarmNa
                                       me=ETH_LOS)                              
7804       0x81300A8  1     2026-01-19 The status of the physical interface is D
                             16:51:44+ own. (BaseTrapSeverity=3, BaseTrapProbabl
                            08:00      eCause=74752, BaseTrapEventType=5, Entity
                                       PhysicalIndex=16847366,EntPhysicalName=Gi
                                       gabitEthernet1/1/5, Reason=The status of 
                                       the physical interface is Down)          
7803       0x81300A8  1     2026-01-19 The status of the physical interface is D
                             16:51:25+ own. (BaseTrapSeverity=3, BaseTrapProbabl
                            08:00      eCause=74752, BaseTrapEventType=5, Entity
                                       PhysicalIndex=16847361,EntPhysicalName=Gi
                                       gabitEthernet1/1/0, Reason=The status of 
                                       the physical interface is Down)          
7802       0x8520003  2     2026-01-19 The interface status changes. (ifName=Gig
                             16:51:25+ abitEthernet1/1/0, AdminStatus=UP, OperSt
                            08:00      atus=DOWN, Reason=Interface physical link
                                        is down, mainName=GigabitEthernet1/1/0) 
7801       0x9360000  2     2026-01-19 The member of LAG can neither receive PDU
                             16:48:40+ s nor send PDUs. (TrunkIndex=4, PortIfInd
                            08:00      ex=114, TrunkId=4, TrunkName=Eth-Trunk4, 
                                       PortName=GigabitEthernet1/1/5, Reason=A l
                                       ink fault occurred or negotiation informa
                                       tion synchronization failed.)            
7800       0x9360001  2     2026-01-19 Link bandwidth lost totally. (TrunkIndex=
                             16:48:40+ 4, TrunkIfIndex=149, TrunkId=4, TrunkName
                            08:00      =Eth-Trunk4, Reason=No link is selected.)
7799       0x8520003  2     2026-01-19 The interface status changes. (ifName=Vla
                             16:48:39+ nif101, AdminStatus=UP, OperStatus=DOWN, 
                            08:00      Reason=Interface physical link is down, m
                                       ainName=Vlanif101)                       
7798       0x8520003  2     2026-01-19 The interface status changes. (ifName=Eth
                             16:48:39+ -Trunk4, AdminStatus=UP, OperStatus=DOWN,
                            08:00       Reason=The conditions for the activation
                                        of the interface are not met, mainName=E
                                       th-Trunk4)                               
7797       0x8520003  2     2026-01-19 The interface status changes. (ifName=Gig
                             16:48:39+ abitEthernet1/1/5, AdminStatus=UP, OperSt
                            08:00      atus=DOWN, Reason=Interface physical link
                                        is down, mainName=Eth-Trunk4)           
7795       0x813007C  1     2026-01-19 Loss of signal alarm.(hwPhysicalPortIfInd
                             16:47:36+ ex=16978177,BoardID=3,CardID=0,PortID=0,I
                            08:00      nterfaceName=GigabitEthernet3/0/0,AlarmNa
                                       me=ETH_LOS)                              
7794       0x813007C  1     2026-01-19 Loss of signal alarm.(hwPhysicalPortIfInd
                             16:47:36+ ex=16912899,BoardID=2,CardID=1,PortID=2,I
                            08:00      nterfaceName=GigabitEthernet2/1/2,AlarmNa
                                       me=ETH_LOS)                              
7793       0x813007C  1     2026-01-19 Loss of signal alarm.(hwPhysicalPortIfInd
                             16:47:36+ ex=16912641,BoardID=2,CardID=0,PortID=0,I
                            08:00      nterfaceName=GigabitEthernet2/0/0,AlarmNa
                                       me=ETH_LOS)                              
7792       0x9360000  2     2026-01-19 The member of LAG can neither receive PDU
                             16:47:31+ s nor send PDUs. (TrunkIndex=9, PortIfInd
                            08:00      ex=49, TrunkId=20, TrunkName=Eth-Trunk20,
                                        PortName=GigabitEthernet2/0/0, Reason=A 
                                       link fault occurred or negotiation inform
                                       ation synchronization failed.)           
7791       0x9360000  2     2026-01-19 The member of LAG can neither receive PDU
                             16:47:31+ s nor send PDUs. (TrunkIndex=9, PortIfInd
                            08:00      ex=63, TrunkId=20, TrunkName=Eth-Trunk20,
                                        PortName=GigabitEthernet2/1/2, Reason=A 
                                       link fault occurred or negotiation inform
                                       ation synchronization failed.)           
7790       0x9360000  2     2026-01-19 The member of LAG can neither receive PDU
                             16:47:31+ s nor send PDUs. (TrunkIndex=9, PortIfInd
                            08:00      ex=43, TrunkId=20, TrunkName=Eth-Trunk20,
                                        PortName=GigabitEthernet3/0/0, Reason=A 
                                       link fault occurred or negotiation inform
                                       ation synchronization failed.)           
7789       0x9360001  2     2026-01-19 Link bandwidth lost totally. (TrunkIndex=
                             16:47:31+ 9, TrunkIfIndex=154, TrunkId=20, TrunkNam
                            08:00      e=Eth-Trunk20, Reason=No link is selected
                                       .)                                       
7788       0x81300A8  1     2026-01-19 The status of the physical interface is D
                             16:47:30+ own. (BaseTrapSeverity=3, BaseTrapProbabl
                            08:00      eCause=74752, BaseTrapEventType=5, Entity
                                       PhysicalIndex=16912899,EntPhysicalName=Gi
                                       gabitEthernet2/1/2, Reason=The status of 
                                       the physical interface is Down)          
7787       0x81300A8  1     2026-01-19 The status of the physical interface is D
                             16:47:30+ own. (BaseTrapSeverity=3, BaseTrapProbabl
                            08:00      eCause=74752, BaseTrapEventType=5, Entity
                                       PhysicalIndex=16978177,EntPhysicalName=Gi
                                       gabitEthernet3/0/0, Reason=The status of 
                                       the physical interface is Down)          
7786       0x8520004  2     2026-01-19 The IPv6 status changes. (ifName=Vlanif20
                             16:47:30+ 0, AdminStatus=UP, OperStatus=DOWN, Reaso
                            08:00      n=The interface is Down)                 
7785       0x8520003  2     2026-01-19 The interface status changes. (ifName=Vla
                             16:47:30+ nif200, AdminStatus=UP, OperStatus=DOWN, 
                            08:00      Reason=Interface physical link is down, m
                                       ainName=Vlanif200)                       
7784       0x8520003  2     2026-01-19 The interface status changes. (ifName=Gig
                             16:47:30+ abitEthernet2/1/2, AdminStatus=UP, OperSt
                            08:00      atus=DOWN, Reason=Interface physical link
                                        is down, mainName=Eth-Trunk20)          
7783       0x8520003  2     2026-01-19 The interface status changes. (ifName=Eth
                             16:47:30+ -Trunk20, AdminStatus=UP, OperStatus=DOWN
                            08:00      , Reason=The conditions for the activatio
                                       n of the interface are not met, mainName=
                                       Eth-Trunk20)                             
7782       0x8520003  2     2026-01-19 The interface status changes. (ifName=Gig
                             16:47:30+ abitEthernet2/0/0, AdminStatus=UP, OperSt
                            08:00      atus=DOWN, Reason=Interface physical link
                                        is down, mainName=Eth-Trunk20)          
7781       0x8520003  2     2026-01-19 The interface status changes. (ifName=Gig
                             16:47:30+ abitEthernet3/0/0, AdminStatus=UP, OperSt
                            08:00      atus=DOWN, Reason=Interface physical link
                                        is down, mainName=Eth-Trunk20)          
7780       0x81300A8  1     2026-01-19 The status of the physical interface is D
                             16:47:30+ own. (BaseTrapSeverity=3, BaseTrapProbabl
                            08:00      eCause=74752, BaseTrapEventType=5, Entity
                                       PhysicalIndex=16912641,EntPhysicalName=Gi
                                       gabitEthernet2/0/0, Reason=The status of 
                                       the physical interface is Down)          
7777       0x813007C  1     2026-01-19 Loss of signal alarm.(hwPhysicalPortIfInd
                             16:31:56+ ex=16912642,BoardID=2,CardID=0,PortID=1,I
                            08:00      nterfaceName=GigabitEthernet2/0/1,AlarmNa
                                       me=ETH_LOS)                              
7776       0x8520003  2     2026-01-19 The interface status changes. (ifName=Gig
                             16:31:55+ abitEthernet2/0/1, AdminStatus=UP, OperSt
                            08:00      atus=DOWN, Reason=Interface physical link
                                        is down, mainName=GigabitEthernet2/0/1) 
7775       0x81300A8  1     2026-01-19 The status of the physical interface is D
                             16:31:55+ own. (BaseTrapSeverity=3, BaseTrapProbabl
                            08:00      eCause=74752, BaseTrapEventType=5, Entity
                                       PhysicalIndex=16912642,EntPhysicalName=Gi
                                       gabitEthernet2/0/1, Reason=The status of 
                                       the physical interface is Down)          
7773       0x813007C  1     2026-01-19 Loss of signal alarm.(hwPhysicalPortIfInd
                             16:29:31+ ex=16847116,BoardID=1,CardID=0,PortID=11,
                            08:00      InterfaceName=GigabitEthernet1/0/11,Alarm
                                       Name=ETH_LOS)                            
7772       0x9360000  2     2026-01-19 The member of LAG can neither receive PDU
                             16:29:23+ s nor send PDUs. (TrunkIndex=15, PortIfIn
                            08:00      dex=96, TrunkId=15, TrunkName=Eth-Trunk15
                                       , PortName=GigabitEthernet1/0/11, Reason=
                                       A link fault occurred or negotiation info
                                       rmation synchronization failed.)         
7771       0x9360001  2     2026-01-19 Link bandwidth lost totally. (TrunkIndex=
                             16:29:23+ 15, TrunkIfIndex=222, TrunkId=15, TrunkNa
                            08:00      me=Eth-Trunk15, Reason=No link is selecte
                                       d.)                                      
7769       0x81300A8  1     2026-01-19 The status of the physical interface is D
                             16:29:23+ own. (BaseTrapSeverity=3, BaseTrapProbabl
                            08:00      eCause=74752, BaseTrapEventType=5, Entity
                                       PhysicalIndex=16847116,EntPhysicalName=Gi
                                       gabitEthernet1/0/11, Reason=The status of
                                        the physical interface is Down)         
7768       0x813007C  1     2026-01-19 Loss of signal alarm.(hwPhysicalPortIfInd
                             16:20:56+ ex=16978179,BoardID=3,CardID=0,PortID=2,I
                            08:00      nterfaceName=GigabitEthernet3/0/2,AlarmNa
                                       me=ETH_LOS)                              
7767       0x813007C  1     2026-01-19 Loss of signal alarm.(hwPhysicalPortIfInd
                             16:20:56+ ex=16912901,BoardID=2,CardID=1,PortID=4,I
                            08:00      nterfaceName=GigabitEthernet2/1/4,AlarmNa
                                       me=ETH_LOS)                              
7766       0x813007C  1     2026-01-19 Loss of signal alarm.(hwPhysicalPortIfInd
                             16:20:56+ ex=16912646,BoardID=2,CardID=0,PortID=5,I
                            08:00      nterfaceName=GigabitEthernet2/0/5,AlarmNa
                                       me=ETH_LOS)                              
7765       0x813007C  1     2026-01-19 Loss of signal alarm.(hwPhysicalPortIfInd
                             16:20:56+ ex=16912645,BoardID=2,CardID=0,PortID=4,I
                            08:00      nterfaceName=GigabitEthernet2/0/4,AlarmNa
                                       me=ETH_LOS)                              
7764       0x813007C  1     2026-01-19 Loss of signal alarm.(hwPhysicalPortIfInd
                             16:20:56+ ex=16912644,BoardID=2,CardID=0,PortID=3,I
                            08:00      nterfaceName=GigabitEthernet2/0/3,AlarmNa
                                       me=ETH_LOS)                              
7763       0x813007C  1     2026-01-19 Loss of signal alarm.(hwPhysicalPortIfInd
                             16:20:55+ ex=16978435,BoardID=3,CardID=1,PortID=2,I
                            08:00      nterfaceName=GigabitEthernet3/1/2,AlarmNa
                                       me=ETH_LOS)                              
7762       0x813007C  1     2026-01-19 Loss of signal alarm.(hwPhysicalPortIfInd
                             16:20:53+ ex=17109252,BoardID=5,CardID=0,PortID=3,I
                            08:00      nterfaceName=GigabitEthernet5/0/3,AlarmNa
                                       me=ETH_LOS)                              
7761       0x813007C  1     2026-01-19 Loss of signal alarm.(hwPhysicalPortIfInd
                             16:20:53+ ex=17109251,BoardID=5,CardID=0,PortID=2,I
                            08:00      nterfaceName=GigabitEthernet5/0/2,AlarmNa
                                       me=ETH_LOS)                              
7760       0x813007C  1     2026-01-19 Loss of signal alarm.(hwPhysicalPortIfInd
                             16:20:54+ ex=17043723,BoardID=4,CardID=0,PortID=10,
                            08:00      InterfaceName=GigabitEthernet4/0/10,Alarm
                                       Name=ETH_LOS)                            
7759       0x9360000  2     2026-01-19 The member of LAG can neither receive PDU
                             16:20:51+ s nor send PDUs. (TrunkIndex=11, PortIfIn
                            08:00      dex=45, TrunkId=9, TrunkName=Eth-Trunk9, 
                                       PortName=GigabitEthernet3/0/2, Reason=A l
                                       ink fault occurred or negotiation informa
                                       tion synchronization failed.)            
7758       0x9360001  2     2026-01-19 Link bandwidth lost totally. (TrunkIndex=
                             16:20:51+ 11, TrunkIfIndex=171, TrunkId=9, TrunkNam
                            08:00      e=Eth-Trunk9, Reason=No link is selected.
                                       )                                        
7757       0x9360000  2     2026-01-19 The member of LAG can neither receive PDU
                             16:20:51+ s nor send PDUs. (TrunkIndex=10, PortIfIn
                            08:00      dex=52, TrunkId=8, TrunkName=Eth-Trunk8, 
                                       PortName=GigabitEthernet2/0/3, Reason=A l
                                       ink fault occurred or negotiation informa
                                       tion synchronization failed.)            
7756       0x9360000  2     2026-01-19 The member of LAG can neither receive PDU
                             16:20:51+ s nor send PDUs. (TrunkIndex=10, PortIfIn
                            08:00      dex=53, TrunkId=8, TrunkName=Eth-Trunk8, 
                                       PortName=GigabitEthernet2/0/4, Reason=A l
                                       ink fault occurred or negotiation informa
                                       tion synchronization failed.)            
7755       0x9360000  2     2026-01-19 The member of LAG can neither receive PDU
                             16:20:51+ s nor send PDUs. (TrunkIndex=10, PortIfIn
                            08:00      dex=54, TrunkId=8, TrunkName=Eth-Trunk8, 
                                       PortName=GigabitEthernet2/0/5, Reason=A l
                                       ink fault occurred or negotiation informa
                                       tion synchronization failed.)            
7754       0x9360000  2     2026-01-19 The member of LAG can neither receive PDU
                             16:20:51+ s nor send PDUs. (TrunkIndex=10, PortIfIn
                            08:00      dex=65, TrunkId=8, TrunkName=Eth-Trunk8, 
                                       PortName=GigabitEthernet2/1/4, Reason=A l
                                       ink fault occurred or negotiation informa
                                       tion synchronization failed.)            
7753       0x9360001  2     2026-01-19 Link bandwidth lost totally. (TrunkIndex=
                             16:20:51+ 10, TrunkIfIndex=170, TrunkId=8, TrunkNam
                            08:00      e=Eth-Trunk8, Reason=No link is selected.
                                       )                                        
7752       0x813007C  1     2026-01-19 Loss of signal alarm.(hwPhysicalPortIfInd
                             16:20:50+ ex=17174788,BoardID=6,CardID=0,PortID=3,I
                            08:00      nterfaceName=GigabitEthernet6/0/3,AlarmNa
                                       me=ETH_LOS)                              
7751       0x813007C  1     2026-01-19 Loss of signal alarm.(hwPhysicalPortIfInd
                             16:20:50+ ex=17174787,BoardID=6,CardID=0,PortID=2,I
                            08:00      nterfaceName=GigabitEthernet6/0/2,AlarmNa
                                       me=ETH_LOS)                              
7750       0x8520003  2     2026-01-19 The interface status changes. (ifName=Gig
                             16:20:50+ abitEthernet2/1/4, AdminStatus=UP, OperSt
                            08:00      atus=DOWN, Reason=Interface physical link
                                        is down, mainName=Eth-Trunk8)           
7749       0x8520003  2     2026-01-19 The interface status changes. (ifName=Eth
                             16:20:50+ -Trunk9, AdminStatus=UP, OperStatus=DOWN,
                            08:00       Reason=The conditions for the activation
                                        of the interface are not met, mainName=E
                                       th-Trunk9)                               
7748       0x81300A8  1     2026-01-19 The status of the physical interface is D
                             16:20:50+ own. (BaseTrapSeverity=3, BaseTrapProbabl
                            08:00      eCause=74752, BaseTrapEventType=5, Entity
                                       PhysicalIndex=16912901,EntPhysicalName=Gi
                                       gabitEthernet2/1/4, Reason=The status of 
                                       the physical interface is Down)          
7747       0x81300A8  1     2026-01-19 The status of the physical interface is D
                             16:20:50+ own. (BaseTrapSeverity=3, BaseTrapProbabl
                            08:00      eCause=74752, BaseTrapEventType=5, Entity
                                       PhysicalIndex=16912646,EntPhysicalName=Gi
                                       gabitEthernet2/0/5, Reason=The status of 
                                       the physical interface is Down)          
7746       0x81300A8  1     2026-01-19 The status of the physical interface is D
                             16:20:50+ own. (BaseTrapSeverity=3, BaseTrapProbabl
                            08:00      eCause=74752, BaseTrapEventType=5, Entity
                                       PhysicalIndex=16912645,EntPhysicalName=Gi
                                       gabitEthernet2/0/4, Reason=The status of 
                                       the physical interface is Down)          
7745       0x81300A8  1     2026-01-19 The status of the physical interface is D
                             16:20:50+ own. (BaseTrapSeverity=3, BaseTrapProbabl
                            08:00      eCause=74752, BaseTrapEventType=5, Entity
                                       PhysicalIndex=16912644,EntPhysicalName=Gi
                                       gabitEthernet2/0/3, Reason=The status of 
                                       the physical interface is Down)          
7744       0x81300A8  1     2026-01-19 The status of the physical interface is D
                             16:20:50+ own. (BaseTrapSeverity=3, BaseTrapProbabl
                            08:00      eCause=74752, BaseTrapEventType=5, Entity
                                       PhysicalIndex=16978179,EntPhysicalName=Gi
                                       gabitEthernet3/0/2, Reason=The status of 
                                       the physical interface is Down)          
7740       0x9360000  2     2026-01-19 The member of LAG can neither receive PDU
                             16:20:49+ s nor send PDUs. (TrunkIndex=10, PortIfIn
                            08:00      dex=57, TrunkId=8, TrunkName=Eth-Trunk8, 
                                       PortName=GigabitEthernet3/1/2, Reason=A l
                                       ink fault occurred or negotiation informa
                                       tion synchronization failed.)            
7739       0x9360000  2     2026-01-19 The member of LAG can neither receive PDU
                             16:20:49+ s nor send PDUs. (TrunkIndex=10, PortIfIn
                            08:00      dex=214, TrunkId=8, TrunkName=Eth-Trunk8,
                                        PortName=GigabitEthernet4/0/10, Reason=A
                                        link fault occurred or negotiation infor
                                       mation synchronization failed.)          
7738       0x9360000  2     2026-01-19 The member of LAG can neither receive PDU
                             16:20:49+ s nor send PDUs. (TrunkIndex=10, PortIfIn
                            08:00      dex=257, TrunkId=8, TrunkName=Eth-Trunk8,
                                        PortName=GigabitEthernet5/0/2, Reason=A 
                                       link fault occurred or negotiation inform
                                       ation synchronization failed.)           
7737       0x9360000  2     2026-01-19 The member of LAG can neither receive PDU
                             16:20:49+ s nor send PDUs. (TrunkIndex=10, PortIfIn
                            08:00      dex=258, TrunkId=8, TrunkName=Eth-Trunk8,
                                        PortName=GigabitEthernet5/0/3, Reason=A 
                                       link fault occurred or negotiation inform
                                       ation synchronization failed.)           
7736       0x9360000  2     2026-01-19 The member of LAG can neither receive PDU
                             16:20:49+ s nor send PDUs. (TrunkIndex=10, PortIfIn
                            08:00      dex=313, TrunkId=8, TrunkName=Eth-Trunk8,
                                        PortName=GigabitEthernet6/0/2, Reason=A 
                                       link fault occurred or negotiation inform
                                       ation synchronization failed.)           
7735       0x9360000  2     2026-01-19 The member of LAG can neither receive PDU
                             16:20:49+ s nor send PDUs. (TrunkIndex=10, PortIfIn
                            08:00      dex=314, TrunkId=8, TrunkName=Eth-Trunk8,
                                        PortName=GigabitEthernet6/0/3, Reason=A 
                                       link fault occurred or negotiation inform
                                       ation synchronization failed.)           
7734       0x81300A8  1     2026-01-19 The status of the physical interface is D
                             16:20:48+ own. (BaseTrapSeverity=3, BaseTrapProbabl
                            08:00      eCause=74752, BaseTrapEventType=5, Entity
                                       PhysicalIndex=17043723,EntPhysicalName=Gi
                                       gabitEthernet4/0/10, Reason=The status of
                                        the physical interface is Down)         
7733       0x81300A8  1     2026-01-19 The status of the physical interface is D
                             16:20:48+ own. (BaseTrapSeverity=3, BaseTrapProbabl
                            08:00      eCause=74752, BaseTrapEventType=5, Entity
                                       PhysicalIndex=17174788,EntPhysicalName=Gi
                                       gabitEthernet6/0/3, Reason=The status of 
                                       the physical interface is Down)          
7732       0x81300A8  1     2026-01-19 The status of the physical interface is D
                             16:20:48+ own. (BaseTrapSeverity=3, BaseTrapProbabl
                            08:00      eCause=74752, BaseTrapEventType=5, Entity
                                       PhysicalIndex=17174787,EntPhysicalName=Gi
                                       gabitEthernet6/0/2, Reason=The status of 
                                       the physical interface is Down)          
7731       0x81300A8  1     2026-01-19 The status of the physical interface is D
                             16:20:48+ own. (BaseTrapSeverity=3, BaseTrapProbabl
                            08:00      eCause=74752, BaseTrapEventType=5, Entity
                                       PhysicalIndex=17109252,EntPhysicalName=Gi
                                       gabitEthernet5/0/3, Reason=The status of 
                                       the physical interface is Down)          
7730       0x81300A8  1     2026-01-19 The status of the physical interface is D
                             16:20:48+ own. (BaseTrapSeverity=3, BaseTrapProbabl
                            08:00      eCause=74752, BaseTrapEventType=5, Entity
                                       PhysicalIndex=17109251,EntPhysicalName=Gi
                                       gabitEthernet5/0/2, Reason=The status of 
                                       the physical interface is Down)          
7729       0x81300A8  1     2026-01-19 The status of the physical interface is D
                             16:20:48+ own. (BaseTrapSeverity=3, BaseTrapProbabl
                            08:00      eCause=74752, BaseTrapEventType=5, Entity
                                       PhysicalIndex=16978435,EntPhysicalName=Gi
                                       gabitEthernet3/1/2, Reason=The status of 
                                       the physical interface is Down)          
7688       0x8130098  1     2024-12-17 Physical entity is removed.(BaseTrapSever
                             03:56:13+ ity=4, BaseTrapProbableCause=65541, BaseT
                            08:00      rapEventType=5, EntityPhysicalIndex=17175
                                       052, EntPhysicalContainedIn=17175040, Ent
                                       PhysicalName=GigabitEthernet6/1/11, Reaso
                                       n=The optical module is removed.)        
7686       0x81300A8  1     2024-12-17 The status of the physical interface is D
                             03:53:24+ own. (BaseTrapSeverity=3, BaseTrapProbabl
                            08:00      eCause=74752, BaseTrapEventType=5, Entity
                                       PhysicalIndex=17175052,EntPhysicalName=Gi
                                       gabitEthernet6/1/11, Reason=The status of
                                        the physical interface is Down)         
7685       0x8520003  2     2024-12-17 The interface status changes. (ifName=Gig
                             03:53:24+ abitEthernet6/1/11, AdminStatus=UP, OperS
                            08:00      tatus=DOWN, Reason=Interface physical lin
                                       k is down, mainName=GigabitEthernet6/1/11
                                       )                                        
7683       0x8130098  1     2024-12-17 Physical entity is removed.(BaseTrapSever
                             01:27:25+ ity=4, BaseTrapProbableCause=65541, BaseT
                            08:00      rapEventType=5, EntityPhysicalIndex=16912
                                       900, EntPhysicalContainedIn=16912896, Ent
                                       PhysicalName=GigabitEthernet2/1/3, Reason
                                       =The optical module is removed.)         
7681       0x81300A8  1     2024-12-17 The status of the physical interface is D
                             01:27:23+ own. (BaseTrapSeverity=3, BaseTrapProbabl
                            08:00      eCause=74752, BaseTrapEventType=5, Entity
                                       PhysicalIndex=16912900,EntPhysicalName=Gi
                                       gabitEthernet2/1/3, Reason=The status of 
                                       the physical interface is Down)          
7680       0x8520003  2     2024-12-17 The interface status changes. (ifName=Gig
                             01:27:23+ abitEthernet2/1/3, AdminStatus=UP, OperSt
                            08:00      atus=DOWN, Reason=Interface physical link
                                        is down, mainName=GigabitEthernet2/1/3) 
7601       0x8130098  1     2024-11-21 Physical entity is removed.(BaseTrapSever
                             02:22:04+ ity=4, BaseTrapProbableCause=65541, BaseT
                            08:00      rapEventType=5, EntityPhysicalIndex=16847
                                       377, EntPhysicalContainedIn=16847360, Ent
                                       PhysicalName=GigabitEthernet1/1/16, Reaso
                                       n=The optical module is removed.)        
7599       0x8130098  1     2024-11-21 Physical entity is removed.(BaseTrapSever
                             02:03:54+ ity=4, BaseTrapProbableCause=65541, BaseT
                            08:00      rapEventType=5, EntityPhysicalIndex=16847
                                       375, EntPhysicalContainedIn=16847360, Ent
                                       PhysicalName=GigabitEthernet1/1/14, Reaso
                                       n=The optical module is removed.)        
7596       0x813007C  1     2024-11-21 Loss of signal alarm.(hwPhysicalPortIfInd
                             01:50:58+ ex=17109258,BoardID=5,CardID=0,PortID=9,I
                            08:00      nterfaceName=GigabitEthernet5/0/9,AlarmNa
                                       me=ETH_LOS)                              
7594       0x8130098  1     2024-11-21 Physical entity is removed.(BaseTrapSever
                             01:50:39+ ity=4, BaseTrapProbableCause=65541, BaseT
                            08:00      rapEventType=5, EntityPhysicalIndex=16847
                                       376, EntPhysicalContainedIn=16847360, Ent
                                       PhysicalName=GigabitEthernet1/1/15, Reaso
                                       n=The optical module is removed.)        
7560       0x8130098  1     2024-11-20 Physical entity is removed.(BaseTrapSever
                             20:21:48+ ity=4, BaseTrapProbableCause=65541, BaseT
                            08:00      rapEventType=5, EntityPhysicalIndex=17109
                                       260, EntPhysicalContainedIn=17109248, Ent
                                       PhysicalName=GigabitEthernet5/0/11, Reaso
                                       n=The optical module is removed.)        
3964       0x8130098  1     2022-06-30 Physical entity is removed.(BaseTrapSever
                             10:25:35+ ity=4, BaseTrapProbableCause=65541, BaseT
                            08:00      rapEventType=5, EntityPhysicalIndex=16847
                                       383, EntPhysicalContainedIn=16847360, Ent
                                       PhysicalName=GigabitEthernet1/1/22, Reaso
                                       n=The optical module is removed.)        
3963       0x8130098  1     2022-06-30 Physical entity is removed.(BaseTrapSever
                             10:25:26+ ity=4, BaseTrapProbableCause=65541, BaseT
                            08:00      rapEventType=5, EntityPhysicalIndex=16847
                                       381, EntPhysicalContainedIn=16847360, Ent
                                       PhysicalName=GigabitEthernet1/1/20, Reaso
                                       n=The optical module is removed.)        
3961       0x8130098  1     2022-06-30 Physical entity is removed.(BaseTrapSever
                             10:25:03+ ity=4, BaseTrapProbableCause=65541, BaseT
                            08:00      rapEventType=5, EntityPhysicalIndex=16847
                                       379, EntPhysicalContainedIn=16847360, Ent
                                       PhysicalName=GigabitEthernet1/1/18, Reaso
                                       n=The optical module is removed.)        
3948       0x8130098  1     2022-06-02 Physical entity is removed.(BaseTrapSever
                             15:49:58+ ity=4, BaseTrapProbableCause=65541, BaseT
                            08:00      rapEventType=5, EntityPhysicalIndex=17109
                                       256, EntPhysicalContainedIn=17109248, Ent
                                       PhysicalName=GigabitEthernet5/0/7, Reason
                                       =The optical module is removed.)         
3937       0x8130098  1     2022-06-01 Physical entity is removed.(BaseTrapSever
                             17:45:12+ ity=4, BaseTrapProbableCause=65541, BaseT
                            08:00      rapEventType=5, EntityPhysicalIndex=16847
                                       124, EntPhysicalContainedIn=16847104, Ent
                                       PhysicalName=GigabitEthernet1/0/19, Reaso
                                       n=The optical module is removed.)        
3920       0x8130098  1     2022-05-27 Physical entity is removed.(BaseTrapSever
                             13:50:35+ ity=4, BaseTrapProbableCause=65541, BaseT
                            08:00      rapEventType=5, EntityPhysicalIndex=16847
                                       128, EntPhysicalContainedIn=16847104, Ent
                                       PhysicalName=GigabitEthernet1/0/23, Reaso
                                       n=The optical module is removed.)        
2159       0x8130098  1     2021-09-15 Physical entity is removed.(BaseTrapSever
                             03:47:26+ ity=4, BaseTrapProbableCause=65541, BaseT
                            08:00      rapEventType=5, EntityPhysicalIndex=17109
                                       259, EntPhysicalContainedIn=17109248, Ent
                                       PhysicalName=GigabitEthernet5/0/10, Reaso
                                       n=The optical module is removed.)        
2157       0x8130098  1     2021-09-15 Physical entity is removed.(BaseTrapSever
                             03:47:21+ ity=4, BaseTrapProbableCause=65541, BaseT
                            08:00      rapEventType=5, EntityPhysicalIndex=17109
                                       257, EntPhysicalContainedIn=17109248, Ent
                                       PhysicalName=GigabitEthernet5/0/8, Reason
                                       =The optical module is removed.)         
2153       0x81300A8  1     2021-09-15 The status of the physical interface is D
                             03:37:23+ own. (BaseTrapSeverity=3, BaseTrapProbabl
                            08:00      eCause=74752, BaseTrapEventType=5, Entity
                                       PhysicalIndex=17109259,EntPhysicalName=Gi
                                       gabitEthernet5/0/10, Reason=The status of
                                        the physical interface is Down)         
2152       0x81300A8  1     2021-09-15 The status of the physical interface is D
                             03:37:23+ own. (BaseTrapSeverity=3, BaseTrapProbabl
                            08:00      eCause=74752, BaseTrapEventType=5, Entity
                                       PhysicalIndex=17109258,EntPhysicalName=Gi
                                       gabitEthernet5/0/9, Reason=The status of 
                                       the physical interface is Down)          
2151       0x81300A8  1     2021-09-15 The status of the physical interface is D
                             03:37:23+ own. (BaseTrapSeverity=3, BaseTrapProbabl
                            08:00      eCause=74752, BaseTrapEventType=5, Entity
                                       PhysicalIndex=17109257,EntPhysicalName=Gi
                                       gabitEthernet5/0/8, Reason=The status of 
                                       the physical interface is Down)          
2150       0x8520003  2     2021-09-15 The interface status changes. (ifName=Gig
                             03:37:23+ abitEthernet5/0/10, AdminStatus=UP, OperS
                            08:00      tatus=DOWN, Reason=Interface physical lin
                                       k is down, mainName=Eth-Trunk17)         
2149       0x8520003  2     2021-09-15 The interface status changes. (ifName=Eth
                             03:37:23+ -Trunk17, AdminStatus=UP, OperStatus=DOWN
                            08:00      , Reason=The conditions for the activatio
                                       n of the interface are not met, mainName=
                                       Eth-Trunk17)                             
2148       0x8520003  2     2021-09-15 The interface status changes. (ifName=Gig
                             03:37:23+ abitEthernet5/0/9, AdminStatus=UP, OperSt
                            08:00      atus=DOWN, Reason=Interface physical link
                                        is down, mainName=Eth-Trunk17)          
2147       0x8520003  2     2021-09-15 The interface status changes. (ifName=Gig
                             03:37:23+ abitEthernet5/0/8, AdminStatus=UP, OperSt
                            08:00      atus=DOWN, Reason=Interface physical link
                                        is down, mainName=Eth-Trunk17)          
2058       0x8130098  1     2021-09-01 Physical entity is removed.(BaseTrapSever
                             01:51:43+ ity=4, BaseTrapProbableCause=65541, BaseT
                            08:00      rapEventType=5, EntityPhysicalIndex=17174
                                       795, EntPhysicalContainedIn=17174784, Ent
                                       PhysicalName=GigabitEthernet6/0/10, Reaso
                                       n=The optical module is removed.)        
2057       0x8130098  1     2021-09-01 Physical entity is removed.(BaseTrapSever
                             01:51:36+ ity=4, BaseTrapProbableCause=65541, BaseT
                            08:00      rapEventType=5, EntityPhysicalIndex=17174
                                       794, EntPhysicalContainedIn=17174784, Ent
                                       PhysicalName=GigabitEthernet6/0/9, Reason
                                       =The optical module is removed.)         
2054       0x8130098  1     2021-09-01 Physical entity is removed.(BaseTrapSever
                             01:51:27+ ity=4, BaseTrapProbableCause=65541, BaseT
                            08:00      rapEventType=5, EntityPhysicalIndex=17174
                                       793, EntPhysicalContainedIn=17174784, Ent
                                       PhysicalName=GigabitEthernet6/0/8, Reason
                                       =The optical module is removed.)         
2050       0x81300A8  1     2021-08-31 The status of the physical interface is D
                             05:24:40+ own. (BaseTrapSeverity=3, BaseTrapProbabl
                            08:00      eCause=74752, BaseTrapEventType=5, Entity
                                       PhysicalIndex=17174795,EntPhysicalName=Gi
                                       gabitEthernet6/0/10, Reason=The status of
                                        the physical interface is Down)         
2049       0x81300A8  1     2021-08-31 The status of the physical interface is D
                             05:24:40+ own. (BaseTrapSeverity=3, BaseTrapProbabl
                            08:00      eCause=74752, BaseTrapEventType=5, Entity
                                       PhysicalIndex=17174794,EntPhysicalName=Gi
                                       gabitEthernet6/0/9, Reason=The status of 
                                       the physical interface is Down)          
2048       0x81300A8  1     2021-08-31 The status of the physical interface is D
                             05:24:40+ own. (BaseTrapSeverity=3, BaseTrapProbabl
                            08:00      eCause=74752, BaseTrapEventType=5, Entity
                                       PhysicalIndex=17174793,EntPhysicalName=Gi
                                       gabitEthernet6/0/8, Reason=The status of 
                                       the physical interface is Down)          
2047       0x8520003  2     2021-08-31 The interface status changes. (ifName=Gig
                             05:24:40+ abitEthernet6/0/10, AdminStatus=UP, OperS
                            08:00      tatus=DOWN, Reason=Interface physical lin
                                       k is down, mainName=Eth-Trunk16)         
2046       0x8520003  2     2021-08-31 The interface status changes. (ifName=Eth
                             05:24:40+ -Trunk16, AdminStatus=UP, OperStatus=DOWN
                            08:00      , Reason=The conditions for the activatio
                                       n of the interface are not met, mainName=
                                       Eth-Trunk16)                             
2045       0x8520003  2     2021-08-31 The interface status changes. (ifName=Gig
                             05:24:40+ abitEthernet6/0/9, AdminStatus=UP, OperSt
                            08:00      atus=DOWN, Reason=Interface physical link
                                        is down, mainName=Eth-Trunk16)          
2044       0x8520003  2     2021-08-31 The interface status changes. (ifName=Gig
                             05:24:40+ abitEthernet6/0/8, AdminStatus=UP, OperSt
                            08:00      atus=DOWN, Reason=Interface physical link
                                        is down, mainName=Eth-Trunk16)          
1059       0x8130098  1     2021-06-03 Physical entity is removed.(BaseTrapSever
                             17:16:01+ ity=4, BaseTrapProbableCause=65541, BaseT
                            08:00      rapEventType=5, EntityPhysicalIndex=16847
                                       122, EntPhysicalContainedIn=16847104, Ent
                                       PhysicalName=GigabitEthernet1/0/17, Reaso
                                       n=The optical module is removed.)        
907        0x81300A8  1     2021-04-27 The status of the physical interface is D
                             18:17:56+ own. (BaseTrapSeverity=3, BaseTrapProbabl
                            08:00      eCause=74752, BaseTrapEventType=5, Entity
                                       PhysicalIndex=17109256,EntPhysicalName=Gi
                                       gabitEthernet5/0/7, Reason=The status of 
                                       the physical interface is Down)          
906        0x8520003  2     2021-04-27 The interface status changes. (ifName=Gig
                             18:17:56+ abitEthernet5/0/7, AdminStatus=UP, OperSt
                            08:00      atus=DOWN, Reason=Interface physical link
                                        is down, mainName=GigabitEthernet5/0/7) 
884        0x81300A8  1     2021-04-27 The status of the physical interface is D
                             18:14:14+ own. (BaseTrapSeverity=3, BaseTrapProbabl
                            08:00      eCause=74752, BaseTrapEventType=5, Entity
                                       PhysicalIndex=17109260,EntPhysicalName=Gi
                                       gabitEthernet5/0/11, Reason=The status of
                                        the physical interface is Down)         
882        0x8520003  2     2021-04-27 The interface status changes. (ifName=Gig
                             18:14:09+ abitEthernet5/0/11, AdminStatus=UP, OperS
                            08:00      tatus=DOWN, Reason=Interface physical lin
                                       k is down, mainName=GigabitEthernet5/0/11
                                       )                                        
346        0x813007C  1     2020-08-31 Loss of signal alarm.(hwPhysicalPortIfInd
                             10:23:00+ ex=16847117,BoardID=1,CardID=0,PortID=12,
                            08:00      InterfaceName=GigabitEthernet1/0/12,Alarm
                                       Name=ETH_LOS)                            
345        0x81300A8  1     2020-08-31 The status of the physical interface is D
                             10:22:55+ own. (BaseTrapSeverity=3, BaseTrapProbabl
                            08:00      eCause=74752, BaseTrapEventType=5, Entity
                                       PhysicalIndex=16847117,EntPhysicalName=Gi
                                       gabitEthernet1/0/12, Reason=The status of
                                        the physical interface is Down)         
344        0x9360000  2     2020-08-31 The member of LAG can neither receive PDU
                             10:22:55+ s nor send PDUs. (TrunkIndex=4, PortIfInd
                            08:00      ex=97, TrunkId=4, TrunkName=Eth-Trunk4, P
                                       ortName=GigabitEthernet1/0/12, Reason=A l
                                       ink fault occurred or negotiation informa
                                       tion synchronization failed.)            
343        0x8520003  2     2020-08-31 The interface status changes. (ifName=Gig
                             10:22:55+ abitEthernet1/0/12, AdminStatus=UP, OperS
                            08:00      tatus=DOWN, Reason=Interface physical lin
                                       k is down, mainName=Eth-Trunk4)          
342        0x813007C  1     2020-08-31 Loss of signal alarm.(hwPhysicalPortIfInd
                             10:22:50+ ex=16847106,BoardID=1,CardID=0,PortID=1,I
                            08:00      nterfaceName=GigabitEthernet1/0/1,AlarmNa
                                       me=ETH_LOS)                              
341        0x9360000  2     2020-08-31 The member of LAG can neither receive PDU
                             10:22:44+ s nor send PDUs. (TrunkIndex=4, PortIfInd
                            08:00      ex=86, TrunkId=4, TrunkName=Eth-Trunk4, P
                                       ortName=GigabitEthernet1/0/1, Reason=A li
                                       nk fault occurred or negotiation informat
                                       ion synchronization failed.)             
340        0x81300A8  1     2020-08-31 The status of the physical interface is D
                             10:22:44+ own. (BaseTrapSeverity=3, BaseTrapProbabl
                            08:00      eCause=74752, BaseTrapEventType=5, Entity
                                       PhysicalIndex=16847106,EntPhysicalName=Gi
                                       gabitEthernet1/0/1, Reason=The status of 
                                       the physical interface is Down)          
339        0x8520003  2     2020-08-31 The interface status changes. (ifName=Gig
                             10:22:44+ abitEthernet1/0/1, AdminStatus=UP, OperSt
                            08:00      atus=DOWN, Reason=Interface physical link
                                        is down, mainName=Eth-Trunk4)           
338        0x813007C  1     2020-08-31 Loss of signal alarm.(hwPhysicalPortIfInd
                             10:22:40+ ex=16847112,BoardID=1,CardID=0,PortID=7,I
                            08:00      nterfaceName=GigabitEthernet1/0/7,AlarmNa
                                       me=ETH_LOS)                              
337        0x813007C  1     2020-08-31 Loss of signal alarm.(hwPhysicalPortIfInd
                             10:22:40+ ex=16847108,BoardID=1,CardID=0,PortID=3,I
                            08:00      nterfaceName=GigabitEthernet1/0/3,AlarmNa
                                       me=ETH_LOS)                              
336        0x9360000  2     2020-08-31 The member of LAG can neither receive PDU
                             10:22:39+ s nor send PDUs. (TrunkIndex=4, PortIfInd
                            08:00      ex=92, TrunkId=4, TrunkName=Eth-Trunk4, P
                                       ortName=GigabitEthernet1/0/7, Reason=A li
                                       nk fault occurred or negotiation informat
                                       ion synchronization failed.)             
335        0x81300A8  1     2020-08-31 The status of the physical interface is D
                             10:22:39+ own. (BaseTrapSeverity=3, BaseTrapProbabl
                            08:00      eCause=74752, BaseTrapEventType=5, Entity
                                       PhysicalIndex=16847112,EntPhysicalName=Gi
                                       gabitEthernet1/0/7, Reason=The status of 
                                       the physical interface is Down)          
334        0x8520003  2     2020-08-31 The interface status changes. (ifName=Gig
                             10:22:39+ abitEthernet1/0/7, AdminStatus=UP, OperSt
                            08:00      atus=DOWN, Reason=Interface physical link
                                        is down, mainName=Eth-Trunk4)           
333        0x9360000  2     2020-08-31 The member of LAG can neither receive PDU
                             10:22:32+ s nor send PDUs. (TrunkIndex=4, PortIfInd
                            08:00      ex=88, TrunkId=4, TrunkName=Eth-Trunk4, P
                                       ortName=GigabitEthernet1/0/3, Reason=A li
                                       nk fault occurred or negotiation informat
                                       ion synchronization failed.)             
332        0x81300A8  1     2020-08-31 The status of the physical interface is D
                             10:22:32+ own. (BaseTrapSeverity=3, BaseTrapProbabl
                            08:00      eCause=74752, BaseTrapEventType=5, Entity
                                       PhysicalIndex=16847108,EntPhysicalName=Gi
                                       gabitEthernet1/0/3, Reason=The status of 
                                       the physical interface is Down)          
331        0x8520003  2     2020-08-31 The interface status changes. (ifName=Gig
                             10:22:32+ abitEthernet1/0/3, AdminStatus=UP, OperSt
                            08:00      atus=DOWN, Reason=Interface physical link
                                        is down, mainName=Eth-Trunk4)           
315        0x8130098  1     2020-08-29 Physical entity is removed.(BaseTrapSever
                             16:22:16+ ity=4, BaseTrapProbableCause=65541, BaseT
                            08:00      rapEventType=5, EntityPhysicalIndex=16847
                                       123, EntPhysicalContainedIn=16847104, Ent
                                       PhysicalName=GigabitEthernet1/0/18, Reaso
                                       n=The optical module is removed.)        
260        0x81300A8  1     2020-07-22 The status of the physical interface is D
                             01:35:59+ own. (BaseTrapSeverity=3, BaseTrapProbabl
                            08:00      eCause=74752, BaseTrapEventType=5, Entity
                                       PhysicalIndex=16847362,EntPhysicalName=Gi
                                       gabitEthernet1/1/1, Reason=The status of 
                                       the physical interface is Down)          
259        0x8520003  2     2020-07-22 The interface status changes. (ifName=Gig
                             01:35:59+ abitEthernet1/1/1, AdminStatus=UP, OperSt
                            08:00      atus=DOWN, Reason=Interface physical link
                                        is down, mainName=GigabitEthernet1/1/1) 
172        0x8130055  1     2020-05-16 Physical entity failed. (BaseTrapSeverity
                             02:21:03+ =4, BaseTrapProbableCause=67638, BaseTrap
                            08:00      EventType=6, EntityPhysicalIndex=17891329
                                       , EntPhysicalContainedIn=17891329, EntPhy
                                       sicalName=PM4 POWER 17, RelativeResource=
                                       PM4 POWER 17, ReasonDescription=Power 17,
                                        PM4 POWER 17 is failed, The power module
                                        was installed but not powered on)       
131        0x81300A8  1     2020-05-16 The status of the physical interface is D
                             00:07:51+ own. (BaseTrapSeverity=3, BaseTrapProbabl
                            08:00      eCause=74752, BaseTrapEventType=5, Entity
                                       PhysicalIndex=16847124,EntPhysicalName=Gi
                                       gabitEthernet1/0/19, Reason=The status of
                                        the physical interface is Down)         
129        0x81300A8  1     2020-05-16 The status of the physical interface is D
                             00:07:51+ own. (BaseTrapSeverity=3, BaseTrapProbabl
                            08:00      eCause=74752, BaseTrapEventType=5, Entity
                                       PhysicalIndex=16847111,EntPhysicalName=Gi
                                       gabitEthernet1/0/6, Reason=The status of 
                                       the physical interface is Down)          
128        0x81300A8  1     2020-05-16 The status of the physical interface is D
                             00:07:51+ own. (BaseTrapSeverity=3, BaseTrapProbabl
                            08:00      eCause=74752, BaseTrapEventType=5, Entity
                                       PhysicalIndex=16847105,EntPhysicalName=Gi
                                       gabitEthernet1/0/0, Reason=The status of 
                                       the physical interface is Down)          
127        0x81300A8  1     2020-05-16 The status of the physical interface is D
                             00:07:51+ own. (BaseTrapSeverity=3, BaseTrapProbabl
                            08:00      eCause=74752, BaseTrapEventType=5, Entity
                                       PhysicalIndex=16847383,EntPhysicalName=Gi
                                       gabitEthernet1/1/22, Reason=The status of
                                        the physical interface is Down)         
126        0x81300A8  1     2020-05-16 The status of the physical interface is D
                             00:07:51+ own. (BaseTrapSeverity=3, BaseTrapProbabl
                            08:00      eCause=74752, BaseTrapEventType=5, Entity
                                       PhysicalIndex=16847382,EntPhysicalName=Gi
                                       gabitEthernet1/1/21, Reason=The status of
                                        the physical interface is Down)         
125        0x81300A8  1     2020-05-16 The status of the physical interface is D
                             00:07:51+ own. (BaseTrapSeverity=3, BaseTrapProbabl
                            08:00      eCause=74752, BaseTrapEventType=5, Entity
                                       PhysicalIndex=16847381,EntPhysicalName=Gi
                                       gabitEthernet1/1/20, Reason=The status of
                                        the physical interface is Down)         
124        0x81300A8  1     2020-05-16 The status of the physical interface is D
                             00:07:51+ own. (BaseTrapSeverity=3, BaseTrapProbabl
                            08:00      eCause=74752, BaseTrapEventType=5, Entity
                                       PhysicalIndex=16847376,EntPhysicalName=Gi
                                       gabitEthernet1/1/15, Reason=The status of
                                        the physical interface is Down)         
123        0x81300A8  1     2020-05-16 The status of the physical interface is D
                             00:07:51+ own. (BaseTrapSeverity=3, BaseTrapProbabl
                            08:00      eCause=74752, BaseTrapEventType=5, Entity
                                       PhysicalIndex=16847374,EntPhysicalName=Gi
                                       gabitEthernet1/1/13, Reason=The status of
                                        the physical interface is Down)         
121        0x81300A8  1     2020-05-16 The status of the physical interface is D
                             00:07:51+ own. (BaseTrapSeverity=3, BaseTrapProbabl
                            08:00      eCause=74752, BaseTrapEventType=5, Entity
                                       PhysicalIndex=16847363,EntPhysicalName=Gi
                                       gabitEthernet1/1/2, Reason=The status of 
                                       the physical interface is Down)          
42         0x81300A8  1     2020-05-16 The status of the physical interface is D
                             00:07:44+ own. (BaseTrapSeverity=3, BaseTrapProbabl
                            08:00      eCause=74752, BaseTrapEventType=5, Entity
                                       PhysicalIndex=16978178,EntPhysicalName=Gi
                                       gabitEthernet3/0/1, Reason=The status of 
                                       the physical interface is Down)          
22         0x9360001  2     2020-05-16 Link bandwidth lost totally. (TrunkIndex=
                             00:07:16+ 6, TrunkIfIndex=151, TrunkId=6, TrunkName
                            08:00      =Eth-Trunk6, Reason=No link is selected.)
12         0x8130055  1     2020-05-16 Physical entity failed. (BaseTrapSeverity
                             00:06:05+ =4, BaseTrapProbableCause=67638, BaseTrap
                            08:00      EventType=6, EntityPhysicalIndex=17891329
                                       , EntPhysicalContainedIn=17891329, EntPhy
                                       sicalName=PM3 POWER 17, RelativeResource=
                                       PM3 POWER 17, ReasonDescription=Power 17,
                                        PM3 POWER 17 is failed, The power module
                                        was installed but not powered on)       
11         0x813005D  2     2020-05-16 Physical entity is detected failed.(BaseT
                             00:06:02+ rapSeverity=5, BaseTrapProbableCause=6814
                            08:00      2, BaseTrapEventType=6, EntityPhysicalInd
                                       ex=4294967040, EntPhysicalContainedIn=429
                                       4967040, EntPhysicalName=Power_BackPlane 
                                       , RelativeResource=Power, ReasonDescripti
                                       on=Power_BackPlane  is failed, the number
                                        of pm on two plane is different)        
1          0x8130055  1     2020-05-16 Physical entity failed. (BaseTrapSeverity
                             00:04:55+ =4, BaseTrapProbableCause=67995, BaseTrap
                            08:00      EventType=5, EntityPhysicalIndex=16777216
                                       , EntPhysicalContainedIn=4294967295, EntP
                                       hysicalName=chassis 1, RelativeResource=N
                                       A, ReasonDescription=The air filter insid
                                       e the chassis  was not cleaned.)         
--------------------------------------------------------------------------------
<LSCE02BHW>dis interface brief
PHY: Physical
*down: administratively down
^down: standby
(l): loopback
(s): spoofing
(E): E-Trunk down
(b): BFD down
(B): Bit-error-detection down
(e): ETHOAM down
(d): Dampening Suppressed
(p): port alarm down
(lh): link heartbeat down
InUti/OutUti: input utility/output utility
Interface                   PHY   Protocol  InUti OutUti   inErrors  outErrors
Eth-Trunk0                  up    down      0.03%  0.03%        405          0
  GigabitEthernet2/0/2(10G) up    up        0.05%  0.04%          0          0
  GigabitEthernet2/1/0(10G) up    up        0.02%  0.04%          0          0
  GigabitEthernet2/1/5(10G) up    up        0.03%  0.01%          1          0
  GigabitEthernet3/0/3(10G) up    up        0.09%  0.01%          0          0
  GigabitEthernet3/0/4(10G) up    up        0.03%  0.05%        404          0
  GigabitEthernet3/0/5(10G) up    up        0.04%  0.09%          0          0
  GigabitEthernet3/1/0(10G) up    up        0.02%  0.02%          0          0
  GigabitEthernet4/0/0(10G) up    up        0.02%  0.08%          0          0
  GigabitEthernet4/0/1(10G) up    up        0.01%  0.02%          0          0
  GigabitEthernet4/0/2(10G) up    up        0.03%  0.01%          0          0
  GigabitEthernet4/0/6(10G) up    up        0.02%  0.07%          0          0
  GigabitEthernet4/0/7(10G) up    up        0.03%  0.01%          0          0
  GigabitEthernet4/0/8(10G) up    up        0.04%  0.05%          0          0
  GigabitEthernet6/1/0(10G) up    up        0.02%  0.01%          0          0
  GigabitEthernet6/1/1(10G) up    up        0.03%  0.01%          0          0
  GigabitEthernet6/1/2(10G) up    up        0.02%  0.06%          0          0
  GigabitEthernet6/1/3(10G) up    up        0.03%  0.01%          0          0
  GigabitEthernet6/1/4(10G) up    up        0.03%  0.03%          0          0
  GigabitEthernet6/1/5(10G) up    up        0.02%  0.07%          0          0
  GigabitEthernet6/1/6(10G) up    up        0.02%  0.01%          0          0
  GigabitEthernet6/1/7(10G) up    up        0.02%  0.03%          0          0
Eth-Trunk0.12               up    up           0%     0%          0          0
Eth-Trunk0.1000             up    up           0%     0%          0          0
Eth-Trunk0.1001             up    up           0%     0%          0          0
Eth-Trunk1                  up    up        0.01%  0.01%          0          0
  GigabitEthernet2/1/1(10G) up    up        0.01%  0.01%          0          0
  GigabitEthernet3/1/1(10G) up    up        0.01%  0.01%          0          0
  GigabitEthernet5/0/4(10G) up    up        0.01%  0.01%          0          0
  GigabitEthernet5/0/5(10G) up    up        0.01%  0.01%          0          0
  GigabitEthernet5/1/0(10G) up    up        0.01%  0.01%          0          0
  GigabitEthernet5/1/1(10G) up    up        0.01%  0.01%          0          0
  GigabitEthernet5/1/2(10G) up    up        0.01%  0.01%          0          0
  GigabitEthernet5/1/3(10G) up    up        0.01%  0.01%          0          0
  GigabitEthernet5/1/4(10G) up    up        0.01%  0.01%          0          0
  GigabitEthernet5/1/5(10G) up    up        0.01%  0.01%          0          0
  GigabitEthernet5/1/6(10G) up    up        0.01%  0.01%          0          0
  GigabitEthernet5/1/7(10G) up    up        0.01%  0.01%          0          0
  GigabitEthernet5/1/8(10G) up    up        0.01%  0.01%          0          0
  GigabitEthernet5/1/9(10G) up    up        0.01%  0.01%          0          0
  GigabitEthernet5/1/10(10G) up    up        0.01%  0.01%          0          0
  GigabitEthernet5/1/11(10G) up    up        0.01%  0.01%          0          0
  GigabitEthernet6/0/4(10G) up    up        0.01%  0.01%          0          0
  GigabitEthernet6/0/5(10G) up    up        0.01%  0.01%          0          0
Eth-Trunk2                  up    up        0.03%  0.02%         23          0
  GigabitEthernet1/0/5      up    up        0.03%  0.02%         23          0
Eth-Trunk3                  up    up        0.01%  0.02%          0          0
  GigabitEthernet1/0/9      up    up        0.01%  0.02%          0          0
Eth-Trunk4                  down  down         0%     0%          0          0
  GigabitEthernet1/0/1      down  down         0%     0%          0          0
  GigabitEthernet1/0/3      down  down         0%     0%          0          0
  GigabitEthernet1/0/7      down  down         0%     0%          0          0
  GigabitEthernet1/0/12     down  down         0%     0%          0          0
  GigabitEthernet1/1/5      down  down         0%     0%          0          0
Eth-Trunk5                  down  down         0%     0%          0          0
  GigabitEthernet1/1/13     down  down         0%     0%          0          0
  GigabitEthernet1/1/14     down  down         0%     0%          0          0
Eth-Trunk6                  down  down         0%     0%          0          0
  GigabitEthernet3/0/1(10G) down  down         0%     0%          0          0
Eth-Trunk8                  down  down         0%     0%          0          0
  GigabitEthernet2/0/3(10G) down  down         0%     0%          0          0
  GigabitEthernet2/0/4(10G) down  down         0%     0%          0          0
  GigabitEthernet2/0/5(10G) down  down         0%     0%          0          0
  GigabitEthernet2/1/4(10G) down  down         0%     0%          0          0
  GigabitEthernet3/1/2(10G) down  down         0%     0%          0          0
  GigabitEthernet4/0/10(10G) down  down         0%     0%          0          0
  GigabitEthernet5/0/2(10G) down  down         0%     0%          0          0
  GigabitEthernet5/0/3(10G) down  down         0%     0%          0          0
  GigabitEthernet6/0/2(10G) down  down         0%     0%          0          0
  GigabitEthernet6/0/3(10G) down  down         0%     0%          0          0
Eth-Trunk9                  down  down         0%     0%          0          0
  GigabitEthernet3/0/2(10G) down  down         0%     0%          0          0
Eth-Trunk10                 up    up        0.01%  0.05%          1          0
  GigabitEthernet3/1/3(10G) up    up        0.01%  0.05%          0          0
  GigabitEthernet3/1/4(10G) up    up        0.01%  0.03%          1          0
  GigabitEthernet3/1/5(10G) up    up        0.01%  0.06%          0          0
  GigabitEthernet4/0/3(10G) up    up        0.01%  0.04%          0          0
  GigabitEthernet4/0/4(10G) up    up        0.02%  0.07%          0          0
  GigabitEthernet4/0/9(10G) up    up        0.01%  0.05%          0          0
  GigabitEthernet5/0/0(10G) up    up        0.01%  0.02%          0          0
  GigabitEthernet5/0/1(10G) up    up        0.01%  0.05%          0          0
  GigabitEthernet6/0/0(10G) up    up        0.01%  0.12%          0          0
  GigabitEthernet6/0/1(10G) up    up        0.01%  0.05%          0          0
Eth-Trunk11                 up    up        0.70%  0.13%        166          0
  GigabitEthernet4/0/5(10G) up    up        0.70%  0.13%        166          0
Eth-Trunk12                 up    up        0.01%  0.01%         80          0
  GigabitEthernet1/0/8      up    up        0.01%  0.01%         80          0
Eth-Trunk13                 up    up        0.01%  0.02%         54          0
  GigabitEthernet1/0/10     up    up        0.01%  0.02%         54          0
Eth-Trunk14                 up    up        0.01%  0.01%          0          0
  GigabitEthernet1/0/13     up    up        0.01%  0.01%          0          0
Eth-Trunk15                 down  down         0%     0%          0          0
  GigabitEthernet1/0/11     down  down         0%     0%          0          0
Eth-Trunk16                 down  down         0%     0%          0          0
  GigabitEthernet6/0/8(10G) down  down         0%     0%          0          0
  GigabitEthernet6/0/9(10G) down  down         0%     0%          0          0
  GigabitEthernet6/0/10(10G) down  down         0%     0%          0          0
Eth-Trunk17                 down  down         0%     0%          0          0
  GigabitEthernet5/0/8(10G) down  down         0%     0%          0          0
  GigabitEthernet5/0/9(10G) down  down         0%     0%          0          0
  GigabitEthernet5/0/10(10G) down  down         0%     0%          0          0
Eth-Trunk20                 down  down         0%     0%          0          0
  GigabitEthernet2/0/0(10G) down  down         0%     0%          0          0
  GigabitEthernet2/1/2(10G) down  down         0%     0%          0          0
  GigabitEthernet3/0/0(10G) down  down         0%     0%          0          0
GigabitEthernet0/0/0        down  down         0%     0%          0          0
GigabitEthernet1/0/0        down  down         0%     0%          0          0
GigabitEthernet1/0/2        up    up        0.01%  0.01%          0          0
GigabitEthernet1/0/4        up    up           0%  0.01%          0          0
GigabitEthernet1/0/6        down  down         0%     0%          0          0
GigabitEthernet1/0/14       *down down         0%     0%          0          0
GigabitEthernet1/0/14.2000  down  down         0%     0%          0          0
GigabitEthernet1/0/14.2100  down  down         0%     0%          0          0
GigabitEthernet1/0/14.2200  down  down         0%     0%          0          0
GigabitEthernet1/0/14.2300  down  down         0%     0%          0          0
GigabitEthernet1/0/15       up    up        0.01%  0.01%          0          0
GigabitEthernet1/0/16       up    up        0.01%  0.01%          0          0
GigabitEthernet1/0/17       *down down         0%     0%          0          0
GigabitEthernet1/0/18       *down down         0%     0%          0          0
GigabitEthernet1/0/19       down  down         0%     0%          0          0
GigabitEthernet1/0/20       *down down         0%     0%          0          0
GigabitEthernet1/0/21       *down down         0%     0%          0          0
GigabitEthernet1/0/22       up    down      0.01%  0.01%          0          0
GigabitEthernet1/0/23       *down down         0%     0%          0          0
GigabitEthernet1/1/0        down  down         0%     0%          0          0
GigabitEthernet1/1/1        down  down         0%     0%          0          0
GigabitEthernet1/1/2        down  down         0%     0%          0          0
GigabitEthernet1/1/3        up    up        0.01%  0.01%          2          0
GigabitEthernet1/1/4        down  down         0%     0%          0          0
GigabitEthernet1/1/6        *down down         0%     0%          0          0
GigabitEthernet1/1/7        down  down         0%     0%          0          0
GigabitEthernet1/1/8        *down down         0%     0%          0          0
GigabitEthernet1/1/9        down  down         0%     0%          0          0
GigabitEthernet1/1/10       down  down         0%     0%          0          0
GigabitEthernet1/1/11       up    up        0.01%  0.01%          0          0
GigabitEthernet1/1/12       down  down         0%     0%          0          0
GigabitEthernet1/1/15       down  down         0%     0%          0          0
GigabitEthernet1/1/16       down  down         0%     0%          0          0
GigabitEthernet1/1/17       *down down         0%     0%          0          0
GigabitEthernet1/1/18       *down down         0%     0%          0          0
GigabitEthernet1/1/19       *down down         0%     0%          0          0
GigabitEthernet1/1/20       down  down         0%     0%          0          0
GigabitEthernet1/1/21       down  down         0%     0%          0          0
GigabitEthernet1/1/22       down  down         0%     0%          0          0
GigabitEthernet1/1/23       *down down         0%     0%          0          0
GigabitEthernet2/0/1(10G)   down  down         0%     0%          9          0
GigabitEthernet2/1/3(10G)   down  down         0%     0%          0          0
GigabitEthernet4/0/11(10G)  down  down         0%     0%          0          0
GigabitEthernet5/0/6(10G)   up    down      0.01%  0.01%          0          0
GigabitEthernet5/0/7(10G)   down  down         0%     0%          0          0
GigabitEthernet5/0/11(10G)  down  down         0%     0%          0          0
GigabitEthernet6/0/6(10G)   up    down      0.01%  0.01%          0          0
GigabitEthernet6/0/7(10G)   down  down         0%     0%         10          0
GigabitEthernet6/0/11(10G)  down  down         0%     0%          0          0
GigabitEthernet6/1/8(10G)   down  down         0%     0%          0          0
GigabitEthernet6/1/9(10G)   down  down         0%     0%          0          0
GigabitEthernet6/1/10(10G)  down  down         0%     0%          0          0
GigabitEthernet6/1/11(10G)  down  down         0%     0%          0          0
LoopBack0                   up    up(s)        0%     0%          0          0
LoopBack1                   up    up(s)        0%     0%          0          0
LoopBack30                  up    up(s)        0%     0%          0          0
LoopBack40                  up    up(s)        0%     0%          0          0
LoopBack42                  up    up(s)        0%     0%          0          0
LoopBack100                 up    up(s)        0%     0%          0          0
LoopBack2147483647          up    up(s)        0%     0%          0          0
NULL0                       up    up(s)        0%     0%          0          0
Vlanif100                   up    up           --     --          0          0
Vlanif101                   down  down         --     --          0          0
Vlanif200                   down  down         --     --          0          0
Vlanif400                   up    up           --     --          0          0
Vlanif500                   up    up           --     --          0          0
Vlanif600                   up    up           --     --          0          0
Vlanif700                   up    up           --     --          0          0
Vlanif1050                  up    up           --     --          0          0
Vlanif1051                  up    up           --     --          0          0
Vlanif1100                  up    down         --     --          0          0
Vlanif1200                  up    up           --     --          0          0
Vlanif1600                  up    up           --     --          0          0
