<LSCE05BHW>screen-length 0 temporary
Info: The configuration takes effect on the current user terminal interface only.
<LSCE05BHW>display device
NE40E-X8's Device status:
-------------------------------------------------------------------------------
Slot #   Type    Online     Register     Status     Role   LsId   Primary      
-------------------------------------------------------------------------------
1        LPU     Present    Registered   Normal     LC     0      NA           
8        VSU     Present    Registered   Normal     LC     0      NA           
9        MPU     Present    Registered   Normal     MMB    0      Master       
10       MPU     Present    Registered   Normal     MMB    0      Slave        
11       SFU     Present    Registered   Normal     OTHER  0      NA           
12       SFU     Present    Registered   Normal     OTHER  0      NA           
13       SFU     Present    Registered   Normal     OTHER  0      NA           
14       CLK     Present    Registered   Normal     OTHER  0      Master       
15       CLK     Present    Registered   Normal     OTHER  0      Slave        
16       PWR     Present    Registered   Normal     OTHER  0      NA           
17       PWR     Present    Registered   Normal     OTHER  0      NA           
18       FAN     Present    Registered   Normal     OTHER  0      NA           
19       FAN     Present    Registered   Normal     OTHER  0      NA           
-------------------------------------------------------------------------------
<LSCE05BHW>display cpu-usage
Cpu utilization statistics at 2026-03-13 11:45:43 192 ms
System cpu use rate is : 10%
Cpu utilization for five seconds: 10% ;  one minute: 10% ;  five minutes: 10%.
Max CPU Usage : 98%
Max CPU Usage Stat. Time : 2021-04-28 18:49:55 651 ms
---------------------------
ServiceName  UseRate   
---------------------------
SYSTEM           10%
AAA               0%
ARP               0%
BRAS              0%
CMF               0%
DEVICE            0%
DHCP              0%
ETRUNK            0%
EUM               0%
FEA               0%
FEC               0%
FIBRESM           0%
IFM               0%
IP STACK          0%
LDT               0%
LINK              0%
LOCAL PKT         0%
MFLP              0%
MSTP              0%
ND                0%
NETSTREAM         0%
OAM               0%
OSPF              0%
PKI               0%
PNP               0%
PTPA              0%
RBS               0%
RGM               0%
RM                0%
SLA               0%
SMLK              0%
SVRO              0%
TNLM              0%
TUNNEL            0%
VLAN              0%
---------------------------
CPU Usage Details
----------------------------------------------------------------
CPU     Current  FiveSec   OneMin  FiveMin  Max MaxTime         
----------------------------------------------------------------
cpu0        10%      10%      10%      10%  99% 2021-04-28 18:49:58
cpu1        10%      10%      11%      10%  97% 2021-04-28 18:49:58
----------------------------------------------------------------
<LSCE05BHW>display memory
Memory utilization statistics at 2026-03-13 11:45:45 447 ms
System Total Memory Is: 4093596 Kbytes
Total Memory Used Is: 965136 Kbytes
Memory Using Percentage Is: 23%
----------------------------------------
Process memory information in the slot:
----------------------------------------
ProcessId  ProcessName      Used(Kbytes)
----------------------------------------
2          SM                     181433
3          CFG                    498415
1001       PROTO1                  36678
1000       FESMB                   52665
4          LM                      35187
0          system                 160758
----------------------------------------
<LSCE05BHW>dis alarm active
1:Critical  2:Major  3:Minor  4:Warning
--------------------------------------------------------------------------------
Sequence   AlarmId    Level Date Time  Description                              
--------------------------------------------------------------------------------
330        0xF101BA   2     2025-12-18 Port physical rate degrade alarm has occu
                             23:47:53+ rred. (IfIndex=16847109,IfName=GigabitEth
                            08:00      ernet1/0/4,Current Physical Rate=100)    
146        0x8520003  2     2025-08-12 The interface status changes. (ifName=Gig
                             17:37:14+ abitEthernet1/1/0.34, AdminStatus=DOWN, O
                            08:00      perStatus=DOWN, Reason=The interface is s
                                       hut down, mainIfname=GigabitEthernet1/1/0
                                       )                                        
99         0x8130058  1     2025-05-08 The optical module failed partially. (Ent
                             16:27:05+ ityPhysicalIndex=16847107, EntPhysicalInd
                            08:00      ex=16847107, EntPhysicalName=GigabitEther
                                       net1/0/2, EntityTrapFaultID=135936, Reaso
                                       nDescription=GigabitEthernet1/0/2 is fail
                                       ed, the optical module on card is not mat
                                       ched)                                    
75         0x8520003  2     2024-04-23 The interface status changes. (ifName=Eth
                             10:32:19+ -Trunk2, AdminStatus=UP, OperStatus=DOWN,
                            08:00       Reason=The conditions for the activation
                                        of the interface are not met, mainIfname
                                       =Eth-Trunk2)                             
27         0x813005B  1     2021-04-28 The status of the physical interface is D
                             18:56:45+ own.(EntityPhysicalIndex=16847122, EntPhy
                            08:00      sicalIndex=16847122, EntPhysicalName=Giga
                                       bitEthernet1/0/17, EntityTrapFaultID=1443
                                       84, ReasonDescription=The status of the p
                                       hysical interface is Down.)              
26         0x813005B  1     2021-04-28 The status of the physical interface is D
                             18:56:45+ own.(EntityPhysicalIndex=16847120, EntPhy
                            08:00      sicalIndex=16847120, EntPhysicalName=Giga
                                       bitEthernet1/0/15, EntityTrapFaultID=1443
                                       84, ReasonDescription=The status of the p
                                       hysical interface is Down.)              
25         0x813005B  1     2021-04-28 The status of the physical interface is D
                             18:56:45+ own.(EntityPhysicalIndex=16847119, EntPhy
                            08:00      sicalIndex=16847119, EntPhysicalName=Giga
                                       bitEthernet1/0/14, EntityTrapFaultID=1443
                                       84, ReasonDescription=The status of the p
                                       hysical interface is Down.)              
24         0x813005B  1     2021-04-28 The status of the physical interface is D
                             18:56:45+ own.(EntityPhysicalIndex=16847118, EntPhy
                            08:00      sicalIndex=16847118, EntPhysicalName=Giga
                                       bitEthernet1/0/13, EntityTrapFaultID=1443
                                       84, ReasonDescription=The status of the p
                                       hysical interface is Down.)              
23         0x813005B  1     2021-04-28 The status of the physical interface is D
                             18:56:45+ own.(EntityPhysicalIndex=16847117, EntPhy
                            08:00      sicalIndex=16847117, EntPhysicalName=Giga
                                       bitEthernet1/0/12, EntityTrapFaultID=1443
                                       84, ReasonDescription=The status of the p
                                       hysical interface is Down.)              
22         0x813005B  1     2021-04-28 The status of the physical interface is D
                             18:56:44+ own.(EntityPhysicalIndex=16847108, EntPhy
                            08:00      sicalIndex=16847108, EntPhysicalName=Giga
                                       bitEthernet1/0/3, EntityTrapFaultID=14438
                                       4, ReasonDescription=The status of the ph
                                       ysical interface is Down.)               
21         0x813005B  1     2021-04-28 The status of the physical interface is D
                             18:56:44+ own.(EntityPhysicalIndex=16847107, EntPhy
                            08:00      sicalIndex=16847107, EntPhysicalName=Giga
                                       bitEthernet1/0/2, EntityTrapFaultID=14438
                                       4, ReasonDescription=The status of the ph
                                       ysical interface is Down.)               
2          0x81300B4  1     2021-04-28 The chassis failed partially. (EntityPhys
                             18:51:03+ icalIndex=16777216, EntPhysicalIndex=1677
                            08:00      7216, EntPhysicalName=chassis, EntityTrap
                                       FaultID=131328, Reason=The dustproof not 
                                       cleaned.)                                
--------------------------------------------------------------------------------
<LSCE05BHW>dis interface brief
PHY: Physical
*down: administratively down
^down: standby
(l): loopback
(s): spoofing
(E): E-Trunk down
(b): BFD down
(B): Bit-error-detection down
(e): ETHOAM down
(d): Dampening Suppressed
(p): port alarm down
(ld): loop-detect trigger down
(mf): mac-flapping blocked
InUti/OutUti: input utility/output utility
Interface                   PHY   Protocol  InUti OutUti   inErrors  outErrors
Eth-Trunk0                  up    up        0.89%  2.60%          0          0
  GigabitEthernet1/0/0      up    up        0.89%  2.60%          0          0
Eth-Trunk1                  up    up        1.00%  0.03%          0          0
  GigabitEthernet1/0/1      up    up        1.00%  0.03%          0          0
Eth-Trunk1.10               up    up           0%     0%          0          0
Eth-Trunk1.20               up    up           0%     0%          0          0
Eth-Trunk1.30               up    up           0%     0%          0          0
Eth-Trunk2                  down  down         0%     0%          0          0
GigabitEthernet0/0/0        down  down         0%     0%          0          0
GigabitEthernet1/0/2        down  down         0%     0%          0          0
GigabitEthernet1/0/2.1      down  down         0%     0%          0          0
GigabitEthernet1/0/3        down  down         0%     0%          0          0
GigabitEthernet1/0/4        up    up        0.52%  0.66%          4          0
GigabitEthernet1/0/5        up    up        0.02%  0.56%          0          0
GigabitEthernet1/0/6        up    up        0.14%  0.26%          0          0
GigabitEthernet1/0/7        up    up        2.38%  0.42%        685          0
GigabitEthernet1/0/8        up    up        0.01%  0.01%         28          0
GigabitEthernet1/0/9        down  down         0%     0%          0          0
GigabitEthernet1/0/10       down  down         0%     0%          0          0
GigabitEthernet1/0/11       down  down         0%     0%          0          0
GigabitEthernet1/0/12       down  down         0%     0%          0          0
GigabitEthernet1/0/13       down  down         0%     0%          0          0
GigabitEthernet1/0/14       down  down         0%     0%          0          0
GigabitEthernet1/0/15       down  down         0%     0%          0          0
GigabitEthernet1/0/16       down  down         0%     0%          0          0
GigabitEthernet1/0/17       down  down         0%     0%          0          0
GigabitEthernet1/0/18       down  down         0%     0%          0          0
GigabitEthernet1/0/19       down  down         0%     0%          0          0
GigabitEthernet1/0/20       down  down         0%     0%          0          0
GigabitEthernet1/0/21       down  down         0%     0%          0          0
GigabitEthernet1/0/22       down  down         0%     0%          0          0
GigabitEthernet1/0/23       down  down         0%     0%          0          0
GigabitEthernet1/1/0(10G)   up    up        0.01%  0.01%          0          0
GigabitEthernet1/1/0.32(10G) up    up           0%     0%          0          0
GigabitEthernet1/1/0.33(10G) up    up           0%     0%          0          0
GigabitEthernet1/1/0.34(10G) *down down         0%     0%          0          0
GigabitEthernet1/1/1(10G)   up    up        0.01%  0.01%          0          0
GigabitEthernet1/1/2(10G)   up    up        0.01%  0.06%          0          0
GigabitEthernet1/1/2.1005(10G) up    up           0%     0%          0          0
GigabitEthernet1/1/2.1006(10G) up    up           0%     0%          0          0
GigabitEthernet1/1/2.1008(10G) up    up           0%     0%          0          0
GigabitEthernet1/1/2.1009(10G) up    up           0%     0%          0          0
GigabitEthernet1/1/3(10G)   down  down         0%     0%          0          0
GigabitEthernet1/1/4(10G)   up    down      0.01%  0.01%          0          0
LoopBack0                   up    up(s)        0%     0%          0          0
NULL0                       up    up(s)        0%     0%          0          0
