<LSCE01BHW>screen-length 0 temporary
Info: The configuration takes effect on the current user terminal interface only.
<LSCE01BHW>display device
NE40E-X8A's Device status:
-------------------------------------------------------------------------------
Slot #   Type    Online     Register     Status     Role   LsId   Primary      
-------------------------------------------------------------------------------
1        LPU     Present    Registered   Normal     LC     0      NA           
2        LPU     Present    Registered   Normal     LC     0      NA           
3        LPU     Present    Registered   Normal     LC     0      NA           
4        LPU     Present    Registered   Normal     LC     0      NA           
5        LPU     Present    Registered   Normal     LC     0      NA           
6        LPU     Present    Registered   Normal     LC     0      NA           
9        MPU     Present    Registered   Normal     MMB    0      Master       
10       MPU     Present    Registered   Normal     MMB    0      Slave        
11       SFU     Present    Registered   Normal     OTHER  0      NA           
12       SFU     Present    Registered   Normal     OTHER  0      NA           
13       SFU     Present    Registered   Normal     OTHER  0      NA           
14       SFU     Present    Registered   Normal     OTHER  0      NA           
15       CLK     Present    Registered   Normal     OTHER  0      Master       
16       CLK     Present    Registered   Normal     OTHER  0      Slave        
17       PWR     Present    Registered   Abnormal   OTHER  0      NA           
18       PWR     Present    Registered   Normal     OTHER  0      NA           
19       FAN     Present    Registered   Normal     OTHER  0      NA           
20       FAN     Present    Registered   Normal     OTHER  0      NA           
22       PMU     Present    Registered   Normal     OTHER  0      Master       
23       PMU     Present    Registered   Normal     OTHER  0      Slave        
-------------------------------------------------------------------------------
<LSCE01BHW>display cpu-usage
Cpu utilization statistics at 2026-03-13 12:05:39 991 ms
System cpu use rate is : 10%
Cpu utilization for five seconds: 10% ;  one minute: 12% ;  five minutes: 7%.
Max CPU Usage : 84%
Max CPU Usage Stat. Time : 2023-02-28 00:06:54 314 ms
---------------------------
ServiceName  UseRate   
---------------------------
SYSTEM           10%
AAA               0%
ARP               0%
CMF               0%
DEVICE            0%
DHCP              0%
ETRUNK            0%
EUM               0%
FEA               0%
FEC               0%
FIBRESM           0%
IFM               0%
IP STACK          0%
LINK              0%
ISIS              0%
LOCAL PKT         0%
MFLP              0%
MSTP              0%
ND                0%
NETSTREAM         0%
OAM               0%
OSPF              0%
PNP               0%
PTPA              0%
RBS               0%
RGM               0%
RM                0%
SLA               0%
SMLK              0%
SVRO              0%
TNLM              0%
TUNNEL            0%
VRRP              0%
VLAN              0%
---------------------------
CPU Usage Details
----------------------------------------------------------------
CPU     Current  FiveSec   OneMin  FiveMin  Max MaxTime         
----------------------------------------------------------------
cpu0        15%      15%      16%       9%  78% 2023-02-28 00:06:47
cpu1         9%       9%      11%       6%  79% 2023-02-28 00:06:57
cpu2         7%       7%       9%       6%  88% 2023-02-28 00:06:57
cpu3         9%       9%      12%       7%  89% 2023-02-28 00:06:57
----------------------------------------------------------------
<LSCE01BHW>display memory
Memory utilization statistics at 2026-03-13 12:05:40 127 ms
System Total Memory Is: 8120260 Kbytes
Total Memory Used Is: 1224460 Kbytes
Memory Using Percentage Is: 15%
<LSCE01BHW>dis alarm active
1:Critical  2:Major  3:Minor  4:Warning
--------------------------------------------------------------------------------
Sequence   AlarmId    Level Date Time  Description                              
--------------------------------------------------------------------------------
30741      0x8520003  2     2026-03-13 The interface status changes. (ifName=Vla
                             10:25:08+ nif1600, AdminStatus=UP, OperStatus=DOWN,
                            08:00       Reason=Interface physical link is down, 
                                       mainName=Vlanif1600)                     
30740      0x8520003  2     2026-03-13 The interface status changes. (ifName=Gig
                             10:25:08+ abitEthernet1/1/11, AdminStatus=UP, OperS
                            08:00      tatus=DOWN, Reason=Interface physical lin
                                       k is down, mainName=GigabitEthernet1/1/11
                                       )                                        
30739      0x81300A8  1     2026-03-13 The status of the physical interface is D
                             10:16:16+ own. (BaseTrapSeverity=3, BaseTrapProbabl
                            08:00      eCause=74752, BaseTrapEventType=5, Entity
                                       PhysicalIndex=16847372,EntPhysicalName=Gi
                                       gabitEthernet1/1/11, Reason=The status of
                                        the physical interface is Down)         
13950      0x813007C  1     2026-01-19 Loss of signal alarm.(hwPhysicalPortIfInd
                             17:14:13+ ex=16847366,BoardID=1,CardID=1,PortID=5,I
                            08:00      nterfaceName=GigabitEthernet1/1/5,AlarmNa
                                       me=ETH_LOS)                              
13949      0x81300A8  1     2026-01-19 The status of the physical interface is D
                             17:14:11+ own. (BaseTrapSeverity=3, BaseTrapProbabl
                            08:00      eCause=74752, BaseTrapEventType=5, Entity
                                       PhysicalIndex=16847366,EntPhysicalName=Gi
                                       gabitEthernet1/1/5, Reason=The status of 
                                       the physical interface is Down)          
13948      0x8520003  2     2026-01-19 The interface status changes. (ifName=Gig
                             17:13:51+ abitEthernet1/1/0, AdminStatus=UP, OperSt
                            08:00      atus=DOWN, Reason=Interface physical link
                                        is down, mainName=GigabitEthernet1/1/0) 
13947      0x81300A8  1     2026-01-19 The status of the physical interface is D
                             17:13:52+ own. (BaseTrapSeverity=3, BaseTrapProbabl
                            08:00      eCause=74752, BaseTrapEventType=5, Entity
                                       PhysicalIndex=16847361,EntPhysicalName=Gi
                                       gabitEthernet1/1/0, Reason=The status of 
                                       the physical interface is Down)          
13946      0x9360000  2     2026-01-19 The member of LAG can neither receive PDU
                             17:11:11+ s nor send PDUs. (TrunkIndex=4, PortIfInd
                            08:00      ex=114, TrunkId=4, TrunkName=Eth-Trunk4, 
                                       PortName=GigabitEthernet1/1/5, Reason=A l
                                       ink fault occurred or negotiation informa
                                       tion synchronization failed.)            
13945      0x9360001  2     2026-01-19 Link bandwidth lost totally. (TrunkIndex=
                             17:11:11+ 4, TrunkIfIndex=148, TrunkId=4, TrunkName
                            08:00      =Eth-Trunk4, Reason=No link is selected.)
13944      0x8520003  2     2026-01-19 The interface status changes. (ifName=Vla
                             17:11:11+ nif101, AdminStatus=UP, OperStatus=DOWN, 
                            08:00      Reason=Interface physical link is down, m
                                       ainName=Vlanif101)                       
13943      0x8520003  2     2026-01-19 The interface status changes. (ifName=Eth
                             17:11:11+ -Trunk4, AdminStatus=UP, OperStatus=DOWN,
                            08:00       Reason=The conditions for the activation
                                        of the interface are not met, mainName=E
                                       th-Trunk4)                               
13942      0x8520003  2     2026-01-19 The interface status changes. (ifName=Gig
                             17:11:11+ abitEthernet1/1/5, AdminStatus=UP, OperSt
                            08:00      atus=DOWN, Reason=Interface physical link
                                        is down, mainName=Eth-Trunk4)           
13940      0x813007C  1     2026-01-19 Loss of signal alarm.(hwPhysicalPortIfInd
                             17:10:04+ ex=16912641,BoardID=2,CardID=0,PortID=0,I
                            08:00      nterfaceName=GigabitEthernet2/0/0,AlarmNa
                                       me=ETH_LOS)                              
13939      0x813007C  1     2026-01-19 Loss of signal alarm.(hwPhysicalPortIfInd
                             17:10:03+ ex=16912899,BoardID=2,CardID=1,PortID=2,I
                            08:00      nterfaceName=GigabitEthernet2/1/2,AlarmNa
                                       me=ETH_LOS)                              
13938      0x813007C  1     2026-01-19 Loss of signal alarm.(hwPhysicalPortIfInd
                             17:10:00+ ex=16978177,BoardID=3,CardID=0,PortID=0,I
                            08:00      nterfaceName=GigabitEthernet3/0/0,AlarmNa
                                       me=ETH_LOS)                              
13937      0x9360000  2     2026-01-19 The member of LAG can neither receive PDU
                             17:09:58+ s nor send PDUs. (TrunkIndex=9, PortIfInd
                            08:00      ex=25, TrunkId=20, TrunkName=Eth-Trunk20,
                                        PortName=GigabitEthernet3/0/0, Reason=A 
                                       link fault occurred or negotiation inform
                                       ation synchronization failed.)           
13936      0x9360000  2     2026-01-19 The member of LAG can neither receive PDU
                             17:09:58+ s nor send PDUs. (TrunkIndex=9, PortIfInd
                            08:00      ex=55, TrunkId=20, TrunkName=Eth-Trunk20,
                                        PortName=GigabitEthernet2/0/0, Reason=A 
                                       link fault occurred or negotiation inform
                                       ation synchronization failed.)           
13935      0x9360001  2     2026-01-19 Link bandwidth lost totally. (TrunkIndex=
                             17:09:58+ 9, TrunkIfIndex=153, TrunkId=20, TrunkNam
                            08:00      e=Eth-Trunk20, Reason=No link is selected
                                       .)                                       
13934      0x8520004  2     2026-01-19 The IPv6 status changes. (ifName=Vlanif20
                             17:09:58+ 0, AdminStatus=UP, OperStatus=DOWN, Reaso
                            08:00      n=The interface is Down)                 
13933      0x8520003  2     2026-01-19 The interface status changes. (ifName=Vla
                             17:09:58+ nif200, AdminStatus=UP, OperStatus=DOWN, 
                            08:00      Reason=Interface physical link is down, m
                                       ainName=Vlanif200)                       
13932      0x8520003  2     2026-01-19 The interface status changes. (ifName=Gig
                             17:09:58+ abitEthernet2/0/0, AdminStatus=UP, OperSt
                            08:00      atus=DOWN, Reason=Interface physical link
                                        is down, mainName=Eth-Trunk20)          
13931      0x8520003  2     2026-01-19 The interface status changes. (ifName=Eth
                             17:09:58+ -Trunk20, AdminStatus=UP, OperStatus=DOWN
                            08:00      , Reason=The conditions for the activatio
                                       n of the interface are not met, mainName=
                                       Eth-Trunk20)                             
13930      0x81300A8  1     2026-01-19 The status of the physical interface is D
                             17:09:58+ own. (BaseTrapSeverity=3, BaseTrapProbabl
                            08:00      eCause=74752, BaseTrapEventType=5, Entity
                                       PhysicalIndex=16978177,EntPhysicalName=Gi
                                       gabitEthernet3/0/0, Reason=The status of 
                                       the physical interface is Down)          
13929      0x81300A8  1     2026-01-19 The status of the physical interface is D
                             17:09:58+ own. (BaseTrapSeverity=3, BaseTrapProbabl
                            08:00      eCause=74752, BaseTrapEventType=5, Entity
                                       PhysicalIndex=16912641,EntPhysicalName=Gi
                                       gabitEthernet2/0/0, Reason=The status of 
                                       the physical interface is Down)          
13926      0x8520003  2     2026-01-19 The interface status changes. (ifName=Gig
                             17:09:58+ abitEthernet3/0/0, AdminStatus=UP, OperSt
                            08:00      atus=DOWN, Reason=Interface physical link
                                        is down, mainName=Eth-Trunk20)          
13925      0x9360000  2     2026-01-19 The member of LAG can neither receive PDU
                             17:09:57+ s nor send PDUs. (TrunkIndex=9, PortIfInd
                            08:00      ex=63, TrunkId=20, TrunkName=Eth-Trunk20,
                                        PortName=GigabitEthernet2/1/2, Reason=A 
                                       link fault occurred or negotiation inform
                                       ation synchronization failed.)           
13924      0x81300A8  1     2026-01-19 The status of the physical interface is D
                             17:09:57+ own. (BaseTrapSeverity=3, BaseTrapProbabl
                            08:00      eCause=74752, BaseTrapEventType=5, Entity
                                       PhysicalIndex=16912899,EntPhysicalName=Gi
                                       gabitEthernet2/1/2, Reason=The status of 
                                       the physical interface is Down)          
13923      0x8520003  2     2026-01-19 The interface status changes. (ifName=Gig
                             17:09:57+ abitEthernet2/1/2, AdminStatus=UP, OperSt
                            08:00      atus=DOWN, Reason=Interface physical link
                                        is down, mainName=Eth-Trunk20)          
13922      0x813007C  1     2026-01-19 Loss of signal alarm.(hwPhysicalPortIfInd
                             16:54:34+ ex=16912642,BoardID=2,CardID=0,PortID=1,I
                            08:00      nterfaceName=GigabitEthernet2/0/1,AlarmNa
                                       me=ETH_LOS)                              
13921      0x81300A8  1     2026-01-19 The status of the physical interface is D
                             16:54:24+ own. (BaseTrapSeverity=3, BaseTrapProbabl
                            08:00      eCause=74752, BaseTrapEventType=5, Entity
                                       PhysicalIndex=16912642,EntPhysicalName=Gi
                                       gabitEthernet2/0/1, Reason=The status of 
                                       the physical interface is Down)          
13919      0x813007C  1     2026-01-19 Loss of signal alarm.(hwPhysicalPortIfInd
                             16:51:53+ ex=16847116,BoardID=1,CardID=0,PortID=11,
                            08:00      InterfaceName=GigabitEthernet1/0/11,Alarm
                                       Name=ETH_LOS)                            
13918      0x9360000  2     2026-01-19 The member of LAG can neither receive PDU
                             16:51:50+ s nor send PDUs. (TrunkIndex=15, PortIfIn
                            08:00      dex=96, TrunkId=15, TrunkName=Eth-Trunk15
                                       , PortName=GigabitEthernet1/0/11, Reason=
                                       A link fault occurred or negotiation info
                                       rmation synchronization failed.)         
13917      0x9360001  2     2026-01-19 Link bandwidth lost totally. (TrunkIndex=
                             16:51:50+ 15, TrunkIfIndex=221, TrunkId=15, TrunkNa
                            08:00      me=Eth-Trunk15, Reason=No link is selecte
                                       d.)                                      
13915      0x81300A8  1     2026-01-19 The status of the physical interface is D
                             16:51:49+ own. (BaseTrapSeverity=3, BaseTrapProbabl
                            08:00      eCause=74752, BaseTrapEventType=5, Entity
                                       PhysicalIndex=16847116,EntPhysicalName=Gi
                                       gabitEthernet1/0/11, Reason=The status of
                                        the physical interface is Down)         
13914      0x813007C  1     2026-01-19 Loss of signal alarm.(hwPhysicalPortIfInd
                             16:43:26+ ex=17043723,BoardID=4,CardID=0,PortID=10,
                            08:00      InterfaceName=GigabitEthernet4/0/10,Alarm
                                       Name=ETH_LOS)                            
13913      0x813007C  1     2026-01-19 Loss of signal alarm.(hwPhysicalPortIfInd
                             16:43:25+ ex=17109252,BoardID=5,CardID=0,PortID=3,I
                            08:00      nterfaceName=GigabitEthernet5/0/3,AlarmNa
                                       me=ETH_LOS)                              
13912      0x813007C  1     2026-01-19 Loss of signal alarm.(hwPhysicalPortIfInd
                             16:43:25+ ex=17109251,BoardID=5,CardID=0,PortID=2,I
                            08:00      nterfaceName=GigabitEthernet5/0/2,AlarmNa
                                       me=ETH_LOS)                              
13911      0x813007C  1     2026-01-19 Loss of signal alarm.(hwPhysicalPortIfInd
                             16:43:24+ ex=16912646,BoardID=2,CardID=0,PortID=5,I
                            08:00      nterfaceName=GigabitEthernet2/0/5,AlarmNa
                                       me=ETH_LOS)                              
13910      0x813007C  1     2026-01-19 Loss of signal alarm.(hwPhysicalPortIfInd
                             16:43:24+ ex=16912645,BoardID=2,CardID=0,PortID=4,I
                            08:00      nterfaceName=GigabitEthernet2/0/4,AlarmNa
                                       me=ETH_LOS)                              
13909      0x813007C  1     2026-01-19 Loss of signal alarm.(hwPhysicalPortIfInd
                             16:43:24+ ex=16912644,BoardID=2,CardID=0,PortID=3,I
                            08:00      nterfaceName=GigabitEthernet2/0/3,AlarmNa
                                       me=ETH_LOS)                              
13908      0x813007C  1     2026-01-19 Loss of signal alarm.(hwPhysicalPortIfInd
                             16:43:23+ ex=16912900,BoardID=2,CardID=1,PortID=3,I
                            08:00      nterfaceName=GigabitEthernet2/1/3,AlarmNa
                                       me=ETH_LOS)                              
13907      0x813007C  1     2026-01-19 Loss of signal alarm.(hwPhysicalPortIfInd
                             16:43:23+ ex=17174788,BoardID=6,CardID=0,PortID=3,I
                            08:00      nterfaceName=GigabitEthernet6/0/3,AlarmNa
                                       me=ETH_LOS)                              
13906      0x813007C  1     2026-01-19 Loss of signal alarm.(hwPhysicalPortIfInd
                             16:43:23+ ex=17174787,BoardID=6,CardID=0,PortID=2,I
                            08:00      nterfaceName=GigabitEthernet6/0/2,AlarmNa
                                       me=ETH_LOS)                              
13905      0x813007C  1     2026-01-19 Loss of signal alarm.(hwPhysicalPortIfInd
                             16:43:20+ ex=16978179,BoardID=3,CardID=0,PortID=2,I
                            08:00      nterfaceName=GigabitEthernet3/0/2,AlarmNa
                                       me=ETH_LOS)                              
13904      0x813007C  1     2026-01-19 Loss of signal alarm.(hwPhysicalPortIfInd
                             16:43:19+ ex=16978435,BoardID=3,CardID=1,PortID=2,I
                            08:00      nterfaceName=GigabitEthernet3/1/2,AlarmNa
                                       me=ETH_LOS)                              
13903      0x81300A8  1     2026-01-19 The status of the physical interface is D
                             16:43:17+ own. (BaseTrapSeverity=3, BaseTrapProbabl
                            08:00      eCause=74752, BaseTrapEventType=5, Entity
                                       PhysicalIndex=17174788,EntPhysicalName=Gi
                                       gabitEthernet6/0/3, Reason=The status of 
                                       the physical interface is Down)          
13902      0x81300A8  1     2026-01-19 The status of the physical interface is D
                             16:43:17+ own. (BaseTrapSeverity=3, BaseTrapProbabl
                            08:00      eCause=74752, BaseTrapEventType=5, Entity
                                       PhysicalIndex=17174787,EntPhysicalName=Gi
                                       gabitEthernet6/0/2, Reason=The status of 
                                       the physical interface is Down)          
13901      0x81300A8  1     2026-01-19 The status of the physical interface is D
                             16:43:17+ own. (BaseTrapSeverity=3, BaseTrapProbabl
                            08:00      eCause=74752, BaseTrapEventType=5, Entity
                                       PhysicalIndex=16978435,EntPhysicalName=Gi
                                       gabitEthernet3/1/2, Reason=The status of 
                                       the physical interface is Down)          
13900      0x81300A8  1     2026-01-19 The status of the physical interface is D
                             16:43:17+ own. (BaseTrapSeverity=3, BaseTrapProbabl
                            08:00      eCause=74752, BaseTrapEventType=5, Entity
                                       PhysicalIndex=16978179,EntPhysicalName=Gi
                                       gabitEthernet3/0/2, Reason=The status of 
                                       the physical interface is Down)          
13899      0x81300A8  1     2026-01-19 The status of the physical interface is D
                             16:43:17+ own. (BaseTrapSeverity=3, BaseTrapProbabl
                            08:00      eCause=74752, BaseTrapEventType=5, Entity
                                       PhysicalIndex=16912900,EntPhysicalName=Gi
                                       gabitEthernet2/1/3, Reason=The status of 
                                       the physical interface is Down)          
13898      0x81300A8  1     2026-01-19 The status of the physical interface is D
                             16:43:17+ own. (BaseTrapSeverity=3, BaseTrapProbabl
                            08:00      eCause=74752, BaseTrapEventType=5, Entity
                                       PhysicalIndex=16912646,EntPhysicalName=Gi
                                       gabitEthernet2/0/5, Reason=The status of 
                                       the physical interface is Down)          
13897      0x81300A8  1     2026-01-19 The status of the physical interface is D
                             16:43:17+ own. (BaseTrapSeverity=3, BaseTrapProbabl
                            08:00      eCause=74752, BaseTrapEventType=5, Entity
                                       PhysicalIndex=16912645,EntPhysicalName=Gi
                                       gabitEthernet2/0/4, Reason=The status of 
                                       the physical interface is Down)          
13896      0x81300A8  1     2026-01-19 The status of the physical interface is D
                             16:43:17+ own. (BaseTrapSeverity=3, BaseTrapProbabl
                            08:00      eCause=74752, BaseTrapEventType=5, Entity
                                       PhysicalIndex=16912644,EntPhysicalName=Gi
                                       gabitEthernet2/0/3, Reason=The status of 
                                       the physical interface is Down)          
13895      0x81300A8  1     2026-01-19 The status of the physical interface is D
                             16:43:17+ own. (BaseTrapSeverity=3, BaseTrapProbabl
                            08:00      eCause=74752, BaseTrapEventType=5, Entity
                                       PhysicalIndex=17043723,EntPhysicalName=Gi
                                       gabitEthernet4/0/10, Reason=The status of
                                        the physical interface is Down)         
13894      0x81300A8  1     2026-01-19 The status of the physical interface is D
                             16:43:17+ own. (BaseTrapSeverity=3, BaseTrapProbabl
                            08:00      eCause=74752, BaseTrapEventType=5, Entity
                                       PhysicalIndex=17109252,EntPhysicalName=Gi
                                       gabitEthernet5/0/3, Reason=The status of 
                                       the physical interface is Down)          
13893      0x81300A8  1     2026-01-19 The status of the physical interface is D
                             16:43:17+ own. (BaseTrapSeverity=3, BaseTrapProbabl
                            08:00      eCause=74752, BaseTrapEventType=5, Entity
                                       PhysicalIndex=17109251,EntPhysicalName=Gi
                                       gabitEthernet5/0/2, Reason=The status of 
                                       the physical interface is Down)          
13889      0x9360000  2     2026-01-19 The member of LAG can neither receive PDU
                             16:43:17+ s nor send PDUs. (TrunkIndex=11, PortIfIn
                            08:00      dex=27, TrunkId=9, TrunkName=Eth-Trunk9, 
                                       PortName=GigabitEthernet3/0/2, Reason=A l
                                       ink fault occurred or negotiation informa
                                       tion synchronization failed.)            
13888      0x9360001  2     2026-01-19 Link bandwidth lost totally. (TrunkIndex=
                             16:43:17+ 11, TrunkIfIndex=173, TrunkId=9, TrunkNam
                            08:00      e=Eth-Trunk9, Reason=No link is selected.
                                       )                                        
13887      0x9360000  2     2026-01-19 The member of LAG can neither receive PDU
                             16:43:17+ s nor send PDUs. (TrunkIndex=10, PortIfIn
                            08:00      dex=58, TrunkId=8, TrunkName=Eth-Trunk8, 
                                       PortName=GigabitEthernet2/0/3, Reason=A l
                                       ink fault occurred or negotiation informa
                                       tion synchronization failed.)            
13886      0x9360000  2     2026-01-19 The member of LAG can neither receive PDU
                             16:43:17+ s nor send PDUs. (TrunkIndex=10, PortIfIn
                            08:00      dex=59, TrunkId=8, TrunkName=Eth-Trunk8, 
                                       PortName=GigabitEthernet2/0/4, Reason=A l
                                       ink fault occurred or negotiation informa
                                       tion synchronization failed.)            
13885      0x9360000  2     2026-01-19 The member of LAG can neither receive PDU
                             16:43:17+ s nor send PDUs. (TrunkIndex=10, PortIfIn
                            08:00      dex=60, TrunkId=8, TrunkName=Eth-Trunk8, 
                                       PortName=GigabitEthernet2/0/5, Reason=A l
                                       ink fault occurred or negotiation informa
                                       tion synchronization failed.)            
13884      0x9360000  2     2026-01-19 The member of LAG can neither receive PDU
                             16:43:17+ s nor send PDUs. (TrunkIndex=10, PortIfIn
                            08:00      dex=64, TrunkId=8, TrunkName=Eth-Trunk8, 
                                       PortName=GigabitEthernet2/1/3, Reason=A l
                                       ink fault occurred or negotiation informa
                                       tion synchronization failed.)            
13883      0x9360000  2     2026-01-19 The member of LAG can neither receive PDU
                             16:43:17+ s nor send PDUs. (TrunkIndex=10, PortIfIn
                            08:00      dex=33, TrunkId=8, TrunkName=Eth-Trunk8, 
                                       PortName=GigabitEthernet3/1/2, Reason=A l
                                       ink fault occurred or negotiation informa
                                       tion synchronization failed.)            
13882      0x9360000  2     2026-01-19 The member of LAG can neither receive PDU
                             16:43:17+ s nor send PDUs. (TrunkIndex=10, PortIfIn
                            08:00      dex=216, TrunkId=8, TrunkName=Eth-Trunk8,
                                        PortName=GigabitEthernet4/0/10, Reason=A
                                        link fault occurred or negotiation infor
                                       mation synchronization failed.)          
13881      0x9360000  2     2026-01-19 The member of LAG can neither receive PDU
                             16:43:17+ s nor send PDUs. (TrunkIndex=10, PortIfIn
                            08:00      dex=256, TrunkId=8, TrunkName=Eth-Trunk8,
                                        PortName=GigabitEthernet5/0/2, Reason=A 
                                       link fault occurred or negotiation inform
                                       ation synchronization failed.)           
13880      0x9360000  2     2026-01-19 The member of LAG can neither receive PDU
                             16:43:17+ s nor send PDUs. (TrunkIndex=10, PortIfIn
                            08:00      dex=257, TrunkId=8, TrunkName=Eth-Trunk8,
                                        PortName=GigabitEthernet5/0/3, Reason=A 
                                       link fault occurred or negotiation inform
                                       ation synchronization failed.)           
13879      0x9360000  2     2026-01-19 The member of LAG can neither receive PDU
                             16:43:17+ s nor send PDUs. (TrunkIndex=10, PortIfIn
                            08:00      dex=312, TrunkId=8, TrunkName=Eth-Trunk8,
                                        PortName=GigabitEthernet6/0/2, Reason=A 
                                       link fault occurred or negotiation inform
                                       ation synchronization failed.)           
13878      0x9360000  2     2026-01-19 The member of LAG can neither receive PDU
                             16:43:17+ s nor send PDUs. (TrunkIndex=10, PortIfIn
                            08:00      dex=313, TrunkId=8, TrunkName=Eth-Trunk8,
                                        PortName=GigabitEthernet6/0/3, Reason=A 
                                       link fault occurred or negotiation inform
                                       ation synchronization failed.)           
13877      0x9360001  2     2026-01-19 Link bandwidth lost totally. (TrunkIndex=
                             16:43:17+ 10, TrunkIfIndex=172, TrunkId=8, TrunkNam
                            08:00      e=Eth-Trunk8, Reason=No link is selected.
                                       )                                        
13876      0x8520003  2     2026-01-19 The interface status changes. (ifName=Eth
                             16:43:17+ -Trunk9, AdminStatus=UP, OperStatus=DOWN,
                            08:00       Reason=The conditions for the activation
                                        of the interface are not met, mainName=E
                                       th-Trunk9)                               
6334       0x8130098  1     2024-12-17 Physical entity is removed.(BaseTrapSever
                             04:25:08+ ity=4, BaseTrapProbableCause=65541, BaseT
                            08:00      rapEventType=5, EntityPhysicalIndex=17175
                                       052, EntPhysicalContainedIn=17175040, Ent
                                       PhysicalName=GigabitEthernet6/1/11, Reaso
                                       n=The optical module is removed.)        
6332       0x81300A8  1     2024-12-17 The status of the physical interface is D
                             04:12:32+ own. (BaseTrapSeverity=3, BaseTrapProbabl
                            08:00      eCause=74752, BaseTrapEventType=5, Entity
                                       PhysicalIndex=17175052,EntPhysicalName=Gi
                                       gabitEthernet6/1/11, Reason=The status of
                                        the physical interface is Down)         
6331       0x8520003  2     2024-12-17 The interface status changes. (ifName=Gig
                             04:12:32+ abitEthernet6/1/11, AdminStatus=UP, OperS
                            08:00      tatus=DOWN, Reason=Interface physical lin
                                       k is down, mainName=GigabitEthernet6/1/11
                                       )                                        
6329       0x8130098  1     2024-12-17 Physical entity is removed.(BaseTrapSever
                             01:46:09+ ity=4, BaseTrapProbableCause=65541, BaseT
                            08:00      rapEventType=5, EntityPhysicalIndex=17109
                                       260, EntPhysicalContainedIn=17109248, Ent
                                       PhysicalName=GigabitEthernet5/0/11, Reaso
                                       n=The optical module is removed.)        
6328       0x81300A8  1     2024-12-17 The status of the physical interface is D
                             01:46:06+ own. (BaseTrapSeverity=3, BaseTrapProbabl
                            08:00      eCause=74752, BaseTrapEventType=5, Entity
                                       PhysicalIndex=17109260,EntPhysicalName=Gi
                                       gabitEthernet5/0/11, Reason=The status of
                                        the physical interface is Down)         
6327       0x8520003  2     2024-12-17 The interface status changes. (ifName=Gig
                             01:46:06+ abitEthernet5/0/11, AdminStatus=UP, OperS
                            08:00      tatus=DOWN, Reason=Interface physical lin
                                       k is down, mainName=GigabitEthernet5/0/11
                                       )                                        
6124       0x8130098  1     2024-11-21 Physical entity is removed.(BaseTrapSever
                             02:40:14+ ity=4, BaseTrapProbableCause=65541, BaseT
                            08:00      rapEventType=5, EntityPhysicalIndex=16847
                                       377, EntPhysicalContainedIn=16847360, Ent
                                       PhysicalName=GigabitEthernet1/1/16, Reaso
                                       n=The optical module is removed.)        
6122       0x8130098  1     2024-11-21 Physical entity is removed.(BaseTrapSever
                             02:24:40+ ity=4, BaseTrapProbableCause=65541, BaseT
                            08:00      rapEventType=5, EntityPhysicalIndex=16847
                                       375, EntPhysicalContainedIn=16847360, Ent
                                       PhysicalName=GigabitEthernet1/1/14, Reaso
                                       n=The optical module is removed.)        
6116       0x8130098  1     2024-11-21 Physical entity is removed.(BaseTrapSever
                             01:31:15+ ity=4, BaseTrapProbableCause=65541, BaseT
                            08:00      rapEventType=5, EntityPhysicalIndex=16847
                                       369, EntPhysicalContainedIn=16847360, Ent
                                       PhysicalName=GigabitEthernet1/1/8, Reason
                                       =The optical module is removed.)         
5265       0x8130055  1     2024-04-17 Physical entity failed. (BaseTrapSeverity
                             23:13:48+ =4, BaseTrapProbableCause=67697, BaseTrap
                            08:00      EventType=5, EntityPhysicalIndex=16978182
                                       , EntPhysicalContainedIn=16978176, EntPhy
                                       sicalName=GigabitEthernet3/0/5, RelativeR
                                       esource=Optical Module, ReasonDescription
                                       =GigabitEthernet3/0/5 is failed, the opti
                                       cal module receive power is too low)     
3156       0x8130098  1     2022-06-02 Physical entity is removed.(BaseTrapSever
                             16:05:11+ ity=4, BaseTrapProbableCause=65541, BaseT
                            08:00      rapEventType=5, EntityPhysicalIndex=17109
                                       256, EntPhysicalContainedIn=17109248, Ent
                                       PhysicalName=GigabitEthernet5/0/7, Reason
                                       =The optical module is removed.)         
3152       0x8130098  1     2022-06-01 Physical entity is removed.(BaseTrapSever
                             17:58:56+ ity=4, BaseTrapProbableCause=65541, BaseT
                            08:00      rapEventType=5, EntityPhysicalIndex=16847
                                       370, EntPhysicalContainedIn=16847360, Ent
                                       PhysicalName=GigabitEthernet1/1/9, Reason
                                       =The optical module is removed.)         
2900       0x8130098  1     2021-09-15 Physical entity is removed.(BaseTrapSever
                             03:56:09+ ity=4, BaseTrapProbableCause=65541, BaseT
                            08:00      rapEventType=5, EntityPhysicalIndex=17109
                                       259, EntPhysicalContainedIn=17109248, Ent
                                       PhysicalName=GigabitEthernet5/0/10, Reaso
                                       n=The optical module is removed.)        
2899       0x8130098  1     2021-09-15 Physical entity is removed.(BaseTrapSever
                             03:56:07+ ity=4, BaseTrapProbableCause=65541, BaseT
                            08:00      rapEventType=5, EntityPhysicalIndex=17109
                                       258, EntPhysicalContainedIn=17109248, Ent
                                       PhysicalName=GigabitEthernet5/0/9, Reason
                                       =The optical module is removed.)         
2898       0x8130098  1     2021-09-15 Physical entity is removed.(BaseTrapSever
                             03:56:05+ ity=4, BaseTrapProbableCause=65541, BaseT
                            08:00      rapEventType=5, EntityPhysicalIndex=17109
                                       257, EntPhysicalContainedIn=17109248, Ent
                                       PhysicalName=GigabitEthernet5/0/8, Reason
                                       =The optical module is removed.)         
2894       0x8520003  2     2021-09-15 The interface status changes. (ifName=Gig
                             03:46:39+ abitEthernet5/0/10, AdminStatus=UP, OperS
                            08:00      tatus=DOWN, Reason=Interface physical lin
                                       k is down, mainName=Eth-Trunk17)         
2893       0x8520003  2     2021-09-15 The interface status changes. (ifName=Eth
                             03:46:39+ -Trunk17, AdminStatus=UP, OperStatus=DOWN
                            08:00      , Reason=The conditions for the activatio
                                       n of the interface are not met, mainName=
                                       Eth-Trunk17)                             
2892       0x8520003  2     2021-09-15 The interface status changes. (ifName=Gig
                             03:46:39+ abitEthernet5/0/9, AdminStatus=UP, OperSt
                            08:00      atus=DOWN, Reason=Interface physical link
                                        is down, mainName=Eth-Trunk17)          
2891       0x8520003  2     2021-09-15 The interface status changes. (ifName=Gig
                             03:46:39+ abitEthernet5/0/8, AdminStatus=UP, OperSt
                            08:00      atus=DOWN, Reason=Interface physical link
                                        is down, mainName=Eth-Trunk17)          
2889       0x81300A8  1     2021-09-15 The status of the physical interface is D
                             03:46:39+ own. (BaseTrapSeverity=3, BaseTrapProbabl
                            08:00      eCause=74752, BaseTrapEventType=5, Entity
                                       PhysicalIndex=17109259,EntPhysicalName=Gi
                                       gabitEthernet5/0/10, Reason=The status of
                                        the physical interface is Down)         
2888       0x81300A8  1     2021-09-15 The status of the physical interface is D
                             03:46:39+ own. (BaseTrapSeverity=3, BaseTrapProbabl
                            08:00      eCause=74752, BaseTrapEventType=5, Entity
                                       PhysicalIndex=17109258,EntPhysicalName=Gi
                                       gabitEthernet5/0/9, Reason=The status of 
                                       the physical interface is Down)          
2887       0x81300A8  1     2021-09-15 The status of the physical interface is D
                             03:46:39+ own. (BaseTrapSeverity=3, BaseTrapProbabl
                            08:00      eCause=74752, BaseTrapEventType=5, Entity
                                       PhysicalIndex=17109257,EntPhysicalName=Gi
                                       gabitEthernet5/0/8, Reason=The status of 
                                       the physical interface is Down)          
2763       0x8130098  1     2021-09-01 Physical entity is removed.(BaseTrapSever
                             02:01:47+ ity=4, BaseTrapProbableCause=65541, BaseT
                            08:00      rapEventType=5, EntityPhysicalIndex=17174
                                       793, EntPhysicalContainedIn=17174784, Ent
                                       PhysicalName=GigabitEthernet6/0/8, Reason
                                       =The optical module is removed.)         
2761       0x8130098  1     2021-09-01 Physical entity is removed.(BaseTrapSever
                             02:01:36+ ity=4, BaseTrapProbableCause=65541, BaseT
                            08:00      rapEventType=5, EntityPhysicalIndex=17174
                                       794, EntPhysicalContainedIn=17174784, Ent
                                       PhysicalName=GigabitEthernet6/0/9, Reason
                                       =The optical module is removed.)         
2757       0x8130098  1     2021-09-01 Physical entity is removed.(BaseTrapSever
                             02:01:02+ ity=4, BaseTrapProbableCause=65541, BaseT
                            08:00      rapEventType=5, EntityPhysicalIndex=17174
                                       795, EntPhysicalContainedIn=17174784, Ent
                                       PhysicalName=GigabitEthernet6/0/10, Reaso
                                       n=The optical module is removed.)        
2753       0x81300A8  1     2021-08-31 The status of the physical interface is D
                             05:33:48+ own. (BaseTrapSeverity=3, BaseTrapProbabl
                            08:00      eCause=74752, BaseTrapEventType=5, Entity
                                       PhysicalIndex=17174795,EntPhysicalName=Gi
                                       gabitEthernet6/0/10, Reason=The status of
                                        the physical interface is Down)         
2752       0x81300A8  1     2021-08-31 The status of the physical interface is D
                             05:33:48+ own. (BaseTrapSeverity=3, BaseTrapProbabl
                            08:00      eCause=74752, BaseTrapEventType=5, Entity
                                       PhysicalIndex=17174794,EntPhysicalName=Gi
                                       gabitEthernet6/0/9, Reason=The status of 
                                       the physical interface is Down)          
2751       0x81300A8  1     2021-08-31 The status of the physical interface is D
                             05:33:48+ own. (BaseTrapSeverity=3, BaseTrapProbabl
                            08:00      eCause=74752, BaseTrapEventType=5, Entity
                                       PhysicalIndex=17174793,EntPhysicalName=Gi
                                       gabitEthernet6/0/8, Reason=The status of 
                                       the physical interface is Down)          
2750       0x8520003  2     2021-08-31 The interface status changes. (ifName=Gig
                             05:33:48+ abitEthernet6/0/10, AdminStatus=UP, OperS
                            08:00      tatus=DOWN, Reason=Interface physical lin
                                       k is down, mainName=Eth-Trunk16)         
2749       0x8520003  2     2021-08-31 The interface status changes. (ifName=Eth
                             05:33:48+ -Trunk16, AdminStatus=UP, OperStatus=DOWN
                            08:00      , Reason=The conditions for the activatio
                                       n of the interface are not met, mainName=
                                       Eth-Trunk16)                             
2748       0x8520003  2     2021-08-31 The interface status changes. (ifName=Gig
                             05:33:48+ abitEthernet6/0/9, AdminStatus=UP, OperSt
                            08:00      atus=DOWN, Reason=Interface physical link
                                        is down, mainName=Eth-Trunk16)          
2747       0x8520003  2     2021-08-31 The interface status changes. (ifName=Gig
                             05:33:48+ abitEthernet6/0/8, AdminStatus=UP, OperSt
                            08:00      atus=DOWN, Reason=Interface physical link
                                        is down, mainName=Eth-Trunk16)          
2158       0x81300A8  1     2021-04-27 The status of the physical interface is D
                             18:24:30+ own. (BaseTrapSeverity=3, BaseTrapProbabl
                            08:00      eCause=74752, BaseTrapEventType=5, Entity
                                       PhysicalIndex=17109256,EntPhysicalName=Gi
                                       gabitEthernet5/0/7, Reason=The status of 
                                       the physical interface is Down)          
2157       0x8520003  2     2021-04-27 The interface status changes. (ifName=Gig
                             18:24:30+ abitEthernet5/0/7, AdminStatus=UP, OperSt
                            08:00      atus=DOWN, Reason=Interface physical link
                                        is down, mainName=GigabitEthernet5/0/7) 
1837       0x8130098  1     2021-02-08 Physical entity is removed.(BaseTrapSever
                             21:58:56+ ity=4, BaseTrapProbableCause=65541, BaseT
                            08:00      rapEventType=5, EntityPhysicalIndex=17175
                                       049, EntPhysicalContainedIn=17175040, Ent
                                       PhysicalName=GigabitEthernet6/1/8, Reason
                                       =The optical module is removed.)         
1656       0x8130098  1     2020-12-17 Physical entity is removed.(BaseTrapSever
                             17:39:18+ ity=4, BaseTrapProbableCause=65541, BaseT
                            08:00      rapEventType=5, EntityPhysicalIndex=16847
                                       122, EntPhysicalContainedIn=16847104, Ent
                                       PhysicalName=GigabitEthernet1/0/17, Reaso
                                       n=The optical module is removed.)        
478        0x813007C  1     2020-09-11 Loss of signal alarm.(hwPhysicalPortIfInd
                             16:54:58+ ex=16847106,BoardID=1,CardID=0,PortID=1,I
                            08:00      nterfaceName=GigabitEthernet1/0/1,AlarmNa
                                       me=ETH_LOS)                              
467        0x813007C  1     2020-08-31 Loss of signal alarm.(hwPhysicalPortIfInd
                             10:28:20+ ex=16847117,BoardID=1,CardID=0,PortID=12,
                            08:00      InterfaceName=GigabitEthernet1/0/12,Alarm
                                       Name=ETH_LOS)                            
466        0x9360000  2     2020-08-31 The member of LAG can neither receive PDU
                             10:28:17+ s nor send PDUs. (TrunkIndex=4, PortIfInd
                            08:00      ex=97, TrunkId=4, TrunkName=Eth-Trunk4, P
                                       ortName=GigabitEthernet1/0/12, Reason=A l
                                       ink fault occurred or negotiation informa
                                       tion synchronization failed.)            
465        0x8520003  2     2020-08-31 The interface status changes. (ifName=Gig
                             10:28:16+ abitEthernet1/0/12, AdminStatus=UP, OperS
                            08:00      tatus=DOWN, Reason=Interface physical lin
                                       k is down, mainName=Eth-Trunk4)          
464        0x81300A8  1     2020-08-31 The status of the physical interface is D
                             10:28:16+ own. (BaseTrapSeverity=3, BaseTrapProbabl
                            08:00      eCause=74752, BaseTrapEventType=5, Entity
                                       PhysicalIndex=16847117,EntPhysicalName=Gi
                                       gabitEthernet1/0/12, Reason=The status of
                                        the physical interface is Down)         
463        0x813007C  1     2020-08-31 Loss of signal alarm.(hwPhysicalPortIfInd
                             10:28:10+ ex=16847108,BoardID=1,CardID=0,PortID=3,I
                            08:00      nterfaceName=GigabitEthernet1/0/3,AlarmNa
                                       me=ETH_LOS)                              
461        0x9360000  2     2020-08-31 The member of LAG can neither receive PDU
                             10:28:10+ s nor send PDUs. (TrunkIndex=4, PortIfInd
                            08:00      ex=86, TrunkId=4, TrunkName=Eth-Trunk4, P
                                       ortName=GigabitEthernet1/0/1, Reason=A li
                                       nk fault occurred or negotiation informat
                                       ion synchronization failed.)             
460        0x81300A8  1     2020-08-31 The status of the physical interface is D
                             10:28:09+ own. (BaseTrapSeverity=3, BaseTrapProbabl
                            08:00      eCause=74752, BaseTrapEventType=5, Entity
                                       PhysicalIndex=16847106,EntPhysicalName=Gi
                                       gabitEthernet1/0/1, Reason=The status of 
                                       the physical interface is Down)          
459        0x8520003  2     2020-08-31 The interface status changes. (ifName=Gig
                             10:28:09+ abitEthernet1/0/1, AdminStatus=UP, OperSt
                            08:00      atus=DOWN, Reason=Interface physical link
                                        is down, mainName=Eth-Trunk4)           
458        0x9360000  2     2020-08-31 The member of LAG can neither receive PDU
                             10:28:02+ s nor send PDUs. (TrunkIndex=4, PortIfInd
                            08:00      ex=88, TrunkId=4, TrunkName=Eth-Trunk4, P
                                       ortName=GigabitEthernet1/0/3, Reason=A li
                                       nk fault occurred or negotiation informat
                                       ion synchronization failed.)             
457        0x81300A8  1     2020-08-31 The status of the physical interface is D
                             10:28:01+ own. (BaseTrapSeverity=3, BaseTrapProbabl
                            08:00      eCause=74752, BaseTrapEventType=5, Entity
                                       PhysicalIndex=16847108,EntPhysicalName=Gi
                                       gabitEthernet1/0/3, Reason=The status of 
                                       the physical interface is Down)          
456        0x8520003  2     2020-08-31 The interface status changes. (ifName=Gig
                             10:28:01+ abitEthernet1/0/3, AdminStatus=UP, OperSt
                            08:00      atus=DOWN, Reason=Interface physical link
                                        is down, mainName=Eth-Trunk4)           
455        0x813007C  1     2020-08-31 Loss of signal alarm.(hwPhysicalPortIfInd
                             10:28:00+ ex=16847112,BoardID=1,CardID=0,PortID=7,I
                            08:00      nterfaceName=GigabitEthernet1/0/7,AlarmNa
                                       me=ETH_LOS)                              
454        0x9360000  2     2020-08-31 The member of LAG can neither receive PDU
                             10:27:54+ s nor send PDUs. (TrunkIndex=4, PortIfInd
                            08:00      ex=92, TrunkId=4, TrunkName=Eth-Trunk4, P
                                       ortName=GigabitEthernet1/0/7, Reason=A li
                                       nk fault occurred or negotiation informat
                                       ion synchronization failed.)             
453        0x81300A8  1     2020-08-31 The status of the physical interface is D
                             10:27:53+ own. (BaseTrapSeverity=3, BaseTrapProbabl
                            08:00      eCause=74752, BaseTrapEventType=5, Entity
                                       PhysicalIndex=16847112,EntPhysicalName=Gi
                                       gabitEthernet1/0/7, Reason=The status of 
                                       the physical interface is Down)          
452        0x8520003  2     2020-08-31 The interface status changes. (ifName=Gig
                             10:27:53+ abitEthernet1/0/7, AdminStatus=UP, OperSt
                            08:00      atus=DOWN, Reason=Interface physical link
                                        is down, mainName=Eth-Trunk4)           
391        0x8130098  1     2020-08-29 Physical entity is removed.(BaseTrapSever
                             16:31:18+ ity=4, BaseTrapProbableCause=65541, BaseT
                            08:00      rapEventType=5, EntityPhysicalIndex=16847
                                       364, EntPhysicalContainedIn=16847360, Ent
                                       PhysicalName=GigabitEthernet1/1/3, Reason
                                       =The optical module is removed.)         
321        0x8130098  1     2020-08-13 Physical entity is removed.(BaseTrapSever
                             11:38:04+ ity=4, BaseTrapProbableCause=65541, BaseT
                            08:00      rapEventType=5, EntityPhysicalIndex=17043
                                       724, EntPhysicalContainedIn=17043712, Ent
                                       PhysicalName=GigabitEthernet4/0/11, Reaso
                                       n=The optical module is removed.)        
250        0x81300A8  1     2020-07-22 The status of the physical interface is D
                             01:41:27+ own. (BaseTrapSeverity=3, BaseTrapProbabl
                            08:00      eCause=74752, BaseTrapEventType=5, Entity
                                       PhysicalIndex=16847362,EntPhysicalName=Gi
                                       gabitEthernet1/1/1, Reason=The status of 
                                       the physical interface is Down)          
249        0x8520003  2     2020-07-22 The interface status changes. (ifName=Gig
                             01:41:27+ abitEthernet1/1/1, AdminStatus=UP, OperSt
                            08:00      atus=DOWN, Reason=Interface physical link
                                        is down, mainName=GigabitEthernet1/1/1) 
101        0x81300A8  1     2020-05-16 The status of the physical interface is D
                             00:12:54+ own. (BaseTrapSeverity=3, BaseTrapProbabl
                            08:00      eCause=74752, BaseTrapEventType=5, Entity
                                       PhysicalIndex=16847376,EntPhysicalName=Gi
                                       gabitEthernet1/1/15, Reason=The status of
                                        the physical interface is Down)         
100        0x81300A8  1     2020-05-16 The status of the physical interface is D
                             00:12:54+ own. (BaseTrapSeverity=3, BaseTrapProbabl
                            08:00      eCause=74752, BaseTrapEventType=5, Entity
                                       PhysicalIndex=16847375,EntPhysicalName=Gi
                                       gabitEthernet1/1/14, Reason=The status of
                                        the physical interface is Down)         
98         0x81300A8  1     2020-05-16 The status of the physical interface is D
                             00:12:54+ own. (BaseTrapSeverity=3, BaseTrapProbabl
                            08:00      eCause=74752, BaseTrapEventType=5, Entity
                                       PhysicalIndex=16847363,EntPhysicalName=Gi
                                       gabitEthernet1/1/2, Reason=The status of 
                                       the physical interface is Down)          
94         0x81300A8  1     2020-05-16 The status of the physical interface is D
                             00:12:54+ own. (BaseTrapSeverity=3, BaseTrapProbabl
                            08:00      eCause=74752, BaseTrapEventType=5, Entity
                                       PhysicalIndex=16847126,EntPhysicalName=Gi
                                       gabitEthernet1/0/21, Reason=The status of
                                        the physical interface is Down)         
93         0x81300A8  1     2020-05-16 The status of the physical interface is D
                             00:12:54+ own. (BaseTrapSeverity=3, BaseTrapProbabl
                            08:00      eCause=74752, BaseTrapEventType=5, Entity
                                       PhysicalIndex=16847125,EntPhysicalName=Gi
                                       gabitEthernet1/0/20, Reason=The status of
                                        the physical interface is Down)         
92         0x81300A8  1     2020-05-16 The status of the physical interface is D
                             00:12:54+ own. (BaseTrapSeverity=3, BaseTrapProbabl
                            08:00      eCause=74752, BaseTrapEventType=5, Entity
                                       PhysicalIndex=16847124,EntPhysicalName=Gi
                                       gabitEthernet1/0/19, Reason=The status of
                                        the physical interface is Down)         
91         0x81300A8  1     2020-05-16 The status of the physical interface is D
                             00:12:54+ own. (BaseTrapSeverity=3, BaseTrapProbabl
                            08:00      eCause=74752, BaseTrapEventType=5, Entity
                                       PhysicalIndex=16847123,EntPhysicalName=Gi
                                       gabitEthernet1/0/18, Reason=The status of
                                        the physical interface is Down)         
89         0x81300A8  1     2020-05-16 The status of the physical interface is D
                             00:12:54+ own. (BaseTrapSeverity=3, BaseTrapProbabl
                            08:00      eCause=74752, BaseTrapEventType=5, Entity
                                       PhysicalIndex=16847111,EntPhysicalName=Gi
                                       gabitEthernet1/0/6, Reason=The status of 
                                       the physical interface is Down)          
87         0x81300A8  1     2020-05-16 The status of the physical interface is D
                             00:12:54+ own. (BaseTrapSeverity=3, BaseTrapProbabl
                            08:00      eCause=74752, BaseTrapEventType=5, Entity
                                       PhysicalIndex=16847105,EntPhysicalName=Gi
                                       gabitEthernet1/0/0, Reason=The status of 
                                       the physical interface is Down)          
42         0x81300A8  1     2020-05-16 The status of the physical interface is D
                             00:12:52+ own. (BaseTrapSeverity=3, BaseTrapProbabl
                            08:00      eCause=74752, BaseTrapEventType=5, Entity
                                       PhysicalIndex=16978178,EntPhysicalName=Gi
                                       gabitEthernet3/0/1, Reason=The status of 
                                       the physical interface is Down)          
22         0x9360001  2     2020-05-16 Link bandwidth lost totally. (TrunkIndex=
                             00:12:22+ 6, TrunkIfIndex=150, TrunkId=6, TrunkName
                            08:00      =Eth-Trunk6, Reason=No link is selected.)
13         0x8130055  1     2020-05-16 Physical entity failed. (BaseTrapSeverity
                             00:11:12+ =4, BaseTrapProbableCause=67638, BaseTrap
                            08:00      EventType=6, EntityPhysicalIndex=17891329
                                       , EntPhysicalContainedIn=17891329, EntPhy
                                       sicalName=PM4 POWER 17, RelativeResource=
                                       PM4 POWER 17, ReasonDescription=Power 17,
                                        PM4 POWER 17 is failed, The power module
                                        was installed but not powered on)       
12         0x8130055  1     2020-05-16 Physical entity failed. (BaseTrapSeverity
                             00:11:12+ =4, BaseTrapProbableCause=67638, BaseTrap
                            08:00      EventType=6, EntityPhysicalIndex=17891329
                                       , EntPhysicalContainedIn=17891329, EntPhy
                                       sicalName=PM3 POWER 17, RelativeResource=
                                       PM3 POWER 17, ReasonDescription=Power 17,
                                        PM3 POWER 17 is failed, The power module
                                        was installed but not powered on)       
11         0x813005D  2     2020-05-16 Physical entity is detected failed.(BaseT
                             00:11:09+ rapSeverity=5, BaseTrapProbableCause=6814
                            08:00      2, BaseTrapEventType=6, EntityPhysicalInd
                                       ex=4294967040, EntPhysicalContainedIn=429
                                       4967040, EntPhysicalName=Power_BackPlane 
                                       , RelativeResource=Power, ReasonDescripti
                                       on=Power_BackPlane  is failed, the number
                                        of pm on two plane is different)        
3          0x8130055  1     2020-05-16 Physical entity failed. (BaseTrapSeverity
                             00:10:05+ =4, BaseTrapProbableCause=67995, BaseTrap
                            08:00      EventType=5, EntityPhysicalIndex=16777216
                                       , EntPhysicalContainedIn=4294967295, EntP
                                       hysicalName=chassis 1, RelativeResource=N
                                       A, ReasonDescription=The air filter insid
                                       e the chassis  was not cleaned.)         
--------------------------------------------------------------------------------
<LSCE01BHW>dis interface brief
PHY: Physical
*down: administratively down
^down: standby
(l): loopback
(s): spoofing
(E): E-Trunk down
(b): BFD down
(B): Bit-error-detection down
(e): ETHOAM down
(d): Dampening Suppressed
(p): port alarm down
(lh): link heartbeat down
InUti/OutUti: input utility/output utility
Interface                   PHY   Protocol  InUti OutUti   inErrors  outErrors
Eth-Trunk0                  up    down      0.03%  0.03%       5010          0
  GigabitEthernet2/0/2(10G) up    up        0.03%  0.03%          0          0
  GigabitEthernet2/1/0(10G) up    up        0.02%  0.01%          0          0
  GigabitEthernet2/1/5(10G) up    up        0.04%  0.04%          8          0
  GigabitEthernet3/0/3(10G) up    up        0.03%  0.01%          0          0
  GigabitEthernet3/0/4(10G) up    up        0.02%  0.02%          0          0
  GigabitEthernet3/0/5(10G) up    up        0.02%  0.01%       5002          0
  GigabitEthernet3/1/0(10G) up    up        0.04%  0.02%          0          0
  GigabitEthernet4/0/0(10G) up    up        0.02%  0.03%          0          0
  GigabitEthernet4/0/1(10G) up    up        0.05%  0.03%          0          0
  GigabitEthernet4/0/2(10G) up    up        0.05%  0.06%          0          0
  GigabitEthernet4/0/6(10G) up    up        0.04%  0.01%          0          0
  GigabitEthernet4/0/7(10G) up    up        0.04%  0.02%          0          0
  GigabitEthernet4/0/8(10G) up    up        0.06%  0.10%          0          0
  GigabitEthernet6/1/0(10G) up    up        0.02%  0.01%          0          0
  GigabitEthernet6/1/1(10G) up    up        0.02%  0.01%          0          0
  GigabitEthernet6/1/2(10G) up    up        0.04%  0.05%          0          0
  GigabitEthernet6/1/3(10G) up    up        0.04%  0.01%          0          0
  GigabitEthernet6/1/4(10G) up    up        0.03%  0.03%          0          0
  GigabitEthernet6/1/5(10G) up    up        0.02%  0.01%          0          0
  GigabitEthernet6/1/6(10G) up    up        0.06%  0.05%          0          0
  GigabitEthernet6/1/7(10G) up    up        0.02%  0.01%          0          0
Eth-Trunk0.10               up    up           0%     0%          0          0
Eth-Trunk0.1000             up    up           0%     0%          0          0
Eth-Trunk0.1001             up    up           0%     0%          0          0
Eth-Trunk1                  up    up        0.01%  0.01%          0          0
  GigabitEthernet2/1/1(10G) up    up        0.01%  0.01%          0          0
  GigabitEthernet3/1/1(10G) up    up        0.01%  0.01%          0          0
  GigabitEthernet5/0/4(10G) up    up        0.01%  0.01%          0          0
  GigabitEthernet5/0/5(10G) up    up        0.01%  0.01%          0          0
  GigabitEthernet5/1/0(10G) up    up        0.01%  0.01%          0          0
  GigabitEthernet5/1/1(10G) up    up        0.01%  0.01%          0          0
  GigabitEthernet5/1/2(10G) up    up        0.01%  0.01%          0          0
  GigabitEthernet5/1/3(10G) up    up        0.01%  0.01%          0          0
  GigabitEthernet5/1/4(10G) up    up        0.01%  0.01%          0          0
  GigabitEthernet5/1/5(10G) up    up        0.01%  0.01%          0          0
  GigabitEthernet5/1/6(10G) up    up        0.01%  0.01%          0          0
  GigabitEthernet5/1/7(10G) up    up        0.01%  0.01%          0          0
  GigabitEthernet5/1/8(10G) up    up        0.01%  0.01%          0          0
  GigabitEthernet5/1/9(10G) up    up        0.01%  0.01%          0          0
  GigabitEthernet5/1/10(10G) up    up        0.01%  0.01%          0          0
  GigabitEthernet5/1/11(10G) up    up        0.01%  0.01%          0          0
  GigabitEthernet6/0/4(10G) up    up        0.01%  0.01%          0          0
  GigabitEthernet6/0/5(10G) up    up        0.01%  0.01%          0          0
Eth-Trunk2                  up    up        0.02%  0.03%        221          0
  GigabitEthernet1/0/5      up    up        0.02%  0.03%        221          0
Eth-Trunk3                  up    up        0.02%  0.01%         11          0
  GigabitEthernet1/0/9      up    up        0.02%  0.01%         11          0
Eth-Trunk4                  down  down         0%     0%          0          0
  GigabitEthernet1/0/1      down  down         0%     0%          0          0
  GigabitEthernet1/0/3      down  down         0%     0%          0          0
  GigabitEthernet1/0/7      down  down         0%     0%          0          0
  GigabitEthernet1/0/12     down  down         0%     0%          0          0
  GigabitEthernet1/1/5      down  down         0%     0%          0          0
Eth-Trunk5                  down  down         0%     0%          0          0
  GigabitEthernet1/1/13     down  down         0%     0%          0          0
  GigabitEthernet1/1/14     down  down         0%     0%          0          0
Eth-Trunk6                  down  down         0%     0%          0          0
  GigabitEthernet3/0/1(10G) down  down         0%     0%          0          0
Eth-Trunk8                  down  down         0%     0%          1          0
  GigabitEthernet2/0/3(10G) down  down         0%     0%          0          0
  GigabitEthernet2/0/4(10G) down  down         0%     0%          0          0
  GigabitEthernet2/0/5(10G) down  down         0%     0%          0          0
  GigabitEthernet2/1/3(10G) down  down         0%     0%          0          0
  GigabitEthernet3/1/2(10G) down  down         0%     0%          0          0
  GigabitEthernet4/0/10(10G) down  down         0%     0%          0          0
  GigabitEthernet5/0/2(10G) down  down         0%     0%          0          0
  GigabitEthernet5/0/3(10G) down  down         0%     0%          0          0
  GigabitEthernet6/0/2(10G) down  down         0%     0%          0          0
  GigabitEthernet6/0/3(10G) down  down         0%     0%          1          0
Eth-Trunk9                  down  down         0%     0%          0          0
  GigabitEthernet3/0/2(10G) down  down         0%     0%          0          0
Eth-Trunk10                 up    up        0.01%  0.06%       2626          0
  GigabitEthernet3/1/3(10G) up    up        0.01%  0.06%          1          0
  GigabitEthernet3/1/4(10G) up    up        0.01%  0.03%          0          0
  GigabitEthernet3/1/5(10G) up    up        0.01%  0.07%          0          0
  GigabitEthernet4/0/3(10G) up    up        0.01%  0.11%          1          0
  GigabitEthernet4/0/4(10G) up    up        0.01%  0.03%       2624          0
  GigabitEthernet4/0/9(10G) up    up        0.02%  0.04%          0          0
  GigabitEthernet5/0/0(10G) up    up        0.01%  0.06%          0          0
  GigabitEthernet5/0/1(10G) up    up        0.01%  0.07%          0          0
  GigabitEthernet6/0/0(10G) up    up        0.01%  0.04%          0          0
  GigabitEthernet6/0/1(10G) up    up        0.01%  0.06%          0          0
Eth-Trunk11                 up    up        0.57%  0.18%        406          0
  GigabitEthernet4/0/5(10G) up    up        0.57%  0.18%        406          0
Eth-Trunk12                 up    up        0.01%  0.01%         11          0
  GigabitEthernet1/0/8      up    up        0.01%  0.01%         11          0
Eth-Trunk13                 up    up        0.01%  0.01%         23          0
  GigabitEthernet1/0/10     up    up        0.01%  0.01%         23          0
Eth-Trunk14                 up    up        0.01%  0.01%          0          0
  GigabitEthernet1/0/13     up    up        0.01%  0.01%          0          0
Eth-Trunk15                 down  down         0%     0%          0          0
  GigabitEthernet1/0/11     down  down         0%     0%          0          0
Eth-Trunk16                 down  down         0%     0%          0          0
  GigabitEthernet6/0/8(10G) down  down         0%     0%          0          0
  GigabitEthernet6/0/9(10G) down  down         0%     0%          0          0
  GigabitEthernet6/0/10(10G) down  down         0%     0%          0          0
Eth-Trunk17                 down  down         0%     0%          0          0
  GigabitEthernet5/0/8(10G) down  down         0%     0%          0          0
  GigabitEthernet5/0/9(10G) down  down         0%     0%          0          0
  GigabitEthernet5/0/10(10G) down  down         0%     0%          0          0
Eth-Trunk20                 down  down         0%     0%          0          0
  GigabitEthernet2/0/0(10G) down  down         0%     0%          0          0
  GigabitEthernet2/1/2(10G) down  down         0%     0%          0          0
  GigabitEthernet3/0/0(10G) down  down         0%     0%          0          0
GigabitEthernet0/0/0        down  down         0%     0%          0          0
GigabitEthernet1/0/0        down  down         0%     0%          0          0
GigabitEthernet1/0/2        up    up        0.01%  0.01%          0          0
GigabitEthernet1/0/4        up    up           0%  0.01%          0          0
GigabitEthernet1/0/6        down  down         0%     0%          0          0
GigabitEthernet1/0/14       *down down         0%     0%          0          0
GigabitEthernet1/0/14.2000  down  down         0%     0%          0          0
GigabitEthernet1/0/14.2100  down  down         0%     0%          0          0
GigabitEthernet1/0/14.2200  down  down         0%     0%          0          0
GigabitEthernet1/0/14.2300  down  down         0%     0%          0          0
GigabitEthernet1/0/15       up    up        0.01%  0.01%          0          0
GigabitEthernet1/0/16       up    up        0.01%  0.01%          0          0
GigabitEthernet1/0/17       *down down         0%     0%          0          0
GigabitEthernet1/0/18       down  down         0%     0%          0          0
GigabitEthernet1/0/19       down  down         0%     0%          0          0
GigabitEthernet1/0/20       down  down         0%     0%          0          0
GigabitEthernet1/0/21       down  down         0%     0%          0          0
GigabitEthernet1/0/22       up    down      0.01%  0.01%          0          0
GigabitEthernet1/0/23       *down down         0%     0%          0          0
GigabitEthernet1/1/0        down  down         0%     0%          0          0
GigabitEthernet1/1/1        down  down         0%     0%          0          0
GigabitEthernet1/1/2        down  down         0%     0%          0          0
GigabitEthernet1/1/3        down  down         0%     0%          0          0
GigabitEthernet1/1/4        down  down         0%     0%          0          0
GigabitEthernet1/1/6        *down down         0%     0%          0          0
GigabitEthernet1/1/7        down  down         0%     0%          0          0
GigabitEthernet1/1/8        *down down         0%     0%          0          0
GigabitEthernet1/1/9        down  down         0%     0%          0          0
GigabitEthernet1/1/10       down  down         0%     0%          0          0
GigabitEthernet1/1/11       down  down         0%  0.01%        449          0
GigabitEthernet1/1/12       up    up        0.01%  0.03%          1          0
GigabitEthernet1/1/15       down  down         0%     0%          0          0
GigabitEthernet1/1/16       down  down         0%     0%          0          0
GigabitEthernet1/1/17       *down down         0%     0%          0          0
GigabitEthernet1/1/18       *down down         0%     0%          0          0
GigabitEthernet1/1/19       *down down         0%     0%          0          0
GigabitEthernet1/1/20       down  down         0%     0%          0          0
GigabitEthernet1/1/21       down  down         0%     0%          0          0
GigabitEthernet1/1/22       down  down         0%     0%          0          0
GigabitEthernet1/1/23       down  down         0%     0%          0          0
GigabitEthernet2/0/1(10G)   down  down         0%     0%        799          0
GigabitEthernet2/1/4(10G)   down  down         0%     0%          0          0
GigabitEthernet4/0/11(10G)  down  down         0%     0%          0          0
GigabitEthernet5/0/6(10G)   up    down      0.01%  0.01%          0          0
GigabitEthernet5/0/7(10G)   down  down         0%     0%          0          0
GigabitEthernet5/0/11(10G)  down  down         0%     0%          0          0
GigabitEthernet6/0/6(10G)   up    down      0.01%  0.01%          0          0
GigabitEthernet6/0/7(10G)   down  down         0%     0%          0          0
GigabitEthernet6/0/11(10G)  down  down         0%     0%          0          0
GigabitEthernet6/1/8(10G)   down  down         0%     0%          0          0
GigabitEthernet6/1/9(10G)   down  down         0%     0%          0          0
GigabitEthernet6/1/10(10G)  down  down         0%     0%          0          0
GigabitEthernet6/1/11(10G)  down  down         0%     0%          2          0
LoopBack30                  up    up(s)        0%     0%          0          0
LoopBack40                  up    up(s)        0%     0%          0          0
LoopBack100                 up    up(s)        0%     0%          0          0
LoopBack2147483647          up    up(s)        0%     0%          0          0
NULL0                       up    up(s)        0%     0%          0          0
Vlanif100                   up    up           --     --          0          0
Vlanif101                   down  down         --     --          0          0
Vlanif200                   down  down         --     --          0          0
Vlanif400                   up    up           --     --          0          0
Vlanif500                   up    up           --     --          0          0
Vlanif600                   up    up           --     --          0          0
Vlanif700                   up    up           --     --          0          0
Vlanif1002                  down  down         --     --          0          0
Vlanif1050                  up    up           --     --          0          0
Vlanif1051                  up    up           --     --          0          0
Vlanif1100                  up    down         --     --          0          0
Vlanif1200                  up    up           --     --          0          0
Vlanif1600                  down  down         --     --          0          0
