<LSCE06BHW>screen-length 0 temporary
Info: The configuration takes effect on the current user terminal interface only.
<LSCE06BHW>display device
NE40E-X8's Device status:
-------------------------------------------------------------------------------
Slot #   Type    Online     Register     Status     Role   LsId   Primary      
-------------------------------------------------------------------------------
1        LPU     Present    Registered   Normal     LC     0      NA           
8        VSU     Present    Registered   Normal     LC     0      NA           
9        MPU     Present    Registered   Normal     MMB    0      Master       
10       MPU     Present    Registered   Normal     MMB    0      Slave        
11       SFU     Present    Registered   Normal     OTHER  0      NA           
12       SFU     Present    Registered   Normal     OTHER  0      NA           
13       SFU     Present    Registered   Normal     OTHER  0      NA           
14       CLK     Present    Registered   Normal     OTHER  0      Master       
15       CLK     Present    Registered   Normal     OTHER  0      Slave        
16       PWR     Present    Registered   Normal     OTHER  0      NA           
17       PWR     Present    Registered   Normal     OTHER  0      NA           
18       FAN     Present    Registered   Normal     OTHER  0      NA           
19       FAN     Present    Registered   Normal     OTHER  0      NA           
-------------------------------------------------------------------------------
<LSCE06BHW>display cpu-usage
Cpu utilization statistics at 2026-03-13 11:45:48 999 ms
System cpu use rate is : 9%
Cpu utilization for five seconds: 9% ;  one minute: 9% ;  five minutes: 10%.
Max CPU Usage : 98%
Max CPU Usage Stat. Time : 2021-04-28 18:48:29 962 ms
---------------------------
ServiceName  UseRate   
---------------------------
SYSTEM            9%
AAA               0%
ARP               0%
BRAS              0%
CMF               0%
DEVICE            0%
DHCP              0%
ETRUNK            0%
EUM               0%
FEA               0%
FEC               0%
FIBRESM           0%
IFM               0%
IP STACK          0%
LDT               0%
LINK              0%
LOCAL PKT         0%
MFLP              0%
MSTP              0%
ND                0%
NETSTREAM         0%
OAM               0%
OSPF              0%
PKI               0%
PNP               0%
PTPA              0%
RBS               0%
RGM               0%
RM                0%
SLA               0%
SMLK              0%
SVRO              0%
TNLM              0%
TUNNEL            0%
VLAN              0%
---------------------------
CPU Usage Details
----------------------------------------------------------------
CPU     Current  FiveSec   OneMin  FiveMin  Max MaxTime         
----------------------------------------------------------------
cpu0         9%       9%       9%      10%  99% 2021-04-28 18:48:30
cpu1         9%       9%       9%      10%  97% 2021-04-28 18:48:20
----------------------------------------------------------------
<LSCE06BHW>display memory
Memory utilization statistics at 2026-03-13 11:45:51 391 ms
System Total Memory Is: 4093596 Kbytes
Total Memory Used Is: 928444 Kbytes
Memory Using Percentage Is: 22%
----------------------------------------
Process memory information in the slot:
----------------------------------------
ProcessId  ProcessName      Used(Kbytes)
----------------------------------------
2          SM                     179379
3          CFG                    478908
1001       PROTO1                  33605
1000       FESMB                   52151
4          LM                      35187
0          system                 149214
----------------------------------------
<LSCE06BHW>dis alarm active
1:Critical  2:Major  3:Minor  4:Warning
--------------------------------------------------------------------------------
Sequence   AlarmId    Level Date Time  Description                              
--------------------------------------------------------------------------------
122        0x813005A  1     2025-12-25 The optical module was removed. (EntityPh
                             15:40:14+ ysicalIndex=16847108, EntPhysicalIndex=16
                            08:00      847108, EntPhysicalName=GigabitEthernet1/
                                       0/3, EntityTrapFaultID=135680, Reason=The
                                        optical module was removed.)            
111        0x8520003  2     2025-08-12 The interface status changes. (ifName=Gig
                             17:17:23+ abitEthernet1/1/0.34, AdminStatus=UP, Ope
                            08:00      rStatus=DOWN, Reason=The link protocol is
                                        down, mainIfname=GigabitEthernet1/1/0)  
96         0x8130058  1     2025-05-08 The optical module failed partially. (Ent
                             16:27:49+ ityPhysicalIndex=16847107, EntPhysicalInd
                            08:00      ex=16847107, EntPhysicalName=GigabitEther
                                       net1/0/2, EntityTrapFaultID=135936, Reaso
                                       nDescription=GigabitEthernet1/0/2 is fail
                                       ed, the optical module on card is not mat
                                       ched)                                    
83         0x813007C  1     2024-04-23 Loss of signal alarm.(hwPhysicalPortIfInd
                             17:31:32+ ex=16847362,BoardID=1,CardID=1,PortID=1,I
                            08:00      nterfaceName=GigabitEthernet1/1/1,AlarmNa
                                       me=ETH_LOS)                              
75         0x813005B  1     2024-04-23 The status of the physical interface is D
                             17:21:16+ own.(EntityPhysicalIndex=16847362, EntPhy
                            08:00      sicalIndex=16847362, EntPhysicalName=Giga
                                       bitEthernet1/1/1, EntityTrapFaultID=14438
                                       4, ReasonDescription=The status of the ph
                                       ysical interface is Down.)               
74         0x8520003  2     2024-04-23 The interface status changes. (ifName=Gig
                             17:21:16+ abitEthernet1/1/1, AdminStatus=UP, OperSt
                            08:00      atus=DOWN, Reason=Interface physical link
                                        is down, mainIfname=GigabitEthernet1/1/1
                                       )                                        
26         0x813005B  1     2021-04-28 The status of the physical interface is D
                             18:55:16+ own.(EntityPhysicalIndex=16847122, EntPhy
                            08:00      sicalIndex=16847122, EntPhysicalName=Giga
                                       bitEthernet1/0/17, EntityTrapFaultID=1443
                                       84, ReasonDescription=The status of the p
                                       hysical interface is Down.)              
25         0x813005B  1     2021-04-28 The status of the physical interface is D
                             18:55:16+ own.(EntityPhysicalIndex=16847120, EntPhy
                            08:00      sicalIndex=16847120, EntPhysicalName=Giga
                                       bitEthernet1/0/15, EntityTrapFaultID=1443
                                       84, ReasonDescription=The status of the p
                                       hysical interface is Down.)              
24         0x813005B  1     2021-04-28 The status of the physical interface is D
                             18:55:16+ own.(EntityPhysicalIndex=16847119, EntPhy
                            08:00      sicalIndex=16847119, EntPhysicalName=Giga
                                       bitEthernet1/0/14, EntityTrapFaultID=1443
                                       84, ReasonDescription=The status of the p
                                       hysical interface is Down.)              
23         0x813005B  1     2021-04-28 The status of the physical interface is D
                             18:55:16+ own.(EntityPhysicalIndex=16847118, EntPhy
                            08:00      sicalIndex=16847118, EntPhysicalName=Giga
                                       bitEthernet1/0/13, EntityTrapFaultID=1443
                                       84, ReasonDescription=The status of the p
                                       hysical interface is Down.)              
22         0x813005B  1     2021-04-28 The status of the physical interface is D
                             18:55:16+ own.(EntityPhysicalIndex=16847117, EntPhy
                            08:00      sicalIndex=16847117, EntPhysicalName=Giga
                                       bitEthernet1/0/12, EntityTrapFaultID=1443
                                       84, ReasonDescription=The status of the p
                                       hysical interface is Down.)              
21         0x813005B  1     2021-04-28 The status of the physical interface is D
                             18:55:15+ own.(EntityPhysicalIndex=16847108, EntPhy
                            08:00      sicalIndex=16847108, EntPhysicalName=Giga
                                       bitEthernet1/0/3, EntityTrapFaultID=14438
                                       4, ReasonDescription=The status of the ph
                                       ysical interface is Down.)               
20         0x813005B  1     2021-04-28 The status of the physical interface is D
                             18:55:15+ own.(EntityPhysicalIndex=16847107, EntPhy
                            08:00      sicalIndex=16847107, EntPhysicalName=Giga
                                       bitEthernet1/0/2, EntityTrapFaultID=14438
                                       4, ReasonDescription=The status of the ph
                                       ysical interface is Down.)               
2          0x81300B4  1     2021-04-28 The chassis failed partially. (EntityPhys
                             18:49:33+ icalIndex=16777216, EntPhysicalIndex=1677
                            08:00      7216, EntPhysicalName=chassis, EntityTrap
                                       FaultID=131328, Reason=The dustproof not 
                                       cleaned.)                                
--------------------------------------------------------------------------------
<LSCE06BHW>dis interface brief
PHY: Physical
*down: administratively down
^down: standby
(l): loopback
(s): spoofing
(E): E-Trunk down
(b): BFD down
(B): Bit-error-detection down
(e): ETHOAM down
(d): Dampening Suppressed
(p): port alarm down
(ld): loop-detect trigger down
(mf): mac-flapping blocked
InUti/OutUti: input utility/output utility
Interface                   PHY   Protocol  InUti OutUti   inErrors  outErrors
Eth-Trunk0                  up    up        0.42%  0.01%          0          0
  GigabitEthernet1/0/0      up    up        0.42%  0.01%          0          0
Eth-Trunk1                  up    up        0.02%  0.99%          0          0
  GigabitEthernet1/0/1      up    up        0.02%  0.99%          0          0
Eth-Trunk1.10               up    up           0%     0%          0          0
Eth-Trunk1.20               up    up           0%     0%          0          0
Eth-Trunk1.30               up    up           0%     0%          0          0
GigabitEthernet0/0/0        down  down         0%     0%          0          0
GigabitEthernet1/0/2        down  down         0%     0%          0          0
GigabitEthernet1/0/3        down  down         0%     0%          0          0
GigabitEthernet1/0/4        down  down         0%     0%          0          0
GigabitEthernet1/0/5        down  down         0%     0%          0          0
GigabitEthernet1/0/6        down  down         0%     0%          0          0
GigabitEthernet1/0/7        down  down         0%     0%          0          0
GigabitEthernet1/0/8        down  down         0%     0%          0          0
GigabitEthernet1/0/9        down  down         0%     0%          0          0
GigabitEthernet1/0/10       down  down         0%     0%          0          0
GigabitEthernet1/0/11       down  down         0%     0%          0          0
GigabitEthernet1/0/12       down  down         0%     0%          0          0
GigabitEthernet1/0/13       down  down         0%     0%          0          0
GigabitEthernet1/0/14       down  down         0%     0%          0          0
GigabitEthernet1/0/15       down  down         0%     0%          0          0
GigabitEthernet1/0/16       down  down         0%     0%          0          0
GigabitEthernet1/0/17       down  down         0%     0%          0          0
GigabitEthernet1/0/18       down  down         0%     0%          0          0
GigabitEthernet1/0/19       down  down         0%     0%          0          0
GigabitEthernet1/0/20       down  down         0%     0%          0          0
GigabitEthernet1/0/21       down  down         0%     0%          0          0
GigabitEthernet1/0/22       down  down         0%     0%          0          0
GigabitEthernet1/0/23       down  down         0%     0%          0          0
GigabitEthernet1/1/0(10G)   up    up        0.05%  0.01%          0          0
GigabitEthernet1/1/0.32(10G) up    up           0%     0%          0          0
GigabitEthernet1/1/0.33(10G) up    up           0%     0%          0          0
GigabitEthernet1/1/0.34(10G) up    down         0%     0%          0          0
GigabitEthernet1/1/1(10G)   down  down         0%     0%          0          0
GigabitEthernet1/1/2(10G)   up    up        0.01%  0.01%          0          0
GigabitEthernet1/1/3(10G)   down  down         0%     0%          0          0
GigabitEthernet1/1/4(10G)   down  down         0%     0%          0          0
LoopBack0                   up    up(s)        0%     0%          0          0
NULL0                       up    up(s)        0%     0%          0          0
Virtual-Template0           up    up(s)        0%     0%          0          0
