<LSCE03BHW>screen-length 0 temporary
Info: The configuration takes effect on the current user terminal interface only.
<LSCE03BHW>display device
NE40E-X16's Device status:
-------------------------------------------------------------------------------
Slot #   Type    Online     Register     Status     Role   LsId   Primary      
-------------------------------------------------------------------------------
1        LPU     Present    Registered   Normal     LC     0      NA           
4        LPU     Present    Registered   Normal     LC     0      NA           
5        LPU     Present    Registered   Normal     LC     0      NA           
6        LPU     Present    Registered   Normal     LC     0      NA           
7        LPU     Present    Registered   Normal     LC     0      NA           
15       LPU     Present    Registered   Normal     LC     0      NA           
17       MPU     Present    Registered   Normal     MMB    0      Master       
18       MPU     Present    Registered   Normal     MMB    0      Slave        
19       SFU     Present    Registered   Normal     OTHER  0      NA           
20       SFU     Present    Registered   Normal     OTHER  0      NA           
21       SFU     Present    Registered   Normal     OTHER  0      NA           
22       SFU     Present    Registered   Normal     OTHER  0      NA           
23       CLK     Present    Registered   Normal     OTHER  0      Master       
24       CLK     Present    Registered   Normal     OTHER  0      Slave        
25       PWR     Present    Registered   Normal     OTHER  0      NA           
26       PWR     Present    Registered   Normal     OTHER  0      NA           
27       FAN     Present    Registered   Normal     OTHER  0      NA           
28       FAN     Present    Registered   Normal     OTHER  0      NA           
29       FAN     Present    Registered   Normal     OTHER  0      NA           
30       FAN     Present    Registered   Normal     OTHER  0      NA           
-------------------------------------------------------------------------------
<LSCE03BHW>display cpu-usage
Cpu utilization statistics at 2026-03-13 12:04:00 773 ms
System cpu use rate is : 1%
Cpu utilization for five seconds: 1% ;  one minute: 1% ;  five minutes: 1%.
Max CPU Usage : 7%
Max CPU Usage Stat. Time : 2022-06-23 08:45:24 912 ms
---------------------------
ServiceName  UseRate
---------------------------
SYSTEM            1%
AAA               0%
ARP               0%
BRAS              0%
CMF               0%
CSP               0%
DEVICE            0%
DHCP              0%
ETRUNK            0%
EUM               0%
FEA               0%
FEC               0%
FIBRESM           0%
IFM               0%
IP STACK          0%
LDT               0%
LINK              0%
LOCAL PKT         0%
MFLP              0%
MSTP              0%
ND                0%
NETSTREAM         0%
OAM               0%
OSPF              0%
PKI               0%
PNP               0%
PTPA              0%
RBS               0%
RGM               0%
RM                0%
SLA               0%
SMLK              0%
SVRO              0%
TNLM              0%
TUNNEL            0%
VLAN              0%
VRRP              0%
---------------------------
CPU Usage Details
----------------------------------------------------------------
CPU     Current  FiveSec   OneMin  FiveMin  Max MaxTime         
----------------------------------------------------------------
cpu0         4%       5%       4%       4%  18% 2022-06-23 08:46:30
cpu1         2%       2%       2%       1%  18% 2023-03-01 16:03:15
cpu2         1%       1%       1%       1%  15% 2022-06-23 08:45:41
cpu3         1%       1%       1%       1%  17% 2023-02-24 16:03:04
cpu4         1%       1%       2%       2%  37% 2022-06-23 08:45:22
cpu5         1%       1%       1%       1%  17% 2022-11-24 15:59:18
cpu6         1%       1%       1%       1%  15% 2024-12-24 16:25:28
cpu7         1%       0%       1%       1%  19% 2022-06-23 08:44:03
cpu8         2%       1%       2%       1%  16% 2023-03-25 16:04:42
cpu9         0%       1%       2%       1%  18% 2023-03-11 16:03:55
cpu10        0%       0%       1%       1%  18% 2022-06-27 23:58:48
cpu11        0%       0%       0%       1%  17% 2023-04-06 16:05:10
cpu12        1%       0%       0%       1%  18% 2023-03-31 16:04:51
cpu13        2%       2%       1%       2%  16% 2022-11-21 15:59:02
cpu14        0%       0%       0%       1%  18% 2023-04-08 16:05:21
cpu15        0%       0%       0%       1%  14% 2023-02-16 16:02:36
cpu16        2%       1%       1%       1%  21% 2022-06-28 00:04:08
cpu17        1%       1%       1%       0%  13% 2022-11-16 15:59:28
cpu18        1%       1%       0%       0%  21% 2022-06-23 08:44:03
cpu19        0%       0%       0%       0%  17% 2023-04-10 16:05:32
cpu20        1%       1%       0%       0%  14% 2023-01-05 16:00:13
cpu21        1%       1%       1%       0%  19% 2023-04-11 16:05:40
cpu22        0%       0%       0%       0%  15% 2023-02-26 16:03:25
cpu23        1%       3%       2%       2%  14% 2022-11-25 15:58:57
----------------------------------------------------------------
<LSCE03BHW>display memory
Memory utilization statistics at 2026-03-13 12:04:00 868 ms
System Total Memory Is: 30744424 Kbytes
Total Memory Used Is: 3924128 Kbytes
Memory Using Percentage Is: 12%
----------------------------------------
Process memory information in the slot:
----------------------------------------
ProcessId  ProcessName      Used(Kbytes)
----------------------------------------
3          CFG                    953191
1012       PROTO4                 135933
1016       PSM1                   132754
1021       FESMB                   88501
9          LM                      75438
1004       RESP                    58390
1020       IFM                     55536
2          SM                      55907
1014       CFG_COMMON              44639
1059       OSPF                    44133
1015       LOGSERVER               38491
1028       OPS                     37468
10001      RM                      32644
1027       SSH                     41566
1010       ARP                     28757
1017       STK                     27222
1023       PNP                     22621
1026       UM                      24155
1006       PROTO5                  24148
1013       LLP                     23635
1025       OAM                     22611
1005       CLOCK                   22611
1003       SYSMNT                  21075
1007       PSM2                    23124
1063       LLDP                    21586
1024       NSM                     20562
1061       VRRP                    20562
1011       DHCP                    20049
1009       LLC                     16980
1022       TNL6                    22099
1008       PKI                     23635
1018       TELEMETRY               22099
1002       LICENSE                 24147
1019       EWM                     23122
1000       TMC                     19104
1001       TTY                     16465
0          system                1639168
----------------------------------------
<LSCE03BHW>dis alarm active
1:Critical  2:Major  3:Minor  4:Warning
--------------------------------------------------------------------------------
Sequence   AlarmId    Level Date Time  Description                              
--------------------------------------------------------------------------------
22554407   0x813007C  1     2026-01-20 Loss of signal alarm. (hwPhysicalPortIfIn
                             10:15:24- dex=17240323,BoardID=7,CardID=0,PortID=2,
                            16:59      InterfaceName=GigabitEthernet7/0/2,AlarmN
                                       ame=ETH_LOS)                             
22554406   0x813007C  1     2026-01-20 Loss of signal alarm. (hwPhysicalPortIfIn
                             10:15:24- dex=17240322,BoardID=7,CardID=0,PortID=1,
                            16:59      InterfaceName=GigabitEthernet7/0/1,AlarmN
                                       ame=ETH_LOS)                             
22554405   0x813007C  1     2026-01-20 Loss of signal alarm. (hwPhysicalPortIfIn
                             10:15:24- dex=17240321,BoardID=7,CardID=0,PortID=0,
                            16:59      InterfaceName=GigabitEthernet7/0/0,AlarmN
                                       ame=ETH_LOS)                             
22554404   0x813007C  1     2026-01-20 Loss of signal alarm. (hwPhysicalPortIfIn
                             10:15:21- dex=17109254,BoardID=5,CardID=0,PortID=5,
                            16:59      InterfaceName=GigabitEthernet5/0/5,AlarmN
                                       ame=ETH_LOS)                             
22554403   0x9362015  2     2026-01-20 The LACP status of the member port change
                             10:15:19- s to down. (TrunkIndex=378,PortIfIndex=12
                            16:59      7,TrunkId=11,TrunkName=Eth-Trunk11,PortNa
                                       me=GigabitEthernet7/0/1,Reason=LACP negot
                                       iation fails.)                           
22554402   0x9362015  2     2026-01-20 The LACP status of the member port change
                             10:15:19- s to down. (TrunkIndex=378,PortIfIndex=12
                            16:59      6,TrunkId=11,TrunkName=Eth-Trunk11,PortNa
                                       me=GigabitEthernet7/0/0,Reason=LACP negot
                                       iation fails.)                           
22554401   0x9362015  2     2026-01-20 The LACP status of the member port change
                             10:15:19- s to down. (TrunkIndex=378,PortIfIndex=12
                            16:59      8,TrunkId=11,TrunkName=Eth-Trunk11,PortNa
                                       me=GigabitEthernet7/0/2,Reason=LACP negot
                                       iation fails.)                           
22554400   0x9360000  2     2026-01-20 The member of LAG can neither receive PDU
                             10:15:19- s nor send PDUs. (TrunkIndex=9, PortIfInd
                            16:59      ex=126, TrunkId=11, TrunkName=Eth-Trunk11
                                       , PortName=GigabitEthernet7/0/0, Reason=A
                                        link fault occurred or negotiation infor
                                       mation synchronization failed.)          
22554399   0x9360000  2     2026-01-20 The member of LAG can neither receive PDU
                             10:15:19- s nor send PDUs. (TrunkIndex=9, PortIfInd
                            16:59      ex=127, TrunkId=11, TrunkName=Eth-Trunk11
                                       , PortName=GigabitEthernet7/0/1, Reason=A
                                        link fault occurred or negotiation infor
                                       mation synchronization failed.)          
22554398   0x9360000  2     2026-01-20 The member of LAG can neither receive PDU
                             10:15:19- s nor send PDUs. (TrunkIndex=9, PortIfInd
                            16:59      ex=128, TrunkId=11, TrunkName=Eth-Trunk11
                                       , PortName=GigabitEthernet7/0/2, Reason=A
                                        link fault occurred or negotiation infor
                                       mation synchronization failed.)          
22554397   0x9360001  2     2026-01-20 Link bandwidth lost totally. (TrunkIndex=
                             10:15:19- 9, TrunkIfIndex=378, TrunkId=11, TrunkNam
                            16:59      e=Eth-Trunk11, Reason=No link is selected
                                       .)                                       
22554396   0x9360000  2     2026-01-20 The member of LAG can neither receive PDU
                             10:15:19- s nor send PDUs. (TrunkIndex=8, PortIfInd
                            16:59      ex=83, TrunkId=10, TrunkName=Eth-Trunk10,
                                        PortName=GigabitEthernet5/0/5, Reason=A 
                                       link fault occurred or negotiation inform
                                       ation synchronization failed.)           
22554395   0x9360001  2     2026-01-20 Link bandwidth lost totally. (TrunkIndex=
                             10:15:19- 8, TrunkIfIndex=377, TrunkId=10, TrunkNam
                            16:59      e=Eth-Trunk10, Reason=No link is selected
                                       .)                                       
22554394   0x9362015  2     2026-01-20 The LACP status of the member port change
                             10:15:19- s to down. (TrunkIndex=377,PortIfIndex=83
                            16:59      ,TrunkId=10,TrunkName=Eth-Trunk10,PortNam
                                       e=GigabitEthernet5/0/5,Reason=LACP negoti
                                       ation fails.)                            
22554393   0x81300A8  1     2026-01-20 The status of the physical interface is D
                             10:15:18- own. (BaseTrapSeverity=3, BaseTrapProbabl
                            16:59      eCause=74752, BaseTrapEventType=5, Entity
                                       PhysicalIndex=17240323,EntPhysicalName=Gi
                                       gabitEthernet7/0/2, ReasonDescription=The
                                        status of the physical interface is Down
                                       .)                                       
22554392   0x81300A8  1     2026-01-20 The status of the physical interface is D
                             10:15:18- own. (BaseTrapSeverity=3, BaseTrapProbabl
                            16:59      eCause=74752, BaseTrapEventType=5, Entity
                                       PhysicalIndex=17240322,EntPhysicalName=Gi
                                       gabitEthernet7/0/1, ReasonDescription=The
                                        status of the physical interface is Down
                                       .)                                       
22554391   0x81300A8  1     2026-01-20 The status of the physical interface is D
                             10:15:18- own. (BaseTrapSeverity=3, BaseTrapProbabl
                            16:59      eCause=74752, BaseTrapEventType=5, Entity
                                       PhysicalIndex=17240321,EntPhysicalName=Gi
                                       gabitEthernet7/0/0, ReasonDescription=The
                                        status of the physical interface is Down
                                       .)                                       
22554390   0x81300A8  1     2026-01-20 The status of the physical interface is D
                             10:15:18- own. (BaseTrapSeverity=3, BaseTrapProbabl
                            16:59      eCause=74752, BaseTrapEventType=5, Entity
                                       PhysicalIndex=17109254,EntPhysicalName=Gi
                                       gabitEthernet5/0/5, ReasonDescription=The
                                        status of the physical interface is Down
                                       .)                                       
22554389   0x8532008  3     2026-01-20 The last member interface link status cha
                             10:15:18- nges to down. (TrunkIfIndex=377, TrunkNam
                            16:59      e=Eth-Trunk10)                           
22554388   0x8532008  3     2026-01-20 The last member interface link status cha
                             10:15:18- nges to down. (TrunkIfIndex=378, TrunkNam
                            16:59      e=Eth-Trunk11)                           
22554387   0x8900005  2     2026-01-20 The status of the non-virtual neighbor ha
                             10:15:18- s changed. (RouterId=223.104.26.111, NbrI
                            16:59      pAddress=10.237.111.146, NbrAddressLessIn
                                       dex=0, NbrRtrId=221.177.132.245, NbrState
                                       =1, ProcessId=20, AreaId=0.0.0.11, IfnetI
                                       ndex=378, LocalIfIpAddress=10.237.111.145
                                       , IfName=Eth-Trunk11, VpnName=GPRS_Gi, Re
                                       ason=Physical interface change, SubReason
                                       =Link Fault or Interface Configuration Ch
                                       ange)                                    
22554386   0x8930003  2     2026-01-20 The status of the non-virtual neighbor ha
                             10:15:18- s changed. (RouterId=223.104.26.111, NbrI
                            16:59      fIndex=378, NbrIfInstId=0, NbrRtrId=221.1
                                       77.132.245, NbrState=1, IfName=Eth-Trunk1
                                       1, Reason=Physical interface change, SubR
                                       eason=Link Fault or Interface Configurati
                                       on Change)                               
22554385   0x813007C  1     2026-01-20 Loss of signal alarm. (hwPhysicalPortIfIn
                             10:15:14- dex=17240330,BoardID=7,CardID=0,PortID=9,
                            16:59      InterfaceName=GigabitEthernet7/0/9,AlarmN
                                       ame=ETH_LOS)                             
22554384   0x813007C  1     2026-01-20 Loss of signal alarm. (hwPhysicalPortIfIn
                             10:15:14- dex=17240329,BoardID=7,CardID=0,PortID=8,
                            16:59      InterfaceName=GigabitEthernet7/0/8,AlarmN
                                       ame=ETH_LOS)                             
22554383   0x813007C  1     2026-01-20 Loss of signal alarm. (hwPhysicalPortIfIn
                             10:15:14- dex=17240328,BoardID=7,CardID=0,PortID=7,
                            16:59      InterfaceName=GigabitEthernet7/0/7,AlarmN
                                       ame=ETH_LOS)                             
22554382   0x813007C  1     2026-01-20 Loss of signal alarm. (hwPhysicalPortIfIn
                             10:15:14- dex=17240327,BoardID=7,CardID=0,PortID=6,
                            16:59      InterfaceName=GigabitEthernet7/0/6,AlarmN
                                       ame=ETH_LOS)                             
22554381   0x813007C  1     2026-01-20 Loss of signal alarm. (hwPhysicalPortIfIn
                             10:15:14- dex=17240326,BoardID=7,CardID=0,PortID=5,
                            16:59      InterfaceName=GigabitEthernet7/0/5,AlarmN
                                       ame=ETH_LOS)                             
22554380   0x813007C  1     2026-01-20 Loss of signal alarm. (hwPhysicalPortIfIn
                             10:15:14- dex=17240325,BoardID=7,CardID=0,PortID=4,
                            16:59      InterfaceName=GigabitEthernet7/0/4,AlarmN
                                       ame=ETH_LOS)                             
22554379   0x813007C  1     2026-01-20 Loss of signal alarm. (hwPhysicalPortIfIn
                             10:15:14- dex=17240324,BoardID=7,CardID=0,PortID=3,
                            16:59      InterfaceName=GigabitEthernet7/0/3,AlarmN
                                       ame=ETH_LOS)                             
22554378   0x9362015  2     2026-01-20 The LACP status of the member port change
                             10:15:12- s to down. (TrunkIndex=378,PortIfIndex=13
                            16:59      5,TrunkId=11,TrunkName=Eth-Trunk11,PortNa
                                       me=GigabitEthernet7/0/9,Reason=LACP negot
                                       iation fails.)                           
22554377   0x9362015  2     2026-01-20 The LACP status of the member port change
                             10:15:12- s to down. (TrunkIndex=378,PortIfIndex=13
                            16:59      4,TrunkId=11,TrunkName=Eth-Trunk11,PortNa
                                       me=GigabitEthernet7/0/8,Reason=LACP negot
                                       iation fails.)                           
22554376   0x9362015  2     2026-01-20 The LACP status of the member port change
                             10:15:12- s to down. (TrunkIndex=378,PortIfIndex=13
                            16:59      3,TrunkId=11,TrunkName=Eth-Trunk11,PortNa
                                       me=GigabitEthernet7/0/7,Reason=LACP negot
                                       iation fails.)                           
22554375   0x9362015  2     2026-01-20 The LACP status of the member port change
                             10:15:12- s to down. (TrunkIndex=378,PortIfIndex=13
                            16:59      2,TrunkId=11,TrunkName=Eth-Trunk11,PortNa
                                       me=GigabitEthernet7/0/6,Reason=LACP negot
                                       iation fails.)                           
22554374   0x9362015  2     2026-01-20 The LACP status of the member port change
                             10:15:12- s to down. (TrunkIndex=378,PortIfIndex=13
                            16:59      1,TrunkId=11,TrunkName=Eth-Trunk11,PortNa
                                       me=GigabitEthernet7/0/5,Reason=LACP negot
                                       iation fails.)                           
22554373   0x9362015  2     2026-01-20 The LACP status of the member port change
                             10:15:12- s to down. (TrunkIndex=378,PortIfIndex=13
                            16:59      0,TrunkId=11,TrunkName=Eth-Trunk11,PortNa
                                       me=GigabitEthernet7/0/4,Reason=LACP negot
                                       iation fails.)                           
22554372   0x9362015  2     2026-01-20 The LACP status of the member port change
                             10:15:12- s to down. (TrunkIndex=378,PortIfIndex=12
                            16:59      9,TrunkId=11,TrunkName=Eth-Trunk11,PortNa
                                       me=GigabitEthernet7/0/3,Reason=LACP negot
                                       iation fails.)                           
22554371   0x9360000  2     2026-01-20 The member of LAG can neither receive PDU
                             10:15:12- s nor send PDUs. (TrunkIndex=9, PortIfInd
                            16:59      ex=129, TrunkId=11, TrunkName=Eth-Trunk11
                                       , PortName=GigabitEthernet7/0/3, Reason=A
                                        link fault occurred or negotiation infor
                                       mation synchronization failed.)          
22554370   0x9360000  2     2026-01-20 The member of LAG can neither receive PDU
                             10:15:12- s nor send PDUs. (TrunkIndex=9, PortIfInd
                            16:59      ex=130, TrunkId=11, TrunkName=Eth-Trunk11
                                       , PortName=GigabitEthernet7/0/4, Reason=A
                                        link fault occurred or negotiation infor
                                       mation synchronization failed.)          
22554369   0x9360000  2     2026-01-20 The member of LAG can neither receive PDU
                             10:15:12- s nor send PDUs. (TrunkIndex=9, PortIfInd
                            16:59      ex=131, TrunkId=11, TrunkName=Eth-Trunk11
                                       , PortName=GigabitEthernet7/0/5, Reason=A
                                        link fault occurred or negotiation infor
                                       mation synchronization failed.)          
22554368   0x9360000  2     2026-01-20 The member of LAG can neither receive PDU
                             10:15:12- s nor send PDUs. (TrunkIndex=9, PortIfInd
                            16:59      ex=132, TrunkId=11, TrunkName=Eth-Trunk11
                                       , PortName=GigabitEthernet7/0/6, Reason=A
                                        link fault occurred or negotiation infor
                                       mation synchronization failed.)          
22554367   0x9360000  2     2026-01-20 The member of LAG can neither receive PDU
                             10:15:12- s nor send PDUs. (TrunkIndex=9, PortIfInd
                            16:59      ex=133, TrunkId=11, TrunkName=Eth-Trunk11
                                       , PortName=GigabitEthernet7/0/7, Reason=A
                                        link fault occurred or negotiation infor
                                       mation synchronization failed.)          
22554366   0x9360000  2     2026-01-20 The member of LAG can neither receive PDU
                             10:15:12- s nor send PDUs. (TrunkIndex=9, PortIfInd
                            16:59      ex=134, TrunkId=11, TrunkName=Eth-Trunk11
                                       , PortName=GigabitEthernet7/0/8, Reason=A
                                        link fault occurred or negotiation infor
                                       mation synchronization failed.)          
22554365   0x9360000  2     2026-01-20 The member of LAG can neither receive PDU
                             10:15:12- s nor send PDUs. (TrunkIndex=9, PortIfInd
                            16:59      ex=135, TrunkId=11, TrunkName=Eth-Trunk11
                                       , PortName=GigabitEthernet7/0/9, Reason=A
                                        link fault occurred or negotiation infor
                                       mation synchronization failed.)          
22554364   0x81300A8  1     2026-01-20 The status of the physical interface is D
                             10:15:11- own. (BaseTrapSeverity=3, BaseTrapProbabl
                            16:59      eCause=74752, BaseTrapEventType=5, Entity
                                       PhysicalIndex=17240327,EntPhysicalName=Gi
                                       gabitEthernet7/0/6, ReasonDescription=The
                                        status of the physical interface is Down
                                       .)                                       
22554363   0x81300A8  1     2026-01-20 The status of the physical interface is D
                             10:15:11- own. (BaseTrapSeverity=3, BaseTrapProbabl
                            16:59      eCause=74752, BaseTrapEventType=5, Entity
                                       PhysicalIndex=17240326,EntPhysicalName=Gi
                                       gabitEthernet7/0/5, ReasonDescription=The
                                        status of the physical interface is Down
                                       .)                                       
22554362   0x81300A8  1     2026-01-20 The status of the physical interface is D
                             10:15:11- own. (BaseTrapSeverity=3, BaseTrapProbabl
                            16:59      eCause=74752, BaseTrapEventType=5, Entity
                                       PhysicalIndex=17240325,EntPhysicalName=Gi
                                       gabitEthernet7/0/4, ReasonDescription=The
                                        status of the physical interface is Down
                                       .)                                       
22554361   0x81300A8  1     2026-01-20 The status of the physical interface is D
                             10:15:11- own. (BaseTrapSeverity=3, BaseTrapProbabl
                            16:59      eCause=74752, BaseTrapEventType=5, Entity
                                       PhysicalIndex=17240324,EntPhysicalName=Gi
                                       gabitEthernet7/0/3, ReasonDescription=The
                                        status of the physical interface is Down
                                       .)                                       
22554360   0x81300A8  1     2026-01-20 The status of the physical interface is D
                             10:15:11- own. (BaseTrapSeverity=3, BaseTrapProbabl
                            16:59      eCause=74752, BaseTrapEventType=5, Entity
                                       PhysicalIndex=17240330,EntPhysicalName=Gi
                                       gabitEthernet7/0/9, ReasonDescription=The
                                        status of the physical interface is Down
                                       .)                                       
22554359   0x81300A8  1     2026-01-20 The status of the physical interface is D
                             10:15:11- own. (BaseTrapSeverity=3, BaseTrapProbabl
                            16:59      eCause=74752, BaseTrapEventType=5, Entity
                                       PhysicalIndex=17240329,EntPhysicalName=Gi
                                       gabitEthernet7/0/8, ReasonDescription=The
                                        status of the physical interface is Down
                                       .)                                       
22554358   0x81300A8  1     2026-01-20 The status of the physical interface is D
                             10:15:11- own. (BaseTrapSeverity=3, BaseTrapProbabl
                            16:59      eCause=74752, BaseTrapEventType=5, Entity
                                       PhysicalIndex=17240328,EntPhysicalName=Gi
                                       gabitEthernet7/0/7, ReasonDescription=The
                                        status of the physical interface is Down
                                       .)                                       
22487840   0x813007C  1     2025-11-07 Loss of signal alarm. (hwPhysicalPortIfIn
                             09:57:26- dex=16847363,BoardID=1,CardID=1,PortID=2,
                            16:59      InterfaceName=GigabitEthernet1/1/2,AlarmN
                                       ame=ETH_LOS)                             
22385117   0x8130055  1     2025-07-16 Physical entity failed. (BaseTrapSeverity
                             02:44:41- =4, BaseTrapProbableCause=67696, BaseTrap
                            16:59      EventType=5, EntityPhysicalIndex=17764609
                                       , EntPhysicalContainedIn=17764608, EntPhy
                                       sicalName=GigabitEthernet15/0/0, Relative
                                       Resource=Optical Module, ReasonDescriptio
                                       n=GigabitEthernet15/0/0 is failed, the op
                                       tical module receive power is too high)  
22288954   0x8900005  2     2025-03-27 The status of the non-virtual neighbor ha
                             10:45:34- s changed. (RouterId=223.103.26.85, NbrIp
                            16:59      Address=10.234.35.81, NbrAddressLessIndex
                                       =0, NbrRtrId=221.177.132.211, NbrState=1,
                                        ProcessId=10, AreaId=0.0.0.2, IfnetIndex
                                       =377, LocalIfIpAddress=10.234.35.82, IfNa
                                       me=Eth-Trunk10, VpnName=GPRS_Gn, Reason=P
                                       eer router reason, SubReason=1-Wayhello R
                                       eceived)                                 
22287547   0x813007C  1     2025-03-25 Loss of signal alarm. (hwPhysicalPortIfIn
                             19:55:28- dex=17109253,BoardID=5,CardID=0,PortID=4,
                            16:59      InterfaceName=GigabitEthernet5/0/4,AlarmN
                                       ame=ETH_LOS)                             
22287215   0x8520003  2     2025-03-25 The interface status changes. (ifName=Vla
                             11:27:29- nif1600, AdminStatus=UP, OperStatus=DOWN,
                            16:59       Reason=Interface physical link is down, 
                                       mainIfname=Vlanif1600)                   
22287214   0x8520003  2     2025-03-25 The interface status changes. (ifName=Gig
                             11:27:29- abitEthernet5/0/4, AdminStatus=UP, OperSt
                            16:59      atus=DOWN, Reason=Interface physical link
                                        is down, mainIfname=GigabitEthernet5/0/4
                                       )                                        
22276254   0x81300A8  1     2025-03-13 The status of the physical interface is D
                             08:14:34- own. (BaseTrapSeverity=3, BaseTrapProbabl
                            16:59      eCause=74752, BaseTrapEventType=5, Entity
                                       PhysicalIndex=17109253,EntPhysicalName=Gi
                                       gabitEthernet5/0/4, ReasonDescription=The
                                        status of the physical interface is Down
                                       .)                                       
22202171   0x8130098  1     2024-12-18 Physical entity is removed.(BaseTrapSever
                             01:12:46- ity=4, BaseTrapProbableCause=65541, BaseT
                            16:59      rapEventType=5, EntityPhysicalIndex=17174
                                       793, EntPhysicalContainedIn=17174784, Ent
                                       PhysicalName=GigabitEthernet6/0/8, Reason
                                       =The optical module was removed from an i
                                       nterface of the subcard.)                
22202170   0x8130098  1     2024-12-18 Physical entity is removed.(BaseTrapSever
                             01:12:44- ity=4, BaseTrapProbableCause=65541, BaseT
                            16:59      rapEventType=5, EntityPhysicalIndex=17174
                                       794, EntPhysicalContainedIn=17174784, Ent
                                       PhysicalName=GigabitEthernet6/0/9, Reason
                                       =The optical module was removed from an i
                                       nterface of the subcard.)                
22202156   0x81300A8  1     2024-12-18 The status of the physical interface is D
                             00:57:15- own. (BaseTrapSeverity=3, BaseTrapProbabl
                            16:59      eCause=74752, BaseTrapEventType=5, Entity
                                       PhysicalIndex=17174794,EntPhysicalName=Gi
                                       gabitEthernet6/0/9, ReasonDescription=The
                                        status of the physical interface is Down
                                       .)                                       
22202155   0x8520003  2     2024-12-18 The interface status changes. (ifName=Gig
                             00:57:15- abitEthernet6/0/9, AdminStatus=UP, OperSt
                            16:59      atus=DOWN, Reason=Interface physical link
                                        is down, mainIfname=Eth-Trunk17)        
22202154   0x8520003  2     2024-12-18 The interface status changes. (ifName=Eth
                             00:57:15- -Trunk17, AdminStatus=UP, OperStatus=DOWN
                            16:59      , Reason=The conditions for the activatio
                                       n of the interface are not met, mainIfnam
                                       e=Eth-Trunk17)                           
22202152   0x81300A8  1     2024-12-18 The status of the physical interface is D
                             00:57:02- own. (BaseTrapSeverity=3, BaseTrapProbabl
                            16:59      eCause=74752, BaseTrapEventType=5, Entity
                                       PhysicalIndex=17174793,EntPhysicalName=Gi
                                       gabitEthernet6/0/8, ReasonDescription=The
                                        status of the physical interface is Down
                                       .)                                       
22202151   0x8520003  2     2024-12-18 The interface status changes. (ifName=Gig
                             00:57:02- abitEthernet6/0/8, AdminStatus=UP, OperSt
                            16:59      atus=DOWN, Reason=Interface physical link
                                        is down, mainIfname=Eth-Trunk16)        
22202150   0x8520003  2     2024-12-18 The interface status changes. (ifName=Eth
                             00:57:02- -Trunk16, AdminStatus=UP, OperStatus=DOWN
                            16:59      , Reason=The conditions for the activatio
                                       n of the interface are not met, mainIfnam
                                       e=Eth-Trunk16)                           
21843999   0x81300A8  1     2023-11-01 The status of the physical interface is D
                             15:43:09- own. (BaseTrapSeverity=3, BaseTrapProbabl
                            16:59      eCause=74752, BaseTrapEventType=5, Entity
                                       PhysicalIndex=16847363,EntPhysicalName=Gi
                                       gabitEthernet1/1/2, ReasonDescription=The
                                        status of the physical interface is Down
                                       .)                                       
13841435   0x8900005  2     2023-05-04 The status of the non-virtual neighbor ha
                             01:11:42- s changed. (RouterId=223.103.26.85, NbrIp
                            16:59      Address=223.104.26.101, NbrAddressLessInd
                                       ex=0, NbrRtrId=221.177.132.41, NbrState=1
                                       , ProcessId=10, AreaId=0.0.0.0, IfnetInde
                                       x=22, LocalIfIpAddress=223.104.26.102, If
                                       Name=Eth-Trunk0.1000, VpnName=GPRS_Gn, Re
                                       ason=Adjacency holdTimer expired, SubReas
                                       on=Hello Not Seen)                       
13841424   0x8900005  2     2023-05-04 The status of the non-virtual neighbor ha
                             01:11:22- s changed. (RouterId=223.104.26.111, NbrI
                            16:59      pAddress=223.104.26.113, NbrAddressLessIn
                                       dex=0, NbrRtrId=221.177.132.49, NbrState=
                                       1, ProcessId=20, AreaId=0.0.0.0, IfnetInd
                                       ex=23, LocalIfIpAddress=223.104.26.114, I
                                       fName=Eth-Trunk0.1001, VpnName=GPRS_Gi, R
                                       eason=Adjacency holdTimer expired, SubRea
                                       son=Hello Not Seen)                      
13841420   0x8930003  2     2023-05-04 The status of the non-virtual neighbor ha
                             01:11:17- s changed. (RouterId=223.104.26.111, NbrI
                            16:59      fIndex=23, NbrIfInstId=0, NbrRtrId=221.17
                                       7.132.49, NbrState=1, IfName=Eth-Trunk0.1
                                       001, Reason=Adjacency holdTimer expired, 
                                       SubReason=Hello Not Seen)                
3965324    0x8130055  1     2022-09-22 Physical entity failed. (BaseTrapSeverity
                             01:43:53- =4, BaseTrapProbableCause=67995, BaseTrap
                            16:59      EventType=5, EntityPhysicalIndex=16777216
                                       , EntPhysicalContainedIn=16777216, EntPhy
                                       sicalName=X16 frame, RelativeResource=NA,
                                        ReasonDescription=The air filter inside 
                                       the chassis was not cleaned.)            
857029     0x8130055  1     2022-07-13 Physical entity failed. (BaseTrapSeverity
                             12:49:55- =6, BaseTrapProbableCause=67660, BaseTrap
                            16:59      EventType=5, EntityPhysicalIndex=17760256
                                       , EntPhysicalContainedIn=17760256, EntPhy
                                       sicalName=PhyMbusNode 15, RelativeResourc
                                       e=Power, ReasonDescription=Slot 15 is fai
                                       led, the second 48V power supply became f
                                       aulty)                                   
856948     0x8130098  1     2022-07-13 Physical entity is removed.(BaseTrapSever
                             12:47:16- ity=4, BaseTrapProbableCause=65537, BaseT
                            16:59      rapEventType=5, EntityPhysicalIndex=17825
                                       792, EntPhysicalContainedIn=17825792, Ent
                                       PhysicalName=LPU slot 16, Reason=The boar
                                       d is pulled out.The trap was generated be
                                       cause the user pressed the Offline button
                                        and then pulled out the board.)         
1217       0x8520003  2     2022-06-23 The interface status changes. (ifName=Gig
                             09:47:23- abitEthernet0/0/0, AdminStatus=UP, OperSt
                            16:59      atus=DOWN, Reason=Interface physical link
                                        is down, mainIfname=GigabitEthernet0/0/0
                                       )                                        
180        0x81300A8  1     2022-06-23 The status of the physical interface is D
                             09:13:55- own. (BaseTrapSeverity=3, BaseTrapProbabl
                            16:59      eCause=74752, BaseTrapEventType=5, Entity
                                       PhysicalIndex=16847384,EntPhysicalName=Gi
                                       gabitEthernet1/1/23, ReasonDescription=Th
                                       e status of the physical interface is Dow
                                       n.)                                      
179        0x81300A8  1     2022-06-23 The status of the physical interface is D
                             09:13:54- own. (BaseTrapSeverity=3, BaseTrapProbabl
                            16:59      eCause=74752, BaseTrapEventType=5, Entity
                                       PhysicalIndex=16847383,EntPhysicalName=Gi
                                       gabitEthernet1/1/22, ReasonDescription=Th
                                       e status of the physical interface is Dow
                                       n.)                                      
178        0x81300A8  1     2022-06-23 The status of the physical interface is D
                             09:13:54- own. (BaseTrapSeverity=3, BaseTrapProbabl
                            16:59      eCause=74752, BaseTrapEventType=5, Entity
                                       PhysicalIndex=16847382,EntPhysicalName=Gi
                                       gabitEthernet1/1/21, ReasonDescription=Th
                                       e status of the physical interface is Dow
                                       n.)                                      
177        0x81300A8  1     2022-06-23 The status of the physical interface is D
                             09:13:54- own. (BaseTrapSeverity=3, BaseTrapProbabl
                            16:59      eCause=74752, BaseTrapEventType=5, Entity
                                       PhysicalIndex=16847378,EntPhysicalName=Gi
                                       gabitEthernet1/1/17, ReasonDescription=Th
                                       e status of the physical interface is Dow
                                       n.)                                      
175        0x81300A8  1     2022-06-23 The status of the physical interface is D
                             09:13:54- own. (BaseTrapSeverity=3, BaseTrapProbabl
                            16:59      eCause=74752, BaseTrapEventType=5, Entity
                                       PhysicalIndex=16847377,EntPhysicalName=Gi
                                       gabitEthernet1/1/16, ReasonDescription=Th
                                       e status of the physical interface is Dow
                                       n.)                                      
174        0x81300A8  1     2022-06-23 The status of the physical interface is D
                             09:13:54- own. (BaseTrapSeverity=3, BaseTrapProbabl
                            16:59      eCause=74752, BaseTrapEventType=5, Entity
                                       PhysicalIndex=16847376,EntPhysicalName=Gi
                                       gabitEthernet1/1/15, ReasonDescription=Th
                                       e status of the physical interface is Dow
                                       n.)                                      
173        0x81300A8  1     2022-06-23 The status of the physical interface is D
                             09:13:54- own. (BaseTrapSeverity=3, BaseTrapProbabl
                            16:59      eCause=74752, BaseTrapEventType=5, Entity
                                       PhysicalIndex=16847375,EntPhysicalName=Gi
                                       gabitEthernet1/1/14, ReasonDescription=Th
                                       e status of the physical interface is Dow
                                       n.)                                      
172        0x81300A8  1     2022-06-23 The status of the physical interface is D
                             09:13:54- own. (BaseTrapSeverity=3, BaseTrapProbabl
                            16:59      eCause=74752, BaseTrapEventType=5, Entity
                                       PhysicalIndex=16847374,EntPhysicalName=Gi
                                       gabitEthernet1/1/13, ReasonDescription=Th
                                       e status of the physical interface is Dow
                                       n.)                                      
170        0x81300A8  1     2022-06-23 The status of the physical interface is D
                             09:13:54- own. (BaseTrapSeverity=3, BaseTrapProbabl
                            16:59      eCause=74752, BaseTrapEventType=5, Entity
                                       PhysicalIndex=16847373,EntPhysicalName=Gi
                                       gabitEthernet1/1/12, ReasonDescription=Th
                                       e status of the physical interface is Dow
                                       n.)                                      
169        0x81300A8  1     2022-06-23 The status of the physical interface is D
                             09:13:54- own. (BaseTrapSeverity=3, BaseTrapProbabl
                            16:59      eCause=74752, BaseTrapEventType=5, Entity
                                       PhysicalIndex=16847372,EntPhysicalName=Gi
                                       gabitEthernet1/1/11, ReasonDescription=Th
                                       e status of the physical interface is Dow
                                       n.)                                      
168        0x81300A8  1     2022-06-23 The status of the physical interface is D
                             09:13:54- own. (BaseTrapSeverity=3, BaseTrapProbabl
                            16:59      eCause=74752, BaseTrapEventType=5, Entity
                                       PhysicalIndex=16847371,EntPhysicalName=Gi
                                       gabitEthernet1/1/10, ReasonDescription=Th
                                       e status of the physical interface is Dow
                                       n.)                                      
167        0x81300A8  1     2022-06-23 The status of the physical interface is D
                             09:13:54- own. (BaseTrapSeverity=3, BaseTrapProbabl
                            16:59      eCause=74752, BaseTrapEventType=5, Entity
                                       PhysicalIndex=16847370,EntPhysicalName=Gi
                                       gabitEthernet1/1/9, ReasonDescription=The
                                        status of the physical interface is Down
                                       .)                                       
150        0x8520003  2     2022-06-23 The interface status changes. (ifName=Gig
                             09:13:51- abitEthernet1/1/2, AdminStatus=UP, OperSt
                            16:59      atus=DOWN, Reason=Interface physical link
                                        is down, mainIfname=GigabitEthernet1/1/2
                                       )                                        
43         0x81300A8  1     2022-06-23 The status of the physical interface is D
                             09:04:33- own. (BaseTrapSeverity=3, BaseTrapProbabl
                            16:59      eCause=74752, BaseTrapEventType=5, Entity
                                       PhysicalIndex=17174785,EntPhysicalName=Gi
                                       gabitEthernet6/0/0, ReasonDescription=The
                                        status of the physical interface is Down
                                       .)                                       
24         0xF10466   2     2022-06-23 With the development of cryptographic tec
                             08:55:10- hnologies and the improvement of computin
                            16:59      g capabilities, some cryptographic algori
                                       thm and protocols are deprecated. Please 
                                       use more secure algorithms and protocols.
                                        (Type=insecure algorithm)               
23         0xF10466   2     2022-06-23 With the development of cryptographic tec
                             08:55:10- hnologies and the improvement of computin
                            16:59      g capabilities, some cryptographic algori
                                       thm and protocols are deprecated. Please 
                                       use more secure algorithms and protocols.
                                        (Type=insecure protocol)                
14         0x9360001  2     2022-06-23 Link bandwidth lost totally. (TrunkIndex=
                             08:45:19- 4, TrunkIfIndex=28, TrunkId=6, TrunkName=
                            16:59      Eth-Trunk6, Reason=No link is selected.) 
--------------------------------------------------------------------------------
<LSCE03BHW>dis interface brief
PHY: Physical
*down: administratively down
^down: standby
(l): loopback
(s): spoofing
(E): E-Trunk down
(b): BFD down
(B): Bit-error-detection down
(e): ETHOAM down
(d): Dampening Suppressed
(p): port alarm down
(ld): loop-detect trigger down
(mf): mac-flapping blocked
(c): CFM down
(sd): STP instance discarding
InUti/OutUti: input utility/output utility
Interface                   PHY   Protocol  InUti OutUti   inErrors  outErrors
Eth-Trunk0                  up    up        0.01%  0.01%       1155          0
  GigabitEthernet1/0/0(10G) up    up        0.01%  0.01%          7          0
  GigabitEthernet1/0/2(10G) up    up        0.01%  0.01%          0          0
  GigabitEthernet1/0/4(10G) up    up        0.01%  0.01%          0          0
  GigabitEthernet1/0/9(10G) up    up        0.01%  0.01%       1148          0
  GigabitEthernet4/0/0(10G) up    up        0.01%  0.01%          0          0
  GigabitEthernet4/0/3(10G) up    up        0.01%  0.01%          0          0
  GigabitEthernet4/0/9(10G) up    up        0.01%  0.01%          0          0
  GigabitEthernet4/0/10(10G) up    up        0.01%  0.01%          0          0
  GigabitEthernet4/0/11(10G) up    up        0.01%  0.01%          0          0
  GigabitEthernet5/0/0(10G) up    up        0.01%  0.01%          0          0
Eth-Trunk0.10               up    up           0%     0%          0          0
Eth-Trunk0.1000             up    up           0%     0%          0          0
Eth-Trunk0.1001             up    up           0%     0%          0          0
Eth-Trunk0.1002             up    up           0%     0%          0          0
Eth-Trunk1                  up    up        0.01%  0.01%          0          0
  GigabitEthernet1/0/1(10G) up    up        0.01%  0.01%          0          0
  GigabitEthernet1/0/8(10G) up    up        0.01%  0.01%          0          0
  GigabitEthernet5/0/1(10G) up    up        0.01%  0.01%          0          0
  GigabitEthernet5/0/2(10G) up    up        0.01%  0.01%          0          0
  GigabitEthernet5/0/3(10G) up    up        0.01%  0.01%          0          0
  GigabitEthernet6/0/1(10G) up    up        0.01%  0.01%          0          0
  GigabitEthernet6/0/2(10G) up    up        0.01%  0.01%          0          0
  GigabitEthernet6/0/3(10G) up    up        0.01%  0.01%          0          0
Eth-Trunk2                  up    up        0.07%  0.02%          0          0
  GigabitEthernet4/0/4(10G) up    up        0.07%  0.02%          0          0
Eth-Trunk3                  up    up        0.01%  0.01%          0          0
  GigabitEthernet1/0/3(10G) up    up        0.01%  0.01%          0          0
  GigabitEthernet1/0/5(10G) up    up        0.01%  0.01%          0          0
  GigabitEthernet1/0/6(10G) up    up        0.01%  0.01%          0          0
  GigabitEthernet1/0/7(10G) up    up        0.01%  0.01%          0          0
  GigabitEthernet4/0/1(10G) up    up        0.01%  0.01%          0          0
  GigabitEthernet4/0/2(10G) up    up        0.01%  0.01%          0          0
  GigabitEthernet4/0/5(10G) up    up        0.01%  0.01%          0          0
  GigabitEthernet4/0/6(10G) up    up        0.01%  0.01%          0          0
  GigabitEthernet4/0/7(10G) up    up        0.01%  0.01%          0          0
  GigabitEthernet4/0/8(10G) up    up        0.01%  0.01%          0          0
Eth-Trunk4                  up    down      0.01%  0.01%          0          0
  GigabitEthernet15/0/0(10G) up    up        0.01%  0.01%          0          0
  GigabitEthernet15/0/1(10G) up    up        0.01%  0.01%          0          0
  GigabitEthernet15/0/2(10G) up    up        0.01%  0.02%          0          0
  GigabitEthernet15/0/3(10G) up    up        0.01%  0.01%          0          0
  GigabitEthernet15/0/4(10G) up    up        0.01%  0.01%          0          0
  GigabitEthernet15/0/5(10G) up    up        0.01%  0.01%          0          0
  GigabitEthernet15/0/6(10G) up    up        0.01%  0.01%          0          0
  GigabitEthernet15/0/7(10G) up    up        0.01%  0.01%          0          0
  GigabitEthernet15/0/8(10G) up    up        0.01%  0.01%          0          0
  GigabitEthernet15/0/9(10G) up    up        0.01%  0.01%          0          0
  GigabitEthernet15/0/10(10G) up    up        0.01%  0.01%          0          0
  GigabitEthernet15/0/11(10G) up    up        0.01%  0.01%          0          0
  GigabitEthernet15/1/0(10G) up    up        0.01%  0.01%          0          0
  GigabitEthernet15/1/1(10G) up    up        0.01%  0.01%          0          0
  GigabitEthernet15/1/2(10G) up    up        0.01%  0.01%          0          0
  GigabitEthernet15/1/3(10G) up    up        0.01%  0.01%          0          0
  GigabitEthernet15/1/4(10G) up    up        0.01%  0.01%          0          0
  GigabitEthernet15/1/5(10G) up    up        0.01%  0.01%          0          0
  GigabitEthernet15/1/6(10G) up    up        0.01%  0.01%          0          0
  GigabitEthernet15/1/7(10G) up    up        0.01%  0.01%          0          0
Eth-Trunk4.1001             up    up           0%     0%          0          0
Eth-Trunk4.1002             up    up           0%     0%          0          0
Eth-Trunk4.1003             up    up           0%     0%          0          0
Eth-Trunk6                  *down down         0%     0%          0          0
Eth-Trunk7                  up    up        0.01%  0.01%          0          0
  GigabitEthernet1/1/0      up    up        0.01%  0.01%          0          0
Eth-Trunk10                 down  down         0%     0%          0          0
  GigabitEthernet5/0/5(10G) down  down         0%     0%          0          0
Eth-Trunk11                 down  down         0%     0%          0          0
  GigabitEthernet7/0/0(10G) down  down         0%     0%          0          0
  GigabitEthernet7/0/1(10G) down  down         0%     0%          0          0
  GigabitEthernet7/0/2(10G) down  down         0%     0%          0          0
  GigabitEthernet7/0/3(10G) down  down         0%     0%          0          0
  GigabitEthernet7/0/4(10G) down  down         0%     0%          0          0
  GigabitEthernet7/0/5(10G) down  down         0%     0%          0          0
  GigabitEthernet7/0/6(10G) down  down         0%     0%          0          0
  GigabitEthernet7/0/7(10G) down  down         0%     0%          0          0
  GigabitEthernet7/0/8(10G) down  down         0%     0%          0          0
  GigabitEthernet7/0/9(10G) down  down         0%     0%          0          0
Eth-Trunk16                 down  down         0%     0%          0          0
  GigabitEthernet6/0/8(10G) down  down         0%     0%          0          0
Eth-Trunk17                 down  down         0%     0%          0          0
  GigabitEthernet6/0/9(10G) down  down         0%     0%          0          0
GigabitEthernet0/0/0        down  down         0%     0%          0          0
GigabitEthernet1/0/10(10G)  down  down         0%     0%          0          0
GigabitEthernet1/0/11(10G)  down  down         0%     0%          0          0
GigabitEthernet1/1/1        up    up        0.01%  0.01%          0          0
GigabitEthernet1/1/2        down  down         0%     0%          0          0
GigabitEthernet1/1/3        down  down         0%     0%          0          0
GigabitEthernet1/1/4        up    up        0.01%  0.01%          0     313122
GigabitEthernet1/1/5        up    up        0.01%  0.02%          0     296680
GigabitEthernet1/1/6        up    up        0.01%  0.05%          0      85863
GigabitEthernet1/1/7        up    up        0.01%  0.01%          0     203476
GigabitEthernet1/1/8        up    up        0.01%  0.02%          0     202804
GigabitEthernet1/1/9        down  down         0%     0%          0          0
GigabitEthernet1/1/10       down  down         0%     0%          0          0
GigabitEthernet1/1/11       down  down         0%     0%          0          0
GigabitEthernet1/1/12       down  down         0%     0%          0          0
GigabitEthernet1/1/13       down  down         0%     0%          0          0
GigabitEthernet1/1/14       down  down         0%     0%          0          0
GigabitEthernet1/1/15       down  down         0%     0%          0          0
GigabitEthernet1/1/16       down  down         0%     0%          0          0
GigabitEthernet1/1/17       down  down         0%     0%          0          0
GigabitEthernet1/1/18       down  down         0%     0%          0          0
GigabitEthernet1/1/19       down  down         0%     0%          0          0
GigabitEthernet1/1/20       down  down         0%     0%          0          0
GigabitEthernet1/1/21       down  down         0%     0%          0          0
GigabitEthernet1/1/22       down  down         0%     0%          0          0
GigabitEthernet1/1/23       down  down         0%     0%          0          0
GigabitEthernet5/0/4(10G)   down  down         0%     0%          0          0
GigabitEthernet5/0/6(10G)   down  down         0%     0%          0          0
GigabitEthernet5/0/7(10G)   down  down         0%     0%          0          0
GigabitEthernet5/0/8(10G)   down  down         0%     0%          0          0
GigabitEthernet5/0/9(10G)   down  down         0%     0%          0          0
GigabitEthernet5/0/10(10G)  down  down         0%     0%          0          0
GigabitEthernet5/0/11(10G)  down  down         0%     0%          0          0
GigabitEthernet6/0/0(10G)   down  down         0%     0%          0          0
GigabitEthernet6/0/4(10G)   down  down         0%     0%          0          0
GigabitEthernet6/0/5(10G)   down  down         0%     0%          0          0
GigabitEthernet6/0/6(10G)   down  down         0%     0%          0          0
GigabitEthernet6/0/7(10G)   down  down         0%     0%          0          0
GigabitEthernet6/0/10(10G)  *down down         0%     0%          0          0
GigabitEthernet6/0/11(10G)  down  down         0%     0%          0          0
GigabitEthernet7/0/10(10G)  up    down      0.01%  0.01%          0          0
GigabitEthernet7/0/11(10G)  up    down      0.01%  0.01%          0          0
GigabitEthernet7/1/0(10G)   up    down      0.01%  0.01%          0          0
GigabitEthernet7/1/1(10G)   up    down      0.01%  0.01%          0          0
GigabitEthernet7/1/2(10G)   up    down      0.01%  0.01%          0          0
GigabitEthernet7/1/3(10G)   up    down      0.01%  0.01%          0          0
GigabitEthernet7/1/4(10G)   up    down      0.01%  0.01%          0          0
GigabitEthernet7/1/5(10G)   up    down      0.01%  0.01%          0          0
GigabitEthernet7/1/6(10G)   up    down      0.01%  0.01%          0          0
GigabitEthernet7/1/7(10G)   up    down      0.01%  0.01%          0          0
GigabitEthernet7/1/8(10G)   down  down         0%     0%          0          0
GigabitEthernet7/1/9(10G)   down  down         0%     0%          0          0
GigabitEthernet7/1/10(10G)  down  down         0%     0%          0          0
GigabitEthernet7/1/11(10G)  down  down         0%     0%          0          0
GigabitEthernet15/1/8(10G)  down  down         0%     0%          0          0
GigabitEthernet15/1/9(10G)  down  down         0%     0%          0          0
GigabitEthernet15/1/10(10G) down  down         0%     0%          0          0
GigabitEthernet15/1/11(10G) down  down         0%     0%          0          0
HP-GE17/3/0                 down  down         0%     0%          0          0
HP-GE17/3/1                 down  down         0%     0%          0          0
HP-GE18/3/0                 down  down         0%     0%          0          0
HP-GE18/3/1                 down  down         0%     0%          0          0
LoopBack0                   up    up(s)        0%     0%          0          0
LoopBack1                   up    up(s)        0%     0%          0          0
LoopBack2                   up    up(s)        0%     0%          0          0
LoopBack42                  up    up(s)        0%     0%          0          0
LoopBack2147483647          up    up(s)        0%     0%          0          0
NULL0                       up    up(s)        0%     0%          0          0
Virtual-Template0           up    up(s)        0%     0%          0          0
Vlanif200                   up    down         --     --          0          0
Vlanif400                   up    up           --     --          0          0
Vlanif600                   up    up           --     --          0          0
Vlanif700                   up    up           --     --          0          0
Vlanif1100                  up    down         --     --          0          0
Vlanif1200                  up    up           --     --          0          0
Vlanif1600                  down  down         --     --          0          0
