<xzyd-usau2>screen-length 0 temporary
                          ^
 % Unrecognized command found at '^' position.
<xzyd-usau2>display version
H3C Comware Software, Version 7.1.070, Release 1115
Copyright (c) 2004-2022 New H3C Technologies Co., Ltd. All rights reserved.
H3C S5554S-EI-D uptime is 143 weeks, 3 days, 12 hours, 26 minutes
Last reboot reason : Cold reboot

Boot image: flash:/s5500_ei_d-cmw710-boot-r1115.bin
Boot image version: 7.1.070, Release 1115
  Compiled Oct 14 2022 11:00:00
System image: flash:/s5500_ei_d-cmw710-system-r1115.bin
System image version: 7.1.070, Release 1115
  Compiled Oct 14 2022 11:00:00


Slot 1:
Uptime is 143 weeks,3 days,12 hours,26 minutes
S5554S-EI-D with 1 Processor
BOARD TYPE:         S5554S-EI-D
DRAM:               1024M bytes
FLASH:              256M bytes
PCB 1 Version:      VER.A
Bootrom Version:    110
CPLD 1 Version:     004
Release Version:    H3C S5554S-EI-D-1115
Patch Version  :    None
Reboot Cause  :     ColdReboot
[SubSlot 0] 48GE+6SFP Plus
<xzyd-usau2>display device
Slot Type              State    Subslot  Soft Ver             Patch Ver
1    S5554S-EI-D       Master   0        S5500_EI_D-1115      None      
<xzyd-usau2>display startup
MainBoard:
 Current startup saved-configuration file: NULL 
 Next main startup saved-configuration file: flash:/startup.cfg
 Next backup startup saved-configuration file: NULL
<xzyd-usau2>display cpu-usage
Slot 1 CPU 0 CPU usage:
       2% in last 5 seconds
       2% in last 1 minute
       3% in last 5 minutes

<xzyd-usau2>display memory-usage
                    ^
 % Unrecognized command found at '^' position.
<xzyd-usau2>display memory
Memory statistics are measured in KB:
Slot 1: 
             Total      Used      Free    Shared   Buffers    Cached   FreeRatio
Mem:        991732    454392    537340         0      1472    187372       55.5%
-/+ Buffers/Cache:    265548    726184
Swap:            0         0         0

<xzyd-usau2>display ip interface brief
*down: administratively down
(s): spoofing  (l): loopback
Interface           Physical Protocol IP address      VPN instance Description  
Vlan1               up       up       10.233.121.204  --           --
<xzyd-usau2>display interface brief
Brief information on interfaces in route mode:
Link: ADM - administratively down; Stby - standby
Protocol: (s) - spoofing
Interface            Link Protocol Primary IP        Description              
InLoop0              UP   UP(s)    --                
NULL0                UP   UP(s)    --                
REG0                 UP   --       --                
Vlan1                UP   UP       10.233.121.204    

Brief information on interfaces in bridge mode:
Link: ADM - administratively down; Stby - standby
Speed: (a) - auto
Duplex: (a)/A - auto; H - half; F - full
Type: A - access; T - trunk; H - hybrid
Interface            Link Speed     Duplex Type PVID Description              
GE1/0/1              ADM  auto      A      A    1    
GE1/0/2              UP   100M(a)   F(a)   A    1    TO USAUNET
GE1/0/3              ADM  auto      A      A    1    
GE1/0/4              ADM  auto      A      A    1    
GE1/0/5              ADM  auto      A      A    1    
GE1/0/6              ADM  auto      A      A    1    
GE1/0/7              ADM  auto      A      A    1    
GE1/0/8              DOWN auto      A      A    1    TO BAM
GE1/0/9              ADM  auto      A      A    1    
GE1/0/10             ADM  auto      A      A    1    
GE1/0/11             ADM  auto      A      A    1    
GE1/0/12             ADM  auto      A      A    1    
GE1/0/13             ADM  auto      A      A    1    
GE1/0/14             UP   1G(a)     F(a)   A    1    TO xzyd-enip2
GE1/0/15             ADM  auto      A      A    1    
GE1/0/16             ADM  auto      A      A    1    
GE1/0/17             ADM  auto      A      A    1    
GE1/0/18             ADM  auto      A      A    1    
GE1/0/19             ADM  auto      A      A    1    
GE1/0/20             ADM  auto      A      A    1    
GE1/0/21             ADM  auto      A      A    1    
GE1/0/22             ADM  auto      A      A    1    
GE1/0/23             ADM  auto      A      A    1    
GE1/0/24             ADM  auto      A      A    1    
GE1/0/25             ADM  auto      A      A    1    
GE1/0/26             ADM  auto      A      A    1    
GE1/0/27             ADM  auto      A      A    1    
GE1/0/28             ADM  auto      A      A    1    
GE1/0/29             ADM  auto      A      A    1    
GE1/0/30             ADM  auto      A      A    1    
GE1/0/31             ADM  auto      A      A    1    
GE1/0/32             ADM  auto      A      A    1    
GE1/0/33             ADM  auto      A      A    1    
GE1/0/34             ADM  auto      A      A    1    
GE1/0/35             ADM  auto      A      A    1    
GE1/0/36             ADM  auto      A      A    1    
GE1/0/37             ADM  auto      A      A    1    
GE1/0/38             ADM  auto      A      A    1    
GE1/0/39             ADM  auto      A      A    1    
GE1/0/40             ADM  auto      A      A    1    
GE1/0/41             ADM  auto      A      A    1    
GE1/0/42             ADM  auto      A      A    1    
GE1/0/43             ADM  auto      A      A    1    
GE1/0/44             ADM  auto      A      A    1    
GE1/0/45             ADM  auto      A      A    1    
GE1/0/46             ADM  auto      A      A    1    
GE1/0/47             ADM  auto      A      A    1    
GE1/0/48             ADM  auto      A      A    1    
XGE1/0/49            UP   1G(a)     F(a)   A    1    TO xzyd-usau1
XGE1/0/50            DOWN auto      A      A    1    
XGE1/0/51            DOWN auto      A      A    1    
XGE1/0/52            DOWN auto      A      A    1    
XGE1/0/53            DOWN auto      A      A    1    
XGE1/0/54            DOWN auto      A      A    1    

<xzyd-usau2>display ip routing-table

Destinations : 17       Routes : 17

Destination/Mask   Proto   Pre Cost        NextHop         Interface
0.0.0.0/32         Direct  0   0           127.0.0.1       InLoop0
10.233.121.128/25  Direct  0   0           10.233.121.204  Vlan1
10.233.121.128/32  Direct  0   0           10.233.121.204  Vlan1
10.233.121.204/32  Direct  0   0           127.0.0.1       InLoop0
10.233.121.255/32  Direct  0   0           10.233.121.204  Vlan1
10.237.35.0/24     Static  60  0           10.233.121.213  Vlan1
10.237.95.0/24     Static  60  0           10.233.121.213  Vlan1
10.237.99.0/24     Static  60  0           10.233.121.213  Vlan1
10.237.100.0/24    Static  60  0           10.233.121.213  Vlan1
10.241.118.0/29    Static  60  0           10.233.121.213  Vlan1
127.0.0.0/8        Direct  0   0           127.0.0.1       InLoop0
127.0.0.0/32       Direct  0   0           127.0.0.1       InLoop0
127.0.0.1/32       Direct  0   0           127.0.0.1       InLoop0
127.255.255.255/32 Direct  0   0           127.0.0.1       InLoop0
224.0.0.0/4        Direct  0   0           0.0.0.0         NULL0
224.0.0.0/24       Direct  0   0           0.0.0.0         NULL0
255.255.255.255/32 Direct  0   0           127.0.0.1       InLoop0
<xzyd-usau2>display logbuffer
Log buffer: Enabled
Max buffer size: 1024
Actual buffer size: 512
Dropped messages: 0
Overwritten messages: 133556
Current messages: 512
%Mar  9 19:27:23:439 2026 xzyd-usau2 STP/6/STP_NOTIFIED_TC: Instance 0's port GigabitEthernet1/0/14 was notified a topology change.
%Mar  9 19:32:24:682 2026 xzyd-usau2 STP/6/STP_NOTIFIED_TC: Instance 0's port GigabitEthernet1/0/14 was notified a topology change.
%Mar  9 19:57:23:514 2026 xzyd-usau2 STP/6/STP_NOTIFIED_TC: Instance 0's port GigabitEthernet1/0/14 was notified a topology change.
%Mar  9 20:02:24:793 2026 xzyd-usau2 STP/6/STP_NOTIFIED_TC: Instance 0's port GigabitEthernet1/0/14 was notified a topology change.
%Mar  9 20:27:24:656 2026 xzyd-usau2 STP/6/STP_NOTIFIED_TC: Instance 0's port GigabitEthernet1/0/14 was notified a topology change.
%Mar  9 20:32:25:879 2026 xzyd-usau2 STP/6/STP_NOTIFIED_TC: Instance 0's port GigabitEthernet1/0/14 was notified a topology change.
%Mar  9 20:57:25:684 2026 xzyd-usau2 STP/6/STP_NOTIFIED_TC: Instance 0's port GigabitEthernet1/0/14 was notified a topology change.
%Mar  9 21:02:26:983 2026 xzyd-usau2 STP/6/STP_NOTIFIED_TC: Instance 0's port GigabitEthernet1/0/14 was notified a topology change.
%Mar  9 21:27:26:781 2026 xzyd-usau2 STP/6/STP_NOTIFIED_TC: Instance 0's port GigabitEthernet1/0/14 was notified a topology change.
%Mar  9 21:32:28:085 2026 xzyd-usau2 STP/6/STP_NOTIFIED_TC: Instance 0's port GigabitEthernet1/0/14 was notified a topology change.
%Mar  9 21:57:27:876 2026 xzyd-usau2 STP/6/STP_NOTIFIED_TC: Instance 0's port GigabitEthernet1/0/14 was notified a topology change.
%Mar  9 22:02:29:153 2026 xzyd-usau2 STP/6/STP_NOTIFIED_TC: Instance 0's port GigabitEthernet1/0/14 was notified a topology change.
%Mar  9 22:27:29:046 2026 xzyd-usau2 STP/6/STP_NOTIFIED_TC: Instance 0's port GigabitEthernet1/0/14 was notified a topology change.
%Mar  9 22:32:30:246 2026 xzyd-usau2 STP/6/STP_NOTIFIED_TC: Instance 0's port GigabitEthernet1/0/14 was notified a topology change.
%Mar  9 22:57:29:044 2026 xzyd-usau2 STP/6/STP_NOTIFIED_TC: Instance 0's port GigabitEthernet1/0/14 was notified a topology change.
%Mar  9 23:02:31:369 2026 xzyd-usau2 STP/6/STP_NOTIFIED_TC: Instance 0's port GigabitEthernet1/0/14 was notified a topology change.
%Mar  9 23:27:30:134 2026 xzyd-usau2 STP/6/STP_NOTIFIED_TC: Instance 0's port GigabitEthernet1/0/14 was notified a topology change.
%Mar  9 23:27:30:403 2026 xzyd-usau2 STP/6/STP_NOTIFIED_TC: Instance 0's port GigabitEthernet1/0/14 was notified a topology change.
%Mar  9 23:27:32:413 2026 xzyd-usau2 STP/6/STP_NOTIFIED_TC: Instance 0's port GigabitEthernet1/0/14 was notified a topology change.
%Mar  9 23:32:32:426 2026 xzyd-usau2 STP/6/STP_NOTIFIED_TC: Instance 0's port GigabitEthernet1/0/14 was notified a topology change.
%Mar  9 23:57:31:212 2026 xzyd-usau2 STP/6/STP_NOTIFIED_TC: Instance 0's port GigabitEthernet1/0/14 was notified a topology change.
%Mar  9 23:57:32:497 2026 xzyd-usau2 STP/6/STP_NOTIFIED_TC: Instance 0's port GigabitEthernet1/0/14 was notified a topology change.
%Mar 10 00:02:33:518 2026 xzyd-usau2 STP/6/STP_NOTIFIED_TC: Instance 0's port GigabitEthernet1/0/14 was notified a topology change.
%Mar 10 00:02:34:513 2026 xzyd-usau2 STP/6/STP_NOTIFIED_TC: Instance 0's port GigabitEthernet1/0/14 was notified a topology change.
%Mar 10 00:27:32:300 2026 xzyd-usau2 STP/6/STP_NOTIFIED_TC: Instance 0's port GigabitEthernet1/0/14 was notified a topology change.
%Mar 10 00:27:32:580 2026 xzyd-usau2 STP/6/STP_NOTIFIED_TC: Instance 0's port GigabitEthernet1/0/14 was notified a topology change.
%Mar 10 00:27:34:580 2026 xzyd-usau2 STP/6/STP_NOTIFIED_TC: Instance 0's port GigabitEthernet1/0/14 was notified a topology change.
%Mar 10 00:32:33:658 2026 xzyd-usau2 STP/6/STP_NOTIFIED_TC: Instance 0's port GigabitEthernet1/0/14 was notified a topology change.
%Mar 10 00:32:34:594 2026 xzyd-usau2 STP/6/STP_NOTIFIED_TC: Instance 0's port GigabitEthernet1/0/14 was notified a topology change.
%Mar 10 00:57:33:431 2026 xzyd-usau2 STP/6/STP_NOTIFIED_TC: Instance 0's port GigabitEthernet1/0/14 was notified a topology change.
%Mar 10 00:57:34:679 2026 xzyd-usau2 STP/6/STP_NOTIFIED_TC: Instance 0's port GigabitEthernet1/0/14 was notified a topology change.
%Mar 10 01:02:33:706 2026 xzyd-usau2 STP/6/STP_NOTIFIED_TC: Instance 0's port GigabitEthernet1/0/14 was notified a topology change.
%Mar 10 01:02:34:694 2026 xzyd-usau2 STP/6/STP_NOTIFIED_TC: Instance 0's port GigabitEthernet1/0/14 was notified a topology change.
%Mar 10 01:27:34:472 2026 xzyd-usau2 STP/6/STP_NOTIFIED_TC: Instance 0's port GigabitEthernet1/0/14 was notified a topology change.
%Mar 10 01:27:36:770 2026 xzyd-usau2 STP/6/STP_NOTIFIED_TC: Instance 0's port GigabitEthernet1/0/14 was notified a topology change.
%Mar 10 01:32:33:837 2026 xzyd-usau2 STP/6/STP_NOTIFIED_TC: Instance 0's port GigabitEthernet1/0/14 was notified a topology change.
%Mar 10 01:32:34:780 2026 xzyd-usau2 STP/6/STP_NOTIFIED_TC: Instance 0's port GigabitEthernet1/0/14 was notified a topology change.
%Mar 10 01:57:34:595 2026 xzyd-usau2 STP/6/STP_NOTIFIED_TC: Instance 0's port GigabitEthernet1/0/14 was notified a topology change.
%Mar 10 01:57:36:850 2026 xzyd-usau2 STP/6/STP_NOTIFIED_TC: Instance 0's port GigabitEthernet1/0/14 was notified a topology change.
%Mar 10 02:02:35:866 2026 xzyd-usau2 STP/6/STP_NOTIFIED_TC: Instance 0's port GigabitEthernet1/0/14 was notified a topology change.
%Mar 10 02:02:36:864 2026 xzyd-usau2 STP/6/STP_NOTIFIED_TC: Instance 0's port GigabitEthernet1/0/14 was notified a topology change.
%Mar 10 02:27:35:659 2026 xzyd-usau2 STP/6/STP_NOTIFIED_TC: Instance 0's port GigabitEthernet1/0/14 was notified a topology change.
%Mar 10 02:27:36:945 2026 xzyd-usau2 STP/6/STP_NOTIFIED_TC: Instance 0's port GigabitEthernet1/0/14 was notified a topology change.
%Mar 10 02:32:35:965 2026 xzyd-usau2 STP/6/STP_NOTIFIED_TC: Instance 0's port GigabitEthernet1/0/14 was notified a topology change.
%Mar 10 02:32:36:996 2026 xzyd-usau2 STP/6/STP_NOTIFIED_TC: Instance 0's port GigabitEthernet1/0/14 was notified a topology change.
%Mar 10 02:57:36:740 2026 xzyd-usau2 STP/6/STP_NOTIFIED_TC: Instance 0's port GigabitEthernet1/0/14 was notified a topology change.
%Mar 10 02:57:39:038 2026 xzyd-usau2 STP/6/STP_NOTIFIED_TC: Instance 0's port GigabitEthernet1/0/14 was notified a topology change.
%Mar 10 03:02:37:096 2026 xzyd-usau2 STP/6/STP_NOTIFIED_TC: Instance 0's port GigabitEthernet1/0/14 was notified a topology change.
%Mar 10 03:27:37:826 2026 xzyd-usau2 STP/6/STP_NOTIFIED_TC: Instance 0's port GigabitEthernet1/0/14 was notified a topology change.
%Mar 10 03:27:39:170 2026 xzyd-usau2 STP/6/STP_NOTIFIED_TC: Instance 0's port GigabitEthernet1/0/14 was notified a topology change.
%Mar 10 03:32:38:151 2026 xzyd-usau2 STP/6/STP_NOTIFIED_TC: Instance 0's port GigabitEthernet1/0/14 was notified a topology change.
%Mar 10 03:32:39:140 2026 xzyd-usau2 STP/6/STP_NOTIFIED_TC: Instance 0's port GigabitEthernet1/0/14 was notified a topology change.
%Mar 10 03:57:39:004 2026 xzyd-usau2 STP/6/STP_NOTIFIED_TC: Instance 0's port GigabitEthernet1/0/14 was notified a topology change.
%Mar 10 04:02:38:263 2026 xzyd-usau2 STP/6/STP_NOTIFIED_TC: Instance 0's port GigabitEthernet1/0/14 was notified a topology change.
%Mar 10 04:27:40:002 2026 xzyd-usau2 STP/6/STP_NOTIFIED_TC: Instance 0's port GigabitEthernet1/0/14 was notified a topology change.
%Mar 10 04:32:39:330 2026 xzyd-usau2 STP/6/STP_NOTIFIED_TC: Instance 0's port GigabitEthernet1/0/14 was notified a topology change.
%Mar 10 04:57:40:088 2026 xzyd-usau2 STP/6/STP_NOTIFIED_TC: Instance 0's port GigabitEthernet1/0/14 was notified a topology change.
%Mar 10 05:02:40:407 2026 xzyd-usau2 STP/6/STP_NOTIFIED_TC: Instance 0's port GigabitEthernet1/0/14 was notified a topology change.
%Mar 10 05:27:41:193 2026 xzyd-usau2 STP/6/STP_NOTIFIED_TC: Instance 0's port GigabitEthernet1/0/14 was notified a topology change.
%Mar 10 05:32:42:500 2026 xzyd-usau2 STP/6/STP_NOTIFIED_TC: Instance 0's port GigabitEthernet1/0/14 was notified a topology change.
%Mar 10 05:57:42:283 2026 xzyd-usau2 STP/6/STP_NOTIFIED_TC: Instance 0's port GigabitEthernet1/0/14 was notified a topology change.
%Mar 10 06:02:43:595 2026 xzyd-usau2 STP/6/STP_NOTIFIED_TC: Instance 0's port GigabitEthernet1/0/14 was notified a topology change.
%Mar 10 06:27:43:353 2026 xzyd-usau2 STP/6/STP_NOTIFIED_TC: Instance 0's port GigabitEthernet1/0/14 was notified a topology change.
%Mar 10 06:32:43:746 2026 xzyd-usau2 STP/6/STP_NOTIFIED_TC: Instance 0's port GigabitEthernet1/0/14 was notified a topology change.
%Mar 10 06:57:44:449 2026 xzyd-usau2 STP/6/STP_NOTIFIED_TC: Instance 0's port GigabitEthernet1/0/14 was notified a topology change.
%Mar 10 07:02:44:786 2026 xzyd-usau2 STP/6/STP_NOTIFIED_TC: Instance 0's port GigabitEthernet1/0/14 was notified a topology change.
%Mar 10 07:27:45:523 2026 xzyd-usau2 STP/6/STP_NOTIFIED_TC: Instance 0's port GigabitEthernet1/0/14 was notified a topology change.
%Mar 10 07:32:45:912 2026 xzyd-usau2 STP/6/STP_NOTIFIED_TC: Instance 0's port GigabitEthernet1/0/14 was notified a topology change.
%Mar 10 07:57:46:642 2026 xzyd-usau2 STP/6/STP_NOTIFIED_TC: Instance 0's port GigabitEthernet1/0/14 was notified a topology change.
%Mar 10 08:02:46:958 2026 xzyd-usau2 STP/6/STP_NOTIFIED_TC: Instance 0's port GigabitEthernet1/0/14 was notified a topology change.
%Mar 10 08:27:46:744 2026 xzyd-usau2 STP/6/STP_NOTIFIED_TC: Instance 0's port GigabitEthernet1/0/14 was notified a topology change.
%Mar 10 08:32:48:044 2026 xzyd-usau2 STP/6/STP_NOTIFIED_TC: Instance 0's port GigabitEthernet1/0/14 was notified a topology change.
%Mar 10 08:57:47:796 2026 xzyd-usau2 STP/6/STP_NOTIFIED_TC: Instance 0's port GigabitEthernet1/0/14 was notified a topology change.
%Mar 10 09:02:49:142 2026 xzyd-usau2 STP/6/STP_NOTIFIED_TC: Instance 0's port GigabitEthernet1/0/14 was notified a topology change.
%Mar 10 09:27:48:887 2026 xzyd-usau2 STP/6/STP_NOTIFIED_TC: Instance 0's port GigabitEthernet1/0/14 was notified a topology change.
%Mar 10 09:32:50:274 2026 xzyd-usau2 STP/6/STP_NOTIFIED_TC: Instance 0's port GigabitEthernet1/0/14 was notified a topology change.
%Mar 10 09:57:49:977 2026 xzyd-usau2 STP/6/STP_NOTIFIED_TC: Instance 0's port GigabitEthernet1/0/14 was notified a topology change.
%Mar 10 10:02:50:317 2026 xzyd-usau2 STP/6/STP_NOTIFIED_TC: Instance 0's port GigabitEthernet1/0/14 was notified a topology change.
%Mar 10 10:27:51:056 2026 xzyd-usau2 STP/6/STP_NOTIFIED_TC: Instance 0's port GigabitEthernet1/0/14 was notified a topology change.
%Mar 10 10:32:51:419 2026 xzyd-usau2 STP/6/STP_NOTIFIED_TC: Instance 0's port GigabitEthernet1/0/14 was notified a topology change.
%Mar 10 10:32:52:404 2026 xzyd-usau2 STP/6/STP_NOTIFIED_TC: Instance 0's port GigabitEthernet1/0/14 was notified a topology change.
%Mar 10 10:57:52:150 2026 xzyd-usau2 STP/6/STP_NOTIFIED_TC: Instance 0's port GigabitEthernet1/0/14 was notified a topology change.
%Mar 10 10:57:52:485 2026 xzyd-usau2 STP/6/STP_NOTIFIED_TC: Instance 0's port GigabitEthernet1/0/14 was notified a topology change.
%Mar 10 11:02:52:543 2026 xzyd-usau2 STP/6/STP_NOTIFIED_TC: Instance 0's port GigabitEthernet1/0/14 was notified a topology change.
%Mar 10 11:27:53:237 2026 xzyd-usau2 STP/6/STP_NOTIFIED_TC: Instance 0's port GigabitEthernet1/0/14 was notified a topology change.
%Mar 10 11:32:53:615 2026 xzyd-usau2 STP/6/STP_NOTIFIED_TC: Instance 0's port GigabitEthernet1/0/14 was notified a topology change.
%Mar 10 11:32:54:588 2026 xzyd-usau2 STP/6/STP_NOTIFIED_TC: Instance 0's port GigabitEthernet1/0/14 was notified a topology change.
%Mar 10 11:57:54:336 2026 xzyd-usau2 STP/6/STP_NOTIFIED_TC: Instance 0's port GigabitEthernet1/0/14 was notified a topology change.
%Mar 10 11:57:54:661 2026 xzyd-usau2 STP/6/STP_NOTIFIED_TC: Instance 0's port GigabitEthernet1/0/14 was notified a topology change.
%Mar 10 11:57:56:663 2026 xzyd-usau2 STP/6/STP_NOTIFIED_TC: Instance 0's port GigabitEthernet1/0/14 was notified a topology change.
%Mar 10 12:02:54:682 2026 xzyd-usau2 STP/6/STP_NOTIFIED_TC: Instance 0's port GigabitEthernet1/0/14 was notified a topology change.
%Mar 10 12:27:55:467 2026 xzyd-usau2 STP/6/STP_NOTIFIED_TC: Instance 0's port GigabitEthernet1/0/14 was notified a topology change.
%Mar 10 12:27:56:755 2026 xzyd-usau2 STP/6/STP_NOTIFIED_TC: Instance 0's port GigabitEthernet1/0/14 was notified a topology change.
%Mar 10 12:32:55:772 2026 xzyd-usau2 STP/6/STP_NOTIFIED_TC: Instance 0's port GigabitEthernet1/0/14 was notified a topology change.
%Mar 10 12:32:56:772 2026 xzyd-usau2 STP/6/STP_NOTIFIED_TC: Instance 0's port GigabitEthernet1/0/14 was notified a topology change.
%Mar 10 12:57:56:500 2026 xzyd-usau2 STP/6/STP_NOTIFIED_TC: Instance 0's port GigabitEthernet1/0/14 was notified a topology change.
%Mar 10 12:57:58:840 2026 xzyd-usau2 STP/6/STP_NOTIFIED_TC: Instance 0's port GigabitEthernet1/0/14 was notified a topology change.
%Mar 10 13:02:56:862 2026 xzyd-usau2 STP/6/STP_NOTIFIED_TC: Instance 0's port GigabitEthernet1/0/14 was notified a topology change.
%Mar 10 13:27:56:580 2026 xzyd-usau2 STP/6/STP_NOTIFIED_TC: Instance 0's port GigabitEthernet1/0/14 was notified a topology change.
%Mar 10 13:27:58:993 2026 xzyd-usau2 STP/6/STP_NOTIFIED_TC: Instance 0's port GigabitEthernet1/0/14 was notified a topology change.
%Mar 10 13:32:57:989 2026 xzyd-usau2 STP/6/STP_NOTIFIED_TC: Instance 0's port GigabitEthernet1/0/14 was notified a topology change.
%Mar 10 13:32:58:947 2026 xzyd-usau2 STP/6/STP_NOTIFIED_TC: Instance 0's port GigabitEthernet1/0/14 was notified a topology change.
%Mar 10 13:57:57:676 2026 xzyd-usau2 STP/6/STP_NOTIFIED_TC: Instance 0's port GigabitEthernet1/0/14 was notified a topology change.
%Mar 10 13:57:59:027 2026 xzyd-usau2 STP/6/STP_NOTIFIED_TC: Instance 0's port GigabitEthernet1/0/14 was notified a topology change.
%Mar 10 14:02:59:076 2026 xzyd-usau2 STP/6/STP_NOTIFIED_TC: Instance 0's port GigabitEthernet1/0/14 was notified a topology change.
%Mar 10 14:27:58:780 2026 xzyd-usau2 STP/6/STP_NOTIFIED_TC: Instance 0's port GigabitEthernet1/0/14 was notified a topology change.
%Mar 10 14:28:01:115 2026 xzyd-usau2 STP/6/STP_NOTIFIED_TC: Instance 0's port GigabitEthernet1/0/14 was notified a topology change.
%Mar 10 14:33:00:166 2026 xzyd-usau2 STP/6/STP_NOTIFIED_TC: Instance 0's port GigabitEthernet1/0/14 was notified a topology change.
%Mar 10 14:33:01:158 2026 xzyd-usau2 STP/6/STP_NOTIFIED_TC: Instance 0's port GigabitEthernet1/0/14 was notified a topology change.
%Mar 10 14:57:59:855 2026 xzyd-usau2 STP/6/STP_NOTIFIED_TC: Instance 0's port GigabitEthernet1/0/14 was notified a topology change.
%Mar 10 14:58:01:203 2026 xzyd-usau2 STP/6/STP_NOTIFIED_TC: Instance 0's port GigabitEthernet1/0/14 was notified a topology change.
%Mar 10 15:03:00:299 2026 xzyd-usau2 STP/6/STP_NOTIFIED_TC: Instance 0's port GigabitEthernet1/0/14 was notified a topology change.
%Mar 10 15:03:01:231 2026 xzyd-usau2 STP/6/STP_NOTIFIED_TC: Instance 0's port GigabitEthernet1/0/14 was notified a topology change.
%Mar 10 15:28:00:944 2026 xzyd-usau2 STP/6/STP_NOTIFIED_TC: Instance 0's port GigabitEthernet1/0/14 was notified a topology change.
%Mar 10 15:28:03:310 2026 xzyd-usau2 STP/6/STP_NOTIFIED_TC: Instance 0's port GigabitEthernet1/0/14 was notified a topology change.
%Mar 10 15:33:01:325 2026 xzyd-usau2 STP/6/STP_NOTIFIED_TC: Instance 0's port GigabitEthernet1/0/14 was notified a topology change.
%Mar 10 15:58:02:046 2026 xzyd-usau2 STP/6/STP_NOTIFIED_TC: Instance 0's port GigabitEthernet1/0/14 was notified a topology change.
%Mar 10 16:03:02:428 2026 xzyd-usau2 STP/6/STP_NOTIFIED_TC: Instance 0's port GigabitEthernet1/0/14 was notified a topology change.
%Mar 10 16:28:03:112 2026 xzyd-usau2 STP/6/STP_NOTIFIED_TC: Instance 0's port GigabitEthernet1/0/14 was notified a topology change.
%Mar 10 16:33:03:517 2026 xzyd-usau2 STP/6/STP_NOTIFIED_TC: Instance 0's port GigabitEthernet1/0/14 was notified a topology change.
%Mar 10 16:58:04:199 2026 xzyd-usau2 STP/6/STP_NOTIFIED_TC: Instance 0's port GigabitEthernet1/0/14 was notified a topology change.
%Mar 10 17:03:04:604 2026 xzyd-usau2 STP/6/STP_NOTIFIED_TC: Instance 0's port GigabitEthernet1/0/14 was notified a topology change.
%Mar 10 17:28:05:297 2026 xzyd-usau2 STP/6/STP_NOTIFIED_TC: Instance 0's port GigabitEthernet1/0/14 was notified a topology change.
%Mar 10 17:33:05:683 2026 xzyd-usau2 STP/6/STP_NOTIFIED_TC: Instance 0's port GigabitEthernet1/0/14 was notified a topology change.
%Mar 10 17:58:06:369 2026 xzyd-usau2 STP/6/STP_NOTIFIED_TC: Instance 0's port GigabitEthernet1/0/14 was notified a topology change.
%Mar 10 18:03:06:773 2026 xzyd-usau2 STP/6/STP_NOTIFIED_TC: Instance 0's port GigabitEthernet1/0/14 was notified a topology change.
%Mar 10 18:28:06:453 2026 xzyd-usau2 STP/6/STP_NOTIFIED_TC: Instance 0's port GigabitEthernet1/0/14 was notified a topology change.
%Mar 10 18:33:07:875 2026 xzyd-usau2 STP/6/STP_NOTIFIED_TC: Instance 0's port GigabitEthernet1/0/14 was notified a topology change.
%Mar 10 18:58:07:543 2026 xzyd-usau2 STP/6/STP_NOTIFIED_TC: Instance 0's port GigabitEthernet1/0/14 was notified a topology change.
%Mar 10 19:03:09:050 2026 xzyd-usau2 STP/6/STP_NOTIFIED_TC: Instance 0's port GigabitEthernet1/0/14 was notified a topology change.
%Mar 10 19:28:08:637 2026 xzyd-usau2 STP/6/STP_NOTIFIED_TC: Instance 0's port GigabitEthernet1/0/14 was notified a topology change.
%Mar 10 19:33:10:048 2026 xzyd-usau2 STP/6/STP_NOTIFIED_TC: Instance 0's port GigabitEthernet1/0/14 was notified a topology change.
%Mar 10 19:58:09:710 2026 xzyd-usau2 STP/6/STP_NOTIFIED_TC: Instance 0's port GigabitEthernet1/0/14 was notified a topology change.
%Mar 10 20:03:11:145 2026 xzyd-usau2 STP/6/STP_NOTIFIED_TC: Instance 0's port GigabitEthernet1/0/14 was notified a topology change.
%Mar 10 20:28:10:814 2026 xzyd-usau2 STP/6/STP_NOTIFIED_TC: Instance 0's port GigabitEthernet1/0/14 was notified a topology change.
%Mar 10 20:33:11:245 2026 xzyd-usau2 STP/6/STP_NOTIFIED_TC: Instance 0's port GigabitEthernet1/0/14 was notified a topology change.
%Mar 10 20:58:11:897 2026 xzyd-usau2 STP/6/STP_NOTIFIED_TC: Instance 0's port GigabitEthernet1/0/14 was notified a topology change.
%Mar 10 21:03:12:334 2026 xzyd-usau2 STP/6/STP_NOTIFIED_TC: Instance 0's port GigabitEthernet1/0/14 was notified a topology change.
%Mar 10 21:28:12:972 2026 xzyd-usau2 STP/6/STP_NOTIFIED_TC: Instance 0's port GigabitEthernet1/0/14 was notified a topology change.
%Mar 10 21:33:13:409 2026 xzyd-usau2 STP/6/STP_NOTIFIED_TC: Instance 0's port GigabitEthernet1/0/14 was notified a topology change.
%Mar 10 21:58:14:059 2026 xzyd-usau2 STP/6/STP_NOTIFIED_TC: Instance 0's port GigabitEthernet1/0/14 was notified a topology change.
%Mar 10 21:58:14:488 2026 xzyd-usau2 STP/6/STP_NOTIFIED_TC: Instance 0's port GigabitEthernet1/0/14 was notified a topology change.
%Mar 10 22:03:14:554 2026 xzyd-usau2 STP/6/STP_NOTIFIED_TC: Instance 0's port GigabitEthernet1/0/14 was notified a topology change.
%Mar 10 22:28:15:149 2026 xzyd-usau2 STP/6/STP_NOTIFIED_TC: Instance 0's port GigabitEthernet1/0/14 was notified a topology change.
%Mar 10 22:33:15:601 2026 xzyd-usau2 STP/6/STP_NOTIFIED_TC: Instance 0's port GigabitEthernet1/0/14 was notified a topology change.
%Mar 10 22:33:16:596 2026 xzyd-usau2 STP/6/STP_NOTIFIED_TC: Instance 0's port GigabitEthernet1/0/14 was notified a topology change.
%Mar 10 22:58:16:246 2026 xzyd-usau2 STP/6/STP_NOTIFIED_TC: Instance 0's port GigabitEthernet1/0/14 was notified a topology change.
%Mar 10 22:58:16:664 2026 xzyd-usau2 STP/6/STP_NOTIFIED_TC: Instance 0's port GigabitEthernet1/0/14 was notified a topology change.
%Mar 10 23:03:16:681 2026 xzyd-usau2 STP/6/STP_NOTIFIED_TC: Instance 0's port GigabitEthernet1/0/14 was notified a topology change.
%Mar 10 23:28:16:313 2026 xzyd-usau2 STP/6/STP_NOTIFIED_TC: Instance 0's port GigabitEthernet1/0/14 was notified a topology change.
%Mar 10 23:28:16:759 2026 xzyd-usau2 STP/6/STP_NOTIFIED_TC: Instance 0's port GigabitEthernet1/0/14 was notified a topology change.
%Mar 10 23:33:17:781 2026 xzyd-usau2 STP/6/STP_NOTIFIED_TC: Instance 0's port GigabitEthernet1/0/14 was notified a topology change.
%Mar 10 23:33:18:774 2026 xzyd-usau2 STP/6/STP_NOTIFIED_TC: Instance 0's port GigabitEthernet1/0/14 was notified a topology change.
%Mar 10 23:58:17:401 2026 xzyd-usau2 STP/6/STP_NOTIFIED_TC: Instance 0's port GigabitEthernet1/0/14 was notified a topology change.
%Mar 11 00:03:18:861 2026 xzyd-usau2 STP/6/STP_NOTIFIED_TC: Instance 0's port GigabitEthernet1/0/14 was notified a topology change.
%Mar 11 00:28:18:490 2026 xzyd-usau2 STP/6/STP_NOTIFIED_TC: Instance 0's port GigabitEthernet1/0/14 was notified a topology change.
%Mar 11 00:28:20:939 2026 xzyd-usau2 STP/6/STP_NOTIFIED_TC: Instance 0's port GigabitEthernet1/0/14 was notified a topology change.
%Mar 11 00:33:19:956 2026 xzyd-usau2 STP/6/STP_NOTIFIED_TC: Instance 0's port GigabitEthernet1/0/14 was notified a topology change.
%Mar 11 00:33:20:949 2026 xzyd-usau2 STP/6/STP_NOTIFIED_TC: Instance 0's port GigabitEthernet1/0/14 was notified a topology change.
%Mar 11 00:58:19:610 2026 xzyd-usau2 STP/6/STP_NOTIFIED_TC: Instance 0's port GigabitEthernet1/0/14 was notified a topology change.
%Mar 11 00:58:21:068 2026 xzyd-usau2 STP/6/STP_NOTIFIED_TC: Instance 0's port GigabitEthernet1/0/14 was notified a topology change.
%Mar 11 01:03:21:047 2026 xzyd-usau2 STP/6/STP_NOTIFIED_TC: Instance 0's port GigabitEthernet1/0/14 was notified a topology change.
%Mar 11 01:28:20:694 2026 xzyd-usau2 STP/6/STP_NOTIFIED_TC: Instance 0's port GigabitEthernet1/0/14 was notified a topology change.
%Mar 11 01:28:23:115 2026 xzyd-usau2 STP/6/STP_NOTIFIED_TC: Instance 0's port GigabitEthernet1/0/14 was notified a topology change.
%Mar 11 01:33:21:134 2026 xzyd-usau2 STP/6/STP_NOTIFIED_TC: Instance 0's port GigabitEthernet1/0/14 was notified a topology change.
%Mar 11 01:58:21:748 2026 xzyd-usau2 STP/6/STP_NOTIFIED_TC: Instance 0's port GigabitEthernet1/0/14 was notified a topology change.
%Mar 11 01:58:23:206 2026 xzyd-usau2 STP/6/STP_NOTIFIED_TC: Instance 0's port GigabitEthernet1/0/14 was notified a topology change.
%Mar 11 02:03:23:226 2026 xzyd-usau2 STP/6/STP_NOTIFIED_TC: Instance 0's port GigabitEthernet1/0/14 was notified a topology change.
%Mar 11 02:28:22:830 2026 xzyd-usau2 STP/6/STP_NOTIFIED_TC: Instance 0's port GigabitEthernet1/0/14 was notified a topology change.
%Mar 11 02:28:25:290 2026 xzyd-usau2 STP/6/STP_NOTIFIED_TC: Instance 0's port GigabitEthernet1/0/14 was notified a topology change.
%Mar 11 02:33:22:317 2026 xzyd-usau2 STP/6/STP_NOTIFIED_TC: Instance 0's port GigabitEthernet1/0/14 was notified a topology change.
%Mar 11 02:33:23:315 2026 xzyd-usau2 STP/6/STP_NOTIFIED_TC: Instance 0's port GigabitEthernet1/0/14 was notified a topology change.
%Mar 11 02:58:24:018 2026 xzyd-usau2 STP/6/STP_NOTIFIED_TC: Instance 0's port GigabitEthernet1/0/14 was notified a topology change.
%Mar 11 02:58:25:385 2026 xzyd-usau2 STP/6/STP_NOTIFIED_TC: Instance 0's port GigabitEthernet1/0/14 was notified a topology change.
%Mar 11 03:03:23:404 2026 xzyd-usau2 STP/6/STP_NOTIFIED_TC: Instance 0's port GigabitEthernet1/0/14 was notified a topology change.
%Mar 11 03:28:24:016 2026 xzyd-usau2 STP/6/STP_NOTIFIED_TC: Instance 0's port GigabitEthernet1/0/14 was notified a topology change.
%Mar 11 03:28:25:477 2026 xzyd-usau2 STP/6/STP_NOTIFIED_TC: Instance 0's port GigabitEthernet1/0/14 was notified a topology change.
%Mar 11 03:33:24:506 2026 xzyd-usau2 STP/6/STP_NOTIFIED_TC: Instance 0's port GigabitEthernet1/0/14 was notified a topology change.
%Mar 11 03:58:25:095 2026 xzyd-usau2 STP/6/STP_NOTIFIED_TC: Instance 0's port GigabitEthernet1/0/14 was notified a topology change.
%Mar 11 04:03:25:584 2026 xzyd-usau2 STP/6/STP_NOTIFIED_TC: Instance 0's port GigabitEthernet1/0/14 was notified a topology change.
%Mar 11 04:28:26:180 2026 xzyd-usau2 STP/6/STP_NOTIFIED_TC: Instance 0's port GigabitEthernet1/0/14 was notified a topology change.
%Mar 11 04:33:26:675 2026 xzyd-usau2 STP/6/STP_NOTIFIED_TC: Instance 0's port GigabitEthernet1/0/14 was notified a topology change.
%Mar 11 04:58:27:268 2026 xzyd-usau2 STP/6/STP_NOTIFIED_TC: Instance 0's port GigabitEthernet1/0/14 was notified a topology change.
%Mar 11 05:03:27:800 2026 xzyd-usau2 STP/6/STP_NOTIFIED_TC: Instance 0's port GigabitEthernet1/0/14 was notified a topology change.
%Mar 11 05:28:28:346 2026 xzyd-usau2 STP/6/STP_NOTIFIED_TC: Instance 0's port GigabitEthernet1/0/14 was notified a topology change.
%Mar 11 05:33:28:859 2026 xzyd-usau2 STP/6/STP_NOTIFIED_TC: Instance 0's port GigabitEthernet1/0/14 was notified a topology change.
%Mar 11 05:58:29:439 2026 xzyd-usau2 STP/6/STP_NOTIFIED_TC: Instance 0's port GigabitEthernet1/0/14 was notified a topology change.
%Mar 11 05:58:30:432 2026 xzyd-usau2 STP/6/STP_NOTIFIED_TC: Instance 0's port GigabitEthernet1/0/14 was notified a topology change.
%Mar 11 06:03:29:954 2026 xzyd-usau2 STP/6/STP_NOTIFIED_TC: Instance 0's port GigabitEthernet1/0/14 was notified a topology change.
%Mar 11 06:28:29:527 2026 xzyd-usau2 STP/6/STP_NOTIFIED_TC: Instance 0's port GigabitEthernet1/0/14 was notified a topology change.
%Mar 11 06:28:30:560 2026 xzyd-usau2 STP/6/STP_NOTIFIED_TC: Instance 0's port GigabitEthernet1/0/14 was notified a topology change.
%Mar 11 06:33:31:051 2026 xzyd-usau2 STP/6/STP_NOTIFIED_TC: Instance 0's port GigabitEthernet1/0/14 was notified a topology change.
%Mar 11 06:58:30:610 2026 xzyd-usau2 STP/6/STP_NOTIFIED_TC: Instance 0's port GigabitEthernet1/0/14 was notified a topology change.
%Mar 11 07:03:31:129 2026 xzyd-usau2 STP/6/STP_NOTIFIED_TC: Instance 0's port GigabitEthernet1/0/14 was notified a topology change.
%Mar 11 07:28:31:693 2026 xzyd-usau2 STP/6/STP_NOTIFIED_TC: Instance 0's port GigabitEthernet1/0/14 was notified a topology change.
%Mar 11 07:33:32:215 2026 xzyd-usau2 STP/6/STP_NOTIFIED_TC: Instance 0's port GigabitEthernet1/0/14 was notified a topology change.
%Mar 11 07:58:32:787 2026 xzyd-usau2 STP/6/STP_NOTIFIED_TC: Instance 0's port GigabitEthernet1/0/14 was notified a topology change.
%Mar 11 08:03:33:335 2026 xzyd-usau2 STP/6/STP_NOTIFIED_TC: Instance 0's port GigabitEthernet1/0/14 was notified a topology change.
%Mar 11 08:28:33:874 2026 xzyd-usau2 STP/6/STP_NOTIFIED_TC: Instance 0's port GigabitEthernet1/0/14 was notified a topology change.
%Mar 11 08:28:34:380 2026 xzyd-usau2 STP/6/STP_NOTIFIED_TC: Instance 0's port GigabitEthernet1/0/14 was notified a topology change.
%Mar 11 08:33:34:394 2026 xzyd-usau2 STP/6/STP_NOTIFIED_TC: Instance 0's port GigabitEthernet1/0/14 was notified a topology change.
%Mar 11 08:58:34:956 2026 xzyd-usau2 STP/6/STP_NOTIFIED_TC: Instance 0's port GigabitEthernet1/0/14 was notified a topology change.
%Mar 11 09:03:35:486 2026 xzyd-usau2 STP/6/STP_NOTIFIED_TC: Instance 0's port GigabitEthernet1/0/14 was notified a topology change.
%Mar 11 09:28:36:051 2026 xzyd-usau2 STP/6/STP_NOTIFIED_TC: Instance 0's port GigabitEthernet1/0/14 was notified a topology change.
%Mar 11 09:28:36:565 2026 xzyd-usau2 STP/6/STP_NOTIFIED_TC: Instance 0's port GigabitEthernet1/0/14 was notified a topology change.
%Mar 11 09:33:36:588 2026 xzyd-usau2 STP/6/STP_NOTIFIED_TC: Instance 0's port GigabitEthernet1/0/14 was notified a topology change.
%Mar 11 09:58:37:129 2026 xzyd-usau2 STP/6/STP_NOTIFIED_TC: Instance 0's port GigabitEthernet1/0/14 was notified a topology change.
%Mar 11 10:03:37:679 2026 xzyd-usau2 STP/6/STP_NOTIFIED_TC: Instance 0's port GigabitEthernet1/0/14 was notified a topology change.
%Mar 11 10:03:38:663 2026 xzyd-usau2 STP/6/STP_NOTIFIED_TC: Instance 0's port GigabitEthernet1/0/14 was notified a topology change.
%Mar 11 10:28:37:225 2026 xzyd-usau2 STP/6/STP_NOTIFIED_TC: Instance 0's port GigabitEthernet1/0/14 was notified a topology change.
%Mar 11 10:33:37:768 2026 xzyd-usau2 STP/6/STP_NOTIFIED_TC: Instance 0's port GigabitEthernet1/0/14 was notified a topology change.
%Mar 11 10:33:38:776 2026 xzyd-usau2 STP/6/STP_NOTIFIED_TC: Instance 0's port GigabitEthernet1/0/14 was notified a topology change.
%Mar 11 10:58:38:317 2026 xzyd-usau2 STP/6/STP_NOTIFIED_TC: Instance 0's port GigabitEthernet1/0/14 was notified a topology change.
%Mar 11 10:58:38:835 2026 xzyd-usau2 STP/6/STP_NOTIFIED_TC: Instance 0's port GigabitEthernet1/0/14 was notified a topology change.
%Mar 11 11:03:38:860 2026 xzyd-usau2 STP/6/STP_NOTIFIED_TC: Instance 0's port GigabitEthernet1/0/14 was notified a topology change.
%Mar 11 11:28:39:390 2026 xzyd-usau2 STP/6/STP_NOTIFIED_TC: Instance 0's port GigabitEthernet1/0/14 was notified a topology change.
%Mar 11 11:33:39:968 2026 xzyd-usau2 STP/6/STP_NOTIFIED_TC: Instance 0's port GigabitEthernet1/0/14 was notified a topology change.
%Mar 11 11:33:40:953 2026 xzyd-usau2 STP/6/STP_NOTIFIED_TC: Instance 0's port GigabitEthernet1/0/14 was notified a topology change.
%Mar 11 11:58:40:479 2026 xzyd-usau2 STP/6/STP_NOTIFIED_TC: Instance 0's port GigabitEthernet1/0/14 was notified a topology change.
%Mar 11 12:03:41:052 2026 xzyd-usau2 STP/6/STP_NOTIFIED_TC: Instance 0's port GigabitEthernet1/0/14 was notified a topology change.
%Mar 11 12:28:40:592 2026 xzyd-usau2 STP/6/STP_NOTIFIED_TC: Instance 0's port GigabitEthernet1/0/14 was notified a topology change.
%Mar 11 12:33:41:126 2026 xzyd-usau2 STP/6/STP_NOTIFIED_TC: Instance 0's port GigabitEthernet1/0/14 was notified a topology change.
%Mar 11 12:58:41:682 2026 xzyd-usau2 STP/6/STP_NOTIFIED_TC: Instance 0's port GigabitEthernet1/0/14 was notified a topology change.
%Mar 11 12:58:43:192 2026 xzyd-usau2 STP/6/STP_NOTIFIED_TC: Instance 0's port GigabitEthernet1/0/14 was notified a topology change.
%Mar 11 13:03:41:221 2026 xzyd-usau2 STP/6/STP_NOTIFIED_TC: Instance 0's port GigabitEthernet1/0/14 was notified a topology change.
%Mar 11 13:28:42:771 2026 xzyd-usau2 STP/6/STP_NOTIFIED_TC: Instance 0's port GigabitEthernet1/0/14 was notified a topology change.
%Mar 11 13:28:45:285 2026 xzyd-usau2 STP/6/STP_NOTIFIED_TC: Instance 0's port GigabitEthernet1/0/14 was notified a topology change.
%Mar 11 13:33:41:304 2026 xzyd-usau2 STP/6/STP_NOTIFIED_TC: Instance 0's port GigabitEthernet1/0/14 was notified a topology change.
%Mar 11 13:58:43:853 2026 xzyd-usau2 STP/6/STP_NOTIFIED_TC: Instance 0's port GigabitEthernet1/0/14 was notified a topology change.
%Mar 11 13:58:45:380 2026 xzyd-usau2 STP/6/STP_NOTIFIED_TC: Instance 0's port GigabitEthernet1/0/14 was notified a topology change.
%Mar 11 14:03:44:407 2026 xzyd-usau2 STP/6/STP_NOTIFIED_TC: Instance 0's port GigabitEthernet1/0/14 was notified a topology change.
%Mar 11 14:28:44:939 2026 xzyd-usau2 STP/6/STP_NOTIFIED_TC: Instance 0's port GigabitEthernet1/0/14 was notified a topology change.
%Mar 11 14:28:47:465 2026 xzyd-usau2 STP/6/STP_NOTIFIED_TC: Instance 0's port GigabitEthernet1/0/14 was notified a topology change.
%Mar 11 14:33:44:499 2026 xzyd-usau2 STP/6/STP_NOTIFIED_TC: Instance 0's port GigabitEthernet1/0/14 was notified a topology change.
%Mar 11 14:58:45:034 2026 xzyd-usau2 STP/6/STP_NOTIFIED_TC: Instance 0's port GigabitEthernet1/0/14 was notified a topology change.
%Mar 11 14:58:47:569 2026 xzyd-usau2 STP/6/STP_NOTIFIED_TC: Instance 0's port GigabitEthernet1/0/14 was notified a topology change.
%Mar 11 15:03:45:591 2026 xzyd-usau2 STP/6/STP_NOTIFIED_TC: Instance 0's port GigabitEthernet1/0/14 was notified a topology change.
%Mar 11 15:28:46:125 2026 xzyd-usau2 STP/6/STP_NOTIFIED_TC: Instance 0's port GigabitEthernet1/0/14 was notified a topology change.
%Mar 11 15:28:47:661 2026 xzyd-usau2 STP/6/STP_NOTIFIED_TC: Instance 0's port GigabitEthernet1/0/14 was notified a topology change.
%Mar 11 15:33:46:684 2026 xzyd-usau2 STP/6/STP_NOTIFIED_TC: Instance 0's port GigabitEthernet1/0/14 was notified a topology change.
%Mar 11 15:58:47:206 2026 xzyd-usau2 STP/6/STP_NOTIFIED_TC: Instance 0's port GigabitEthernet1/0/14 was notified a topology change.
%Mar 11 16:03:47:776 2026 xzyd-usau2 STP/6/STP_NOTIFIED_TC: Instance 0's port GigabitEthernet1/0/14 was notified a topology change.
%Mar 11 16:28:48:328 2026 xzyd-usau2 STP/6/STP_NOTIFIED_TC: Instance 0's port GigabitEthernet1/0/14 was notified a topology change.
%Mar 11 16:33:48:868 2026 xzyd-usau2 STP/6/STP_NOTIFIED_TC: Instance 0's port GigabitEthernet1/0/14 was notified a topology change.
%Mar 11 16:58:49:376 2026 xzyd-usau2 STP/6/STP_NOTIFIED_TC: Instance 0's port GigabitEthernet1/0/14 was notified a topology change.
%Mar 11 16:58:50:371 2026 xzyd-usau2 STP/6/STP_NOTIFIED_TC: Instance 0's port GigabitEthernet1/0/14 was notified a topology change.
%Mar 11 17:03:48:962 2026 xzyd-usau2 STP/6/STP_NOTIFIED_TC: Instance 0's port GigabitEthernet1/0/14 was notified a topology change.
%Mar 11 17:04:45:069 2026 xzyd-usau2 SSHS/6/SSHS_AUTH_SUCCESS: SSH user xz4a_admin from 10.237.35.254 port 59318 passed password authentication.
%Mar 11 17:04:46:143 2026 xzyd-usau2 SSHS/6/SSHS_CONNECT: SSH user xz4a_admin (IP: 10.237.35.254) connected to the server successfully.
%Mar 11 17:04:46:509 2026 xzyd-usau2 SHELL/5/SHELL_LOGIN: xz4a_admin logged in from 10.237.35.254.
%Mar 11 17:08:19:295 2026 xzyd-usau2 SHELL/4/SHELL_CMD_MATCHFAIL: -User=xz4a_admin-IPAddr=10.237.35.254; Command screen-length 0 temporary in view shell failed to be matched.
%Mar 11 17:08:19:325 2026 xzyd-usau2 SHELL/6/SHELL_CMD: -Line=vty0-IPAddr=10.237.35.254-User=xz4a_admin; Command is display version
%Mar 11 17:08:19:503 2026 xzyd-usau2 SHELL/6/SHELL_CMD: -Line=vty0-IPAddr=10.237.35.254-User=xz4a_admin; Command is display device
%Mar 11 17:08:19:638 2026 xzyd-usau2 SHELL/6/SHELL_CMD: -Line=vty0-IPAddr=10.237.35.254-User=xz4a_admin; Command is display startup
%Mar 11 17:08:19:764 2026 xzyd-usau2 SHELL/6/SHELL_CMD: -Line=vty0-IPAddr=10.237.35.254-User=xz4a_admin; Command is display cpu-usage
%Mar 11 17:08:19:889 2026 xzyd-usau2 SHELL/4/SHELL_CMD_MATCHFAIL: -User=xz4a_admin-IPAddr=10.237.35.254; Command display memory-usage in view shell failed to be matched.
%Mar 11 17:08:19:918 2026 xzyd-usau2 SHELL/6/SHELL_CMD: -Line=vty0-IPAddr=10.237.35.254-User=xz4a_admin; Command is display memory
%Mar 11 17:08:20:052 2026 xzyd-usau2 SHELL/6/SHELL_CMD: -Line=vty0-IPAddr=10.237.35.254-User=xz4a_admin; Command is display ip interface brief
%Mar 11 17:08:20:181 2026 xzyd-usau2 SHELL/6/SHELL_CMD: -Line=vty0-IPAddr=10.237.35.254-User=xz4a_admin; Command is display interface brief
%Mar 11 17:08:20:773 2026 xzyd-usau2 SHELL/6/SHELL_CMD: -Line=vty0-IPAddr=10.237.35.254-User=xz4a_admin; Command is display ip routing-table
%Mar 11 17:08:20:893 2026 xzyd-usau2 SHELL/6/SHELL_CMD: -Line=vty0-IPAddr=10.237.35.254-User=xz4a_admin; Command is display logbuffer
%Mar 11 17:08:22:046 2026 xzyd-usau2 SHELL/6/SHELL_CMD: -Line=vty0-IPAddr=10.237.35.254-User=xz4a_admin; Command is display current-configuration
%Mar 11 17:13:24:602 2026 xzyd-usau2 SHELL/5/SHELL_LOGOUT: xz4a_admin logged out from 10.237.35.254.
%Mar 11 17:13:24:662 2026 xzyd-usau2 SSHS/6/SSHS_LOG: User xz4a_admin logged out from 10.237.35.254 port 59318.
%Mar 11 17:13:24:663 2026 xzyd-usau2 SSHS/6/SSHS_DISCONNECT: SSH user xz4a_admin (IP: 10.237.35.254) disconnected from the server.
%Mar 11 17:28:49:490 2026 xzyd-usau2 STP/6/STP_NOTIFIED_TC: Instance 0's port GigabitEthernet1/0/14 was notified a topology change.
%Mar 11 17:28:50:459 2026 xzyd-usau2 STP/6/STP_NOTIFIED_TC: Instance 0's port GigabitEthernet1/0/14 was notified a topology change.
%Mar 11 17:33:50:042 2026 xzyd-usau2 STP/6/STP_NOTIFIED_TC: Instance 0's port GigabitEthernet1/0/14 was notified a topology change.
%Mar 11 17:58:50:559 2026 xzyd-usau2 STP/6/STP_NOTIFIED_TC: Instance 0's port GigabitEthernet1/0/14 was notified a topology change.
%Mar 11 18:03:51:145 2026 xzyd-usau2 STP/6/STP_NOTIFIED_TC: Instance 0's port GigabitEthernet1/0/14 was notified a topology change.
%Mar 11 18:28:51:634 2026 xzyd-usau2 STP/6/STP_NOTIFIED_TC: Instance 0's port GigabitEthernet1/0/14 was notified a topology change.
%Mar 11 18:28:52:628 2026 xzyd-usau2 STP/6/STP_NOTIFIED_TC: Instance 0's port GigabitEthernet1/0/14 was notified a topology change.
%Mar 11 18:33:52:234 2026 xzyd-usau2 STP/6/STP_NOTIFIED_TC: Instance 0's port GigabitEthernet1/0/14 was notified a topology change.
%Mar 11 18:58:52:736 2026 xzyd-usau2 STP/6/STP_NOTIFIED_TC: Instance 0's port GigabitEthernet1/0/14 was notified a topology change.
%Mar 11 19:03:53:367 2026 xzyd-usau2 STP/6/STP_NOTIFIED_TC: Instance 0's port GigabitEthernet1/0/14 was notified a topology change.
%Mar 11 19:28:52:802 2026 xzyd-usau2 STP/6/STP_NOTIFIED_TC: Instance 0's port GigabitEthernet1/0/14 was notified a topology change.
%Mar 11 19:33:53:409 2026 xzyd-usau2 STP/6/STP_NOTIFIED_TC: Instance 0's port GigabitEthernet1/0/14 was notified a topology change.
%Mar 11 19:58:53:887 2026 xzyd-usau2 STP/6/STP_NOTIFIED_TC: Instance 0's port GigabitEthernet1/0/14 was notified a topology change.
%Mar 11 19:58:54:484 2026 xzyd-usau2 STP/6/STP_NOTIFIED_TC: Instance 0's port GigabitEthernet1/0/14 was notified a topology change.
%Mar 11 20:03:54:505 2026 xzyd-usau2 STP/6/STP_NOTIFIED_TC: Instance 0's port GigabitEthernet1/0/14 was notified a topology change.
%Mar 11 20:28:54:968 2026 xzyd-usau2 STP/6/STP_NOTIFIED_TC: Instance 0's port GigabitEthernet1/0/14 was notified a topology change.
%Mar 11 20:33:55:595 2026 xzyd-usau2 STP/6/STP_NOTIFIED_TC: Instance 0's port GigabitEthernet1/0/14 was notified a topology change.
%Mar 11 20:58:56:055 2026 xzyd-usau2 STP/6/STP_NOTIFIED_TC: Instance 0's port GigabitEthernet1/0/14 was notified a topology change.
%Mar 11 20:58:56:662 2026 xzyd-usau2 STP/6/STP_NOTIFIED_TC: Instance 0's port GigabitEthernet1/0/14 was notified a topology change.
%Mar 11 21:03:56:733 2026 xzyd-usau2 STP/6/STP_NOTIFIED_TC: Instance 0's port GigabitEthernet1/0/14 was notified a topology change.
%Mar 11 21:28:57:164 2026 xzyd-usau2 STP/6/STP_NOTIFIED_TC: Instance 0's port GigabitEthernet1/0/14 was notified a topology change.
%Mar 11 21:33:57:789 2026 xzyd-usau2 STP/6/STP_NOTIFIED_TC: Instance 0's port GigabitEthernet1/0/14 was notified a topology change.
%Mar 11 21:33:58:769 2026 xzyd-usau2 STP/6/STP_NOTIFIED_TC: Instance 0's port GigabitEthernet1/0/14 was notified a topology change.
%Mar 11 21:58:58:247 2026 xzyd-usau2 STP/6/STP_NOTIFIED_TC: Instance 0's port GigabitEthernet1/0/14 was notified a topology change.
%Mar 11 21:58:58:842 2026 xzyd-usau2 STP/6/STP_NOTIFIED_TC: Instance 0's port GigabitEthernet1/0/14 was notified a topology change.
%Mar 11 22:03:58:859 2026 xzyd-usau2 STP/6/STP_NOTIFIED_TC: Instance 0's port GigabitEthernet1/0/14 was notified a topology change.
%Mar 11 22:28:59:368 2026 xzyd-usau2 STP/6/STP_NOTIFIED_TC: Instance 0's port GigabitEthernet1/0/14 was notified a topology change.
%Mar 11 22:33:59:985 2026 xzyd-usau2 STP/6/STP_NOTIFIED_TC: Instance 0's port GigabitEthernet1/0/14 was notified a topology change.
%Mar 11 22:34:00:947 2026 xzyd-usau2 STP/6/STP_NOTIFIED_TC: Instance 0's port GigabitEthernet1/0/14 was notified a topology change.
%Mar 11 22:59:00:433 2026 xzyd-usau2 STP/6/STP_NOTIFIED_TC: Instance 0's port GigabitEthernet1/0/14 was notified a topology change.
%Mar 11 23:04:01:052 2026 xzyd-usau2 STP/6/STP_NOTIFIED_TC: Instance 0's port GigabitEthernet1/0/14 was notified a topology change.
%Mar 11 23:29:01:487 2026 xzyd-usau2 STP/6/STP_NOTIFIED_TC: Instance 0's port GigabitEthernet1/0/14 was notified a topology change.
%Mar 11 23:34:02:135 2026 xzyd-usau2 STP/6/STP_NOTIFIED_TC: Instance 0's port GigabitEthernet1/0/14 was notified a topology change.
%Mar 11 23:34:03:124 2026 xzyd-usau2 STP/6/STP_NOTIFIED_TC: Instance 0's port GigabitEthernet1/0/14 was notified a topology change.
%Mar 11 23:59:02:569 2026 xzyd-usau2 STP/6/STP_NOTIFIED_TC: Instance 0's port GigabitEthernet1/0/14 was notified a topology change.
%Mar 12 00:04:03:224 2026 xzyd-usau2 STP/6/STP_NOTIFIED_TC: Instance 0's port GigabitEthernet1/0/14 was notified a topology change.
%Mar 12 00:29:02:707 2026 xzyd-usau2 STP/6/STP_NOTIFIED_TC: Instance 0's port GigabitEthernet1/0/14 was notified a topology change.
%Mar 12 00:34:04:322 2026 xzyd-usau2 STP/6/STP_NOTIFIED_TC: Instance 0's port GigabitEthernet1/0/14 was notified a topology change.
%Mar 12 00:34:05:311 2026 xzyd-usau2 STP/6/STP_NOTIFIED_TC: Instance 0's port GigabitEthernet1/0/14 was notified a topology change.
%Mar 12 00:59:03:745 2026 xzyd-usau2 STP/6/STP_NOTIFIED_TC: Instance 0's port GigabitEthernet1/0/14 was notified a topology change.
%Mar 12 01:04:04:409 2026 xzyd-usau2 STP/6/STP_NOTIFIED_TC: Instance 0's port GigabitEthernet1/0/14 was notified a topology change.
%Mar 12 01:29:04:822 2026 xzyd-usau2 STP/6/STP_NOTIFIED_TC: Instance 0's port GigabitEthernet1/0/14 was notified a topology change.
%Mar 12 01:34:05:506 2026 xzyd-usau2 STP/6/STP_NOTIFIED_TC: Instance 0's port GigabitEthernet1/0/14 was notified a topology change.
%Mar 12 01:59:05:913 2026 xzyd-usau2 STP/6/STP_NOTIFIED_TC: Instance 0's port GigabitEthernet1/0/14 was notified a topology change.
%Mar 12 01:59:07:569 2026 xzyd-usau2 STP/6/STP_NOTIFIED_TC: Instance 0's port GigabitEthernet1/0/14 was notified a topology change.
%Mar 12 02:04:06:590 2026 xzyd-usau2 STP/6/STP_NOTIFIED_TC: Instance 0's port GigabitEthernet1/0/14 was notified a topology change.
%Mar 12 02:29:07:016 2026 xzyd-usau2 STP/6/STP_NOTIFIED_TC: Instance 0's port GigabitEthernet1/0/14 was notified a topology change.
%Mar 12 02:29:09:652 2026 xzyd-usau2 STP/6/STP_NOTIFIED_TC: Instance 0's port GigabitEthernet1/0/14 was notified a topology change.
%Mar 12 02:34:07:685 2026 xzyd-usau2 STP/6/STP_NOTIFIED_TC: Instance 0's port GigabitEthernet1/0/14 was notified a topology change.
%Mar 12 02:59:08:100 2026 xzyd-usau2 STP/6/STP_NOTIFIED_TC: Instance 0's port GigabitEthernet1/0/14 was notified a topology change.
%Mar 12 02:59:09:749 2026 xzyd-usau2 STP/6/STP_NOTIFIED_TC: Instance 0's port GigabitEthernet1/0/14 was notified a topology change.
%Mar 12 03:04:07:763 2026 xzyd-usau2 STP/6/STP_NOTIFIED_TC: Instance 0's port GigabitEthernet1/0/14 was notified a topology change.
%Mar 12 03:29:08:219 2026 xzyd-usau2 STP/6/STP_NOTIFIED_TC: Instance 0's port GigabitEthernet1/0/14 was notified a topology change.
%Mar 12 03:29:09:840 2026 xzyd-usau2 STP/6/STP_NOTIFIED_TC: Instance 0's port GigabitEthernet1/0/14 was notified a topology change.
%Mar 12 03:34:08:863 2026 xzyd-usau2 STP/6/STP_NOTIFIED_TC: Instance 0's port GigabitEthernet1/0/14 was notified a topology change.
%Mar 12 03:59:09:266 2026 xzyd-usau2 STP/6/STP_NOTIFIED_TC: Instance 0's port GigabitEthernet1/0/14 was notified a topology change.
%Mar 12 04:04:09:940 2026 xzyd-usau2 STP/6/STP_NOTIFIED_TC: Instance 0's port GigabitEthernet1/0/14 was notified a topology change.
%Mar 12 04:29:10:386 2026 xzyd-usau2 STP/6/STP_NOTIFIED_TC: Instance 0's port GigabitEthernet1/0/14 was notified a topology change.
%Mar 12 04:34:11:047 2026 xzyd-usau2 STP/6/STP_NOTIFIED_TC: Instance 0's port GigabitEthernet1/0/14 was notified a topology change.
%Mar 12 04:59:11:433 2026 xzyd-usau2 STP/6/STP_NOTIFIED_TC: Instance 0's port GigabitEthernet1/0/14 was notified a topology change.
%Mar 12 04:59:12:422 2026 xzyd-usau2 STP/6/STP_NOTIFIED_TC: Instance 0's port GigabitEthernet1/0/14 was notified a topology change.
%Mar 12 05:04:11:213 2026 xzyd-usau2 STP/6/STP_NOTIFIED_TC: Instance 0's port GigabitEthernet1/0/14 was notified a topology change.
%Mar 12 05:29:12:542 2026 xzyd-usau2 STP/6/STP_NOTIFIED_TC: Instance 0's port GigabitEthernet1/0/14 was notified a topology change.
%Mar 12 05:34:12:235 2026 xzyd-usau2 STP/6/STP_NOTIFIED_TC: Instance 0's port GigabitEthernet1/0/14 was notified a topology change.
%Mar 12 05:59:13:611 2026 xzyd-usau2 STP/6/STP_NOTIFIED_TC: Instance 0's port GigabitEthernet1/0/14 was notified a topology change.
%Mar 12 05:59:14:602 2026 xzyd-usau2 STP/6/STP_NOTIFIED_TC: Instance 0's port GigabitEthernet1/0/14 was notified a topology change.
%Mar 12 06:04:13:333 2026 xzyd-usau2 STP/6/STP_NOTIFIED_TC: Instance 0's port GigabitEthernet1/0/14 was notified a topology change.
%Mar 12 06:29:13:762 2026 xzyd-usau2 STP/6/STP_NOTIFIED_TC: Instance 0's port GigabitEthernet1/0/14 was notified a topology change.
%Mar 12 06:29:14:686 2026 xzyd-usau2 STP/6/STP_NOTIFIED_TC: Instance 0's port GigabitEthernet1/0/14 was notified a topology change.
%Mar 12 06:34:14:422 2026 xzyd-usau2 STP/6/STP_NOTIFIED_TC: Instance 0's port GigabitEthernet1/0/14 was notified a topology change.
%Mar 12 06:59:14:783 2026 xzyd-usau2 STP/6/STP_NOTIFIED_TC: Instance 0's port GigabitEthernet1/0/14 was notified a topology change.
%Mar 12 07:04:15:521 2026 xzyd-usau2 STP/6/STP_NOTIFIED_TC: Instance 0's port GigabitEthernet1/0/14 was notified a topology change.
%Mar 12 07:29:15:917 2026 xzyd-usau2 STP/6/STP_NOTIFIED_TC: Instance 0's port GigabitEthernet1/0/14 was notified a topology change.
%Mar 12 07:29:16:859 2026 xzyd-usau2 STP/6/STP_NOTIFIED_TC: Instance 0's port GigabitEthernet1/0/14 was notified a topology change.
%Mar 12 07:34:16:600 2026 xzyd-usau2 STP/6/STP_NOTIFIED_TC: Instance 0's port GigabitEthernet1/0/14 was notified a topology change.
%Mar 12 07:59:16:942 2026 xzyd-usau2 STP/6/STP_NOTIFIED_TC: Instance 0's port GigabitEthernet1/0/14 was notified a topology change.
%Mar 12 08:04:17:742 2026 xzyd-usau2 STP/6/STP_NOTIFIED_TC: Instance 0's port GigabitEthernet1/0/14 was notified a topology change.
%Mar 12 08:29:18:040 2026 xzyd-usau2 STP/6/STP_NOTIFIED_TC: Instance 0's port GigabitEthernet1/0/14 was notified a topology change.
%Mar 12 08:29:18:769 2026 xzyd-usau2 STP/6/STP_NOTIFIED_TC: Instance 0's port GigabitEthernet1/0/14 was notified a topology change.
%Mar 12 08:34:18:790 2026 xzyd-usau2 STP/6/STP_NOTIFIED_TC: Instance 0's port GigabitEthernet1/0/14 was notified a topology change.
%Mar 12 08:59:18:121 2026 xzyd-usau2 STP/6/STP_NOTIFIED_TC: Instance 0's port GigabitEthernet1/0/14 was notified a topology change.
%Mar 12 08:59:18:852 2026 xzyd-usau2 STP/6/STP_NOTIFIED_TC: Instance 0's port GigabitEthernet1/0/14 was notified a topology change.
%Mar 12 09:04:18:895 2026 xzyd-usau2 STP/6/STP_NOTIFIED_TC: Instance 0's port GigabitEthernet1/0/14 was notified a topology change.
%Mar 12 09:29:19:222 2026 xzyd-usau2 STP/6/STP_NOTIFIED_TC: Instance 0's port GigabitEthernet1/0/14 was notified a topology change.
%Mar 12 09:34:19:982 2026 xzyd-usau2 STP/6/STP_NOTIFIED_TC: Instance 0's port GigabitEthernet1/0/14 was notified a topology change.
%Mar 12 09:34:20:984 2026 xzyd-usau2 STP/6/STP_NOTIFIED_TC: Instance 0's port GigabitEthernet1/0/14 was notified a topology change.
%Mar 12 09:59:20:313 2026 xzyd-usau2 STP/6/STP_NOTIFIED_TC: Instance 0's port GigabitEthernet1/0/14 was notified a topology change.
%Mar 12 09:59:21:066 2026 xzyd-usau2 STP/6/STP_NOTIFIED_TC: Instance 0's port GigabitEthernet1/0/14 was notified a topology change.
%Mar 12 10:04:21:081 2026 xzyd-usau2 STP/6/STP_NOTIFIED_TC: Instance 0's port GigabitEthernet1/0/14 was notified a topology change.
%Mar 12 10:29:21:404 2026 xzyd-usau2 STP/6/STP_NOTIFIED_TC: Instance 0's port GigabitEthernet1/0/14 was notified a topology change.
%Mar 12 10:34:22:160 2026 xzyd-usau2 STP/6/STP_NOTIFIED_TC: Instance 0's port GigabitEthernet1/0/14 was notified a topology change.
%Mar 12 10:34:23:170 2026 xzyd-usau2 STP/6/STP_NOTIFIED_TC: Instance 0's port GigabitEthernet1/0/14 was notified a topology change.
%Mar 12 10:59:22:509 2026 xzyd-usau2 STP/6/STP_NOTIFIED_TC: Instance 0's port GigabitEthernet1/0/14 was notified a topology change.
%Mar 12 11:04:23:258 2026 xzyd-usau2 STP/6/STP_NOTIFIED_TC: Instance 0's port GigabitEthernet1/0/14 was notified a topology change.
%Mar 12 11:29:23:607 2026 xzyd-usau2 STP/6/STP_NOTIFIED_TC: Instance 0's port GigabitEthernet1/0/14 was notified a topology change.
%Mar 12 11:34:24:359 2026 xzyd-usau2 STP/6/STP_NOTIFIED_TC: Instance 0's port GigabitEthernet1/0/14 was notified a topology change.
%Mar 12 11:34:25:346 2026 xzyd-usau2 STP/6/STP_NOTIFIED_TC: Instance 0's port GigabitEthernet1/0/14 was notified a topology change.
%Mar 12 11:59:24:693 2026 xzyd-usau2 STP/6/STP_NOTIFIED_TC: Instance 0's port GigabitEthernet1/0/14 was notified a topology change.
%Mar 12 12:04:24:508 2026 xzyd-usau2 STP/6/STP_NOTIFIED_TC: Instance 0's port GigabitEthernet1/0/14 was notified a topology change.
%Mar 12 12:29:25:773 2026 xzyd-usau2 STP/6/STP_NOTIFIED_TC: Instance 0's port GigabitEthernet1/0/14 was notified a topology change.
%Mar 12 12:34:24:540 2026 xzyd-usau2 STP/6/STP_NOTIFIED_TC: Instance 0's port GigabitEthernet1/0/14 was notified a topology change.
%Mar 12 12:59:26:860 2026 xzyd-usau2 STP/6/STP_NOTIFIED_TC: Instance 0's port GigabitEthernet1/0/14 was notified a topology change.
%Mar 12 13:04:24:632 2026 xzyd-usau2 STP/6/STP_NOTIFIED_TC: Instance 0's port GigabitEthernet1/0/14 was notified a topology change.
%Mar 12 13:29:26:991 2026 xzyd-usau2 STP/6/STP_NOTIFIED_TC: Instance 0's port GigabitEthernet1/0/14 was notified a topology change.
%Mar 12 13:34:27:719 2026 xzyd-usau2 STP/6/STP_NOTIFIED_TC: Instance 0's port GigabitEthernet1/0/14 was notified a topology change.
%Mar 12 13:59:28:030 2026 xzyd-usau2 STP/6/STP_NOTIFIED_TC: Instance 0's port GigabitEthernet1/0/14 was notified a topology change.
%Mar 12 14:04:28:803 2026 xzyd-usau2 STP/6/STP_NOTIFIED_TC: Instance 0's port GigabitEthernet1/0/14 was notified a topology change.
%Mar 12 14:29:29:116 2026 xzyd-usau2 STP/6/STP_NOTIFIED_TC: Instance 0's port GigabitEthernet1/0/14 was notified a topology change.
%Mar 12 14:29:31:873 2026 xzyd-usau2 STP/6/STP_NOTIFIED_TC: Instance 0's port GigabitEthernet1/0/14 was notified a topology change.
%Mar 12 14:34:29:896 2026 xzyd-usau2 STP/6/STP_NOTIFIED_TC: Instance 0's port GigabitEthernet1/0/14 was notified a topology change.
%Mar 12 14:59:30:203 2026 xzyd-usau2 STP/6/STP_NOTIFIED_TC: Instance 0's port GigabitEthernet1/0/14 was notified a topology change.
%Mar 12 14:59:31:979 2026 xzyd-usau2 STP/6/STP_NOTIFIED_TC: Instance 0's port GigabitEthernet1/0/14 was notified a topology change.
%Mar 12 15:04:30:990 2026 xzyd-usau2 STP/6/STP_NOTIFIED_TC: Instance 0's port GigabitEthernet1/0/14 was notified a topology change.
%Mar 12 15:19:49:389 2026 xzyd-usau2 SSHS/6/SSHS_AUTH_SUCCESS: SSH user xz4a_admin from 10.237.35.254 port 58003 passed password authentication.
%Mar 12 15:19:50:492 2026 xzyd-usau2 SSHS/6/SSHS_CONNECT: SSH user xz4a_admin (IP: 10.237.35.254) connected to the server successfully.
%Mar 12 15:19:50:862 2026 xzyd-usau2 SHELL/5/SHELL_LOGIN: xz4a_admin logged in from 10.237.35.254.
%Mar 12 15:20:25:851 2026 xzyd-usau2 SHELL/5/SHELL_LOGOUT: xz4a_admin logged out from 10.237.35.254.
%Mar 12 15:20:25:915 2026 xzyd-usau2 SSHS/6/SSHS_LOG: User xz4a_admin logged out from 10.237.35.254 port 58003.
%Mar 12 15:20:25:915 2026 xzyd-usau2 SSHS/6/SSHS_DISCONNECT: SSH user xz4a_admin (IP: 10.237.35.254) disconnected from the server.
%Mar 12 15:20:35:819 2026 xzyd-usau2 SSHS/6/SSHS_AUTH_SUCCESS: SSH user xz4a_admin from 10.237.35.254 port 58171 passed password authentication.
%Mar 12 15:20:36:895 2026 xzyd-usau2 SSHS/6/SSHS_CONNECT: SSH user xz4a_admin (IP: 10.237.35.254) connected to the server successfully.
%Mar 12 15:20:37:269 2026 xzyd-usau2 SHELL/5/SHELL_LOGIN: xz4a_admin logged in from 10.237.35.254.
%Mar 12 15:21:06:050 2026 xzyd-usau2 SHELL/4/SHELL_CMD_MATCHFAIL: -User=xz4a_admin-IPAddr=10.237.35.254; Command screen-length 0 temporary in view shell failed to be matched.
%Mar 12 15:21:06:087 2026 xzyd-usau2 SHELL/6/SHELL_CMD: -Line=vty0-IPAddr=10.237.35.254-User=xz4a_admin; Command is display version
%Mar 12 15:21:06:243 2026 xzyd-usau2 SHELL/6/SHELL_CMD: -Line=vty0-IPAddr=10.237.35.254-User=xz4a_admin; Command is display device
%Mar 12 15:21:06:377 2026 xzyd-usau2 SHELL/6/SHELL_CMD: -Line=vty0-IPAddr=10.237.35.254-User=xz4a_admin; Command is display startup
%Mar 12 15:21:06:503 2026 xzyd-usau2 SHELL/6/SHELL_CMD: -Line=vty0-IPAddr=10.237.35.254-User=xz4a_admin; Command is display cpu-usage
%Mar 12 15:21:06:637 2026 xzyd-usau2 SHELL/4/SHELL_CMD_MATCHFAIL: -User=xz4a_admin-IPAddr=10.237.35.254; Command display memory-usage in view shell failed to be matched.
%Mar 12 15:21:06:665 2026 xzyd-usau2 SHELL/6/SHELL_CMD: -Line=vty0-IPAddr=10.237.35.254-User=xz4a_admin; Command is display memory
%Mar 12 15:21:06:816 2026 xzyd-usau2 SHELL/6/SHELL_CMD: -Line=vty0-IPAddr=10.237.35.254-User=xz4a_admin; Command is display ip interface brief
%Mar 12 15:21:06:947 2026 xzyd-usau2 SHELL/6/SHELL_CMD: -Line=vty0-IPAddr=10.237.35.254-User=xz4a_admin; Command is display interface brief
%Mar 12 15:21:07:500 2026 xzyd-usau2 SHELL/6/SHELL_CMD: -Line=vty0-IPAddr=10.237.35.254-User=xz4a_admin; Command is display ip routing-table
%Mar 12 15:21:07:631 2026 xzyd-usau2 SHELL/6/SHELL_CMD: -Line=vty0-IPAddr=10.237.35.254-User=xz4a_admin; Command is display logbuffer
%Mar 12 15:21:08:682 2026 xzyd-usau2 SHELL/6/SHELL_CMD: -Line=vty0-IPAddr=10.237.35.254-User=xz4a_admin; Command is display current-configuration
%Mar 12 15:25:11:246 2026 xzyd-usau2 SHELL/5/SHELL_LOGOUT: xz4a_admin logged out from 10.237.35.254.
%Mar 12 15:25:11:310 2026 xzyd-usau2 SSHS/6/SSHS_LOG: User xz4a_admin logged out from 10.237.35.254 port 58171.
%Mar 12 15:25:11:310 2026 xzyd-usau2 SSHS/6/SSHS_DISCONNECT: SSH user xz4a_admin (IP: 10.237.35.254) disconnected from the server.
%Mar 12 15:29:31:282 2026 xzyd-usau2 STP/6/STP_NOTIFIED_TC: Instance 0's port GigabitEthernet1/0/14 was notified a topology change.
%Mar 12 15:29:34:060 2026 xzyd-usau2 STP/6/STP_NOTIFIED_TC: Instance 0's port GigabitEthernet1/0/14 was notified a topology change.
%Mar 12 15:34:31:085 2026 xzyd-usau2 STP/6/STP_NOTIFIED_TC: Instance 0's port GigabitEthernet1/0/14 was notified a topology change.
%Mar 12 15:59:32:377 2026 xzyd-usau2 STP/6/STP_NOTIFIED_TC: Instance 0's port GigabitEthernet1/0/14 was notified a topology change.
%Mar 12 16:04:31:175 2026 xzyd-usau2 STP/6/STP_NOTIFIED_TC: Instance 0's port GigabitEthernet1/0/14 was notified a topology change.
%Mar 12 16:29:33:474 2026 xzyd-usau2 STP/6/STP_NOTIFIED_TC: Instance 0's port GigabitEthernet1/0/14 was notified a topology change.
%Mar 12 16:29:34:457 2026 xzyd-usau2 STP/6/STP_NOTIFIED_TC: Instance 0's port GigabitEthernet1/0/14 was notified a topology change.
%Mar 12 16:34:31:264 2026 xzyd-usau2 STP/6/STP_NOTIFIED_TC: Instance 0's port GigabitEthernet1/0/14 was notified a topology change.
%Mar 12 16:59:34:546 2026 xzyd-usau2 STP/6/STP_NOTIFIED_TC: Instance 0's port GigabitEthernet1/0/14 was notified a topology change.
%Mar 12 17:04:31:361 2026 xzyd-usau2 STP/6/STP_NOTIFIED_TC: Instance 0's port GigabitEthernet1/0/14 was notified a topology change.
%Mar 12 17:29:34:630 2026 xzyd-usau2 STP/6/STP_NOTIFIED_TC: Instance 0's port GigabitEthernet1/0/14 was notified a topology change.
%Mar 12 17:34:32:458 2026 xzyd-usau2 STP/6/STP_NOTIFIED_TC: Instance 0's port GigabitEthernet1/0/14 was notified a topology change.
%Mar 12 17:59:35:718 2026 xzyd-usau2 STP/6/STP_NOTIFIED_TC: Instance 0's port GigabitEthernet1/0/14 was notified a topology change.
%Mar 12 17:59:36:711 2026 xzyd-usau2 STP/6/STP_NOTIFIED_TC: Instance 0's port GigabitEthernet1/0/14 was notified a topology change.
%Mar 12 18:04:33:552 2026 xzyd-usau2 STP/6/STP_NOTIFIED_TC: Instance 0's port GigabitEthernet1/0/14 was notified a topology change.
%Mar 12 18:29:36:829 2026 xzyd-usau2 STP/6/STP_NOTIFIED_TC: Instance 0's port GigabitEthernet1/0/14 was notified a topology change.
%Mar 12 18:34:33:639 2026 xzyd-usau2 STP/6/STP_NOTIFIED_TC: Instance 0's port GigabitEthernet1/0/14 was notified a topology change.
%Mar 12 18:59:36:883 2026 xzyd-usau2 STP/6/STP_NOTIFIED_TC: Instance 0's port GigabitEthernet1/0/14 was notified a topology change.
%Mar 12 19:04:33:784 2026 xzyd-usau2 STP/6/STP_NOTIFIED_TC: Instance 0's port GigabitEthernet1/0/14 was notified a topology change.
%Mar 12 19:29:37:971 2026 xzyd-usau2 STP/6/STP_NOTIFIED_TC: Instance 0's port GigabitEthernet1/0/14 was notified a topology change.
%Mar 12 19:29:38:973 2026 xzyd-usau2 STP/6/STP_NOTIFIED_TC: Instance 0's port GigabitEthernet1/0/14 was notified a topology change.
%Mar 12 19:34:33:859 2026 xzyd-usau2 STP/6/STP_NOTIFIED_TC: Instance 0's port GigabitEthernet1/0/14 was notified a topology change.
%Mar 12 19:59:39:050 2026 xzyd-usau2 STP/6/STP_NOTIFIED_TC: Instance 0's port GigabitEthernet1/0/14 was notified a topology change.
%Mar 12 20:04:34:903 2026 xzyd-usau2 STP/6/STP_NOTIFIED_TC: Instance 0's port GigabitEthernet1/0/14 was notified a topology change.
%Mar 12 20:29:40:147 2026 xzyd-usau2 STP/6/STP_NOTIFIED_TC: Instance 0's port GigabitEthernet1/0/14 was notified a topology change.
%Mar 12 20:29:40:983 2026 xzyd-usau2 STP/6/STP_NOTIFIED_TC: Instance 0's port GigabitEthernet1/0/14 was notified a topology change.
%Mar 12 20:34:35:029 2026 xzyd-usau2 STP/6/STP_NOTIFIED_TC: Instance 0's port GigabitEthernet1/0/14 was notified a topology change.
%Mar 12 20:59:41:224 2026 xzyd-usau2 STP/6/STP_NOTIFIED_TC: Instance 0's port GigabitEthernet1/0/14 was notified a topology change.
%Mar 12 21:04:35:090 2026 xzyd-usau2 STP/6/STP_NOTIFIED_TC: Instance 0's port GigabitEthernet1/0/14 was notified a topology change.
%Mar 12 21:29:41:330 2026 xzyd-usau2 STP/6/STP_NOTIFIED_TC: Instance 0's port GigabitEthernet1/0/14 was notified a topology change.
%Mar 12 21:34:35:176 2026 xzyd-usau2 STP/6/STP_NOTIFIED_TC: Instance 0's port GigabitEthernet1/0/14 was notified a topology change.
%Mar 12 21:59:42:392 2026 xzyd-usau2 STP/6/STP_NOTIFIED_TC: Instance 0's port GigabitEthernet1/0/14 was notified a topology change.
%Mar 12 22:04:35:269 2026 xzyd-usau2 STP/6/STP_NOTIFIED_TC: Instance 0's port GigabitEthernet1/0/14 was notified a topology change.
%Mar 12 22:29:43:483 2026 xzyd-usau2 STP/6/STP_NOTIFIED_TC: Instance 0's port GigabitEthernet1/0/14 was notified a topology change.
%Mar 12 22:34:35:365 2026 xzyd-usau2 STP/6/STP_NOTIFIED_TC: Instance 0's port GigabitEthernet1/0/14 was notified a topology change.
%Mar 12 22:59:44:568 2026 xzyd-usau2 STP/6/STP_NOTIFIED_TC: Instance 0's port GigabitEthernet1/0/14 was notified a topology change.
%Mar 12 23:04:35:444 2026 xzyd-usau2 STP/6/STP_NOTIFIED_TC: Instance 0's port GigabitEthernet1/0/14 was notified a topology change.
%Mar 12 23:29:45:676 2026 xzyd-usau2 STP/6/STP_NOTIFIED_TC: Instance 0's port GigabitEthernet1/0/14 was notified a topology change.
%Mar 12 23:34:35:540 2026 xzyd-usau2 STP/6/STP_NOTIFIED_TC: Instance 0's port GigabitEthernet1/0/14 was notified a topology change.
%Mar 12 23:59:46:739 2026 xzyd-usau2 STP/6/STP_NOTIFIED_TC: Instance 0's port GigabitEthernet1/0/14 was notified a topology change.
%Mar 13 00:04:46:640 2026 xzyd-usau2 STP/6/STP_NOTIFIED_TC: Instance 0's port GigabitEthernet1/0/14 was notified a topology change.
%Mar 13 00:29:46:827 2026 xzyd-usau2 STP/6/STP_NOTIFIED_TC: Instance 0's port GigabitEthernet1/0/14 was notified a topology change.
%Mar 13 00:34:46:780 2026 xzyd-usau2 STP/6/STP_NOTIFIED_TC: Instance 0's port GigabitEthernet1/0/14 was notified a topology change.
%Mar 13 00:59:47:906 2026 xzyd-usau2 STP/6/STP_NOTIFIED_TC: Instance 0's port GigabitEthernet1/0/14 was notified a topology change.
%Mar 13 01:04:47:815 2026 xzyd-usau2 STP/6/STP_NOTIFIED_TC: Instance 0's port GigabitEthernet1/0/14 was notified a topology change.
%Mar 13 01:29:48:990 2026 xzyd-usau2 STP/6/STP_NOTIFIED_TC: Instance 0's port GigabitEthernet1/0/14 was notified a topology change.
%Mar 13 01:34:47:949 2026 xzyd-usau2 STP/6/STP_NOTIFIED_TC: Instance 0's port GigabitEthernet1/0/14 was notified a topology change.
%Mar 13 01:59:50:077 2026 xzyd-usau2 STP/6/STP_NOTIFIED_TC: Instance 0's port GigabitEthernet1/0/14 was notified a topology change.
%Mar 13 02:04:47:990 2026 xzyd-usau2 STP/6/STP_NOTIFIED_TC: Instance 0's port GigabitEthernet1/0/14 was notified a topology change.
%Mar 13 02:29:51:157 2026 xzyd-usau2 STP/6/STP_NOTIFIED_TC: Instance 0's port GigabitEthernet1/0/14 was notified a topology change.
%Mar 13 02:34:48:132 2026 xzyd-usau2 STP/6/STP_NOTIFIED_TC: Instance 0's port GigabitEthernet1/0/14 was notified a topology change.
%Mar 13 02:59:52:250 2026 xzyd-usau2 STP/6/STP_NOTIFIED_TC: Instance 0's port GigabitEthernet1/0/14 was notified a topology change.
%Mar 13 02:59:54:157 2026 xzyd-usau2 STP/6/STP_NOTIFIED_TC: Instance 0's port GigabitEthernet1/0/14 was notified a topology change.
%Mar 13 03:04:48:181 2026 xzyd-usau2 STP/6/STP_NOTIFIED_TC: Instance 0's port GigabitEthernet1/0/14 was notified a topology change.
%Mar 13 03:29:52:341 2026 xzyd-usau2 STP/6/STP_NOTIFIED_TC: Instance 0's port GigabitEthernet1/0/14 was notified a topology change.
%Mar 13 03:34:48:292 2026 xzyd-usau2 STP/6/STP_NOTIFIED_TC: Instance 0's port GigabitEthernet1/0/14 was notified a topology change.
%Mar 13 03:59:53:426 2026 xzyd-usau2 STP/6/STP_NOTIFIED_TC: Instance 0's port GigabitEthernet1/0/14 was notified a topology change.
%Mar 13 03:59:54:416 2026 xzyd-usau2 STP/6/STP_NOTIFIED_TC: Instance 0's port GigabitEthernet1/0/14 was notified a topology change.
%Mar 13 04:04:48:397 2026 xzyd-usau2 STP/6/STP_NOTIFIED_TC: Instance 0's port GigabitEthernet1/0/14 was notified a topology change.
%Mar 13 04:29:54:512 2026 xzyd-usau2 STP/6/STP_NOTIFIED_TC: Instance 0's port GigabitEthernet1/0/14 was notified a topology change.
%Mar 13 04:34:48:449 2026 xzyd-usau2 STP/6/STP_NOTIFIED_TC: Instance 0's port GigabitEthernet1/0/14 was notified a topology change.
%Mar 13 04:59:55:599 2026 xzyd-usau2 STP/6/STP_NOTIFIED_TC: Instance 0's port GigabitEthernet1/0/14 was notified a topology change.
%Mar 13 04:59:56:593 2026 xzyd-usau2 STP/6/STP_NOTIFIED_TC: Instance 0's port GigabitEthernet1/0/14 was notified a topology change.
%Mar 13 05:04:55:533 2026 xzyd-usau2 STP/6/STP_NOTIFIED_TC: Instance 0's port GigabitEthernet1/0/14 was notified a topology change.
%Mar 13 05:29:56:675 2026 xzyd-usau2 STP/6/STP_NOTIFIED_TC: Instance 0's port GigabitEthernet1/0/14 was notified a topology change.
%Mar 13 05:34:55:636 2026 xzyd-usau2 STP/6/STP_NOTIFIED_TC: Instance 0's port GigabitEthernet1/0/14 was notified a topology change.
%Mar 13 05:59:56:778 2026 xzyd-usau2 STP/6/STP_NOTIFIED_TC: Instance 0's port GigabitEthernet1/0/14 was notified a topology change.
%Mar 13 06:04:55:763 2026 xzyd-usau2 STP/6/STP_NOTIFIED_TC: Instance 0's port GigabitEthernet1/0/14 was notified a topology change.
%Mar 13 06:29:57:910 2026 xzyd-usau2 STP/6/STP_NOTIFIED_TC: Instance 0's port GigabitEthernet1/0/14 was notified a topology change.
%Mar 13 06:29:58:860 2026 xzyd-usau2 STP/6/STP_NOTIFIED_TC: Instance 0's port GigabitEthernet1/0/14 was notified a topology change.
%Mar 13 06:34:55:803 2026 xzyd-usau2 STP/6/STP_NOTIFIED_TC: Instance 0's port GigabitEthernet1/0/14 was notified a topology change.
%Mar 13 06:59:58:990 2026 xzyd-usau2 STP/6/STP_NOTIFIED_TC: Instance 0's port GigabitEthernet1/0/14 was notified a topology change.
%Mar 13 07:04:56:917 2026 xzyd-usau2 STP/6/STP_NOTIFIED_TC: Instance 0's port GigabitEthernet1/0/14 was notified a topology change.
%Mar 13 07:30:00:034 2026 xzyd-usau2 STP/6/STP_NOTIFIED_TC: Instance 0's port GigabitEthernet1/0/14 was notified a topology change.
%Mar 13 07:30:01:024 2026 xzyd-usau2 STP/6/STP_NOTIFIED_TC: Instance 0's port GigabitEthernet1/0/14 was notified a topology change.
%Mar 13 07:34:59:988 2026 xzyd-usau2 STP/6/STP_NOTIFIED_TC: Instance 0's port GigabitEthernet1/0/14 was notified a topology change.
%Mar 13 08:00:01:123 2026 xzyd-usau2 STP/6/STP_NOTIFIED_TC: Instance 0's port GigabitEthernet1/0/14 was notified a topology change.
%Mar 13 08:05:02:076 2026 xzyd-usau2 STP/6/STP_NOTIFIED_TC: Instance 0's port GigabitEthernet1/0/14 was notified a topology change.
%Mar 13 08:30:01:216 2026 xzyd-usau2 STP/6/STP_NOTIFIED_TC: Instance 0's port GigabitEthernet1/0/14 was notified a topology change.
%Mar 13 08:35:02:167 2026 xzyd-usau2 STP/6/STP_NOTIFIED_TC: Instance 0's port GigabitEthernet1/0/14 was notified a topology change.
%Mar 13 09:00:02:289 2026 xzyd-usau2 STP/6/STP_NOTIFIED_TC: Instance 0's port GigabitEthernet1/0/14 was notified a topology change.
%Mar 13 09:00:03:286 2026 xzyd-usau2 STP/6/STP_NOTIFIED_TC: Instance 0's port GigabitEthernet1/0/14 was notified a topology change.
%Mar 13 09:05:02:258 2026 xzyd-usau2 STP/6/STP_NOTIFIED_TC: Instance 0's port GigabitEthernet1/0/14 was notified a topology change.
%Mar 13 09:30:03:386 2026 xzyd-usau2 STP/6/STP_NOTIFIED_TC: Instance 0's port GigabitEthernet1/0/14 was notified a topology change.
%Mar 13 09:35:02:372 2026 xzyd-usau2 STP/6/STP_NOTIFIED_TC: Instance 0's port GigabitEthernet1/0/14 was notified a topology change.
%Mar 13 10:00:04:453 2026 xzyd-usau2 STP/6/STP_NOTIFIED_TC: Instance 0's port GigabitEthernet1/0/14 was notified a topology change.
%Mar 13 10:05:05:447 2026 xzyd-usau2 STP/6/STP_NOTIFIED_TC: Instance 0's port GigabitEthernet1/0/14 was notified a topology change.
%Mar 13 10:30:05:542 2026 xzyd-usau2 STP/6/STP_NOTIFIED_TC: Instance 0's port GigabitEthernet1/0/14 was notified a topology change.
%Mar 13 10:35:05:535 2026 xzyd-usau2 STP/6/STP_NOTIFIED_TC: Instance 0's port GigabitEthernet1/0/14 was notified a topology change.
%Mar 13 11:00:06:639 2026 xzyd-usau2 STP/6/STP_NOTIFIED_TC: Instance 0's port GigabitEthernet1/0/14 was notified a topology change.
%Mar 13 11:05:05:614 2026 xzyd-usau2 STP/6/STP_NOTIFIED_TC: Instance 0's port GigabitEthernet1/0/14 was notified a topology change.
%Mar 13 11:30:06:741 2026 xzyd-usau2 STP/6/STP_NOTIFIED_TC: Instance 0's port GigabitEthernet1/0/14 was notified a topology change.
%Mar 13 11:35:07:708 2026 xzyd-usau2 STP/6/STP_NOTIFIED_TC: Instance 0's port GigabitEthernet1/0/14 was notified a topology change.
%Mar 13 12:00:07:840 2026 xzyd-usau2 STP/6/STP_NOTIFIED_TC: Instance 0's port GigabitEthernet1/0/14 was notified a topology change.
%Mar 13 12:05:08:829 2026 xzyd-usau2 STP/6/STP_NOTIFIED_TC: Instance 0's port GigabitEthernet1/0/14 was notified a topology change.
%Mar 13 12:30:08:895 2026 xzyd-usau2 STP/6/STP_NOTIFIED_TC: Instance 0's port GigabitEthernet1/0/14 was notified a topology change.
%Mar 13 12:35:09:894 2026 xzyd-usau2 STP/6/STP_NOTIFIED_TC: Instance 0's port GigabitEthernet1/0/14 was notified a topology change.
%Mar 13 12:44:40:100 2026 xzyd-usau2 SSHS/6/SSHS_AUTH_SUCCESS: SSH user xz4a_admin from 10.237.35.254 port 51134 passed password authentication.
%Mar 13 12:44:41:296 2026 xzyd-usau2 SSHS/6/SSHS_CONNECT: SSH user xz4a_admin (IP: 10.237.35.254) connected to the server successfully.
%Mar 13 12:44:41:662 2026 xzyd-usau2 SHELL/5/SHELL_LOGIN: xz4a_admin logged in from 10.237.35.254.
%Mar 13 12:45:15:586 2026 xzyd-usau2 SHELL/4/SHELL_CMD_MATCHFAIL: -User=xz4a_admin-IPAddr=10.237.35.254; Command screen-length 0 temporary in view shell failed to be matched.
%Mar 13 12:45:15:627 2026 xzyd-usau2 SHELL/6/SHELL_CMD: -Line=vty0-IPAddr=10.237.35.254-User=xz4a_admin; Command is display version
%Mar 13 12:45:15:771 2026 xzyd-usau2 SHELL/6/SHELL_CMD: -Line=vty0-IPAddr=10.237.35.254-User=xz4a_admin; Command is display device
%Mar 13 12:45:15:913 2026 xzyd-usau2 SHELL/6/SHELL_CMD: -Line=vty0-IPAddr=10.237.35.254-User=xz4a_admin; Command is display startup
%Mar 13 12:45:16:045 2026 xzyd-usau2 SHELL/6/SHELL_CMD: -Line=vty0-IPAddr=10.237.35.254-User=xz4a_admin; Command is display cpu-usage
%Mar 13 12:45:16:172 2026 xzyd-usau2 SHELL/4/SHELL_CMD_MATCHFAIL: -User=xz4a_admin-IPAddr=10.237.35.254; Command display memory-usage in view shell failed to be matched.
%Mar 13 12:45:16:206 2026 xzyd-usau2 SHELL/6/SHELL_CMD: -Line=vty0-IPAddr=10.237.35.254-User=xz4a_admin; Command is display memory
%Mar 13 12:45:16:350 2026 xzyd-usau2 SHELL/6/SHELL_CMD: -Line=vty0-IPAddr=10.237.35.254-User=xz4a_admin; Command is display ip interface brief
%Mar 13 12:45:16:486 2026 xzyd-usau2 SHELL/6/SHELL_CMD: -Line=vty0-IPAddr=10.237.35.254-User=xz4a_admin; Command is display interface brief
%Mar 13 12:45:17:060 2026 xzyd-usau2 SHELL/6/SHELL_CMD: -Line=vty0-IPAddr=10.237.35.254-User=xz4a_admin; Command is display ip routing-table
<xzyd-usau2>display current-configuration
#
 version 7.1.070, Release 1115
#
 sysname xzyd-usau2
#
 clock timezone BJ add 08:00:00
 clock protocol none
#
 telnet server enable
#
 voice-vlan mac-address 00e0-bb00-0000 mask ffff-ff00-0000 description 3com phone
 voice-vlan mac-address 0001-e300-0000 mask ffff-ff00-0000 description Simens phone
#
 irf mac-address persistent timer
 irf auto-update enable
 undo irf link-delay
 irf member 1 priority 1
#
 lldp global enable
#
 password-recovery enable
#
vlan 1
#
 stp instance 0 root primary
 stp global enable
#
interface NULL0
#
interface Vlan-interface1
 ip address 10.233.121.204 255.255.255.128
#
interface GigabitEthernet1/0/1
 port link-mode bridge
 shutdown
#
interface GigabitEthernet1/0/2
 port link-mode bridge
 description TO USAUNET
#
interface GigabitEthernet1/0/3
 port link-mode bridge
 shutdown
#
interface GigabitEthernet1/0/4
 port link-mode bridge
 shutdown
#
interface GigabitEthernet1/0/5
 port link-mode bridge
 shutdown
#
interface GigabitEthernet1/0/6
 port link-mode bridge
 shutdown
#
interface GigabitEthernet1/0/7
 port link-mode bridge
 shutdown
#
interface GigabitEthernet1/0/8
 port link-mode bridge
 description TO BAM
#
interface GigabitEthernet1/0/9
 port link-mode bridge
 shutdown
#
interface GigabitEthernet1/0/10
 port link-mode bridge
 shutdown
#
interface GigabitEthernet1/0/11
 port link-mode bridge
 shutdown
#
interface GigabitEthernet1/0/12
 port link-mode bridge
 shutdown
#
interface GigabitEthernet1/0/13
 port link-mode bridge
 shutdown
#
interface GigabitEthernet1/0/14
 port link-mode bridge
 description TO xzyd-enip2
#
interface GigabitEthernet1/0/15
 port link-mode bridge
 shutdown
#
interface GigabitEthernet1/0/16
 port link-mode bridge
 shutdown
#
interface GigabitEthernet1/0/17
 port link-mode bridge
 shutdown
#
interface GigabitEthernet1/0/18
 port link-mode bridge
 shutdown
#
interface GigabitEthernet1/0/19
 port link-mode bridge
 shutdown
#
interface GigabitEthernet1/0/20
 port link-mode bridge
 shutdown
#
interface GigabitEthernet1/0/21
 port link-mode bridge
 shutdown
#
interface GigabitEthernet1/0/22
 port link-mode bridge
 shutdown
#
interface GigabitEthernet1/0/23
 port link-mode bridge
 shutdown
#
interface GigabitEthernet1/0/24
 port link-mode bridge
 shutdown
#
interface GigabitEthernet1/0/25
 port link-mode bridge
 shutdown
#
interface GigabitEthernet1/0/26
 port link-mode bridge
 shutdown
#
interface GigabitEthernet1/0/27
 port link-mode bridge
 shutdown
#
interface GigabitEthernet1/0/28
 port link-mode bridge
 shutdown
#
interface GigabitEthernet1/0/29
 port link-mode bridge
 shutdown
#
interface GigabitEthernet1/0/30
 port link-mode bridge
 shutdown
#
interface GigabitEthernet1/0/31
 port link-mode bridge
 shutdown
#
interface GigabitEthernet1/0/32
 port link-mode bridge
 shutdown
#
interface GigabitEthernet1/0/33
 port link-mode bridge
 shutdown
#
interface GigabitEthernet1/0/34
 port link-mode bridge
 shutdown
#
interface GigabitEthernet1/0/35
 port link-mode bridge
 shutdown
#
interface GigabitEthernet1/0/36
 port link-mode bridge
 shutdown
#
interface GigabitEthernet1/0/37
 port link-mode bridge
 shutdown
#
interface GigabitEthernet1/0/38
 port link-mode bridge
 shutdown
#
interface GigabitEthernet1/0/39
 port link-mode bridge
 shutdown
#
interface GigabitEthernet1/0/40
 port link-mode bridge
 shutdown
#
interface GigabitEthernet1/0/41
 port link-mode bridge
 shutdown
#
interface GigabitEthernet1/0/42
 port link-mode bridge
 shutdown
#
interface GigabitEthernet1/0/43
 port link-mode bridge
 shutdown
#
interface GigabitEthernet1/0/44
 port link-mode bridge
 shutdown
#
interface GigabitEthernet1/0/45
 port link-mode bridge
 shutdown
#
interface GigabitEthernet1/0/46
 port link-mode bridge
 shutdown
#
interface GigabitEthernet1/0/47
 port link-mode bridge
 shutdown
#
interface GigabitEthernet1/0/48
 port link-mode bridge
 shutdown
#
interface Ten-GigabitEthernet1/0/49
 port link-mode bridge
 description TO xzyd-usau1
#
interface Ten-GigabitEthernet1/0/50
 port link-mode bridge
#
interface Ten-GigabitEthernet1/0/51
 port link-mode bridge
#
interface Ten-GigabitEthernet1/0/52
 port link-mode bridge
#
interface Ten-GigabitEthernet1/0/53
 port link-mode bridge
#
interface Ten-GigabitEthernet1/0/54
 port link-mode bridge
#
 scheduler logfile size 16
#
line class aux
 user-role network-admin
#
line class vty
 user-role network-operator
#
line aux 0
 user-role network-admin
#
line vty 0 4
 authentication-mode scheme
 user-role network-operator
 idle-timeout 5 0
 screen-length 0
#
line vty 5 63
 user-role network-operator
#
 ip route-static 10.237.35.0 24 10.233.121.213
 ip route-static 10.237.95.0 24 10.233.121.213
 ip route-static 10.237.99.0 24 10.233.121.213
 ip route-static 10.237.100.0 24 10.233.121.213
 ip route-static 10.241.118.0 29 10.233.121.213
#
 info-center loghost 10.237.35.249
 info-center loghost 10.237.35.254 facility local4
 info-center loghost 10.237.99.80
#
 snmp-agent
 snmp-agent local-engineid 800063A28014847760F0CA00000001
 snmp-agent community read LCjcGPRS
 snmp-agent community read XZYD_smjk-2018 acl 2000
 snmp-agent sys-info version v2c v3 
 snmp-agent target-host trap address udp-domain 10.237.95.23 params securityname LCjcGPRS v2c
 snmp-agent trap enable arp 
 snmp-agent trap enable radius 
 snmp-agent trap enable stp 
 snmp-agent trap enable syslog 
#
 ssh server enable
 ssh user client001 service-type stelnet authentication-type password
 ssh user cszdxj service-type stelnet authentication-type password
 ssh user dinghaibo service-type stelnet authentication-type password
 ssh user jtcjxz service-type stelnet authentication-type password
 ssh user xz4a_admin service-type stelnet authentication-type password
 ssh server acl 2000
#
acl basic 2000
 rule 5 permit source 10.237.35.0 0.0.0.255
 rule 10 permit source 10.237.99.0 0.0.0.255
 rule 14 deny source 10.237.100.191 0
 rule 15 permit source 10.237.100.0 0.0.0.255
 rule 20 permit
#
 super password role level-15 hash $h$6$mQkuYFPEVxNwv4Fn$qNJhXA+fxRt7BIu8qWqhgXSlTHgasnkmo5c15vjC4lSbCsIqfnOOwgLbFhX8cNK9NpojKyGUbTzwRWSoTjaObg==
#
radius scheme system
 user-name-format without-domain
#
domain system
#
 domain default enable system
#
role name level-0
 description Predefined level-0 role
#
role name level-1
 description Predefined level-1 role
#
role name level-2
 description Predefined level-2 role
#
role name level-3
 description Predefined level-3 role
#
role name level-4
 description Predefined level-4 role
#
role name level-5
 description Predefined level-5 role
#
role name level-6
 description Predefined level-6 role
#
role name level-7
 description Predefined level-7 role
#
role name level-8
 description Predefined level-8 role
#
role name level-9
 description Predefined level-9 role
#
role name level-10
 description Predefined level-10 role
#
role name level-11
 description Predefined level-11 role
#
role name level-12
 description Predefined level-12 role
#
role name level-13
 description Predefined level-13 role
#
role name level-14
 description Predefined level-14 role
#
user-group system
#
local-user client001 class manage
 password hash $h$6$+C70dtTtFx9HSwas$vFJ4LAIo610/y7A38axM2T8sU12SjgI/28/okczMwHbySJategxVFf5c8dQdwRzqkPRKbLgztn5Q/NfeEfgMkQ==
 service-type ssh
 authorization-attribute user-role level-15
 authorization-attribute user-role network-operator
#
local-user cszdxj class manage
 password hash $h$6$ZtXRIXKq4NRQo8Qj$/Yp4dNuM7CG79ThPe+BTdBZpSnIlE3kgiYyM7qarNF+8/bqmZ49I8H3XNwDAmND3aTKCKs70ipK0j6lVvTSm0A==
 service-type ssh
 authorization-attribute user-role level-15
 authorization-attribute user-role network-operator
#
local-user dinghaibo class manage
 service-type telnet ssh terminal
 authorization-attribute user-role level-15
 authorization-attribute user-role network-operator
#
local-user jtcjxz class manage
 password hash $h$6$43naQD9bxcwj3ywg$WabxvGgiubR4m+gS2CRyyxFnYJYtTZC7fTtSXIU/7NOlYTSAwGGjFGX/IRh9a8IX//qlsEvIVPNrnxM7hwdwJg==
 service-type ssh
 authorization-attribute user-role level-1
 authorization-attribute user-role network-operator
#
local-user xz4a_admin class manage
 password hash $h$6$P3vv1sBERQ1Xty7n$RWuCIs0TDza9LvtFAbxfBFxJYMMD9ZpiAG3jhmOcdZfs68sCdPQS+a2LBCARDFsOh7yGbFmuf89rca5TpPbb9g==
 service-type telnet ssh terminal
 authorization-attribute user-role level-15
 authorization-attribute user-role network-operator
#
return
