<xzyd-usau1>screen-length 0 temporary
                          ^
 % Unrecognized command found at '^' position.
<xzyd-usau1>display version
H3C Comware Software, Version 7.1.070, Release 1115
Copyright (c) 2004-2022 New H3C Technologies Co., Ltd. All rights reserved.
H3C S5554S-EI-D uptime is 143 weeks, 3 days, 10 hours, 47 minutes
Last reboot reason : Cold reboot

Boot image: flash:/s5500_ei_d-cmw710-boot-r1115.bin
Boot image version: 7.1.070, Release 1115
  Compiled Oct 14 2022 11:00:00
System image: flash:/s5500_ei_d-cmw710-system-r1115.bin
System image version: 7.1.070, Release 1115
  Compiled Oct 14 2022 11:00:00


Slot 1:
Uptime is 143 weeks,3 days,10 hours,47 minutes
S5554S-EI-D with 1 Processor
BOARD TYPE:         S5554S-EI-D
DRAM:               1024M bytes
FLASH:              256M bytes
PCB 1 Version:      VER.A
Bootrom Version:    110
CPLD 1 Version:     004
Release Version:    H3C S5554S-EI-D-1115
Patch Version  :    None
Reboot Cause  :     ColdReboot
[SubSlot 0] 48GE+6SFP Plus
<xzyd-usau1>display device
Slot Type              State    Subslot  Soft Ver             Patch Ver
1    S5554S-EI-D       Master   0        S5500_EI_D-1115      None      
<xzyd-usau1>display startup
MainBoard:
 Current startup saved-configuration file: NULL 
 Next main startup saved-configuration file: flash:/startup.cfg
 Next backup startup saved-configuration file: NULL
<xzyd-usau1>display cpu-usage
Slot 1 CPU 0 CPU usage:
       3% in last 5 seconds
       2% in last 1 minute
       3% in last 5 minutes

<xzyd-usau1>display memory-usage
                    ^
 % Unrecognized command found at '^' position.
<xzyd-usau1>display memory
Memory statistics are measured in KB:
Slot 1: 
             Total      Used      Free    Shared   Buffers    Cached   FreeRatio
Mem:        991732    454724    537008         0      1472    187372       55.5%
-/+ Buffers/Cache:    265880    725852
Swap:            0         0         0

<xzyd-usau1>display ip interface brief
*down: administratively down
(s): spoofing  (l): loopback
Interface           Physical Protocol IP address      VPN instance Description  
Vlan1               up       up       10.233.121.203  --           --
<xzyd-usau1>display interface brief
Brief information on interfaces in route mode:
Link: ADM - administratively down; Stby - standby
Protocol: (s) - spoofing
Interface            Link Protocol Primary IP        Description              
InLoop0              UP   UP(s)    --                
NULL0                UP   UP(s)    --                
REG0                 UP   --       --                
Vlan1                UP   UP       10.233.121.203    

Brief information on interfaces in bridge mode:
Link: ADM - administratively down; Stby - standby
Speed: (a) - auto
Duplex: (a)/A - auto; H - half; F - full
Type: A - access; T - trunk; H - hybrid
Interface            Link Speed     Duplex Type PVID Description              
GE1/0/1              ADM  auto      A      A    1    
GE1/0/2              UP   100M(a)   F(a)   A    1    TO USAUNET
GE1/0/3              ADM  auto      A      A    1    
GE1/0/4              ADM  auto      A      A    1    
GE1/0/5              ADM  auto      A      A    1    
GE1/0/6              ADM  auto      A      A    1    
GE1/0/7              ADM  auto      A      A    1    
GE1/0/8              DOWN auto      A      A    1    TO BAM
GE1/0/9              ADM  auto      A      A    1    
GE1/0/10             ADM  auto      A      A    1    
GE1/0/11             ADM  auto      A      A    1    
GE1/0/12             ADM  auto      A      A    1    
GE1/0/13             ADM  auto      A      A    1    
GE1/0/14             UP   1G(a)     F(a)   A    1    TO xzyd-enip1
GE1/0/15             ADM  auto      A      A    1    
GE1/0/16             ADM  auto      A      A    1    
GE1/0/17             ADM  auto      A      A    1    
GE1/0/18             ADM  auto      A      A    1    
GE1/0/19             ADM  auto      A      A    1    
GE1/0/20             ADM  auto      A      A    1    
GE1/0/21             ADM  auto      A      A    1    
GE1/0/22             ADM  auto      A      A    1    
GE1/0/23             ADM  auto      A      A    1    
GE1/0/24             ADM  auto      A      A    1    
GE1/0/25             ADM  auto      A      A    1    
GE1/0/26             ADM  auto      A      A    1    
GE1/0/27             ADM  auto      A      A    1    
GE1/0/28             ADM  auto      A      A    1    
GE1/0/29             ADM  auto      A      A    1    
GE1/0/30             ADM  auto      A      A    1    
GE1/0/31             ADM  auto      A      A    1    
GE1/0/32             ADM  auto      A      A    1    
GE1/0/33             ADM  auto      A      A    1    
GE1/0/34             ADM  auto      A      A    1    
GE1/0/35             ADM  auto      A      A    1    
GE1/0/36             ADM  auto      A      A    1    
GE1/0/37             ADM  auto      A      A    1    
GE1/0/38             ADM  auto      A      A    1    
GE1/0/39             ADM  auto      A      A    1    
GE1/0/40             ADM  auto      A      A    1    
GE1/0/41             ADM  auto      A      A    1    
GE1/0/42             ADM  auto      A      A    1    
GE1/0/43             ADM  auto      A      A    1    
GE1/0/44             ADM  auto      A      A    1    
GE1/0/45             ADM  auto      A      A    1    
GE1/0/46             ADM  auto      A      A    1    
GE1/0/47             ADM  auto      A      A    1    
GE1/0/48             ADM  auto      A      A    1    
XGE1/0/49            UP   1G(a)     F(a)   A    1    TO xzyd-usau2
XGE1/0/50            ADM  auto      A      A    1    
XGE1/0/51            ADM  auto      A      A    1    
XGE1/0/52            ADM  auto      A      A    1    
XGE1/0/53            DOWN auto      A      A    1    
XGE1/0/54            DOWN auto      A      A    1    

<xzyd-usau1>display ip routing-table

Destinations : 16       Routes : 16

Destination/Mask   Proto   Pre Cost        NextHop         Interface
0.0.0.0/32         Direct  0   0           127.0.0.1       InLoop0
10.233.121.128/25  Direct  0   0           10.233.121.203  Vlan1
10.233.121.128/32  Direct  0   0           10.233.121.203  Vlan1
10.233.121.203/32  Direct  0   0           127.0.0.1       InLoop0
10.233.121.255/32  Direct  0   0           10.233.121.203  Vlan1
10.237.35.0/24     Static  60  0           10.233.121.213  Vlan1
10.237.95.0/24     Static  60  0           10.233.121.213  Vlan1
10.237.99.0/24     Static  60  0           10.233.121.213  Vlan1
10.237.100.0/24    Static  60  0           10.233.121.213  Vlan1
127.0.0.0/8        Direct  0   0           127.0.0.1       InLoop0
127.0.0.0/32       Direct  0   0           127.0.0.1       InLoop0
127.0.0.1/32       Direct  0   0           127.0.0.1       InLoop0
127.255.255.255/32 Direct  0   0           127.0.0.1       InLoop0
224.0.0.0/4        Direct  0   0           0.0.0.0         NULL0
224.0.0.0/24       Direct  0   0           0.0.0.0         NULL0
255.255.255.255/32 Direct  0   0           127.0.0.1       InLoop0
<xzyd-usau1>display logbuffer
Log buffer: Enabled
Max buffer size: 1024
Actual buffer size: 512
Dropped messages: 0
Overwritten messages: 213518
Current messages: 512
%Mar 11 05:04:42:027 2026 xzyd-usau1 STP/6/STP_NOTIFIED_TC: Instance 0's port Ten-GigabitEthernet1/0/49 was notified a topology change.
%Mar 11 05:04:44:476 2026 xzyd-usau1 STP/6/STP_NOTIFIED_TC: Instance 0's port Ten-GigabitEthernet1/0/49 was notified a topology change.
%Mar 11 05:29:42:466 2026 xzyd-usau1 STP/6/STP_NOTIFIED_TC: Instance 0's port Ten-GigabitEthernet1/0/49 was notified a topology change.
%Mar 11 05:29:44:476 2026 xzyd-usau1 STP/6/STP_NOTIFIED_TC: Instance 0's port Ten-GigabitEthernet1/0/49 was notified a topology change.
%Mar 11 05:34:42:979 2026 xzyd-usau1 STP/6/STP_NOTIFIED_TC: Instance 0's port Ten-GigabitEthernet1/0/49 was notified a topology change.
%Mar 11 05:34:45:476 2026 xzyd-usau1 STP/6/STP_NOTIFIED_TC: Instance 0's port Ten-GigabitEthernet1/0/49 was notified a topology change.
%Mar 11 05:59:43:558 2026 xzyd-usau1 STP/6/STP_NOTIFIED_TC: Instance 0's port Ten-GigabitEthernet1/0/49 was notified a topology change.
%Mar 11 05:59:46:477 2026 xzyd-usau1 STP/6/STP_NOTIFIED_TC: Instance 0's port Ten-GigabitEthernet1/0/49 was notified a topology change.
%Mar 11 06:04:44:075 2026 xzyd-usau1 STP/6/STP_NOTIFIED_TC: Instance 0's port Ten-GigabitEthernet1/0/49 was notified a topology change.
%Mar 11 06:04:46:477 2026 xzyd-usau1 STP/6/STP_NOTIFIED_TC: Instance 0's port Ten-GigabitEthernet1/0/49 was notified a topology change.
%Mar 11 06:29:43:705 2026 xzyd-usau1 STP/6/STP_NOTIFIED_TC: Instance 0's port Ten-GigabitEthernet1/0/49 was notified a topology change.
%Mar 11 06:29:46:478 2026 xzyd-usau1 STP/6/STP_NOTIFIED_TC: Instance 0's port Ten-GigabitEthernet1/0/49 was notified a topology change.
%Mar 11 06:34:45:211 2026 xzyd-usau1 STP/6/STP_NOTIFIED_TC: Instance 0's port Ten-GigabitEthernet1/0/49 was notified a topology change.
%Mar 11 06:34:47:478 2026 xzyd-usau1 STP/6/STP_NOTIFIED_TC: Instance 0's port Ten-GigabitEthernet1/0/49 was notified a topology change.
%Mar 11 06:59:44:737 2026 xzyd-usau1 STP/6/STP_NOTIFIED_TC: Instance 0's port Ten-GigabitEthernet1/0/49 was notified a topology change.
%Mar 11 06:59:47:479 2026 xzyd-usau1 STP/6/STP_NOTIFIED_TC: Instance 0's port Ten-GigabitEthernet1/0/49 was notified a topology change.
%Mar 11 07:04:45:328 2026 xzyd-usau1 STP/6/STP_NOTIFIED_TC: Instance 0's port Ten-GigabitEthernet1/0/49 was notified a topology change.
%Mar 11 07:04:47:479 2026 xzyd-usau1 STP/6/STP_NOTIFIED_TC: Instance 0's port Ten-GigabitEthernet1/0/49 was notified a topology change.
%Mar 11 07:29:45:815 2026 xzyd-usau1 STP/6/STP_NOTIFIED_TC: Instance 0's port Ten-GigabitEthernet1/0/49 was notified a topology change.
%Mar 11 07:29:48:480 2026 xzyd-usau1 STP/6/STP_NOTIFIED_TC: Instance 0's port Ten-GigabitEthernet1/0/49 was notified a topology change.
%Mar 11 07:34:46:381 2026 xzyd-usau1 STP/6/STP_NOTIFIED_TC: Instance 0's port Ten-GigabitEthernet1/0/49 was notified a topology change.
%Mar 11 07:34:48:480 2026 xzyd-usau1 STP/6/STP_NOTIFIED_TC: Instance 0's port Ten-GigabitEthernet1/0/49 was notified a topology change.
%Mar 11 07:59:46:913 2026 xzyd-usau1 STP/6/STP_NOTIFIED_TC: Instance 0's port Ten-GigabitEthernet1/0/49 was notified a topology change.
%Mar 11 07:59:49:481 2026 xzyd-usau1 STP/6/STP_NOTIFIED_TC: Instance 0's port Ten-GigabitEthernet1/0/49 was notified a topology change.
%Mar 11 08:04:47:458 2026 xzyd-usau1 STP/6/STP_NOTIFIED_TC: Instance 0's port Ten-GigabitEthernet1/0/49 was notified a topology change.
%Mar 11 08:04:49:481 2026 xzyd-usau1 STP/6/STP_NOTIFIED_TC: Instance 0's port Ten-GigabitEthernet1/0/49 was notified a topology change.
%Mar 11 08:29:48:078 2026 xzyd-usau1 STP/6/STP_NOTIFIED_TC: Instance 0's port Ten-GigabitEthernet1/0/49 was notified a topology change.
%Mar 11 08:29:50:482 2026 xzyd-usau1 STP/6/STP_NOTIFIED_TC: Instance 0's port Ten-GigabitEthernet1/0/49 was notified a topology change.
%Mar 11 08:34:48:534 2026 xzyd-usau1 STP/6/STP_NOTIFIED_TC: Instance 0's port Ten-GigabitEthernet1/0/49 was notified a topology change.
%Mar 11 08:34:51:482 2026 xzyd-usau1 STP/6/STP_NOTIFIED_TC: Instance 0's port Ten-GigabitEthernet1/0/49 was notified a topology change.
%Mar 11 08:59:49:083 2026 xzyd-usau1 STP/6/STP_NOTIFIED_TC: Instance 0's port Ten-GigabitEthernet1/0/49 was notified a topology change.
%Mar 11 08:59:51:483 2026 xzyd-usau1 STP/6/STP_NOTIFIED_TC: Instance 0's port Ten-GigabitEthernet1/0/49 was notified a topology change.
%Mar 11 09:04:49:656 2026 xzyd-usau1 STP/6/STP_NOTIFIED_TC: Instance 0's port Ten-GigabitEthernet1/0/49 was notified a topology change.
%Mar 11 09:04:52:483 2026 xzyd-usau1 STP/6/STP_NOTIFIED_TC: Instance 0's port Ten-GigabitEthernet1/0/49 was notified a topology change.
%Mar 11 09:29:50:263 2026 xzyd-usau1 STP/6/STP_NOTIFIED_TC: Instance 0's port Ten-GigabitEthernet1/0/49 was notified a topology change.
%Mar 11 09:29:52:484 2026 xzyd-usau1 STP/6/STP_NOTIFIED_TC: Instance 0's port Ten-GigabitEthernet1/0/49 was notified a topology change.
%Mar 11 09:34:50:786 2026 xzyd-usau1 STP/6/STP_NOTIFIED_TC: Instance 0's port Ten-GigabitEthernet1/0/49 was notified a topology change.
%Mar 11 09:34:53:484 2026 xzyd-usau1 STP/6/STP_NOTIFIED_TC: Instance 0's port Ten-GigabitEthernet1/0/49 was notified a topology change.
%Mar 11 09:59:51:352 2026 xzyd-usau1 STP/6/STP_NOTIFIED_TC: Instance 0's port Ten-GigabitEthernet1/0/49 was notified a topology change.
%Mar 11 09:59:53:485 2026 xzyd-usau1 STP/6/STP_NOTIFIED_TC: Instance 0's port Ten-GigabitEthernet1/0/49 was notified a topology change.
%Mar 11 10:04:51:809 2026 xzyd-usau1 STP/6/STP_NOTIFIED_TC: Instance 0's port Ten-GigabitEthernet1/0/49 was notified a topology change.
%Mar 11 10:04:54:485 2026 xzyd-usau1 STP/6/STP_NOTIFIED_TC: Instance 0's port Ten-GigabitEthernet1/0/49 was notified a topology change.
%Mar 11 10:29:51:374 2026 xzyd-usau1 STP/6/STP_NOTIFIED_TC: Instance 0's port Ten-GigabitEthernet1/0/49 was notified a topology change.
%Mar 11 10:29:53:486 2026 xzyd-usau1 STP/6/STP_NOTIFIED_TC: Instance 0's port Ten-GigabitEthernet1/0/49 was notified a topology change.
%Mar 11 10:34:51:899 2026 xzyd-usau1 STP/6/STP_NOTIFIED_TC: Instance 0's port Ten-GigabitEthernet1/0/49 was notified a topology change.
%Mar 11 10:34:54:486 2026 xzyd-usau1 STP/6/STP_NOTIFIED_TC: Instance 0's port Ten-GigabitEthernet1/0/49 was notified a topology change.
%Mar 11 10:59:52:453 2026 xzyd-usau1 STP/6/STP_NOTIFIED_TC: Instance 0's port Ten-GigabitEthernet1/0/49 was notified a topology change.
%Mar 11 10:59:54:487 2026 xzyd-usau1 STP/6/STP_NOTIFIED_TC: Instance 0's port Ten-GigabitEthernet1/0/49 was notified a topology change.
%Mar 11 11:04:52:998 2026 xzyd-usau1 STP/6/STP_NOTIFIED_TC: Instance 0's port Ten-GigabitEthernet1/0/49 was notified a topology change.
%Mar 11 11:04:55:487 2026 xzyd-usau1 STP/6/STP_NOTIFIED_TC: Instance 0's port Ten-GigabitEthernet1/0/49 was notified a topology change.
%Mar 11 11:29:53:519 2026 xzyd-usau1 STP/6/STP_NOTIFIED_TC: Instance 0's port Ten-GigabitEthernet1/0/49 was notified a topology change.
%Mar 11 11:29:56:488 2026 xzyd-usau1 STP/6/STP_NOTIFIED_TC: Instance 0's port Ten-GigabitEthernet1/0/49 was notified a topology change.
%Mar 11 11:34:54:098 2026 xzyd-usau1 STP/6/STP_NOTIFIED_TC: Instance 0's port Ten-GigabitEthernet1/0/49 was notified a topology change.
%Mar 11 11:34:56:488 2026 xzyd-usau1 STP/6/STP_NOTIFIED_TC: Instance 0's port Ten-GigabitEthernet1/0/49 was notified a topology change.
%Mar 11 11:59:54:625 2026 xzyd-usau1 STP/6/STP_NOTIFIED_TC: Instance 0's port Ten-GigabitEthernet1/0/49 was notified a topology change.
%Mar 11 11:59:57:489 2026 xzyd-usau1 STP/6/STP_NOTIFIED_TC: Instance 0's port Ten-GigabitEthernet1/0/49 was notified a topology change.
%Mar 11 12:04:55:182 2026 xzyd-usau1 STP/6/STP_NOTIFIED_TC: Instance 0's port Ten-GigabitEthernet1/0/49 was notified a topology change.
%Mar 11 12:04:57:489 2026 xzyd-usau1 STP/6/STP_NOTIFIED_TC: Instance 0's port Ten-GigabitEthernet1/0/49 was notified a topology change.
%Mar 11 12:29:54:808 2026 xzyd-usau1 STP/6/STP_NOTIFIED_TC: Instance 0's port Ten-GigabitEthernet1/0/49 was notified a topology change.
%Mar 11 12:29:57:489 2026 xzyd-usau1 STP/6/STP_NOTIFIED_TC: Instance 0's port Ten-GigabitEthernet1/0/49 was notified a topology change.
%Mar 11 12:34:55:350 2026 xzyd-usau1 STP/6/STP_NOTIFIED_TC: Instance 0's port Ten-GigabitEthernet1/0/49 was notified a topology change.
%Mar 11 12:34:57:490 2026 xzyd-usau1 STP/6/STP_NOTIFIED_TC: Instance 0's port Ten-GigabitEthernet1/0/49 was notified a topology change.
%Mar 11 12:59:55:901 2026 xzyd-usau1 STP/6/STP_NOTIFIED_TC: Instance 0's port Ten-GigabitEthernet1/0/49 was notified a topology change.
%Mar 11 12:59:58:490 2026 xzyd-usau1 STP/6/STP_NOTIFIED_TC: Instance 0's port Ten-GigabitEthernet1/0/49 was notified a topology change.
%Mar 11 13:04:55:354 2026 xzyd-usau1 STP/6/STP_NOTIFIED_TC: Instance 0's port Ten-GigabitEthernet1/0/49 was notified a topology change.
%Mar 11 13:04:57:491 2026 xzyd-usau1 STP/6/STP_NOTIFIED_TC: Instance 0's port Ten-GigabitEthernet1/0/49 was notified a topology change.
%Mar 11 13:29:56:905 2026 xzyd-usau1 STP/6/STP_NOTIFIED_TC: Instance 0's port Ten-GigabitEthernet1/0/49 was notified a topology change.
%Mar 11 13:29:59:491 2026 xzyd-usau1 STP/6/STP_NOTIFIED_TC: Instance 0's port Ten-GigabitEthernet1/0/49 was notified a topology change.
%Mar 11 13:34:55:529 2026 xzyd-usau1 STP/6/STP_NOTIFIED_TC: Instance 0's port Ten-GigabitEthernet1/0/49 was notified a topology change.
%Mar 11 13:34:57:491 2026 xzyd-usau1 STP/6/STP_NOTIFIED_TC: Instance 0's port Ten-GigabitEthernet1/0/49 was notified a topology change.
%Mar 11 13:59:57:989 2026 xzyd-usau1 STP/6/STP_NOTIFIED_TC: Instance 0's port Ten-GigabitEthernet1/0/49 was notified a topology change.
%Mar 11 14:00:00:492 2026 xzyd-usau1 STP/6/STP_NOTIFIED_TC: Instance 0's port Ten-GigabitEthernet1/0/49 was notified a topology change.
%Mar 11 14:04:58:569 2026 xzyd-usau1 STP/6/STP_NOTIFIED_TC: Instance 0's port Ten-GigabitEthernet1/0/49 was notified a topology change.
%Mar 11 14:05:01:492 2026 xzyd-usau1 STP/6/STP_NOTIFIED_TC: Instance 0's port Ten-GigabitEthernet1/0/49 was notified a topology change.
%Mar 11 14:29:59:158 2026 xzyd-usau1 STP/6/STP_NOTIFIED_TC: Instance 0's port Ten-GigabitEthernet1/0/49 was notified a topology change.
%Mar 11 14:30:01:493 2026 xzyd-usau1 STP/6/STP_NOTIFIED_TC: Instance 0's port Ten-GigabitEthernet1/0/49 was notified a topology change.
%Mar 11 14:30:01:639 2026 xzyd-usau1 STP/6/STP_NOTIFIED_TC: Instance 0's port Ten-GigabitEthernet1/0/49 was notified a topology change.
%Mar 11 14:30:04:493 2026 xzyd-usau1 STP/6/STP_NOTIFIED_TC: Instance 0's port Ten-GigabitEthernet1/0/49 was notified a topology change.
%Mar 11 14:34:58:682 2026 xzyd-usau1 STP/6/STP_NOTIFIED_TC: Instance 0's port Ten-GigabitEthernet1/0/49 was notified a topology change.
%Mar 11 14:35:01:493 2026 xzyd-usau1 STP/6/STP_NOTIFIED_TC: Instance 0's port Ten-GigabitEthernet1/0/49 was notified a topology change.
%Mar 11 14:59:59:182 2026 xzyd-usau1 STP/6/STP_NOTIFIED_TC: Instance 0's port Ten-GigabitEthernet1/0/49 was notified a topology change.
%Mar 11 15:00:01:494 2026 xzyd-usau1 STP/6/STP_NOTIFIED_TC: Instance 0's port Ten-GigabitEthernet1/0/49 was notified a topology change.
%Mar 11 15:00:01:705 2026 xzyd-usau1 STP/6/STP_NOTIFIED_TC: Instance 0's port Ten-GigabitEthernet1/0/49 was notified a topology change.
%Mar 11 15:00:04:494 2026 xzyd-usau1 STP/6/STP_NOTIFIED_TC: Instance 0's port Ten-GigabitEthernet1/0/49 was notified a topology change.
%Mar 11 15:04:59:815 2026 xzyd-usau1 STP/6/STP_NOTIFIED_TC: Instance 0's port Ten-GigabitEthernet1/0/49 was notified a topology change.
%Mar 11 15:05:02:494 2026 xzyd-usau1 STP/6/STP_NOTIFIED_TC: Instance 0's port Ten-GigabitEthernet1/0/49 was notified a topology change.
%Mar 11 15:30:00:261 2026 xzyd-usau1 STP/6/STP_NOTIFIED_TC: Instance 0's port Ten-GigabitEthernet1/0/49 was notified a topology change.
%Mar 11 15:30:02:495 2026 xzyd-usau1 STP/6/STP_NOTIFIED_TC: Instance 0's port Ten-GigabitEthernet1/0/49 was notified a topology change.
%Mar 11 15:35:00:822 2026 xzyd-usau1 STP/6/STP_NOTIFIED_TC: Instance 0's port Ten-GigabitEthernet1/0/49 was notified a topology change.
%Mar 11 15:35:03:495 2026 xzyd-usau1 STP/6/STP_NOTIFIED_TC: Instance 0's port Ten-GigabitEthernet1/0/49 was notified a topology change.
%Mar 11 16:00:01:396 2026 xzyd-usau1 STP/6/STP_NOTIFIED_TC: Instance 0's port Ten-GigabitEthernet1/0/49 was notified a topology change.
%Mar 11 16:00:03:496 2026 xzyd-usau1 STP/6/STP_NOTIFIED_TC: Instance 0's port Ten-GigabitEthernet1/0/49 was notified a topology change.
%Mar 11 16:05:01:943 2026 xzyd-usau1 STP/6/STP_NOTIFIED_TC: Instance 0's port Ten-GigabitEthernet1/0/49 was notified a topology change.
%Mar 11 16:05:04:496 2026 xzyd-usau1 STP/6/STP_NOTIFIED_TC: Instance 0's port Ten-GigabitEthernet1/0/49 was notified a topology change.
%Mar 11 16:30:02:504 2026 xzyd-usau1 STP/6/STP_NOTIFIED_TC: Instance 0's port Ten-GigabitEthernet1/0/49 was notified a topology change.
%Mar 11 16:30:04:497 2026 xzyd-usau1 STP/6/STP_NOTIFIED_TC: Instance 0's port Ten-GigabitEthernet1/0/49 was notified a topology change.
%Mar 11 16:35:03:032 2026 xzyd-usau1 STP/6/STP_NOTIFIED_TC: Instance 0's port Ten-GigabitEthernet1/0/49 was notified a topology change.
%Mar 11 16:35:05:497 2026 xzyd-usau1 STP/6/STP_NOTIFIED_TC: Instance 0's port Ten-GigabitEthernet1/0/49 was notified a topology change.
%Mar 11 17:00:03:592 2026 xzyd-usau1 STP/6/STP_NOTIFIED_TC: Instance 0's port Ten-GigabitEthernet1/0/49 was notified a topology change.
%Mar 11 17:00:06:497 2026 xzyd-usau1 STP/6/STP_NOTIFIED_TC: Instance 0's port Ten-GigabitEthernet1/0/49 was notified a topology change.
%Mar 11 17:05:03:102 2026 xzyd-usau1 STP/6/STP_NOTIFIED_TC: Instance 0's port Ten-GigabitEthernet1/0/49 was notified a topology change.
%Mar 11 17:05:05:497 2026 xzyd-usau1 STP/6/STP_NOTIFIED_TC: Instance 0's port Ten-GigabitEthernet1/0/49 was notified a topology change.
%Mar 11 17:05:59:065 2026 xzyd-usau1 SSHS/6/SSHS_AUTH_SUCCESS: SSH user xz4a_admin from 10.237.35.254 port 59316 passed password authentication.
%Mar 11 17:06:00:138 2026 xzyd-usau1 SSHS/6/SSHS_CONNECT: SSH user xz4a_admin (IP: 10.237.35.254) connected to the server successfully.
%Mar 11 17:06:00:516 2026 xzyd-usau1 SHELL/5/SHELL_LOGIN: xz4a_admin logged in from 10.237.35.254.
%Mar 11 17:09:28:385 2026 xzyd-usau1 SHELL/4/SHELL_CMD_MATCHFAIL: -User=xz4a_admin-IPAddr=10.237.35.254; Command screen-length 0 temporary in view shell failed to be matched.
%Mar 11 17:09:28:417 2026 xzyd-usau1 SHELL/6/SHELL_CMD: -Line=vty0-IPAddr=10.237.35.254-User=xz4a_admin; Command is display version
%Mar 11 17:09:28:558 2026 xzyd-usau1 SHELL/6/SHELL_CMD: -Line=vty0-IPAddr=10.237.35.254-User=xz4a_admin; Command is display device
%Mar 11 17:09:28:689 2026 xzyd-usau1 SHELL/6/SHELL_CMD: -Line=vty0-IPAddr=10.237.35.254-User=xz4a_admin; Command is display startup
%Mar 11 17:09:28:814 2026 xzyd-usau1 SHELL/6/SHELL_CMD: -Line=vty0-IPAddr=10.237.35.254-User=xz4a_admin; Command is display cpu-usage
%Mar 11 17:09:28:933 2026 xzyd-usau1 SHELL/4/SHELL_CMD_MATCHFAIL: -User=xz4a_admin-IPAddr=10.237.35.254; Command display memory-usage in view shell failed to be matched.
%Mar 11 17:09:28:961 2026 xzyd-usau1 SHELL/6/SHELL_CMD: -Line=vty0-IPAddr=10.237.35.254-User=xz4a_admin; Command is display memory
%Mar 11 17:09:29:099 2026 xzyd-usau1 SHELL/6/SHELL_CMD: -Line=vty0-IPAddr=10.237.35.254-User=xz4a_admin; Command is display ip interface brief
%Mar 11 17:09:29:228 2026 xzyd-usau1 SHELL/6/SHELL_CMD: -Line=vty0-IPAddr=10.237.35.254-User=xz4a_admin; Command is display interface brief
%Mar 11 17:09:29:797 2026 xzyd-usau1 SHELL/6/SHELL_CMD: -Line=vty0-IPAddr=10.237.35.254-User=xz4a_admin; Command is display ip routing-table
%Mar 11 17:09:29:984 2026 xzyd-usau1 SHELL/6/SHELL_CMD: -Line=vty0-IPAddr=10.237.35.254-User=xz4a_admin; Command is display logbuffer
%Mar 11 17:09:31:073 2026 xzyd-usau1 SHELL/6/SHELL_CMD: -Line=vty0-IPAddr=10.237.35.254-User=xz4a_admin; Command is display current-configuration
%Mar 11 17:14:33:510 2026 xzyd-usau1 SHELL/5/SHELL_LOGOUT: xz4a_admin logged out from 10.237.35.254.
%Mar 11 17:14:33:584 2026 xzyd-usau1 SSHS/6/SSHS_LOG: User xz4a_admin logged out from 10.237.35.254 port 59316.
%Mar 11 17:14:33:584 2026 xzyd-usau1 SSHS/6/SSHS_DISCONNECT: SSH user xz4a_admin (IP: 10.237.35.254) disconnected from the server.
%Mar 11 17:30:03:701 2026 xzyd-usau1 STP/6/STP_NOTIFIED_TC: Instance 0's port Ten-GigabitEthernet1/0/49 was notified a topology change.
%Mar 11 17:30:06:498 2026 xzyd-usau1 STP/6/STP_NOTIFIED_TC: Instance 0's port Ten-GigabitEthernet1/0/49 was notified a topology change.
%Mar 11 17:35:04:275 2026 xzyd-usau1 STP/6/STP_NOTIFIED_TC: Instance 0's port Ten-GigabitEthernet1/0/49 was notified a topology change.
%Mar 11 17:35:06:498 2026 xzyd-usau1 STP/6/STP_NOTIFIED_TC: Instance 0's port Ten-GigabitEthernet1/0/49 was notified a topology change.
%Mar 11 18:00:04:762 2026 xzyd-usau1 STP/6/STP_NOTIFIED_TC: Instance 0's port Ten-GigabitEthernet1/0/49 was notified a topology change.
%Mar 11 18:00:07:499 2026 xzyd-usau1 STP/6/STP_NOTIFIED_TC: Instance 0's port Ten-GigabitEthernet1/0/49 was notified a topology change.
%Mar 11 18:05:05:287 2026 xzyd-usau1 STP/6/STP_NOTIFIED_TC: Instance 0's port Ten-GigabitEthernet1/0/49 was notified a topology change.
%Mar 11 18:05:07:499 2026 xzyd-usau1 STP/6/STP_NOTIFIED_TC: Instance 0's port Ten-GigabitEthernet1/0/49 was notified a topology change.
%Mar 11 18:30:05:780 2026 xzyd-usau1 STP/6/STP_NOTIFIED_TC: Instance 0's port Ten-GigabitEthernet1/0/49 was notified a topology change.
%Mar 11 18:30:08:500 2026 xzyd-usau1 STP/6/STP_NOTIFIED_TC: Instance 0's port Ten-GigabitEthernet1/0/49 was notified a topology change.
%Mar 11 18:35:06:376 2026 xzyd-usau1 STP/6/STP_NOTIFIED_TC: Instance 0's port Ten-GigabitEthernet1/0/49 was notified a topology change.
%Mar 11 18:35:08:500 2026 xzyd-usau1 STP/6/STP_NOTIFIED_TC: Instance 0's port Ten-GigabitEthernet1/0/49 was notified a topology change.
%Mar 11 19:00:06:917 2026 xzyd-usau1 STP/6/STP_NOTIFIED_TC: Instance 0's port Ten-GigabitEthernet1/0/49 was notified a topology change.
%Mar 11 19:00:09:501 2026 xzyd-usau1 STP/6/STP_NOTIFIED_TC: Instance 0's port Ten-GigabitEthernet1/0/49 was notified a topology change.
%Mar 11 19:05:07:568 2026 xzyd-usau1 STP/6/STP_NOTIFIED_TC: Instance 0's port Ten-GigabitEthernet1/0/49 was notified a topology change.
%Mar 11 19:05:10:501 2026 xzyd-usau1 STP/6/STP_NOTIFIED_TC: Instance 0's port Ten-GigabitEthernet1/0/49 was notified a topology change.
%Mar 11 19:30:06:947 2026 xzyd-usau1 STP/6/STP_NOTIFIED_TC: Instance 0's port Ten-GigabitEthernet1/0/49 was notified a topology change.
%Mar 11 19:30:09:502 2026 xzyd-usau1 STP/6/STP_NOTIFIED_TC: Instance 0's port Ten-GigabitEthernet1/0/49 was notified a topology change.
%Mar 11 19:35:07:554 2026 xzyd-usau1 STP/6/STP_NOTIFIED_TC: Instance 0's port Ten-GigabitEthernet1/0/49 was notified a topology change.
%Mar 11 19:35:10:502 2026 xzyd-usau1 STP/6/STP_NOTIFIED_TC: Instance 0's port Ten-GigabitEthernet1/0/49 was notified a topology change.
%Mar 11 20:00:08:036 2026 xzyd-usau1 STP/6/STP_NOTIFIED_TC: Instance 0's port Ten-GigabitEthernet1/0/49 was notified a topology change.
%Mar 11 20:00:10:503 2026 xzyd-usau1 STP/6/STP_NOTIFIED_TC: Instance 0's port Ten-GigabitEthernet1/0/49 was notified a topology change.
%Mar 11 20:05:08:653 2026 xzyd-usau1 STP/6/STP_NOTIFIED_TC: Instance 0's port Ten-GigabitEthernet1/0/49 was notified a topology change.
%Mar 11 20:05:11:503 2026 xzyd-usau1 STP/6/STP_NOTIFIED_TC: Instance 0's port Ten-GigabitEthernet1/0/49 was notified a topology change.
%Mar 11 20:30:09:113 2026 xzyd-usau1 STP/6/STP_NOTIFIED_TC: Instance 0's port Ten-GigabitEthernet1/0/49 was notified a topology change.
%Mar 11 20:30:11:503 2026 xzyd-usau1 STP/6/STP_NOTIFIED_TC: Instance 0's port Ten-GigabitEthernet1/0/49 was notified a topology change.
%Mar 11 20:35:09:814 2026 xzyd-usau1 STP/6/STP_NOTIFIED_TC: Instance 0's port Ten-GigabitEthernet1/0/49 was notified a topology change.
%Mar 11 20:35:12:504 2026 xzyd-usau1 STP/6/STP_NOTIFIED_TC: Instance 0's port Ten-GigabitEthernet1/0/49 was notified a topology change.
%Mar 11 21:00:10:201 2026 xzyd-usau1 STP/6/STP_NOTIFIED_TC: Instance 0's port Ten-GigabitEthernet1/0/49 was notified a topology change.
%Mar 11 21:00:12:504 2026 xzyd-usau1 STP/6/STP_NOTIFIED_TC: Instance 0's port Ten-GigabitEthernet1/0/49 was notified a topology change.
%Mar 11 21:05:10:880 2026 xzyd-usau1 STP/6/STP_NOTIFIED_TC: Instance 0's port Ten-GigabitEthernet1/0/49 was notified a topology change.
%Mar 11 21:05:13:504 2026 xzyd-usau1 STP/6/STP_NOTIFIED_TC: Instance 0's port Ten-GigabitEthernet1/0/49 was notified a topology change.
%Mar 11 21:30:11:388 2026 xzyd-usau1 STP/6/STP_NOTIFIED_TC: Instance 0's port Ten-GigabitEthernet1/0/49 was notified a topology change.
%Mar 11 21:30:13:505 2026 xzyd-usau1 STP/6/STP_NOTIFIED_TC: Instance 0's port Ten-GigabitEthernet1/0/49 was notified a topology change.
%Mar 11 21:35:11:988 2026 xzyd-usau1 STP/6/STP_NOTIFIED_TC: Instance 0's port Ten-GigabitEthernet1/0/49 was notified a topology change.
%Mar 11 21:35:14:505 2026 xzyd-usau1 STP/6/STP_NOTIFIED_TC: Instance 0's port Ten-GigabitEthernet1/0/49 was notified a topology change.
%Mar 11 22:00:12:395 2026 xzyd-usau1 STP/6/STP_NOTIFIED_TC: Instance 0's port Ten-GigabitEthernet1/0/49 was notified a topology change.
%Mar 11 22:00:14:506 2026 xzyd-usau1 STP/6/STP_NOTIFIED_TC: Instance 0's port Ten-GigabitEthernet1/0/49 was notified a topology change.
%Mar 11 22:05:13:080 2026 xzyd-usau1 STP/6/STP_NOTIFIED_TC: Instance 0's port Ten-GigabitEthernet1/0/49 was notified a topology change.
%Mar 11 22:05:15:506 2026 xzyd-usau1 STP/6/STP_NOTIFIED_TC: Instance 0's port Ten-GigabitEthernet1/0/49 was notified a topology change.
%Mar 11 22:30:13:594 2026 xzyd-usau1 STP/6/STP_NOTIFIED_TC: Instance 0's port Ten-GigabitEthernet1/0/49 was notified a topology change.
%Mar 11 22:30:16:507 2026 xzyd-usau1 STP/6/STP_NOTIFIED_TC: Instance 0's port Ten-GigabitEthernet1/0/49 was notified a topology change.
%Mar 11 22:35:14:192 2026 xzyd-usau1 STP/6/STP_NOTIFIED_TC: Instance 0's port Ten-GigabitEthernet1/0/49 was notified a topology change.
%Mar 11 22:35:16:507 2026 xzyd-usau1 STP/6/STP_NOTIFIED_TC: Instance 0's port Ten-GigabitEthernet1/0/49 was notified a topology change.
%Mar 11 23:00:14:600 2026 xzyd-usau1 STP/6/STP_NOTIFIED_TC: Instance 0's port Ten-GigabitEthernet1/0/49 was notified a topology change.
%Mar 11 23:00:17:508 2026 xzyd-usau1 STP/6/STP_NOTIFIED_TC: Instance 0's port Ten-GigabitEthernet1/0/49 was notified a topology change.
%Mar 11 23:05:15:203 2026 xzyd-usau1 STP/6/STP_NOTIFIED_TC: Instance 0's port Ten-GigabitEthernet1/0/49 was notified a topology change.
%Mar 11 23:05:17:508 2026 xzyd-usau1 STP/6/STP_NOTIFIED_TC: Instance 0's port Ten-GigabitEthernet1/0/49 was notified a topology change.
%Mar 11 23:30:15:686 2026 xzyd-usau1 STP/6/STP_NOTIFIED_TC: Instance 0's port Ten-GigabitEthernet1/0/49 was notified a topology change.
%Mar 11 23:30:18:508 2026 xzyd-usau1 STP/6/STP_NOTIFIED_TC: Instance 0's port Ten-GigabitEthernet1/0/49 was notified a topology change.
%Mar 11 23:35:16:358 2026 xzyd-usau1 STP/6/STP_NOTIFIED_TC: Instance 0's port Ten-GigabitEthernet1/0/49 was notified a topology change.
%Mar 11 23:35:18:508 2026 xzyd-usau1 STP/6/STP_NOTIFIED_TC: Instance 0's port Ten-GigabitEthernet1/0/49 was notified a topology change.
%Mar 12 00:00:16:803 2026 xzyd-usau1 STP/6/STP_NOTIFIED_TC: Instance 0's port Ten-GigabitEthernet1/0/49 was notified a topology change.
%Mar 12 00:00:19:509 2026 xzyd-usau1 STP/6/STP_NOTIFIED_TC: Instance 0's port Ten-GigabitEthernet1/0/49 was notified a topology change.
%Mar 12 00:05:17:455 2026 xzyd-usau1 STP/6/STP_NOTIFIED_TC: Instance 0's port Ten-GigabitEthernet1/0/49 was notified a topology change.
%Mar 12 00:05:19:509 2026 xzyd-usau1 STP/6/STP_NOTIFIED_TC: Instance 0's port Ten-GigabitEthernet1/0/49 was notified a topology change.
%Mar 12 00:30:16:861 2026 xzyd-usau1 STP/6/STP_NOTIFIED_TC: Instance 0's port Ten-GigabitEthernet1/0/49 was notified a topology change.
%Mar 12 00:30:19:510 2026 xzyd-usau1 STP/6/STP_NOTIFIED_TC: Instance 0's port Ten-GigabitEthernet1/0/49 was notified a topology change.
%Mar 12 00:35:18:573 2026 xzyd-usau1 STP/6/STP_NOTIFIED_TC: Instance 0's port Ten-GigabitEthernet1/0/49 was notified a topology change.
%Mar 12 00:35:20:510 2026 xzyd-usau1 STP/6/STP_NOTIFIED_TC: Instance 0's port Ten-GigabitEthernet1/0/49 was notified a topology change.
%Mar 12 01:00:17:905 2026 xzyd-usau1 STP/6/STP_NOTIFIED_TC: Instance 0's port Ten-GigabitEthernet1/0/49 was notified a topology change.
%Mar 12 01:00:20:511 2026 xzyd-usau1 STP/6/STP_NOTIFIED_TC: Instance 0's port Ten-GigabitEthernet1/0/49 was notified a topology change.
%Mar 12 01:05:18:644 2026 xzyd-usau1 STP/6/STP_NOTIFIED_TC: Instance 0's port Ten-GigabitEthernet1/0/49 was notified a topology change.
%Mar 12 01:05:21:511 2026 xzyd-usau1 STP/6/STP_NOTIFIED_TC: Instance 0's port Ten-GigabitEthernet1/0/49 was notified a topology change.
%Mar 12 01:30:18:980 2026 xzyd-usau1 STP/6/STP_NOTIFIED_TC: Instance 0's port Ten-GigabitEthernet1/0/49 was notified a topology change.
%Mar 12 01:30:21:512 2026 xzyd-usau1 STP/6/STP_NOTIFIED_TC: Instance 0's port Ten-GigabitEthernet1/0/49 was notified a topology change.
%Mar 12 01:35:19:660 2026 xzyd-usau1 STP/6/STP_NOTIFIED_TC: Instance 0's port Ten-GigabitEthernet1/0/49 was notified a topology change.
%Mar 12 01:35:22:512 2026 xzyd-usau1 STP/6/STP_NOTIFIED_TC: Instance 0's port Ten-GigabitEthernet1/0/49 was notified a topology change.
%Mar 12 02:00:20:093 2026 xzyd-usau1 STP/6/STP_NOTIFIED_TC: Instance 0's port Ten-GigabitEthernet1/0/49 was notified a topology change.
%Mar 12 02:00:22:513 2026 xzyd-usau1 STP/6/STP_NOTIFIED_TC: Instance 0's port Ten-GigabitEthernet1/0/49 was notified a topology change.
%Mar 12 02:05:20:827 2026 xzyd-usau1 STP/6/STP_NOTIFIED_TC: Instance 0's port Ten-GigabitEthernet1/0/49 was notified a topology change.
%Mar 12 02:05:23:518 2026 xzyd-usau1 STP/6/STP_NOTIFIED_TC: Instance 0's port Ten-GigabitEthernet1/0/49 was notified a topology change.
%Mar 12 02:30:21:172 2026 xzyd-usau1 STP/6/STP_NOTIFIED_TC: Instance 0's port Ten-GigabitEthernet1/0/49 was notified a topology change.
%Mar 12 02:30:23:513 2026 xzyd-usau1 STP/6/STP_NOTIFIED_TC: Instance 0's port Ten-GigabitEthernet1/0/49 was notified a topology change.
%Mar 12 02:30:23:885 2026 xzyd-usau1 STP/6/STP_NOTIFIED_TC: Instance 0's port Ten-GigabitEthernet1/0/49 was notified a topology change.
%Mar 12 02:30:26:513 2026 xzyd-usau1 STP/6/STP_NOTIFIED_TC: Instance 0's port Ten-GigabitEthernet1/0/49 was notified a topology change.
%Mar 12 02:35:21:842 2026 xzyd-usau1 STP/6/STP_NOTIFIED_TC: Instance 0's port Ten-GigabitEthernet1/0/49 was notified a topology change.
%Mar 12 02:35:24:513 2026 xzyd-usau1 STP/6/STP_NOTIFIED_TC: Instance 0's port Ten-GigabitEthernet1/0/49 was notified a topology change.
%Mar 12 03:00:22:332 2026 xzyd-usau1 STP/6/STP_NOTIFIED_TC: Instance 0's port Ten-GigabitEthernet1/0/49 was notified a topology change.
%Mar 12 03:00:24:514 2026 xzyd-usau1 STP/6/STP_NOTIFIED_TC: Instance 0's port Ten-GigabitEthernet1/0/49 was notified a topology change.
%Mar 12 03:05:22:003 2026 xzyd-usau1 STP/6/STP_NOTIFIED_TC: Instance 0's port Ten-GigabitEthernet1/0/49 was notified a topology change.
%Mar 12 03:05:24:514 2026 xzyd-usau1 STP/6/STP_NOTIFIED_TC: Instance 0's port Ten-GigabitEthernet1/0/49 was notified a topology change.
%Mar 12 03:30:22:397 2026 xzyd-usau1 STP/6/STP_NOTIFIED_TC: Instance 0's port Ten-GigabitEthernet1/0/49 was notified a topology change.
%Mar 12 03:30:24:516 2026 xzyd-usau1 STP/6/STP_NOTIFIED_TC: Instance 0's port Ten-GigabitEthernet1/0/49 was notified a topology change.
%Mar 12 03:35:23:104 2026 xzyd-usau1 STP/6/STP_NOTIFIED_TC: Instance 0's port Ten-GigabitEthernet1/0/49 was notified a topology change.
%Mar 12 03:35:25:516 2026 xzyd-usau1 STP/6/STP_NOTIFIED_TC: Instance 0's port Ten-GigabitEthernet1/0/49 was notified a topology change.
%Mar 12 04:00:23:424 2026 xzyd-usau1 STP/6/STP_NOTIFIED_TC: Instance 0's port Ten-GigabitEthernet1/0/49 was notified a topology change.
%Mar 12 04:00:25:516 2026 xzyd-usau1 STP/6/STP_NOTIFIED_TC: Instance 0's port Ten-GigabitEthernet1/0/49 was notified a topology change.
%Mar 12 04:05:24:159 2026 xzyd-usau1 STP/6/STP_NOTIFIED_TC: Instance 0's port Ten-GigabitEthernet1/0/49 was notified a topology change.
%Mar 12 04:05:26:516 2026 xzyd-usau1 STP/6/STP_NOTIFIED_TC: Instance 0's port Ten-GigabitEthernet1/0/49 was notified a topology change.
%Mar 12 04:30:24:547 2026 xzyd-usau1 STP/6/STP_NOTIFIED_TC: Instance 0's port Ten-GigabitEthernet1/0/49 was notified a topology change.
%Mar 12 04:30:27:523 2026 xzyd-usau1 STP/6/STP_NOTIFIED_TC: Instance 0's port Ten-GigabitEthernet1/0/49 was notified a topology change.
%Mar 12 04:35:25:205 2026 xzyd-usau1 STP/6/STP_NOTIFIED_TC: Instance 0's port Ten-GigabitEthernet1/0/49 was notified a topology change.
%Mar 12 04:35:27:517 2026 xzyd-usau1 STP/6/STP_NOTIFIED_TC: Instance 0's port Ten-GigabitEthernet1/0/49 was notified a topology change.
%Mar 12 05:00:25:651 2026 xzyd-usau1 STP/6/STP_NOTIFIED_TC: Instance 0's port Ten-GigabitEthernet1/0/49 was notified a topology change.
%Mar 12 05:00:28:518 2026 xzyd-usau1 STP/6/STP_NOTIFIED_TC: Instance 0's port Ten-GigabitEthernet1/0/49 was notified a topology change.
%Mar 12 05:05:25:390 2026 xzyd-usau1 STP/6/STP_NOTIFIED_TC: Instance 0's port Ten-GigabitEthernet1/0/49 was notified a topology change.
%Mar 12 05:05:27:518 2026 xzyd-usau1 STP/6/STP_NOTIFIED_TC: Instance 0's port Ten-GigabitEthernet1/0/49 was notified a topology change.
%Mar 12 05:30:26:732 2026 xzyd-usau1 STP/6/STP_NOTIFIED_TC: Instance 0's port Ten-GigabitEthernet1/0/49 was notified a topology change.
%Mar 12 05:30:29:518 2026 xzyd-usau1 STP/6/STP_NOTIFIED_TC: Instance 0's port Ten-GigabitEthernet1/0/49 was notified a topology change.
%Mar 12 05:35:26:423 2026 xzyd-usau1 STP/6/STP_NOTIFIED_TC: Instance 0's port Ten-GigabitEthernet1/0/49 was notified a topology change.
%Mar 12 05:35:28:518 2026 xzyd-usau1 STP/6/STP_NOTIFIED_TC: Instance 0's port Ten-GigabitEthernet1/0/49 was notified a topology change.
%Mar 12 06:00:27:772 2026 xzyd-usau1 STP/6/STP_NOTIFIED_TC: Instance 0's port Ten-GigabitEthernet1/0/49 was notified a topology change.
%Mar 12 06:00:30:519 2026 xzyd-usau1 STP/6/STP_NOTIFIED_TC: Instance 0's port Ten-GigabitEthernet1/0/49 was notified a topology change.
%Mar 12 06:05:27:559 2026 xzyd-usau1 STP/6/STP_NOTIFIED_TC: Instance 0's port Ten-GigabitEthernet1/0/49 was notified a topology change.
%Mar 12 06:05:29:520 2026 xzyd-usau1 STP/6/STP_NOTIFIED_TC: Instance 0's port Ten-GigabitEthernet1/0/49 was notified a topology change.
%Mar 12 06:30:27:926 2026 xzyd-usau1 STP/6/STP_NOTIFIED_TC: Instance 0's port Ten-GigabitEthernet1/0/49 was notified a topology change.
%Mar 12 06:30:30:520 2026 xzyd-usau1 STP/6/STP_NOTIFIED_TC: Instance 0's port Ten-GigabitEthernet1/0/49 was notified a topology change.
%Mar 12 06:35:28:585 2026 xzyd-usau1 STP/6/STP_NOTIFIED_TC: Instance 0's port Ten-GigabitEthernet1/0/49 was notified a topology change.
%Mar 12 06:35:31:520 2026 xzyd-usau1 STP/6/STP_NOTIFIED_TC: Instance 0's port Ten-GigabitEthernet1/0/49 was notified a topology change.
%Mar 12 07:00:29:023 2026 xzyd-usau1 STP/6/STP_NOTIFIED_TC: Instance 0's port Ten-GigabitEthernet1/0/49 was notified a topology change.
%Mar 12 07:00:31:521 2026 xzyd-usau1 STP/6/STP_NOTIFIED_TC: Instance 0's port Ten-GigabitEthernet1/0/49 was notified a topology change.
%Mar 12 07:05:29:736 2026 xzyd-usau1 STP/6/STP_NOTIFIED_TC: Instance 0's port Ten-GigabitEthernet1/0/49 was notified a topology change.
%Mar 12 07:05:32:521 2026 xzyd-usau1 STP/6/STP_NOTIFIED_TC: Instance 0's port Ten-GigabitEthernet1/0/49 was notified a topology change.
%Mar 12 07:30:30:080 2026 xzyd-usau1 STP/6/STP_NOTIFIED_TC: Instance 0's port Ten-GigabitEthernet1/0/49 was notified a topology change.
%Mar 12 07:30:32:522 2026 xzyd-usau1 STP/6/STP_NOTIFIED_TC: Instance 0's port Ten-GigabitEthernet1/0/49 was notified a topology change.
%Mar 12 07:35:30:769 2026 xzyd-usau1 STP/6/STP_NOTIFIED_TC: Instance 0's port Ten-GigabitEthernet1/0/49 was notified a topology change.
%Mar 12 07:35:33:522 2026 xzyd-usau1 STP/6/STP_NOTIFIED_TC: Instance 0's port Ten-GigabitEthernet1/0/49 was notified a topology change.
%Mar 12 08:00:31:194 2026 xzyd-usau1 STP/6/STP_NOTIFIED_TC: Instance 0's port Ten-GigabitEthernet1/0/49 was notified a topology change.
%Mar 12 08:00:33:527 2026 xzyd-usau1 STP/6/STP_NOTIFIED_TC: Instance 0's port Ten-GigabitEthernet1/0/49 was notified a topology change.
%Mar 12 08:05:31:908 2026 xzyd-usau1 STP/6/STP_NOTIFIED_TC: Instance 0's port Ten-GigabitEthernet1/0/49 was notified a topology change.
%Mar 12 08:05:34:523 2026 xzyd-usau1 STP/6/STP_NOTIFIED_TC: Instance 0's port Ten-GigabitEthernet1/0/49 was notified a topology change.
%Mar 12 08:30:32:208 2026 xzyd-usau1 STP/6/STP_NOTIFIED_TC: Instance 0's port Ten-GigabitEthernet1/0/49 was notified a topology change.
%Mar 12 08:30:34:524 2026 xzyd-usau1 STP/6/STP_NOTIFIED_TC: Instance 0's port Ten-GigabitEthernet1/0/49 was notified a topology change.
%Mar 12 08:35:33:038 2026 xzyd-usau1 STP/6/STP_NOTIFIED_TC: Instance 0's port Ten-GigabitEthernet1/0/49 was notified a topology change.
%Mar 12 08:35:35:524 2026 xzyd-usau1 STP/6/STP_NOTIFIED_TC: Instance 0's port Ten-GigabitEthernet1/0/49 was notified a topology change.
%Mar 12 09:00:32:288 2026 xzyd-usau1 STP/6/STP_NOTIFIED_TC: Instance 0's port Ten-GigabitEthernet1/0/49 was notified a topology change.
%Mar 12 09:00:34:525 2026 xzyd-usau1 STP/6/STP_NOTIFIED_TC: Instance 0's port Ten-GigabitEthernet1/0/49 was notified a topology change.
%Mar 12 09:05:33:156 2026 xzyd-usau1 STP/6/STP_NOTIFIED_TC: Instance 0's port Ten-GigabitEthernet1/0/49 was notified a topology change.
%Mar 12 09:05:35:524 2026 xzyd-usau1 STP/6/STP_NOTIFIED_TC: Instance 0's port Ten-GigabitEthernet1/0/49 was notified a topology change.
%Mar 12 09:30:33:393 2026 xzyd-usau1 STP/6/STP_NOTIFIED_TC: Instance 0's port Ten-GigabitEthernet1/0/49 was notified a topology change.
%Mar 12 09:30:35:525 2026 xzyd-usau1 STP/6/STP_NOTIFIED_TC: Instance 0's port Ten-GigabitEthernet1/0/49 was notified a topology change.
%Mar 12 09:35:34:243 2026 xzyd-usau1 STP/6/STP_NOTIFIED_TC: Instance 0's port Ten-GigabitEthernet1/0/49 was notified a topology change.
%Mar 12 09:35:36:526 2026 xzyd-usau1 STP/6/STP_NOTIFIED_TC: Instance 0's port Ten-GigabitEthernet1/0/49 was notified a topology change.
%Mar 12 10:00:34:485 2026 xzyd-usau1 STP/6/STP_NOTIFIED_TC: Instance 0's port Ten-GigabitEthernet1/0/49 was notified a topology change.
%Mar 12 10:00:36:526 2026 xzyd-usau1 STP/6/STP_NOTIFIED_TC: Instance 0's port Ten-GigabitEthernet1/0/49 was notified a topology change.
%Mar 12 10:05:35:257 2026 xzyd-usau1 STP/6/STP_NOTIFIED_TC: Instance 0's port Ten-GigabitEthernet1/0/49 was notified a topology change.
%Mar 12 10:05:37:526 2026 xzyd-usau1 STP/6/STP_NOTIFIED_TC: Instance 0's port Ten-GigabitEthernet1/0/49 was notified a topology change.
%Mar 12 10:30:35:573 2026 xzyd-usau1 STP/6/STP_NOTIFIED_TC: Instance 0's port Ten-GigabitEthernet1/0/49 was notified a topology change.
%Mar 12 10:30:38:527 2026 xzyd-usau1 STP/6/STP_NOTIFIED_TC: Instance 0's port Ten-GigabitEthernet1/0/49 was notified a topology change.
%Mar 12 10:35:36:410 2026 xzyd-usau1 STP/6/STP_NOTIFIED_TC: Instance 0's port Ten-GigabitEthernet1/0/49 was notified a topology change.
%Mar 12 10:35:38:527 2026 xzyd-usau1 STP/6/STP_NOTIFIED_TC: Instance 0's port Ten-GigabitEthernet1/0/49 was notified a topology change.
%Mar 12 11:00:36:677 2026 xzyd-usau1 STP/6/STP_NOTIFIED_TC: Instance 0's port Ten-GigabitEthernet1/0/49 was notified a topology change.
%Mar 12 11:00:39:528 2026 xzyd-usau1 STP/6/STP_NOTIFIED_TC: Instance 0's port Ten-GigabitEthernet1/0/49 was notified a topology change.
%Mar 12 11:05:37:428 2026 xzyd-usau1 STP/6/STP_NOTIFIED_TC: Instance 0's port Ten-GigabitEthernet1/0/49 was notified a topology change.
%Mar 12 11:05:39:528 2026 xzyd-usau1 STP/6/STP_NOTIFIED_TC: Instance 0's port Ten-GigabitEthernet1/0/49 was notified a topology change.
%Mar 12 11:30:37:777 2026 xzyd-usau1 STP/6/STP_NOTIFIED_TC: Instance 0's port Ten-GigabitEthernet1/0/49 was notified a topology change.
%Mar 12 11:30:40:529 2026 xzyd-usau1 STP/6/STP_NOTIFIED_TC: Instance 0's port Ten-GigabitEthernet1/0/49 was notified a topology change.
%Mar 12 11:35:38:620 2026 xzyd-usau1 STP/6/STP_NOTIFIED_TC: Instance 0's port Ten-GigabitEthernet1/0/49 was notified a topology change.
%Mar 12 11:35:40:529 2026 xzyd-usau1 STP/6/STP_NOTIFIED_TC: Instance 0's port Ten-GigabitEthernet1/0/49 was notified a topology change.
%Mar 12 12:00:38:869 2026 xzyd-usau1 STP/6/STP_NOTIFIED_TC: Instance 0's port Ten-GigabitEthernet1/0/49 was notified a topology change.
%Mar 12 12:00:41:530 2026 xzyd-usau1 STP/6/STP_NOTIFIED_TC: Instance 0's port Ten-GigabitEthernet1/0/49 was notified a topology change.
%Mar 12 12:05:38:679 2026 xzyd-usau1 STP/6/STP_NOTIFIED_TC: Instance 0's port Ten-GigabitEthernet1/0/49 was notified a topology change.
%Mar 12 12:05:41:530 2026 xzyd-usau1 STP/6/STP_NOTIFIED_TC: Instance 0's port Ten-GigabitEthernet1/0/49 was notified a topology change.
%Mar 12 12:30:39:947 2026 xzyd-usau1 STP/6/STP_NOTIFIED_TC: Instance 0's port Ten-GigabitEthernet1/0/49 was notified a topology change.
%Mar 12 12:30:42:531 2026 xzyd-usau1 STP/6/STP_NOTIFIED_TC: Instance 0's port Ten-GigabitEthernet1/0/49 was notified a topology change.
%Mar 12 12:35:38:800 2026 xzyd-usau1 STP/6/STP_NOTIFIED_TC: Instance 0's port Ten-GigabitEthernet1/0/49 was notified a topology change.
%Mar 12 12:35:41:531 2026 xzyd-usau1 STP/6/STP_NOTIFIED_TC: Instance 0's port Ten-GigabitEthernet1/0/49 was notified a topology change.
%Mar 12 13:00:41:047 2026 xzyd-usau1 STP/6/STP_NOTIFIED_TC: Instance 0's port Ten-GigabitEthernet1/0/49 was notified a topology change.
%Mar 12 13:00:43:532 2026 xzyd-usau1 STP/6/STP_NOTIFIED_TC: Instance 0's port Ten-GigabitEthernet1/0/49 was notified a topology change.
%Mar 12 13:05:38:806 2026 xzyd-usau1 STP/6/STP_NOTIFIED_TC: Instance 0's port Ten-GigabitEthernet1/0/49 was notified a topology change.
%Mar 12 13:05:41:532 2026 xzyd-usau1 STP/6/STP_NOTIFIED_TC: Instance 0's port Ten-GigabitEthernet1/0/49 was notified a topology change.
%Mar 12 13:30:41:167 2026 xzyd-usau1 STP/6/STP_NOTIFIED_TC: Instance 0's port Ten-GigabitEthernet1/0/49 was notified a topology change.
%Mar 12 13:30:43:532 2026 xzyd-usau1 STP/6/STP_NOTIFIED_TC: Instance 0's port Ten-GigabitEthernet1/0/49 was notified a topology change.
%Mar 12 13:35:41:977 2026 xzyd-usau1 STP/6/STP_NOTIFIED_TC: Instance 0's port Ten-GigabitEthernet1/0/49 was notified a topology change.
%Mar 12 13:35:44:533 2026 xzyd-usau1 STP/6/STP_NOTIFIED_TC: Instance 0's port Ten-GigabitEthernet1/0/49 was notified a topology change.
%Mar 12 14:00:42:230 2026 xzyd-usau1 STP/6/STP_NOTIFIED_TC: Instance 0's port Ten-GigabitEthernet1/0/49 was notified a topology change.
%Mar 12 14:00:44:533 2026 xzyd-usau1 STP/6/STP_NOTIFIED_TC: Instance 0's port Ten-GigabitEthernet1/0/49 was notified a topology change.
%Mar 12 14:05:43:053 2026 xzyd-usau1 STP/6/STP_NOTIFIED_TC: Instance 0's port Ten-GigabitEthernet1/0/49 was notified a topology change.
%Mar 12 14:05:45:534 2026 xzyd-usau1 STP/6/STP_NOTIFIED_TC: Instance 0's port Ten-GigabitEthernet1/0/49 was notified a topology change.
%Mar 12 14:30:43:355 2026 xzyd-usau1 STP/6/STP_NOTIFIED_TC: Instance 0's port Ten-GigabitEthernet1/0/49 was notified a topology change.
%Mar 12 14:30:45:534 2026 xzyd-usau1 STP/6/STP_NOTIFIED_TC: Instance 0's port Ten-GigabitEthernet1/0/49 was notified a topology change.
%Mar 12 14:30:46:049 2026 xzyd-usau1 STP/6/STP_NOTIFIED_TC: Instance 0's port Ten-GigabitEthernet1/0/49 was notified a topology change.
%Mar 12 14:30:48:534 2026 xzyd-usau1 STP/6/STP_NOTIFIED_TC: Instance 0's port Ten-GigabitEthernet1/0/49 was notified a topology change.
%Mar 12 14:35:44:155 2026 xzyd-usau1 STP/6/STP_NOTIFIED_TC: Instance 0's port Ten-GigabitEthernet1/0/49 was notified a topology change.
%Mar 12 14:35:46:534 2026 xzyd-usau1 STP/6/STP_NOTIFIED_TC: Instance 0's port Ten-GigabitEthernet1/0/49 was notified a topology change.
%Mar 12 15:00:44:448 2026 xzyd-usau1 STP/6/STP_NOTIFIED_TC: Instance 0's port Ten-GigabitEthernet1/0/49 was notified a topology change.
%Mar 12 15:00:46:535 2026 xzyd-usau1 STP/6/STP_NOTIFIED_TC: Instance 0's port Ten-GigabitEthernet1/0/49 was notified a topology change.
%Mar 12 15:05:45:169 2026 xzyd-usau1 STP/6/STP_NOTIFIED_TC: Instance 0's port Ten-GigabitEthernet1/0/49 was notified a topology change.
%Mar 12 15:05:47:535 2026 xzyd-usau1 STP/6/STP_NOTIFIED_TC: Instance 0's port Ten-GigabitEthernet1/0/49 was notified a topology change.
%Mar 12 15:21:03:498 2026 xzyd-usau1 SSHS/6/SSHS_AUTH_SUCCESS: SSH user xz4a_admin from 10.237.35.254 port 58002 passed password authentication.
%Mar 12 15:21:04:591 2026 xzyd-usau1 SSHS/6/SSHS_CONNECT: SSH user xz4a_admin (IP: 10.237.35.254) connected to the server successfully.
%Mar 12 15:21:05:078 2026 xzyd-usau1 SHELL/5/SHELL_LOGIN: xz4a_admin logged in from 10.237.35.254.
%Mar 12 15:21:39:917 2026 xzyd-usau1 SHELL/5/SHELL_LOGOUT: xz4a_admin logged out from 10.237.35.254.
%Mar 12 15:21:39:988 2026 xzyd-usau1 SSHS/6/SSHS_LOG: User xz4a_admin logged out from 10.237.35.254 port 58002.
%Mar 12 15:21:39:988 2026 xzyd-usau1 SSHS/6/SSHS_DISCONNECT: SSH user xz4a_admin (IP: 10.237.35.254) disconnected from the server.
%Mar 12 15:21:49:986 2026 xzyd-usau1 SSHS/6/SSHS_AUTH_SUCCESS: SSH user xz4a_admin from 10.237.35.254 port 58170 passed password authentication.
%Mar 12 15:21:51:108 2026 xzyd-usau1 SSHS/6/SSHS_CONNECT: SSH user xz4a_admin (IP: 10.237.35.254) connected to the server successfully.
%Mar 12 15:21:51:483 2026 xzyd-usau1 SHELL/5/SHELL_LOGIN: xz4a_admin logged in from 10.237.35.254.
%Mar 12 15:22:15:167 2026 xzyd-usau1 SHELL/4/SHELL_CMD_MATCHFAIL: -User=xz4a_admin-IPAddr=10.237.35.254; Command screen-length 0 temporary in view shell failed to be matched.
%Mar 12 15:22:15:195 2026 xzyd-usau1 SHELL/6/SHELL_CMD: -Line=vty0-IPAddr=10.237.35.254-User=xz4a_admin; Command is display version
%Mar 12 15:22:15:370 2026 xzyd-usau1 SHELL/6/SHELL_CMD: -Line=vty0-IPAddr=10.237.35.254-User=xz4a_admin; Command is display device
%Mar 12 15:22:15:507 2026 xzyd-usau1 SHELL/6/SHELL_CMD: -Line=vty0-IPAddr=10.237.35.254-User=xz4a_admin; Command is display startup
%Mar 12 15:22:15:649 2026 xzyd-usau1 SHELL/6/SHELL_CMD: -Line=vty0-IPAddr=10.237.35.254-User=xz4a_admin; Command is display cpu-usage
%Mar 12 15:22:15:776 2026 xzyd-usau1 SHELL/4/SHELL_CMD_MATCHFAIL: -User=xz4a_admin-IPAddr=10.237.35.254; Command display memory-usage in view shell failed to be matched.
%Mar 12 15:22:15:805 2026 xzyd-usau1 SHELL/6/SHELL_CMD: -Line=vty0-IPAddr=10.237.35.254-User=xz4a_admin; Command is display memory
%Mar 12 15:22:15:938 2026 xzyd-usau1 SHELL/6/SHELL_CMD: -Line=vty0-IPAddr=10.237.35.254-User=xz4a_admin; Command is display ip interface brief
%Mar 12 15:22:16:074 2026 xzyd-usau1 SHELL/6/SHELL_CMD: -Line=vty0-IPAddr=10.237.35.254-User=xz4a_admin; Command is display interface brief
%Mar 12 15:22:16:631 2026 xzyd-usau1 SHELL/6/SHELL_CMD: -Line=vty0-IPAddr=10.237.35.254-User=xz4a_admin; Command is display ip routing-table
%Mar 12 15:22:16:770 2026 xzyd-usau1 SHELL/6/SHELL_CMD: -Line=vty0-IPAddr=10.237.35.254-User=xz4a_admin; Command is display logbuffer
%Mar 12 15:22:17:749 2026 xzyd-usau1 SHELL/6/SHELL_CMD: -Line=vty0-IPAddr=10.237.35.254-User=xz4a_admin; Command is display current-configuration
%Mar 12 15:26:25:294 2026 xzyd-usau1 SHELL/5/SHELL_LOGOUT: xz4a_admin logged out from 10.237.35.254.
%Mar 12 15:26:25:354 2026 xzyd-usau1 SSHS/6/SSHS_LOG: User xz4a_admin logged out from 10.237.35.254 port 58170.
%Mar 12 15:26:25:355 2026 xzyd-usau1 SSHS/6/SSHS_DISCONNECT: SSH user xz4a_admin (IP: 10.237.35.254) disconnected from the server.
%Mar 12 15:30:45:556 2026 xzyd-usau1 STP/6/STP_NOTIFIED_TC: Instance 0's port Ten-GigabitEthernet1/0/49 was notified a topology change.
%Mar 12 15:30:47:536 2026 xzyd-usau1 STP/6/STP_NOTIFIED_TC: Instance 0's port Ten-GigabitEthernet1/0/49 was notified a topology change.
%Mar 12 15:30:48:238 2026 xzyd-usau1 STP/6/STP_NOTIFIED_TC: Instance 0's port Ten-GigabitEthernet1/0/49 was notified a topology change.
%Mar 12 15:30:50:536 2026 xzyd-usau1 STP/6/STP_NOTIFIED_TC: Instance 0's port Ten-GigabitEthernet1/0/49 was notified a topology change.
%Mar 12 15:35:45:338 2026 xzyd-usau1 STP/6/STP_NOTIFIED_TC: Instance 0's port Ten-GigabitEthernet1/0/49 was notified a topology change.
%Mar 12 15:35:47:536 2026 xzyd-usau1 STP/6/STP_NOTIFIED_TC: Instance 0's port Ten-GigabitEthernet1/0/49 was notified a topology change.
%Mar 12 16:00:46:630 2026 xzyd-usau1 STP/6/STP_NOTIFIED_TC: Instance 0's port Ten-GigabitEthernet1/0/49 was notified a topology change.
%Mar 12 16:00:49:537 2026 xzyd-usau1 STP/6/STP_NOTIFIED_TC: Instance 0's port Ten-GigabitEthernet1/0/49 was notified a topology change.
%Mar 12 16:05:45:423 2026 xzyd-usau1 STP/6/STP_NOTIFIED_TC: Instance 0's port Ten-GigabitEthernet1/0/49 was notified a topology change.
%Mar 12 16:05:47:537 2026 xzyd-usau1 STP/6/STP_NOTIFIED_TC: Instance 0's port Ten-GigabitEthernet1/0/49 was notified a topology change.
%Mar 12 16:30:47:668 2026 xzyd-usau1 STP/6/STP_NOTIFIED_TC: Instance 0's port Ten-GigabitEthernet1/0/49 was notified a topology change.
%Mar 12 16:30:50:538 2026 xzyd-usau1 STP/6/STP_NOTIFIED_TC: Instance 0's port Ten-GigabitEthernet1/0/49 was notified a topology change.
%Mar 12 16:35:45:446 2026 xzyd-usau1 STP/6/STP_NOTIFIED_TC: Instance 0's port Ten-GigabitEthernet1/0/49 was notified a topology change.
%Mar 12 16:35:47:538 2026 xzyd-usau1 STP/6/STP_NOTIFIED_TC: Instance 0's port Ten-GigabitEthernet1/0/49 was notified a topology change.
%Mar 12 17:00:48:814 2026 xzyd-usau1 STP/6/STP_NOTIFIED_TC: Instance 0's port Ten-GigabitEthernet1/0/49 was notified a topology change.
%Mar 12 17:00:51:538 2026 xzyd-usau1 STP/6/STP_NOTIFIED_TC: Instance 0's port Ten-GigabitEthernet1/0/49 was notified a topology change.
%Mar 12 17:05:45:612 2026 xzyd-usau1 STP/6/STP_NOTIFIED_TC: Instance 0's port Ten-GigabitEthernet1/0/49 was notified a topology change.
%Mar 12 17:05:48:539 2026 xzyd-usau1 STP/6/STP_NOTIFIED_TC: Instance 0's port Ten-GigabitEthernet1/0/49 was notified a topology change.
%Mar 12 17:30:48:884 2026 xzyd-usau1 STP/6/STP_NOTIFIED_TC: Instance 0's port Ten-GigabitEthernet1/0/49 was notified a topology change.
%Mar 12 17:30:51:540 2026 xzyd-usau1 STP/6/STP_NOTIFIED_TC: Instance 0's port Ten-GigabitEthernet1/0/49 was notified a topology change.
%Mar 12 17:35:46:655 2026 xzyd-usau1 STP/6/STP_NOTIFIED_TC: Instance 0's port Ten-GigabitEthernet1/0/49 was notified a topology change.
%Mar 12 17:35:49:540 2026 xzyd-usau1 STP/6/STP_NOTIFIED_TC: Instance 0's port Ten-GigabitEthernet1/0/49 was notified a topology change.
%Mar 12 18:00:49:901 2026 xzyd-usau1 STP/6/STP_NOTIFIED_TC: Instance 0's port Ten-GigabitEthernet1/0/49 was notified a topology change.
%Mar 12 18:00:52:541 2026 xzyd-usau1 STP/6/STP_NOTIFIED_TC: Instance 0's port Ten-GigabitEthernet1/0/49 was notified a topology change.
%Mar 12 18:05:47:734 2026 xzyd-usau1 STP/6/STP_NOTIFIED_TC: Instance 0's port Ten-GigabitEthernet1/0/49 was notified a topology change.
%Mar 12 18:05:50:541 2026 xzyd-usau1 STP/6/STP_NOTIFIED_TC: Instance 0's port Ten-GigabitEthernet1/0/49 was notified a topology change.
%Mar 12 18:30:51:012 2026 xzyd-usau1 STP/6/STP_NOTIFIED_TC: Instance 0's port Ten-GigabitEthernet1/0/49 was notified a topology change.
%Mar 12 18:30:53:540 2026 xzyd-usau1 STP/6/STP_NOTIFIED_TC: Instance 0's port Ten-GigabitEthernet1/0/49 was notified a topology change.
%Mar 12 18:35:47:908 2026 xzyd-usau1 STP/6/STP_NOTIFIED_TC: Instance 0's port Ten-GigabitEthernet1/0/49 was notified a topology change.
%Mar 12 18:35:50:540 2026 xzyd-usau1 STP/6/STP_NOTIFIED_TC: Instance 0's port Ten-GigabitEthernet1/0/49 was notified a topology change.
%Mar 12 19:00:51:074 2026 xzyd-usau1 STP/6/STP_NOTIFIED_TC: Instance 0's port Ten-GigabitEthernet1/0/49 was notified a topology change.
%Mar 12 19:00:53:541 2026 xzyd-usau1 STP/6/STP_NOTIFIED_TC: Instance 0's port Ten-GigabitEthernet1/0/49 was notified a topology change.
%Mar 12 19:05:47:968 2026 xzyd-usau1 STP/6/STP_NOTIFIED_TC: Instance 0's port Ten-GigabitEthernet1/0/49 was notified a topology change.
%Mar 12 19:05:50:543 2026 xzyd-usau1 STP/6/STP_NOTIFIED_TC: Instance 0's port Ten-GigabitEthernet1/0/49 was notified a topology change.
%Mar 12 19:30:52:157 2026 xzyd-usau1 STP/6/STP_NOTIFIED_TC: Instance 0's port Ten-GigabitEthernet1/0/49 was notified a topology change.
%Mar 12 19:30:54:547 2026 xzyd-usau1 STP/6/STP_NOTIFIED_TC: Instance 0's port Ten-GigabitEthernet1/0/49 was notified a topology change.
%Mar 12 19:35:48:053 2026 xzyd-usau1 STP/6/STP_NOTIFIED_TC: Instance 0's port Ten-GigabitEthernet1/0/49 was notified a topology change.
%Mar 12 19:35:50:543 2026 xzyd-usau1 STP/6/STP_NOTIFIED_TC: Instance 0's port Ten-GigabitEthernet1/0/49 was notified a topology change.
%Mar 12 20:00:53:238 2026 xzyd-usau1 STP/6/STP_NOTIFIED_TC: Instance 0's port Ten-GigabitEthernet1/0/49 was notified a topology change.
%Mar 12 20:00:55:543 2026 xzyd-usau1 STP/6/STP_NOTIFIED_TC: Instance 0's port Ten-GigabitEthernet1/0/49 was notified a topology change.
%Mar 12 20:05:49:198 2026 xzyd-usau1 STP/6/STP_NOTIFIED_TC: Instance 0's port Ten-GigabitEthernet1/0/49 was notified a topology change.
%Mar 12 20:05:51:543 2026 xzyd-usau1 STP/6/STP_NOTIFIED_TC: Instance 0's port Ten-GigabitEthernet1/0/49 was notified a topology change.
%Mar 12 20:30:54:335 2026 xzyd-usau1 STP/6/STP_NOTIFIED_TC: Instance 0's port Ten-GigabitEthernet1/0/49 was notified a topology change.
%Mar 12 20:30:56:543 2026 xzyd-usau1 STP/6/STP_NOTIFIED_TC: Instance 0's port Ten-GigabitEthernet1/0/49 was notified a topology change.
%Mar 12 20:35:49:220 2026 xzyd-usau1 STP/6/STP_NOTIFIED_TC: Instance 0's port Ten-GigabitEthernet1/0/49 was notified a topology change.
%Mar 12 20:35:51:544 2026 xzyd-usau1 STP/6/STP_NOTIFIED_TC: Instance 0's port Ten-GigabitEthernet1/0/49 was notified a topology change.
%Mar 12 21:00:55:499 2026 xzyd-usau1 STP/6/STP_NOTIFIED_TC: Instance 0's port Ten-GigabitEthernet1/0/49 was notified a topology change.
%Mar 12 21:00:57:544 2026 xzyd-usau1 STP/6/STP_NOTIFIED_TC: Instance 0's port Ten-GigabitEthernet1/0/49 was notified a topology change.
%Mar 12 21:05:49:282 2026 xzyd-usau1 STP/6/STP_NOTIFIED_TC: Instance 0's port Ten-GigabitEthernet1/0/49 was notified a topology change.
%Mar 12 21:05:51:544 2026 xzyd-usau1 STP/6/STP_NOTIFIED_TC: Instance 0's port Ten-GigabitEthernet1/0/49 was notified a topology change.
%Mar 12 21:30:55:519 2026 xzyd-usau1 STP/6/STP_NOTIFIED_TC: Instance 0's port Ten-GigabitEthernet1/0/49 was notified a topology change.
%Mar 12 21:30:57:545 2026 xzyd-usau1 STP/6/STP_NOTIFIED_TC: Instance 0's port Ten-GigabitEthernet1/0/49 was notified a topology change.
%Mar 12 21:35:49:425 2026 xzyd-usau1 STP/6/STP_NOTIFIED_TC: Instance 0's port Ten-GigabitEthernet1/0/49 was notified a topology change.
%Mar 12 21:35:51:545 2026 xzyd-usau1 STP/6/STP_NOTIFIED_TC: Instance 0's port Ten-GigabitEthernet1/0/49 was notified a topology change.
%Mar 12 22:00:56:581 2026 xzyd-usau1 STP/6/STP_NOTIFIED_TC: Instance 0's port Ten-GigabitEthernet1/0/49 was notified a topology change.
%Mar 12 22:00:59:546 2026 xzyd-usau1 STP/6/STP_NOTIFIED_TC: Instance 0's port Ten-GigabitEthernet1/0/49 was notified a topology change.
%Mar 12 22:05:49:461 2026 xzyd-usau1 STP/6/STP_NOTIFIED_TC: Instance 0's port Ten-GigabitEthernet1/0/49 was notified a topology change.
%Mar 12 22:05:51:546 2026 xzyd-usau1 STP/6/STP_NOTIFIED_TC: Instance 0's port Ten-GigabitEthernet1/0/49 was notified a topology change.
%Mar 12 22:30:57:688 2026 xzyd-usau1 STP/6/STP_NOTIFIED_TC: Instance 0's port Ten-GigabitEthernet1/0/49 was notified a topology change.
%Mar 12 22:31:00:547 2026 xzyd-usau1 STP/6/STP_NOTIFIED_TC: Instance 0's port Ten-GigabitEthernet1/0/49 was notified a topology change.
%Mar 12 22:35:49:634 2026 xzyd-usau1 STP/6/STP_NOTIFIED_TC: Instance 0's port Ten-GigabitEthernet1/0/49 was notified a topology change.
%Mar 12 22:35:52:547 2026 xzyd-usau1 STP/6/STP_NOTIFIED_TC: Instance 0's port Ten-GigabitEthernet1/0/49 was notified a topology change.
%Mar 12 23:00:58:761 2026 xzyd-usau1 STP/6/STP_NOTIFIED_TC: Instance 0's port Ten-GigabitEthernet1/0/49 was notified a topology change.
%Mar 12 23:01:01:548 2026 xzyd-usau1 STP/6/STP_NOTIFIED_TC: Instance 0's port Ten-GigabitEthernet1/0/49 was notified a topology change.
%Mar 12 23:05:49:665 2026 xzyd-usau1 STP/6/STP_NOTIFIED_TC: Instance 0's port Ten-GigabitEthernet1/0/49 was notified a topology change.
%Mar 12 23:05:52:548 2026 xzyd-usau1 STP/6/STP_NOTIFIED_TC: Instance 0's port Ten-GigabitEthernet1/0/49 was notified a topology change.
%Mar 12 23:30:59:879 2026 xzyd-usau1 STP/6/STP_NOTIFIED_TC: Instance 0's port Ten-GigabitEthernet1/0/49 was notified a topology change.
%Mar 12 23:31:02:557 2026 xzyd-usau1 STP/6/STP_NOTIFIED_TC: Instance 0's port Ten-GigabitEthernet1/0/49 was notified a topology change.
%Mar 12 23:35:49:734 2026 xzyd-usau1 STP/6/STP_NOTIFIED_TC: Instance 0's port Ten-GigabitEthernet1/0/49 was notified a topology change.
%Mar 12 23:35:52:549 2026 xzyd-usau1 STP/6/STP_NOTIFIED_TC: Instance 0's port Ten-GigabitEthernet1/0/49 was notified a topology change.
%Mar 13 00:01:00:933 2026 xzyd-usau1 STP/6/STP_NOTIFIED_TC: Instance 0's port Ten-GigabitEthernet1/0/49 was notified a topology change.
%Mar 13 00:01:03:549 2026 xzyd-usau1 STP/6/STP_NOTIFIED_TC: Instance 0's port Ten-GigabitEthernet1/0/49 was notified a topology change.
%Mar 13 00:06:00:845 2026 xzyd-usau1 STP/6/STP_NOTIFIED_TC: Instance 0's port Ten-GigabitEthernet1/0/49 was notified a topology change.
%Mar 13 00:06:03:549 2026 xzyd-usau1 STP/6/STP_NOTIFIED_TC: Instance 0's port Ten-GigabitEthernet1/0/49 was notified a topology change.
%Mar 13 00:31:01:043 2026 xzyd-usau1 STP/6/STP_NOTIFIED_TC: Instance 0's port Ten-GigabitEthernet1/0/49 was notified a topology change.
%Mar 13 00:31:03:550 2026 xzyd-usau1 STP/6/STP_NOTIFIED_TC: Instance 0's port Ten-GigabitEthernet1/0/49 was notified a topology change.
%Mar 13 00:36:01:034 2026 xzyd-usau1 STP/6/STP_NOTIFIED_TC: Instance 0's port Ten-GigabitEthernet1/0/49 was notified a topology change.
%Mar 13 00:36:03:550 2026 xzyd-usau1 STP/6/STP_NOTIFIED_TC: Instance 0's port Ten-GigabitEthernet1/0/49 was notified a topology change.
%Mar 13 01:01:02:106 2026 xzyd-usau1 STP/6/STP_NOTIFIED_TC: Instance 0's port Ten-GigabitEthernet1/0/49 was notified a topology change.
%Mar 13 01:01:04:551 2026 xzyd-usau1 STP/6/STP_NOTIFIED_TC: Instance 0's port Ten-GigabitEthernet1/0/49 was notified a topology change.
%Mar 13 01:06:02:085 2026 xzyd-usau1 STP/6/STP_NOTIFIED_TC: Instance 0's port Ten-GigabitEthernet1/0/49 was notified a topology change.
%Mar 13 01:06:04:551 2026 xzyd-usau1 STP/6/STP_NOTIFIED_TC: Instance 0's port Ten-GigabitEthernet1/0/49 was notified a topology change.
%Mar 13 01:31:03:193 2026 xzyd-usau1 STP/6/STP_NOTIFIED_TC: Instance 0's port Ten-GigabitEthernet1/0/49 was notified a topology change.
%Mar 13 01:31:05:552 2026 xzyd-usau1 STP/6/STP_NOTIFIED_TC: Instance 0's port Ten-GigabitEthernet1/0/49 was notified a topology change.
%Mar 13 01:36:02:146 2026 xzyd-usau1 STP/6/STP_NOTIFIED_TC: Instance 0's port Ten-GigabitEthernet1/0/49 was notified a topology change.
%Mar 13 01:36:04:573 2026 xzyd-usau1 STP/6/STP_NOTIFIED_TC: Instance 0's port Ten-GigabitEthernet1/0/49 was notified a topology change.
%Mar 13 02:01:04:339 2026 xzyd-usau1 STP/6/STP_NOTIFIED_TC: Instance 0's port Ten-GigabitEthernet1/0/49 was notified a topology change.
%Mar 13 02:01:06:553 2026 xzyd-usau1 STP/6/STP_NOTIFIED_TC: Instance 0's port Ten-GigabitEthernet1/0/49 was notified a topology change.
%Mar 13 02:06:02:186 2026 xzyd-usau1 STP/6/STP_NOTIFIED_TC: Instance 0's port Ten-GigabitEthernet1/0/49 was notified a topology change.
%Mar 13 02:06:04:553 2026 xzyd-usau1 STP/6/STP_NOTIFIED_TC: Instance 0's port Ten-GigabitEthernet1/0/49 was notified a topology change.
%Mar 13 02:31:05:354 2026 xzyd-usau1 STP/6/STP_NOTIFIED_TC: Instance 0's port Ten-GigabitEthernet1/0/49 was notified a topology change.
%Mar 13 02:31:07:553 2026 xzyd-usau1 STP/6/STP_NOTIFIED_TC: Instance 0's port Ten-GigabitEthernet1/0/49 was notified a topology change.
%Mar 13 02:36:02:328 2026 xzyd-usau1 STP/6/STP_NOTIFIED_TC: Instance 0's port Ten-GigabitEthernet1/0/49 was notified a topology change.
%Mar 13 02:36:04:554 2026 xzyd-usau1 STP/6/STP_NOTIFIED_TC: Instance 0's port Ten-GigabitEthernet1/0/49 was notified a topology change.
%Mar 13 03:01:06:510 2026 xzyd-usau1 STP/6/STP_NOTIFIED_TC: Instance 0's port Ten-GigabitEthernet1/0/49 was notified a topology change.
%Mar 13 03:01:08:555 2026 xzyd-usau1 STP/6/STP_NOTIFIED_TC: Instance 0's port Ten-GigabitEthernet1/0/49 was notified a topology change.
%Mar 13 03:06:02:443 2026 xzyd-usau1 STP/6/STP_NOTIFIED_TC: Instance 0's port Ten-GigabitEthernet1/0/49 was notified a topology change.
%Mar 13 03:06:04:555 2026 xzyd-usau1 STP/6/STP_NOTIFIED_TC: Instance 0's port Ten-GigabitEthernet1/0/49 was notified a topology change.
%Mar 13 03:31:06:543 2026 xzyd-usau1 STP/6/STP_NOTIFIED_TC: Instance 0's port Ten-GigabitEthernet1/0/49 was notified a topology change.
%Mar 13 03:31:08:555 2026 xzyd-usau1 STP/6/STP_NOTIFIED_TC: Instance 0's port Ten-GigabitEthernet1/0/49 was notified a topology change.
%Mar 13 03:36:02:490 2026 xzyd-usau1 STP/6/STP_NOTIFIED_TC: Instance 0's port Ten-GigabitEthernet1/0/49 was notified a topology change.
%Mar 13 03:36:04:555 2026 xzyd-usau1 STP/6/STP_NOTIFIED_TC: Instance 0's port Ten-GigabitEthernet1/0/49 was notified a topology change.
%Mar 13 04:01:07:628 2026 xzyd-usau1 STP/6/STP_NOTIFIED_TC: Instance 0's port Ten-GigabitEthernet1/0/49 was notified a topology change.
%Mar 13 04:01:10:556 2026 xzyd-usau1 STP/6/STP_NOTIFIED_TC: Instance 0's port Ten-GigabitEthernet1/0/49 was notified a topology change.
%Mar 13 04:06:02:594 2026 xzyd-usau1 STP/6/STP_NOTIFIED_TC: Instance 0's port Ten-GigabitEthernet1/0/49 was notified a topology change.
%Mar 13 04:06:05:556 2026 xzyd-usau1 STP/6/STP_NOTIFIED_TC: Instance 0's port Ten-GigabitEthernet1/0/49 was notified a topology change.
%Mar 13 04:31:08:717 2026 xzyd-usau1 STP/6/STP_NOTIFIED_TC: Instance 0's port Ten-GigabitEthernet1/0/49 was notified a topology change.
%Mar 13 04:31:11:557 2026 xzyd-usau1 STP/6/STP_NOTIFIED_TC: Instance 0's port Ten-GigabitEthernet1/0/49 was notified a topology change.
%Mar 13 04:36:02:650 2026 xzyd-usau1 STP/6/STP_NOTIFIED_TC: Instance 0's port Ten-GigabitEthernet1/0/49 was notified a topology change.
%Mar 13 04:36:05:557 2026 xzyd-usau1 STP/6/STP_NOTIFIED_TC: Instance 0's port Ten-GigabitEthernet1/0/49 was notified a topology change.
%Mar 13 05:01:09:954 2026 xzyd-usau1 STP/6/STP_NOTIFIED_TC: Instance 0's port Ten-GigabitEthernet1/0/49 was notified a topology change.
%Mar 13 05:01:12:558 2026 xzyd-usau1 STP/6/STP_NOTIFIED_TC: Instance 0's port Ten-GigabitEthernet1/0/49 was notified a topology change.
%Mar 13 05:06:09:735 2026 xzyd-usau1 STP/6/STP_NOTIFIED_TC: Instance 0's port Ten-GigabitEthernet1/0/49 was notified a topology change.
%Mar 13 05:06:12:558 2026 xzyd-usau1 STP/6/STP_NOTIFIED_TC: Instance 0's port Ten-GigabitEthernet1/0/49 was notified a topology change.
%Mar 13 05:31:10:908 2026 xzyd-usau1 STP/6/STP_NOTIFIED_TC: Instance 0's port Ten-GigabitEthernet1/0/49 was notified a topology change.
%Mar 13 05:31:13:558 2026 xzyd-usau1 STP/6/STP_NOTIFIED_TC: Instance 0's port Ten-GigabitEthernet1/0/49 was notified a topology change.
%Mar 13 05:36:09:842 2026 xzyd-usau1 STP/6/STP_NOTIFIED_TC: Instance 0's port Ten-GigabitEthernet1/0/49 was notified a topology change.
%Mar 13 05:36:12:558 2026 xzyd-usau1 STP/6/STP_NOTIFIED_TC: Instance 0's port Ten-GigabitEthernet1/0/49 was notified a topology change.
%Mar 13 06:01:10:981 2026 xzyd-usau1 STP/6/STP_NOTIFIED_TC: Instance 0's port Ten-GigabitEthernet1/0/49 was notified a topology change.
%Mar 13 06:01:13:559 2026 xzyd-usau1 STP/6/STP_NOTIFIED_TC: Instance 0's port Ten-GigabitEthernet1/0/49 was notified a topology change.
%Mar 13 06:06:10:055 2026 xzyd-usau1 STP/6/STP_NOTIFIED_TC: Instance 0's port Ten-GigabitEthernet1/0/49 was notified a topology change.
%Mar 13 06:06:12:559 2026 xzyd-usau1 STP/6/STP_NOTIFIED_TC: Instance 0's port Ten-GigabitEthernet1/0/49 was notified a topology change.
%Mar 13 06:31:12:203 2026 xzyd-usau1 STP/6/STP_NOTIFIED_TC: Instance 0's port Ten-GigabitEthernet1/0/49 was notified a topology change.
%Mar 13 06:31:14:560 2026 xzyd-usau1 STP/6/STP_NOTIFIED_TC: Instance 0's port Ten-GigabitEthernet1/0/49 was notified a topology change.
%Mar 13 06:36:10:007 2026 xzyd-usau1 STP/6/STP_NOTIFIED_TC: Instance 0's port Ten-GigabitEthernet1/0/49 was notified a topology change.
%Mar 13 06:36:12:560 2026 xzyd-usau1 STP/6/STP_NOTIFIED_TC: Instance 0's port Ten-GigabitEthernet1/0/49 was notified a topology change.
%Mar 13 07:01:13:197 2026 xzyd-usau1 STP/6/STP_NOTIFIED_TC: Instance 0's port Ten-GigabitEthernet1/0/49 was notified a topology change.
%Mar 13 07:01:15:561 2026 xzyd-usau1 STP/6/STP_NOTIFIED_TC: Instance 0's port Ten-GigabitEthernet1/0/49 was notified a topology change.
%Mar 13 07:06:11:196 2026 xzyd-usau1 STP/6/STP_NOTIFIED_TC: Instance 0's port Ten-GigabitEthernet1/0/49 was notified a topology change.
%Mar 13 07:06:13:561 2026 xzyd-usau1 STP/6/STP_NOTIFIED_TC: Instance 0's port Ten-GigabitEthernet1/0/49 was notified a topology change.
%Mar 13 07:31:14:245 2026 xzyd-usau1 STP/6/STP_NOTIFIED_TC: Instance 0's port Ten-GigabitEthernet1/0/49 was notified a topology change.
%Mar 13 07:31:16:562 2026 xzyd-usau1 STP/6/STP_NOTIFIED_TC: Instance 0's port Ten-GigabitEthernet1/0/49 was notified a topology change.
%Mar 13 07:36:14:210 2026 xzyd-usau1 STP/6/STP_NOTIFIED_TC: Instance 0's port Ten-GigabitEthernet1/0/49 was notified a topology change.
%Mar 13 07:36:16:562 2026 xzyd-usau1 STP/6/STP_NOTIFIED_TC: Instance 0's port Ten-GigabitEthernet1/0/49 was notified a topology change.
%Mar 13 08:01:15:332 2026 xzyd-usau1 STP/6/STP_NOTIFIED_TC: Instance 0's port Ten-GigabitEthernet1/0/49 was notified a topology change.
%Mar 13 08:01:17:563 2026 xzyd-usau1 STP/6/STP_NOTIFIED_TC: Instance 0's port Ten-GigabitEthernet1/0/49 was notified a topology change.
%Mar 13 08:06:16:356 2026 xzyd-usau1 STP/6/STP_NOTIFIED_TC: Instance 0's port Ten-GigabitEthernet1/0/49 was notified a topology change.
%Mar 13 08:06:18:563 2026 xzyd-usau1 STP/6/STP_NOTIFIED_TC: Instance 0's port Ten-GigabitEthernet1/0/49 was notified a topology change.
%Mar 13 08:31:15:467 2026 xzyd-usau1 STP/6/STP_NOTIFIED_TC: Instance 0's port Ten-GigabitEthernet1/0/49 was notified a topology change.
%Mar 13 08:31:17:564 2026 xzyd-usau1 STP/6/STP_NOTIFIED_TC: Instance 0's port Ten-GigabitEthernet1/0/49 was notified a topology change.
%Mar 13 08:36:16:374 2026 xzyd-usau1 STP/6/STP_NOTIFIED_TC: Instance 0's port Ten-GigabitEthernet1/0/49 was notified a topology change.
%Mar 13 08:36:18:563 2026 xzyd-usau1 STP/6/STP_NOTIFIED_TC: Instance 0's port Ten-GigabitEthernet1/0/49 was notified a topology change.
%Mar 13 09:01:16:515 2026 xzyd-usau1 STP/6/STP_NOTIFIED_TC: Instance 0's port Ten-GigabitEthernet1/0/49 was notified a topology change.
%Mar 13 09:01:18:564 2026 xzyd-usau1 STP/6/STP_NOTIFIED_TC: Instance 0's port Ten-GigabitEthernet1/0/49 was notified a topology change.
%Mar 13 09:06:16:465 2026 xzyd-usau1 STP/6/STP_NOTIFIED_TC: Instance 0's port Ten-GigabitEthernet1/0/49 was notified a topology change.
%Mar 13 09:06:18:564 2026 xzyd-usau1 STP/6/STP_NOTIFIED_TC: Instance 0's port Ten-GigabitEthernet1/0/49 was notified a topology change.
%Mar 13 09:31:17:592 2026 xzyd-usau1 STP/6/STP_NOTIFIED_TC: Instance 0's port Ten-GigabitEthernet1/0/49 was notified a topology change.
%Mar 13 09:31:20:565 2026 xzyd-usau1 STP/6/STP_NOTIFIED_TC: Instance 0's port Ten-GigabitEthernet1/0/49 was notified a topology change.
%Mar 13 09:36:16:645 2026 xzyd-usau1 STP/6/STP_NOTIFIED_TC: Instance 0's port Ten-GigabitEthernet1/0/49 was notified a topology change.
%Mar 13 09:36:19:565 2026 xzyd-usau1 STP/6/STP_NOTIFIED_TC: Instance 0's port Ten-GigabitEthernet1/0/49 was notified a topology change.
%Mar 13 10:01:18:661 2026 xzyd-usau1 STP/6/STP_NOTIFIED_TC: Instance 0's port Ten-GigabitEthernet1/0/49 was notified a topology change.
%Mar 13 10:01:21:566 2026 xzyd-usau1 STP/6/STP_NOTIFIED_TC: Instance 0's port Ten-GigabitEthernet1/0/49 was notified a topology change.
%Mar 13 10:06:19:657 2026 xzyd-usau1 STP/6/STP_NOTIFIED_TC: Instance 0's port Ten-GigabitEthernet1/0/49 was notified a topology change.
%Mar 13 10:06:22:566 2026 xzyd-usau1 STP/6/STP_NOTIFIED_TC: Instance 0's port Ten-GigabitEthernet1/0/49 was notified a topology change.
%Mar 13 10:31:19:752 2026 xzyd-usau1 STP/6/STP_NOTIFIED_TC: Instance 0's port Ten-GigabitEthernet1/0/49 was notified a topology change.
%Mar 13 10:31:22:567 2026 xzyd-usau1 STP/6/STP_NOTIFIED_TC: Instance 0's port Ten-GigabitEthernet1/0/49 was notified a topology change.
%Mar 13 10:36:19:744 2026 xzyd-usau1 STP/6/STP_NOTIFIED_TC: Instance 0's port Ten-GigabitEthernet1/0/49 was notified a topology change.
%Mar 13 10:36:22:567 2026 xzyd-usau1 STP/6/STP_NOTIFIED_TC: Instance 0's port Ten-GigabitEthernet1/0/49 was notified a topology change.
%Mar 13 11:01:20:932 2026 xzyd-usau1 STP/6/STP_NOTIFIED_TC: Instance 0's port Ten-GigabitEthernet1/0/49 was notified a topology change.
%Mar 13 11:01:23:567 2026 xzyd-usau1 STP/6/STP_NOTIFIED_TC: Instance 0's port Ten-GigabitEthernet1/0/49 was notified a topology change.
%Mar 13 11:06:19:957 2026 xzyd-usau1 STP/6/STP_NOTIFIED_TC: Instance 0's port Ten-GigabitEthernet1/0/49 was notified a topology change.
%Mar 13 11:06:22:567 2026 xzyd-usau1 STP/6/STP_NOTIFIED_TC: Instance 0's port Ten-GigabitEthernet1/0/49 was notified a topology change.
%Mar 13 11:31:20:960 2026 xzyd-usau1 STP/6/STP_NOTIFIED_TC: Instance 0's port Ten-GigabitEthernet1/0/49 was notified a topology change.
%Mar 13 11:31:23:568 2026 xzyd-usau1 STP/6/STP_NOTIFIED_TC: Instance 0's port Ten-GigabitEthernet1/0/49 was notified a topology change.
%Mar 13 11:36:21:921 2026 xzyd-usau1 STP/6/STP_NOTIFIED_TC: Instance 0's port Ten-GigabitEthernet1/0/49 was notified a topology change.
%Mar 13 11:36:24:568 2026 xzyd-usau1 STP/6/STP_NOTIFIED_TC: Instance 0's port Ten-GigabitEthernet1/0/49 was notified a topology change.
%Mar 13 12:01:22:050 2026 xzyd-usau1 STP/6/STP_NOTIFIED_TC: Instance 0's port Ten-GigabitEthernet1/0/49 was notified a topology change.
%Mar 13 12:01:24:569 2026 xzyd-usau1 STP/6/STP_NOTIFIED_TC: Instance 0's port Ten-GigabitEthernet1/0/49 was notified a topology change.
%Mar 13 12:06:23:109 2026 xzyd-usau1 STP/6/STP_NOTIFIED_TC: Instance 0's port Ten-GigabitEthernet1/0/49 was notified a topology change.
%Mar 13 12:06:25:569 2026 xzyd-usau1 STP/6/STP_NOTIFIED_TC: Instance 0's port Ten-GigabitEthernet1/0/49 was notified a topology change.
%Mar 13 12:31:23:108 2026 xzyd-usau1 STP/6/STP_NOTIFIED_TC: Instance 0's port Ten-GigabitEthernet1/0/49 was notified a topology change.
%Mar 13 12:31:25:570 2026 xzyd-usau1 STP/6/STP_NOTIFIED_TC: Instance 0's port Ten-GigabitEthernet1/0/49 was notified a topology change.
%Mar 13 12:36:24:153 2026 xzyd-usau1 STP/6/STP_NOTIFIED_TC: Instance 0's port Ten-GigabitEthernet1/0/49 was notified a topology change.
%Mar 13 12:36:26:570 2026 xzyd-usau1 STP/6/STP_NOTIFIED_TC: Instance 0's port Ten-GigabitEthernet1/0/49 was notified a topology change.
%Mar 13 12:45:54:305 2026 xzyd-usau1 SSHS/6/SSHS_AUTH_SUCCESS: SSH user xz4a_admin from 10.237.35.254 port 51133 passed password authentication.
%Mar 13 12:45:55:486 2026 xzyd-usau1 SSHS/6/SSHS_CONNECT: SSH user xz4a_admin (IP: 10.237.35.254) connected to the server successfully.
%Mar 13 12:45:55:848 2026 xzyd-usau1 SHELL/5/SHELL_LOGIN: xz4a_admin logged in from 10.237.35.254.
%Mar 13 12:46:24:614 2026 xzyd-usau1 SHELL/4/SHELL_CMD_MATCHFAIL: -User=xz4a_admin-IPAddr=10.237.35.254; Command screen-length 0 temporary in view shell failed to be matched.
%Mar 13 12:46:24:656 2026 xzyd-usau1 SHELL/6/SHELL_CMD: -Line=vty0-IPAddr=10.237.35.254-User=xz4a_admin; Command is display version
%Mar 13 12:46:24:800 2026 xzyd-usau1 SHELL/6/SHELL_CMD: -Line=vty0-IPAddr=10.237.35.254-User=xz4a_admin; Command is display device
%Mar 13 12:46:24:979 2026 xzyd-usau1 SHELL/6/SHELL_CMD: -Line=vty0-IPAddr=10.237.35.254-User=xz4a_admin; Command is display startup
%Mar 13 12:46:25:155 2026 xzyd-usau1 SHELL/6/SHELL_CMD: -Line=vty0-IPAddr=10.237.35.254-User=xz4a_admin; Command is display cpu-usage
%Mar 13 12:46:25:333 2026 xzyd-usau1 SHELL/4/SHELL_CMD_MATCHFAIL: -User=xz4a_admin-IPAddr=10.237.35.254; Command display memory-usage in view shell failed to be matched.
%Mar 13 12:46:25:354 2026 xzyd-usau1 SHELL/6/SHELL_CMD: -Line=vty0-IPAddr=10.237.35.254-User=xz4a_admin; Command is display memory
%Mar 13 12:46:25:486 2026 xzyd-usau1 SHELL/6/SHELL_CMD: -Line=vty0-IPAddr=10.237.35.254-User=xz4a_admin; Command is display ip interface brief
%Mar 13 12:46:25:617 2026 xzyd-usau1 SHELL/6/SHELL_CMD: -Line=vty0-IPAddr=10.237.35.254-User=xz4a_admin; Command is display interface brief
%Mar 13 12:46:26:176 2026 xzyd-usau1 SHELL/6/SHELL_CMD: -Line=vty0-IPAddr=10.237.35.254-User=xz4a_admin; Command is display ip routing-table
%Mar 13 12:46:26:318 2026 xzyd-usau1 SHELL/6/SHELL_CMD: -Line=vty0-IPAddr=10.237.35.254-User=xz4a_admin; Command is display logbuffer
<xzyd-usau1>display current-configuration
#
 version 7.1.070, Release 1115
#
 sysname xzyd-usau1
#
 clock timezone BJ add 08:00:00
 clock protocol none
#
 telnet server enable
#
 voice-vlan mac-address 00e0-bb00-0000 mask ffff-ff00-0000 description 3com phone
 voice-vlan mac-address 0001-e300-0000 mask ffff-ff00-0000 description Simens phone
#
 irf mac-address persistent timer
 irf auto-update enable
 undo irf link-delay
 irf member 1 priority 1
#
 lldp global enable
#
 password-recovery enable
#
vlan 1
#
 stp global enable
#
interface NULL0
#
interface Vlan-interface1
 ip address 10.233.121.203 255.255.255.128
#
interface GigabitEthernet1/0/1
 port link-mode bridge
 shutdown
#
interface GigabitEthernet1/0/2
 port link-mode bridge
 description TO USAUNET
#
interface GigabitEthernet1/0/3
 port link-mode bridge
 shutdown
#
interface GigabitEthernet1/0/4
 port link-mode bridge
 shutdown
#
interface GigabitEthernet1/0/5
 port link-mode bridge
 shutdown
#
interface GigabitEthernet1/0/6
 port link-mode bridge
 shutdown
#
interface GigabitEthernet1/0/7
 port link-mode bridge
 shutdown
#
interface GigabitEthernet1/0/8
 port link-mode bridge
 description TO BAM
#
interface GigabitEthernet1/0/9
 port link-mode bridge
 shutdown
#
interface GigabitEthernet1/0/10
 port link-mode bridge
 shutdown
#
interface GigabitEthernet1/0/11
 port link-mode bridge
 shutdown
#
interface GigabitEthernet1/0/12
 port link-mode bridge
 shutdown
#
interface GigabitEthernet1/0/13
 port link-mode bridge
 shutdown
#
interface GigabitEthernet1/0/14
 port link-mode bridge
 description TO xzyd-enip1
#
interface GigabitEthernet1/0/15
 port link-mode bridge
 shutdown
#
interface GigabitEthernet1/0/16
 port link-mode bridge
 shutdown
#
interface GigabitEthernet1/0/17
 port link-mode bridge
 shutdown
#
interface GigabitEthernet1/0/18
 port link-mode bridge
 shutdown
#
interface GigabitEthernet1/0/19
 port link-mode bridge
 shutdown
#
interface GigabitEthernet1/0/20
 port link-mode bridge
 shutdown
#
interface GigabitEthernet1/0/21
 port link-mode bridge
 shutdown
#
interface GigabitEthernet1/0/22
 port link-mode bridge
 shutdown
#
interface GigabitEthernet1/0/23
 port link-mode bridge
 shutdown
#
interface GigabitEthernet1/0/24
 port link-mode bridge
 shutdown
#
interface GigabitEthernet1/0/25
 port link-mode bridge
 shutdown
#
interface GigabitEthernet1/0/26
 port link-mode bridge
 shutdown
#
interface GigabitEthernet1/0/27
 port link-mode bridge
 shutdown
#
interface GigabitEthernet1/0/28
 port link-mode bridge
 shutdown
#
interface GigabitEthernet1/0/29
 port link-mode bridge
 shutdown
#
interface GigabitEthernet1/0/30
 port link-mode bridge
 shutdown
#
interface GigabitEthernet1/0/31
 port link-mode bridge
 shutdown
#
interface GigabitEthernet1/0/32
 port link-mode bridge
 shutdown
#
interface GigabitEthernet1/0/33
 port link-mode bridge
 shutdown
#
interface GigabitEthernet1/0/34
 port link-mode bridge
 shutdown
#
interface GigabitEthernet1/0/35
 port link-mode bridge
 shutdown
#
interface GigabitEthernet1/0/36
 port link-mode bridge
 shutdown
#
interface GigabitEthernet1/0/37
 port link-mode bridge
 shutdown
#
interface GigabitEthernet1/0/38
 port link-mode bridge
 shutdown
#
interface GigabitEthernet1/0/39
 port link-mode bridge
 shutdown
#
interface GigabitEthernet1/0/40
 port link-mode bridge
 shutdown
#
interface GigabitEthernet1/0/41
 port link-mode bridge
 shutdown
#
interface GigabitEthernet1/0/42
 port link-mode bridge
 shutdown
#
interface GigabitEthernet1/0/43
 port link-mode bridge
 shutdown
#
interface GigabitEthernet1/0/44
 port link-mode bridge
 shutdown
#
interface GigabitEthernet1/0/45
 port link-mode bridge
 shutdown
#
interface GigabitEthernet1/0/46
 port link-mode bridge
 shutdown
#
interface GigabitEthernet1/0/47
 port link-mode bridge
 shutdown
#
interface GigabitEthernet1/0/48
 port link-mode bridge
 shutdown
#
interface Ten-GigabitEthernet1/0/49
 port link-mode bridge
 description TO xzyd-usau2
#
interface Ten-GigabitEthernet1/0/50
 port link-mode bridge
 shutdown
#
interface Ten-GigabitEthernet1/0/51
 port link-mode bridge
 shutdown
#
interface Ten-GigabitEthernet1/0/52
 port link-mode bridge
 shutdown
#
interface Ten-GigabitEthernet1/0/53
 port link-mode bridge
#
interface Ten-GigabitEthernet1/0/54
 port link-mode bridge
#
 scheduler logfile size 16
#
line class aux
 user-role network-admin
#
line class vty
 user-role network-operator
#
line aux 0
 user-role network-admin
#
line vty 0 4
 authentication-mode scheme
 user-role network-operator
 idle-timeout 5 0
 screen-length 0
#
line vty 5 63
 user-role network-operator
#
 ip route-static 10.237.35.0 24 10.233.121.213
 ip route-static 10.237.95.0 24 10.233.121.213
 ip route-static 10.237.99.0 24 10.233.121.213
 ip route-static 10.237.100.0 24 10.233.121.213
#
 info-center loghost 10.237.35.249 facility local4
 info-center loghost 10.237.99.80
#
 snmp-agent
 snmp-agent local-engineid 800063A28014847760A18C00000001
 snmp-agent community read LCjcGPRS
 snmp-agent community read XZYD_smjk-2018 acl 2000
 snmp-agent sys-info version v2c v3 
 snmp-agent target-host trap address udp-domain 10.237.95.23 params securityname LCjcGPRS v2c
 snmp-agent trap enable arp 
 snmp-agent trap enable radius 
 snmp-agent trap enable stp 
 snmp-agent trap enable syslog 
#
 ssh server enable
 ssh user cszdxj service-type stelnet authentication-type password
 ssh user dinghaibo service-type stelnet authentication-type password
 ssh user jtcjxz service-type stelnet authentication-type password
 ssh user xz4a_admin service-type stelnet authentication-type password
 ssh user xzyd_zhuoma service-type stelnet authentication-type password
 ssh server acl 2000
#
 ssh2 algorithm cipher aes128-ctr aes256-ctr
#
acl basic 2000
 rule 5 permit source 10.237.35.0 0.0.0.255
 rule 10 permit source 10.237.99.0 0.0.0.255
 rule 15 permit source 10.237.100.0 0.0.0.255
#
 super password role level-15 hash $h$6$nRBtIxgER7H2ViQr$MM4Bbp4pP+hTZ95fAqd8a6k2lsPDrLjIOZ9zXX6jHCEbgcRzXkt3kszO8fR7k8iXUSu9UdCjIx5hmhLDqSEzIw==
#
radius scheme system
 user-name-format without-domain
#
domain system
#
 domain default enable system
#
role name level-0
 description Predefined level-0 role
#
role name level-1
 description Predefined level-1 role
#
role name level-2
 description Predefined level-2 role
#
role name level-3
 description Predefined level-3 role
#
role name level-4
 description Predefined level-4 role
#
role name level-5
 description Predefined level-5 role
#
role name level-6
 description Predefined level-6 role
#
role name level-7
 description Predefined level-7 role
#
role name level-8
 description Predefined level-8 role
#
role name level-9
 description Predefined level-9 role
#
role name level-10
 description Predefined level-10 role
#
role name level-11
 description Predefined level-11 role
#
role name level-12
 description Predefined level-12 role
#
role name level-13
 description Predefined level-13 role
#
role name level-14
 description Predefined level-14 role
#
user-group system
#
local-user cszdxj class manage
 password hash $h$6$QJWtOOdukW963bGN$XBtgJFQsOFzC3XSPzmOscVMYpEWYi6d9E5TMnnysg0AoNO+KFfuyrRE7MPuTtWpPTP8bMDnLMCKE5UFcaFSzCQ==
 service-type telnet ssh
 authorization-attribute user-role level-15
 authorization-attribute user-role network-operator
#
local-user dinghaibo class manage
 service-type telnet ssh terminal
 authorization-attribute user-role level-15
 authorization-attribute user-role network-operator
#
local-user jtcjxz class manage
 password hash $h$6$czE2jVxZ7/4dNj/s$Dvn9C07b/CiwxAQF+G59HkObFdINawdAP7amPFsgjaCcD5kjLsnFdLcQtiIEOivESq/gaRiLlKOblAvUKT3OIA==
 service-type ssh
 authorization-attribute user-role level-2
 authorization-attribute user-role network-operator
#
local-user xz4a_admin class manage
 password hash $h$6$O4BmI0Y14HS/44AF$xfAEHRtIKYqTDaAadPu558/pTyxRhTVofZq1s5AjtCd+aaA+qSBB+Zs/CNO8ONwqzQjPah8oQZPM9qxWq9/+Cw==
 service-type telnet ssh terminal
 authorization-attribute user-role level-15
 authorization-attribute user-role network-operator
#
local-user xzyd_zhuoma class manage
 password hash $h$6$O9vmSq3dJxxjRbz3$n2suiZ4WjRfTgSJAtj20V/VAA2YIjPwykpbxHcmzH2V027PftyMZHIXbImBKk+Xz9cNMZtOFJFcTAOqLbbvdkA==
 service-type telnet ssh terminal
 authorization-attribute user-role level-15
 authorization-attribute user-role network-operator
#
return
