<LSNE20E02BHW>screen-length 0 temporary
              ^
Error:Unrecognized command found at '^' position.
<LSNE20E02BHW>display version
Huawei Versatile Routing Platform Software
VRP (R) Software, Version 5.30(NE20E V200R005C03B320)
Copyright (C) 2000-2007 Huawei Technologies Co., Ltd.
Quidway NetEngine 20E-8 Router uptime is 6547 days, 22 hours, 48 minutes
Patch: V200R005C03B320HP0001

Master Rpu (9)'s version information:
System start up mode is cold
Uptime is 6547 days, 22 hours, 48 minutes
Startup time :  2008-04-08 13:06
Huawei Versatile Routing Platform Software
512M     bytes SDRAM
 64M     bytes FLASH
512K     bytes NVRAM
Pcb       Version : VER.E
Bridge    Version : VER.B
RPE Logic Version : 023
SBG Logic Version : 034
HAC Logic Version : 037
Small BootROM Version :  4.00
Big   BootROM Version :  7.01
VRP (R) Software, Version 5.30 (NE20E V200R005C03B320)
Slot1:  2FE     (pcb)A  (logic)027  (board)RTM1E2FE    
Uptime is 6547 days, 22 hours, 44 minutes
Startup time :  2008-04-08 13:09
Slot2:  HIPSEC  (pcb)A  (software)003  (hc1ge logic)026  (dba logic)011
                 (epld)004  (cpcb)003  (bootrom)209  (board)RTP1HPSEC   
Uptime is 6547 days, 22 hours, 44 minutes
Startup time :  2008-04-08 13:09
Slot3:  8E1     (pcb)D  (logic)002  (board)RTM18E1B    
Uptime is 6547 days, 22 hours, 44 minutes
Startup time :  2008-04-08 13:09
Slot4:  4FE     (pcb)A  (logic)027  (board)RTM1E4FE    
Uptime is 5066 days, 19 hours, 15 minutes
Startup time :  2012-04-28 16:39
Slot6:  8E1     (pcb)D  (logic)002  (board)RTM18E1B    
Uptime is 6547 days, 22 hours, 44 minutes
Startup time :  2008-04-08 13:09

Slave Rpu (10)'s version information:
Uptime is 6547 days, 22 hours, 48 minutes
Startup time :  2008-04-08 13:06
Huawei Versatile Routing Platform Software
512M     bytes SDRAM
 64M     bytes FLASH
512K     bytes NVRAM
Pcb       Version : VER.E
Bridge    Version : VER.B
RPE Logic Version : 023
SBG Logic Version : 034
HAC Logic Version : 037
Small BootROM Version :  4.00
Big   BootROM Version :  7.01
VRP (R) Software, Version 5.30 (NE20E V200R005C03B320)

Master Npu (11)'s version information:
Uptime is 6547 days, 22 hours, 48 minutes
Startup time :  2008-04-08 13:06
Pico code Version : 2.1
Pcb       Version : VER.B
512M      bytes DRAM
AGR Logic Version : 061

Slave Npu(12)'s version information:
Uptime is 6547 days, 22 hours, 48 minutes
Startup time :  2008-04-08 13:06
Pico code Version : 2.1
Pcb       Version : VER.B
512M      bytes DRAM
AGR Logic Version : 061

Backboard Pcb Version : VER.B

<LSNE20E02BHW>display device
NE20E-8's Device status:

Slot #    Type        Online    Status      Role        
- - - - - - - - - - - - - - - - - - - - - - - - - - - - - - - - - - - - - -
1         2FE         Present   Normal      HIC         
2         HIPSEC      Present   Normal      HIC         
3         8E1         Present   Normal      FIC         
4         4FE         Present   Normal      HIC         
6         8E1         Present   Normal      FIC         
9         RPU1        Present   Normal      Master      
10        RPU2        Present   Normal      Slave       
11        NPU1        Present   Normal      Master      
12        NPU2        Present   Normal      Slave       
13        PWR1        Present   Normal      DC          
14        PWR2        Present   Normal      DC          
17        FAN         Present   Normal      NA          

<LSNE20E02BHW>display cpu-usage
CPU Usage Stat. Cycle: 60 (Second)
CPU Usage            : 3% Max: 99%
CPU Usage Stat. Time : 2026-03-13  11:54:38
CPU Usage Stat. Tick : 0x536969(CPU Tick High) 0x30b6649a(CPU Tick Low)
Actual Stat. Cycle   : 0x0(CPU Tick High) 0x700959da(CPU Tick Low)

TaskName        CPU        Runtime(CPU Tick High/CPU Tick Low)
BUFM             0%               0/   f83a7
VIDL            97%               0/6db4743e
TICK             0%               0/  16e8f7
 NTR             0%               0/    1b37
IPCQ             0%               0/   24e1a
RPCQ             0%               0/   192de
HTMR             0%               0/  12855e
 HSC             0%               0/   ee007
VMON             0%               0/     403
 NPS             0%               0/  1d659f
tNet             0%               0/   30355
tRlo             0%               0/    dcec
 PTS             0%               0/  1df17b
STND             0%               0/  1239dd
 CFA             0%               0/   1acc2
INFO             0%               0/   ae98d
 SRM             0%               0/  2b438d
L2IF             0%               0/   3c07e
 BFD             0%               0/   775a4
ROUT             0%               0/  6b1b1d
LSPA             0%               0/   ef840
RSVP             0%               0/   7d3aa
TNLM             0%               0/   8c02f
 FIB             0%               0/   2d436
SOCK             0%               0/  221a2c
VTYD             0%               0/   4be35
IPSP             0%               0/     7e6
 co0             0%               0/   211c7
L2TP             0%               0/   16ae4
AGNT             0%               0/  2cf311
TRAP             0%               0/  121063
MDMT             0%               0/   f462e
NTPT             0%               0/  2e0580
 TAC             0%               0/   5b800
 UCM             0%               0/    2b6c
ASPF             0%               0/    2271
LOAD             0%               0/   123a2
HS2M             0%               0/   2268a
VRRP             0%               0/    120d
DHCP             0%               0/   4556d
RMON             0%               0/    db32
 HOT             0%               0/   371fe
 vt0             0%               0/  2aa69f
 vt1             0%               0/   1bf7e
 vt2             0%               0/   1ffcd
  OS             3%               0/       0

<LSNE20E02BHW>display memory-usage
 Memory utilization statistics at 2026-03-13 11:54:39 633 ms
 System Total Memory Is: 381178860 bytes
 Total Memory Used Is: 85535520 bytes
 Memory Using Percentage Is: 22%
<LSNE20E02BHW>display memory all
                             ^
Error:Too many parameters found at '^' position.
<LSNE20E02BHW>display interface brief
                                ^
Error:Wrong parameter found at '^' position.
<LSNE20E02BHW>display logbuffer
Logging buffer configuration and contents:enabled
Allowed max buffer size : 1024
Actual buffer size : 512
Channel number : 4 , Channel name : logbuffer
Dropped messages : 0
Overwritten messages : 11902843
Current messages : 512

Mar 12 2026 14:25:49 LSNE20E02BHW %%01SOCKET/4/SOCK_TCPRETRANS(l): The current tcp retransmitted at: 14: 25: 36, Current delay: 4000 ms, Retransfer total: 7.
Mar 12 2026 14:25:49 LSNE20E02BHW %%01SOCKET/4/SOCK_TCPDETAILLOG(l): Detailed information on the current tcp socket: State: Established, local-ip: 10.233.81.201, local-port: 22, remote-ip: 10.237.35.254, remote-port: 55046.
Mar 12 2026 14:25:49 LSNE20E02BHW %%01SOCKET/4/SOCK_SOCKDETAILLOG(l): Detailed information on the current socket:  Task: VTYD(39), Socket number: 212(TCP), Protocol number: 6.
Mar 12 2026 14:25:49 LSNE20E02BHW %%01SOCKET/4/SOCK_CLOSESOCK(l): Current socket was closed, Proto: TCP, Cause: Received RST segment.
Mar 12 2026 14:23:41 LSNE20E02BHW %%01SOCKET/4/SOCK_TCPDETAILLOG(l): Detailed information on the current tcp socket: State: Established, local-ip: 10.233.81.201, local-port: 22, remote-ip: 10.237.35.254, remote-port: 54872.
Mar 12 2026 14:23:41 LSNE20E02BHW %%01SOCKET/4/SOCK_SOCKDETAILLOG(l): Detailed information on the current socket:  Task: VTYD(39), Socket number: 208(TCP), Protocol number: 6.
Mar 12 2026 14:23:41 LSNE20E02BHW %%01SOCKET/4/SOCK_CLOSESOCK(l): Current socket was closed, Proto: TCP, Cause: Received RST segment.
Mar 12 2026 13:11:46 LSNE20E02BHW %%01FIB/3/REFRESH_END(l): FIB refreshing end, the refresh group map is 0!
Mar 12 2026 13:11:43 LSNE20E02BHW %%01FIB/3/REFRESH_START(l): FIB refreshing start, the refresh group map is 4294967295!
Mar 12 2026 10:50:54 LSNE20E02BHW %%01SOCKET/4/SOCK_TCPRETRANS(l): The current tcp retransmitted at: 10: 31: 46, Current delay: 4000 ms, Retransfer total: 13.
Mar 12 2026 10:50:54 LSNE20E02BHW %%01SOCKET/4/SOCK_TCPDETAILLOG(l): Detailed information on the current tcp socket: State: Established, local-ip: 10.233.81.201, local-port: 22, remote-ip: 10.237.35.254, remote-port: 64623.
Mar 12 2026 10:50:54 LSNE20E02BHW %%01SOCKET/4/SOCK_SOCKDETAILLOG(l): Detailed information on the current socket:  Task: VTYD(39), Socket number: 209(TCP), Protocol number: 6.
Mar 12 2026 10:50:54 LSNE20E02BHW %%01SOCKET/4/SOCK_CLOSESOCK(l): Current socket was closed, Proto: TCP, Cause: Received RST segment.
Mar 12 2026 10:21:27 LSNE20E02BHW %%01SOCKET/4/SOCK_TCPRETRANS(l): The current tcp retransmitted at: 10: 9: 54, Current delay: 4000 ms, Retransfer total: 13.
Mar 12 2026 10:21:27 LSNE20E02BHW %%01SOCKET/4/SOCK_TCPDETAILLOG(l): Detailed information on the current tcp socket: State: Established, local-ip: 10.233.81.201, local-port: 22, remote-ip: 10.237.35.254, remote-port: 62014.
Mar 12 2026 10:21:27 LSNE20E02BHW %%01SOCKET/4/SOCK_SOCKDETAILLOG(l): Detailed information on the current socket:  Task: VTYD(39), Socket number: 197(TCP), Protocol number: 6.
Mar 12 2026 10:21:27 LSNE20E02BHW %%01SOCKET/4/SOCK_CLOSESOCK(l): Current socket was closed, Proto: TCP, Cause: Received RST segment.
Mar 12 2026 10:03:04 LSNE20E02BHW %%01SOCKET/4/SOCK_TCPDETAILLOG(l): Detailed information on the current tcp socket: State: Established, local-ip: 10.233.81.201, local-port: 22, remote-ip: 10.237.35.254, remote-port: 61769.
Mar 12 2026 10:03:04 LSNE20E02BHW %%01SOCKET/4/SOCK_SOCKDETAILLOG(l): Detailed information on the current socket:  Task: VTYD(39), Socket number: 205(TCP), Protocol number: 6.
Mar 12 2026 10:03:04 LSNE20E02BHW %%01SOCKET/4/SOCK_CLOSESOCK(l): Current socket was closed, Proto: TCP, Cause: Received RST segment.
Mar 11 2026 13:11:46 LSNE20E02BHW %%01FIB/3/REFRESH_END(l): FIB refreshing end, the refresh group map is 0!
Mar 11 2026 13:11:43 LSNE20E02BHW %%01FIB/3/REFRESH_START(l): FIB refreshing start, the refresh group map is 4294967295!
Mar 10 2026 13:11:46 LSNE20E02BHW %%01FIB/3/REFRESH_END(l): FIB refreshing end, the refresh group map is 0!
Mar 10 2026 13:11:43 LSNE20E02BHW %%01FIB/3/REFRESH_START(l): FIB refreshing start, the refresh group map is 4294967295!
Mar 10 2026 10:27:11 LSNE20E02BHW %%01SOCKET/4/SOCK_TCPRETRANS(l): The current tcp retransmitted at: 10: 17: 3, Current delay: 4000 ms, Retransfer total: 12.
Mar 10 2026 10:27:11 LSNE20E02BHW %%01SOCKET/4/SOCK_TCPDETAILLOG(l): Detailed information on the current tcp socket: State: Established, local-ip: 10.233.81.201, local-port: 22, remote-ip: 10.237.35.254, remote-port: 53133.
Mar 10 2026 10:27:11 LSNE20E02BHW %%01SOCKET/4/SOCK_SOCKDETAILLOG(l): Detailed information on the current socket:  Task: VTYD(39), Socket number: 201(TCP), Protocol number: 6.
Mar 10 2026 10:27:11 LSNE20E02BHW %%01SOCKET/4/SOCK_CLOSESOCK(l): Current socket was closed, Proto: TCP, Cause: Received RST segment.
Mar 10 2026 10:12:52 LSNE20E02BHW %%01SOCKET/4/SOCK_TCPDETAILLOG(l): Detailed information on the current tcp socket: State: Established, local-ip: 10.233.81.201, local-port: 22, remote-ip: 10.237.35.254, remote-port: 51972.
Mar 10 2026 10:12:52 LSNE20E02BHW %%01SOCKET/4/SOCK_SOCKDETAILLOG(l): Detailed information on the current socket:  Task: VTYD(39), Socket number: 170(TCP), Protocol number: 6.
Mar 10 2026 10:12:52 LSNE20E02BHW %%01SOCKET/4/SOCK_CLOSESOCK(l): Current socket was closed, Proto: TCP, Cause: Received RST segment.
Mar  9 2026 21:06:51 LSNE20E02BHW %%01SOCKET/4/SOCK_TCPRETRANS(l): The current tcp retransmitted at: 21: 6: 9, Current delay: 4000 ms, Retransfer total: 33.
Mar  9 2026 21:06:51 LSNE20E02BHW %%01SOCKET/4/SOCK_TCPDETAILLOG(l): Detailed information on the current tcp socket: State: Established, local-ip: 10.233.81.201, local-port: 22, remote-ip: 10.237.35.254, remote-port: 58283.
Mar  9 2026 21:06:51 LSNE20E02BHW %%01SOCKET/4/SOCK_SOCKDETAILLOG(l): Detailed information on the current socket:  Task: VTYD(39), Socket number: 181(TCP), Protocol number: 6.
Mar  9 2026 21:06:51 LSNE20E02BHW %%01SOCKET/4/SOCK_CLOSESOCK(l): Current socket was closed, Proto: TCP, Cause: Received RST segment.
Mar  9 2026 16:52:52 LSNE20E02BHW %%01SOCKET/4/SOCK_TCPRETRANS(l): The current tcp retransmitted at: 16: 18: 22, Current delay: 3000 ms, Retransfer total: 7.
Mar  9 2026 16:52:52 LSNE20E02BHW %%01SOCKET/4/SOCK_TCPDETAILLOG(l): Detailed information on the current tcp socket: State: Established, local-ip: 10.233.81.201, local-port: 22, remote-ip: 10.237.35.254, remote-port: 64477.
Mar  9 2026 16:52:52 LSNE20E02BHW %%01SOCKET/4/SOCK_SOCKDETAILLOG(l): Detailed information on the current socket:  Task: VTYD(39), Socket number: 157(TCP), Protocol number: 6.
Mar  9 2026 16:52:52 LSNE20E02BHW %%01SOCKET/4/SOCK_CLOSESOCK(l): Current socket was closed, Proto: TCP, Cause: Received RST segment.
Mar  9 2026 13:11:46 LSNE20E02BHW %%01FIB/3/REFRESH_END(l): FIB refreshing end, the refresh group map is 0!
Mar  9 2026 13:11:43 LSNE20E02BHW %%01FIB/3/REFRESH_START(l): FIB refreshing start, the refresh group map is 4294967295!
Mar  8 2026 13:11:46 LSNE20E02BHW %%01FIB/3/REFRESH_END(l): FIB refreshing end, the refresh group map is 0!
Mar  8 2026 13:11:43 LSNE20E02BHW %%01FIB/3/REFRESH_START(l): FIB refreshing start, the refresh group map is 4294967295!
Mar  7 2026 13:11:46 LSNE20E02BHW %%01FIB/3/REFRESH_END(l): FIB refreshing end, the refresh group map is 0!
Mar  7 2026 13:11:43 LSNE20E02BHW %%01FIB/3/REFRESH_START(l): FIB refreshing start, the refresh group map is 4294967295!
Mar  6 2026 13:11:46 LSNE20E02BHW %%01FIB/3/REFRESH_END(l): FIB refreshing end, the refresh group map is 0!
Mar  6 2026 13:11:43 LSNE20E02BHW %%01FIB/3/REFRESH_START(l): FIB refreshing start, the refresh group map is 4294967295!
Mar  5 2026 13:11:46 LSNE20E02BHW %%01FIB/3/REFRESH_END(l): FIB refreshing end, the refresh group map is 0!
Mar  5 2026 13:11:43 LSNE20E02BHW %%01FIB/3/REFRESH_START(l): FIB refreshing start, the refresh group map is 4294967295!
Mar  4 2026 17:43:24 LSNE20E02BHW %%01SOCKET/4/SOCK_TCPRETRANS(l): The current tcp retransmitted at: 17: 36: 39, Current delay: 3000 ms, Retransfer total: 3.
Mar  4 2026 17:43:24 LSNE20E02BHW %%01SOCKET/4/SOCK_TCPDETAILLOG(l): Detailed information on the current tcp socket: State: Established, local-ip: 10.233.81.201, local-port: 22, remote-ip: 10.237.35.254, remote-port: 65047.
Mar  4 2026 17:43:24 LSNE20E02BHW %%01SOCKET/4/SOCK_SOCKDETAILLOG(l): Detailed information on the current socket:  Task: VTYD(39), Socket number: 196(TCP), Protocol number: 6.
Mar  4 2026 17:43:24 LSNE20E02BHW %%01SOCKET/4/SOCK_CLOSESOCK(l): Current socket was closed, Proto: TCP, Cause: Received RST segment.
Mar  4 2026 13:11:46 LSNE20E02BHW %%01FIB/3/REFRESH_END(l): FIB refreshing end, the refresh group map is 0!
Mar  4 2026 13:11:43 LSNE20E02BHW %%01FIB/3/REFRESH_START(l): FIB refreshing start, the refresh group map is 4294967295!
Mar  3 2026 17:26:55 LSNE20E02BHW %%01SOCKET/4/SOCK_TCPRETRANS(l): The current tcp retransmitted at: 17: 26: 46, Current delay: 4000 ms, Retransfer total: 2.
Mar  3 2026 17:26:55 LSNE20E02BHW %%01SOCKET/4/SOCK_TCPDETAILLOG(l): Detailed information on the current tcp socket: State: Established, local-ip: 10.233.81.201, local-port: 22, remote-ip: 10.237.35.254, remote-port: 50412.
Mar  3 2026 17:26:55 LSNE20E02BHW %%01SOCKET/4/SOCK_SOCKDETAILLOG(l): Detailed information on the current socket:  Task: VTYD(39), Socket number: 58(TCP), Protocol number: 6.
Mar  3 2026 17:26:55 LSNE20E02BHW %%01SOCKET/4/SOCK_CLOSESOCK(l): Current socket was closed, Proto: TCP, Cause: Received RST segment.
Mar  3 2026 17:23:20 LSNE20E02BHW %%01SOCKET/4/SOCK_TCPRETRANS(l): The current tcp retransmitted at: 12: 52: 1, Current delay: 3000 ms, Retransfer total: 10.
Mar  3 2026 17:23:20 LSNE20E02BHW %%01SOCKET/4/SOCK_TCPDETAILLOG(l): Detailed information on the current tcp socket: State: Established, local-ip: 10.233.81.201, local-port: 22, remote-ip: 10.237.35.254, remote-port: 60262.
Mar  3 2026 17:23:20 LSNE20E02BHW %%01SOCKET/4/SOCK_SOCKDETAILLOG(l): Detailed information on the current socket:  Task: VTYD(39), Socket number: 203(TCP), Protocol number: 6.
Mar  3 2026 17:23:20 LSNE20E02BHW %%01SOCKET/4/SOCK_CLOSESOCK(l): Current socket was closed, Proto: TCP, Cause: Received RST segment.
Mar  3 2026 13:11:46 LSNE20E02BHW %%01FIB/3/REFRESH_END(l): FIB refreshing end, the refresh group map is 0!
Mar  3 2026 13:11:43 LSNE20E02BHW %%01FIB/3/REFRESH_START(l): FIB refreshing start, the refresh group map is 4294967295!
Mar  2 2026 13:11:46 LSNE20E02BHW %%01FIB/3/REFRESH_END(l): FIB refreshing end, the refresh group map is 0!
Mar  2 2026 13:11:43 LSNE20E02BHW %%01FIB/3/REFRESH_START(l): FIB refreshing start, the refresh group map is 4294967295!
Mar  1 2026 13:11:46 LSNE20E02BHW %%01FIB/3/REFRESH_END(l): FIB refreshing end, the refresh group map is 0!
Mar  1 2026 13:11:43 LSNE20E02BHW %%01FIB/3/REFRESH_START(l): FIB refreshing start, the refresh group map is 4294967295!
Feb 28 2026 13:11:46 LSNE20E02BHW %%01FIB/3/REFRESH_END(l): FIB refreshing end, the refresh group map is 0!
Feb 28 2026 13:11:43 LSNE20E02BHW %%01FIB/3/REFRESH_START(l): FIB refreshing start, the refresh group map is 4294967295!
Feb 27 2026 17:45:35 LSNE20E02BHW %%01SOCKET/4/SOCK_TCPRETRANS(l): The current tcp retransmitted at: 17: 45: 6, Current delay: 4000 ms, Retransfer total: 3.
Feb 27 2026 17:45:35 LSNE20E02BHW %%01SOCKET/4/SOCK_TCPDETAILLOG(l): Detailed information on the current tcp socket: State: Established, local-ip: 10.233.81.201, local-port: 22, remote-ip: 10.237.35.254, remote-port: 52784.
Feb 27 2026 17:45:35 LSNE20E02BHW %%01SOCKET/4/SOCK_SOCKDETAILLOG(l): Detailed information on the current socket:  Task: VTYD(39), Socket number: 202(TCP), Protocol number: 6.
Feb 27 2026 17:45:35 LSNE20E02BHW %%01SOCKET/4/SOCK_CLOSESOCK(l): Current socket was closed, Proto: TCP, Cause: Received RST segment.
Feb 27 2026 13:11:46 LSNE20E02BHW %%01FIB/3/REFRESH_END(l): FIB refreshing end, the refresh group map is 0!
Feb 27 2026 13:11:43 LSNE20E02BHW %%01FIB/3/REFRESH_START(l): FIB refreshing start, the refresh group map is 4294967295!
Feb 26 2026 13:11:46 LSNE20E02BHW %%01FIB/3/REFRESH_END(l): FIB refreshing end, the refresh group map is 0!
Feb 26 2026 13:11:43 LSNE20E02BHW %%01FIB/3/REFRESH_START(l): FIB refreshing start, the refresh group map is 4294967295!
Feb 25 2026 13:11:46 LSNE20E02BHW %%01FIB/3/REFRESH_END(l): FIB refreshing end, the refresh group map is 0!
Feb 25 2026 13:11:43 LSNE20E02BHW %%01FIB/3/REFRESH_START(l): FIB refreshing start, the refresh group map is 4294967295!
Feb 24 2026 13:11:46 LSNE20E02BHW %%01FIB/3/REFRESH_END(l): FIB refreshing end, the refresh group map is 0!
Feb 24 2026 13:11:43 LSNE20E02BHW %%01FIB/3/REFRESH_START(l): FIB refreshing start, the refresh group map is 4294967295!
Feb 23 2026 13:11:46 LSNE20E02BHW %%01FIB/3/REFRESH_END(l): FIB refreshing end, the refresh group map is 0!
Feb 23 2026 13:11:43 LSNE20E02BHW %%01FIB/3/REFRESH_START(l): FIB refreshing start, the refresh group map is 4294967295!
Feb 22 2026 18:13:31 LSNE20E02BHW %%01SOCKET/4/SOCK_TCPRETRANS(l): The current tcp retransmitted at: 18: 10: 29, Current delay: 4000 ms, Retransfer total: 3.
Feb 22 2026 18:13:31 LSNE20E02BHW %%01SOCKET/4/SOCK_TCPDETAILLOG(l): Detailed information on the current tcp socket: State: Established, local-ip: 10.233.81.201, local-port: 22, remote-ip: 10.237.35.254, remote-port: 64303.
Feb 22 2026 18:13:31 LSNE20E02BHW %%01SOCKET/4/SOCK_SOCKDETAILLOG(l): Detailed information on the current socket:  Task: VTYD(39), Socket number: 200(TCP), Protocol number: 6.
Feb 22 2026 18:13:31 LSNE20E02BHW %%01SOCKET/4/SOCK_CLOSESOCK(l): Current socket was closed, Proto: TCP, Cause: Received RST segment.
Feb 22 2026 13:11:46 LSNE20E02BHW %%01FIB/3/REFRESH_END(l): FIB refreshing end, the refresh group map is 0!
Feb 22 2026 13:11:43 LSNE20E02BHW %%01FIB/3/REFRESH_START(l): FIB refreshing start, the refresh group map is 4294967295!
Feb 21 2026 18:00:08 LSNE20E02BHW %%01SOCKET/4/SOCK_TCPRETRANS(l): The current tcp retransmitted at: 17: 56: 5, Current delay: 4000 ms, Retransfer total: 4.
Feb 21 2026 18:00:08 LSNE20E02BHW %%01SOCKET/4/SOCK_TCPDETAILLOG(l): Detailed information on the current tcp socket: State: Established, local-ip: 10.233.81.201, local-port: 22, remote-ip: 10.237.35.254, remote-port: 50977.
Feb 21 2026 18:00:08 LSNE20E02BHW %%01SOCKET/4/SOCK_SOCKDETAILLOG(l): Detailed information on the current socket:  Task: VTYD(39), Socket number: 468(TCP), Protocol number: 6.
Feb 21 2026 18:00:08 LSNE20E02BHW %%01SOCKET/4/SOCK_CLOSESOCK(l): Current socket was closed, Proto: TCP, Cause: Received RST segment.
Feb 21 2026 17:55:56 LSNE20E02BHW %%01SOCKET/4/SOCK_TCPRETRANS(l): The current tcp retransmitted at: 17: 55: 55, Current delay: 3000 ms, Retransfer total: 4.
Feb 21 2026 17:55:56 LSNE20E02BHW %%01SOCKET/4/SOCK_TCPDETAILLOG(l): Detailed information on the current tcp socket: State: Established, local-ip: 10.233.81.201, local-port: 22, remote-ip: 10.237.35.254, remote-port: 50932.
Feb 21 2026 17:55:56 LSNE20E02BHW %%01SOCKET/4/SOCK_SOCKDETAILLOG(l): Detailed information on the current socket:  Task: VTYD(39), Socket number: 467(TCP), Protocol number: 6.
Feb 21 2026 17:55:56 LSNE20E02BHW %%01SOCKET/4/SOCK_CLOSESOCK(l): Current socket was closed, Proto: TCP, Cause: Received RST segment.
Feb 21 2026 13:11:46 LSNE20E02BHW %%01FIB/3/REFRESH_END(l): FIB refreshing end, the refresh group map is 0!
Feb 21 2026 13:11:43 LSNE20E02BHW %%01FIB/3/REFRESH_START(l): FIB refreshing start, the refresh group map is 4294967295!
Feb 20 2026 13:11:46 LSNE20E02BHW %%01FIB/3/REFRESH_END(l): FIB refreshing end, the refresh group map is 0!
Feb 20 2026 13:11:43 LSNE20E02BHW %%01FIB/3/REFRESH_START(l): FIB refreshing start, the refresh group map is 4294967295!
Feb 19 2026 17:48:59 LSNE20E02BHW %%01SOCKET/4/SOCK_TCPRETRANS(l): The current tcp retransmitted at: 17: 45: 20, Current delay: 4000 ms, Retransfer total: 2.
Feb 19 2026 17:48:59 LSNE20E02BHW %%01SOCKET/4/SOCK_TCPDETAILLOG(l): Detailed information on the current tcp socket: State: Established, local-ip: 10.233.81.201, local-port: 22, remote-ip: 10.237.35.254, remote-port: 61595.
Feb 19 2026 17:48:59 LSNE20E02BHW %%01SOCKET/4/SOCK_SOCKDETAILLOG(l): Detailed information on the current socket:  Task: VTYD(39), Socket number: 193(TCP), Protocol number: 6.
Feb 19 2026 17:48:59 LSNE20E02BHW %%01SOCKET/4/SOCK_CLOSESOCK(l): Current socket was closed, Proto: TCP, Cause: Received RST segment.
Feb 19 2026 13:11:46 LSNE20E02BHW %%01FIB/3/REFRESH_END(l): FIB refreshing end, the refresh group map is 0!
Feb 19 2026 13:11:43 LSNE20E02BHW %%01FIB/3/REFRESH_START(l): FIB refreshing start, the refresh group map is 4294967295!
Feb 18 2026 14:12:38 LSNE20E02BHW %%01SOCKET/4/SOCK_TCPRETRANS(l): The current tcp retransmitted at: 14: 9: 28, Current delay: 8000 ms, Retransfer total: 5.
Feb 18 2026 14:12:38 LSNE20E02BHW %%01SOCKET/4/SOCK_TCPDETAILLOG(l): Detailed information on the current tcp socket: State: Established, local-ip: 10.233.81.201, local-port: 22, remote-ip: 10.237.35.254, remote-port: 64888.
Feb 18 2026 14:12:38 LSNE20E02BHW %%01SOCKET/4/SOCK_SOCKDETAILLOG(l): Detailed information on the current socket:  Task: VTYD(39), Socket number: 188(TCP), Protocol number: 6.
Feb 18 2026 14:12:38 LSNE20E02BHW %%01SOCKET/4/SOCK_CLOSESOCK(l): Current socket was closed, Proto: TCP, Cause: Received RST segment.
Feb 18 2026 13:11:46 LSNE20E02BHW %%01FIB/3/REFRESH_END(l): FIB refreshing end, the refresh group map is 0!
Feb 18 2026 13:11:43 LSNE20E02BHW %%01FIB/3/REFRESH_START(l): FIB refreshing start, the refresh group map is 4294967295!
Feb 17 2026 13:11:46 LSNE20E02BHW %%01FIB/3/REFRESH_END(l): FIB refreshing end, the refresh group map is 0!
Feb 17 2026 13:11:43 LSNE20E02BHW %%01FIB/3/REFRESH_START(l): FIB refreshing start, the refresh group map is 4294967295!
Feb 16 2026 13:11:46 LSNE20E02BHW %%01FIB/3/REFRESH_END(l): FIB refreshing end, the refresh group map is 0!
Feb 16 2026 13:11:43 LSNE20E02BHW %%01FIB/3/REFRESH_START(l): FIB refreshing start, the refresh group map is 4294967295!
Feb 15 2026 13:11:46 LSNE20E02BHW %%01FIB/3/REFRESH_END(l): FIB refreshing end, the refresh group map is 0!
Feb 15 2026 13:11:43 LSNE20E02BHW %%01FIB/3/REFRESH_START(l): FIB refreshing start, the refresh group map is 4294967295!
Feb 15 2026 10:17:47 LSNE20E02BHW %%01SOCKET/4/SOCK_TCPRETRANS(l): The current tcp retransmitted at: 10: 17: 7, Current delay: 3000 ms, Retransfer total: 8.
Feb 15 2026 10:17:47 LSNE20E02BHW %%01SOCKET/4/SOCK_TCPDETAILLOG(l): Detailed information on the current tcp socket: State: Established, local-ip: 10.233.81.201, local-port: 22, remote-ip: 10.237.35.254, remote-port: 55375.
Feb 15 2026 10:17:47 LSNE20E02BHW %%01SOCKET/4/SOCK_SOCKDETAILLOG(l): Detailed information on the current socket:  Task: VTYD(39), Socket number: 194(TCP), Protocol number: 6.
Feb 15 2026 10:17:47 LSNE20E02BHW %%01SOCKET/4/SOCK_CLOSESOCK(l): Current socket was closed, Proto: TCP, Cause: Received RST segment.
Feb 14 2026 13:11:46 LSNE20E02BHW %%01FIB/3/REFRESH_END(l): FIB refreshing end, the refresh group map is 0!
Feb 14 2026 13:11:43 LSNE20E02BHW %%01FIB/3/REFRESH_START(l): FIB refreshing start, the refresh group map is 4294967295!
Feb 14 2026 10:52:05 LSNE20E02BHW %%01SOCKET/4/SOCK_TCPRETRANS(l): The current tcp retransmitted at: 10: 17: 21, Current delay: 4000 ms, Retransfer total: 3.
Feb 14 2026 10:52:05 LSNE20E02BHW %%01SOCKET/4/SOCK_TCPDETAILLOG(l): Detailed information on the current tcp socket: State: Established, local-ip: 10.233.81.201, local-port: 22, remote-ip: 10.237.35.254, remote-port: 59170.
Feb 14 2026 10:52:05 LSNE20E02BHW %%01SOCKET/4/SOCK_SOCKDETAILLOG(l): Detailed information on the current socket:  Task: VTYD(39), Socket number: 464(TCP), Protocol number: 6.
Feb 14 2026 10:52:05 LSNE20E02BHW %%01SOCKET/4/SOCK_CLOSESOCK(l): Current socket was closed, Proto: TCP, Cause: Received RST segment.
Feb 13 2026 17:36:53 LSNE20E02BHW %%01SOCKET/4/SOCK_TCPRETRANS(l): The current tcp retransmitted at: 17: 36: 33, Current delay: 6000 ms, Retransfer total: 2.
Feb 13 2026 17:36:53 LSNE20E02BHW %%01SOCKET/4/SOCK_TCPDETAILLOG(l): Detailed information on the current tcp socket: State: Established, local-ip: 10.233.81.201, local-port: 22, remote-ip: 10.237.35.254, remote-port: 50734.
Feb 13 2026 17:36:53 LSNE20E02BHW %%01SOCKET/4/SOCK_SOCKDETAILLOG(l): Detailed information on the current socket:  Task: VTYD(39), Socket number: 195(TCP), Protocol number: 6.
Feb 13 2026 17:36:53 LSNE20E02BHW %%01SOCKET/4/SOCK_CLOSESOCK(l): Current socket was closed, Proto: TCP, Cause: Received RST segment.
Feb 13 2026 13:11:46 LSNE20E02BHW %%01FIB/3/REFRESH_END(l): FIB refreshing end, the refresh group map is 0!
Feb 13 2026 13:11:43 LSNE20E02BHW %%01FIB/3/REFRESH_START(l): FIB refreshing start, the refresh group map is 4294967295!
Feb 13 2026 11:20:49 LSNE20E02BHW %%01SOCKET/4/SOCK_TCPRETRANS(l): The current tcp retransmitted at: 10: 17: 12, Current delay: 4000 ms, Retransfer total: 2.
Feb 13 2026 11:20:49 LSNE20E02BHW %%01SOCKET/4/SOCK_TCPDETAILLOG(l): Detailed information on the current tcp socket: State: Established, local-ip: 10.233.81.201, local-port: 22, remote-ip: 10.237.35.254, remote-port: 62957.
Feb 13 2026 11:20:49 LSNE20E02BHW %%01SOCKET/4/SOCK_SOCKDETAILLOG(l): Detailed information on the current socket:  Task: VTYD(39), Socket number: 465(TCP), Protocol number: 6.
Feb 13 2026 11:20:49 LSNE20E02BHW %%01SOCKET/4/SOCK_CLOSESOCK(l): Current socket was closed, Proto: TCP, Cause: Received RST segment.
Feb 13 2026 09:44:33 LSNE20E02BHW %%01SOCKET/4/SOCK_TCPRETRANS(l): The current tcp retransmitted at: 10: 33: 28, Current delay: 4000 ms, Retransfer total: 22.
Feb 13 2026 09:44:33 LSNE20E02BHW %%01SOCKET/4/SOCK_TCPDETAILLOG(l): Detailed information on the current tcp socket: State: Established, local-ip: 10.233.81.201, local-port: 22, remote-ip: 10.237.35.254, remote-port: 53745.
Feb 13 2026 09:44:33 LSNE20E02BHW %%01SOCKET/4/SOCK_SOCKDETAILLOG(l): Detailed information on the current socket:  Task: VTYD(39), Socket number: 187(TCP), Protocol number: 6.
Feb 13 2026 09:44:33 LSNE20E02BHW %%01SOCKET/4/SOCK_CLOSESOCK(l): Current socket was closed, Proto: TCP, Cause: Received RST segment.
Feb 12 2026 13:11:46 LSNE20E02BHW %%01FIB/3/REFRESH_END(l): FIB refreshing end, the refresh group map is 0!
Feb 12 2026 13:11:43 LSNE20E02BHW %%01FIB/3/REFRESH_START(l): FIB refreshing start, the refresh group map is 4294967295!
Feb 11 2026 16:01:49 LSNE20E02BHW %%01SOCKET/4/SOCK_TCPRETRANS(l): The current tcp retransmitted at: 16: 1: 41, Current delay: 4000 ms, Retransfer total: 8.
Feb 11 2026 16:01:49 LSNE20E02BHW %%01SOCKET/4/SOCK_TCPDETAILLOG(l): Detailed information on the current tcp socket: State: Established, local-ip: 10.233.81.201, local-port: 22, remote-ip: 10.237.35.254, remote-port: 58702.
Feb 11 2026 16:01:49 LSNE20E02BHW %%01SOCKET/4/SOCK_SOCKDETAILLOG(l): Detailed information on the current socket:  Task: VTYD(39), Socket number: 179(TCP), Protocol number: 6.
Feb 11 2026 16:01:49 LSNE20E02BHW %%01SOCKET/4/SOCK_CLOSESOCK(l): Current socket was closed, Proto: TCP, Cause: Received RST segment.
Feb 11 2026 16:00:39 LSNE20E02BHW %%01HWCM/4/TRAPLOG(l):  1.3.6.1.4.1.2011.6.10.2.1 configure changed:  EventIndex=1431,CommandSource=1,ConfigSource=2,ConfigDestination=4.
Feb 11 2026 15:59:48 LSNE20E02BHW %%01CFM/4/SAVE(l): When deciding whether to save configuration to the device, the user chose Y.
Feb 11 2026 13:11:46 LSNE20E02BHW %%01FIB/3/REFRESH_END(l): FIB refreshing end, the refresh group map is 0!
Feb 11 2026 13:11:43 LSNE20E02BHW %%01FIB/3/REFRESH_START(l): FIB refreshing start, the refresh group map is 4294967295!
Feb 11 2026 11:33:37 LSNE20E02BHW %%01SOCKET/4/SOCK_TCPRETRANS(l): The current tcp retransmitted at: 11: 33: 16, Current delay: 8000 ms, Retransfer total: 5.
Feb 11 2026 11:33:37 LSNE20E02BHW %%01SOCKET/4/SOCK_TCPDETAILLOG(l): Detailed information on the current tcp socket: State: Established, local-ip: 10.233.81.201, local-port: 22, remote-ip: 10.237.35.254, remote-port: 50047.
Feb 11 2026 11:33:37 LSNE20E02BHW %%01SOCKET/4/SOCK_SOCKDETAILLOG(l): Detailed information on the current socket:  Task: VTYD(39), Socket number: 180(TCP), Protocol number: 6.
Feb 11 2026 11:33:37 LSNE20E02BHW %%01SOCKET/4/SOCK_CLOSESOCK(l): Current socket was closed, Proto: TCP, Cause: Received RST segment.
Feb 10 2026 17:24:14 LSNE20E02BHW %%01SOCKET/4/SOCK_TCPRETRANS(l): The current tcp retransmitted at: 17: 23: 56, Current delay: 3000 ms, Retransfer total: 5.
Feb 10 2026 17:24:14 LSNE20E02BHW %%01SOCKET/4/SOCK_TCPDETAILLOG(l): Detailed information on the current tcp socket: State: Established, local-ip: 10.233.81.201, local-port: 22, remote-ip: 10.237.35.254, remote-port: 58981.
Feb 10 2026 17:24:14 LSNE20E02BHW %%01SOCKET/4/SOCK_SOCKDETAILLOG(l): Detailed information on the current socket:  Task: VTYD(39), Socket number: 191(TCP), Protocol number: 6.
Feb 10 2026 17:24:14 LSNE20E02BHW %%01SOCKET/4/SOCK_CLOSESOCK(l): Current socket was closed, Proto: TCP, Cause: Received RST segment.
Feb 10 2026 13:11:46 LSNE20E02BHW %%01FIB/3/REFRESH_END(l): FIB refreshing end, the refresh group map is 0!
Feb 10 2026 13:11:43 LSNE20E02BHW %%01FIB/3/REFRESH_START(l): FIB refreshing start, the refresh group map is 4294967295!
Feb  9 2026 15:54:48 LSNE20E02BHW %%01SOCKET/4/SOCK_TCPRETRANS(l): The current tcp retransmitted at: 15: 54: 39, Current delay: 3000 ms, Retransfer total: 5.
Feb  9 2026 15:54:48 LSNE20E02BHW %%01SOCKET/4/SOCK_TCPDETAILLOG(l): Detailed information on the current tcp socket: State: Established, local-ip: 10.233.81.201, local-port: 22, remote-ip: 10.237.35.254, remote-port: 64636.
Feb  9 2026 15:54:48 LSNE20E02BHW %%01SOCKET/4/SOCK_SOCKDETAILLOG(l): Detailed information on the current socket:  Task: VTYD(39), Socket number: 189(TCP), Protocol number: 6.
Feb  9 2026 15:54:48 LSNE20E02BHW %%01SOCKET/4/SOCK_CLOSESOCK(l): Current socket was closed, Proto: TCP, Cause: Received RST segment.
Feb  9 2026 13:11:46 LSNE20E02BHW %%01FIB/3/REFRESH_END(l): FIB refreshing end, the refresh group map is 0!
Feb  9 2026 13:11:43 LSNE20E02BHW %%01FIB/3/REFRESH_START(l): FIB refreshing start, the refresh group map is 4294967295!
Feb  8 2026 13:11:46 LSNE20E02BHW %%01FIB/3/REFRESH_END(l): FIB refreshing end, the refresh group map is 0!
Feb  8 2026 13:11:43 LSNE20E02BHW %%01FIB/3/REFRESH_START(l): FIB refreshing start, the refresh group map is 4294967295!
Feb  7 2026 13:11:46 LSNE20E02BHW %%01FIB/3/REFRESH_END(l): FIB refreshing end, the refresh group map is 0!
Feb  7 2026 13:11:43 LSNE20E02BHW %%01FIB/3/REFRESH_START(l): FIB refreshing start, the refresh group map is 4294967295!
Feb  6 2026 13:11:46 LSNE20E02BHW %%01FIB/3/REFRESH_END(l): FIB refreshing end, the refresh group map is 0!
Feb  6 2026 13:11:43 LSNE20E02BHW %%01FIB/3/REFRESH_START(l): FIB refreshing start, the refresh group map is 4294967295!
Feb  6 2026 12:26:03 LSNE20E02BHW %%01SOCKET/4/SOCK_TCPRETRANS(l): The current tcp retransmitted at: 12: 25: 5, Current delay: 4000 ms, Retransfer total: 8.
Feb  6 2026 12:26:03 LSNE20E02BHW %%01SOCKET/4/SOCK_TCPDETAILLOG(l): Detailed information on the current tcp socket: State: Established, local-ip: 10.233.81.201, local-port: 22, remote-ip: 10.237.35.254, remote-port: 54493.
Feb  6 2026 12:26:03 LSNE20E02BHW %%01SOCKET/4/SOCK_SOCKDETAILLOG(l): Detailed information on the current socket:  Task: VTYD(39), Socket number: 184(TCP), Protocol number: 6.
Feb  6 2026 12:26:03 LSNE20E02BHW %%01SOCKET/4/SOCK_CLOSESOCK(l): Current socket was closed, Proto: TCP, Cause: Received RST segment.
Feb  5 2026 13:11:46 LSNE20E02BHW %%01FIB/3/REFRESH_END(l): FIB refreshing end, the refresh group map is 0!
Feb  5 2026 13:11:43 LSNE20E02BHW %%01FIB/3/REFRESH_START(l): FIB refreshing start, the refresh group map is 4294967295!
Feb  5 2026 11:02:41 LSNE20E02BHW %%01SOCKET/4/SOCK_TCPRETRANS(l): The current tcp retransmitted at: 11: 2: 31, Current delay: 3000 ms, Retransfer total: 7.
Feb  5 2026 11:02:41 LSNE20E02BHW %%01SOCKET/4/SOCK_TCPDETAILLOG(l): Detailed information on the current tcp socket: State: Established, local-ip: 10.233.81.201, local-port: 22, remote-ip: 10.237.35.254, remote-port: 64390.
Feb  5 2026 11:02:41 LSNE20E02BHW %%01SOCKET/4/SOCK_SOCKDETAILLOG(l): Detailed information on the current socket:  Task: VTYD(39), Socket number: 507(TCP), Protocol number: 6.
Feb  5 2026 11:02:41 LSNE20E02BHW %%01SOCKET/4/SOCK_CLOSESOCK(l): Current socket was closed, Proto: TCP, Cause: Received RST segment.
Feb  4 2026 13:11:46 LSNE20E02BHW %%01FIB/3/REFRESH_END(l): FIB refreshing end, the refresh group map is 0!
Feb  4 2026 13:11:43 LSNE20E02BHW %%01FIB/3/REFRESH_START(l): FIB refreshing start, the refresh group map is 4294967295!
Feb  4 2026 12:07:20 LSNE20E02BHW %%01SOCKET/4/SOCK_TCPRETRANS(l): The current tcp retransmitted at: 12: 6: 43, Current delay: 4000 ms, Retransfer total: 4.
Feb  4 2026 12:07:20 LSNE20E02BHW %%01SOCKET/4/SOCK_TCPDETAILLOG(l): Detailed information on the current tcp socket: State: Established, local-ip: 10.233.81.201, local-port: 22, remote-ip: 10.237.35.254, remote-port: 59190.
Feb  4 2026 12:07:20 LSNE20E02BHW %%01SOCKET/4/SOCK_SOCKDETAILLOG(l): Detailed information on the current socket:  Task: VTYD(39), Socket number: 176(TCP), Protocol number: 6.
Feb  4 2026 12:07:20 LSNE20E02BHW %%01SOCKET/4/SOCK_CLOSESOCK(l): Current socket was closed, Proto: TCP, Cause: Received RST segment.
Feb  3 2026 16:52:31 LSNE20E02BHW %%01SOCKET/4/SOCK_TCPRETRANS(l): The current tcp retransmitted at: 16: 52: 6, Current delay: 4000 ms, Retransfer total: 3.
Feb  3 2026 16:52:31 LSNE20E02BHW %%01SOCKET/4/SOCK_TCPDETAILLOG(l): Detailed information on the current tcp socket: State: Established, local-ip: 10.233.81.201, local-port: 22, remote-ip: 10.237.35.254, remote-port: 55735.
Feb  3 2026 16:52:31 LSNE20E02BHW %%01SOCKET/4/SOCK_SOCKDETAILLOG(l): Detailed information on the current socket:  Task: VTYD(39), Socket number: 185(TCP), Protocol number: 6.
Feb  3 2026 16:52:31 LSNE20E02BHW %%01SOCKET/4/SOCK_CLOSESOCK(l): Current socket was closed, Proto: TCP, Cause: Received RST segment.
Feb  3 2026 13:11:46 LSNE20E02BHW %%01FIB/3/REFRESH_END(l): FIB refreshing end, the refresh group map is 0!
Feb  3 2026 13:11:43 LSNE20E02BHW %%01FIB/3/REFRESH_START(l): FIB refreshing start, the refresh group map is 4294967295!
Feb  2 2026 13:11:46 LSNE20E02BHW %%01FIB/3/REFRESH_END(l): FIB refreshing end, the refresh group map is 0!
Feb  2 2026 13:11:43 LSNE20E02BHW %%01FIB/3/REFRESH_START(l): FIB refreshing start, the refresh group map is 4294967295!
Feb  2 2026 11:53:58 LSNE20E02BHW %%01SOCKET/4/SOCK_TCPRETRANS(l): The current tcp retransmitted at: 11: 53: 44, Current delay: 3000 ms, Retransfer total: 3.
Feb  2 2026 11:53:58 LSNE20E02BHW %%01SOCKET/4/SOCK_TCPDETAILLOG(l): Detailed information on the current tcp socket: State: Established, local-ip: 10.233.81.201, local-port: 22, remote-ip: 10.237.35.254, remote-port: 51081.
Feb  2 2026 11:53:58 LSNE20E02BHW %%01SOCKET/4/SOCK_SOCKDETAILLOG(l): Detailed information on the current socket:  Task: VTYD(39), Socket number: 261(TCP), Protocol number: 6.
Feb  2 2026 11:53:58 LSNE20E02BHW %%01SOCKET/4/SOCK_CLOSESOCK(l): Current socket was closed, Proto: TCP, Cause: Received RST segment.
Feb  1 2026 13:11:46 LSNE20E02BHW %%01FIB/3/REFRESH_END(l): FIB refreshing end, the refresh group map is 0!
Feb  1 2026 13:11:43 LSNE20E02BHW %%01FIB/3/REFRESH_START(l): FIB refreshing start, the refresh group map is 4294967295!
Jan 31 2026 13:11:46 LSNE20E02BHW %%01FIB/3/REFRESH_END(l): FIB refreshing end, the refresh group map is 0!
Jan 31 2026 13:11:43 LSNE20E02BHW %%01FIB/3/REFRESH_START(l): FIB refreshing start, the refresh group map is 4294967295!
Jan 30 2026 13:11:46 LSNE20E02BHW %%01FIB/3/REFRESH_END(l): FIB refreshing end, the refresh group map is 0!
Jan 30 2026 13:11:43 LSNE20E02BHW %%01FIB/3/REFRESH_START(l): FIB refreshing start, the refresh group map is 4294967295!
Jan 30 2026 12:16:38 LSNE20E02BHW %%01SOCKET/4/SOCK_TCPRETRANS(l): The current tcp retransmitted at: 12: 16: 6, Current delay: 5000 ms, Retransfer total: 3.
Jan 30 2026 12:16:38 LSNE20E02BHW %%01SOCKET/4/SOCK_TCPDETAILLOG(l): Detailed information on the current tcp socket: State: Established, local-ip: 10.233.81.201, local-port: 22, remote-ip: 10.237.35.254, remote-port: 50084.
Jan 30 2026 12:16:38 LSNE20E02BHW %%01SOCKET/4/SOCK_SOCKDETAILLOG(l): Detailed information on the current socket:  Task: VTYD(39), Socket number: 178(TCP), Protocol number: 6.
Jan 30 2026 12:16:38 LSNE20E02BHW %%01SOCKET/4/SOCK_CLOSESOCK(l): Current socket was closed, Proto: TCP, Cause: Received RST segment.
Jan 29 2026 13:11:46 LSNE20E02BHW %%01FIB/3/REFRESH_END(l): FIB refreshing end, the refresh group map is 0!
Jan 29 2026 13:11:43 LSNE20E02BHW %%01FIB/3/REFRESH_START(l): FIB refreshing start, the refresh group map is 4294967295!
Jan 29 2026 11:33:31 LSNE20E02BHW %%01SOCKET/4/SOCK_TCPRETRANS(l): The current tcp retransmitted at: 11: 33: 21, Current delay: 3000 ms, Retransfer total: 5.
Jan 29 2026 11:33:31 LSNE20E02BHW %%01SOCKET/4/SOCK_TCPDETAILLOG(l): Detailed information on the current tcp socket: State: Established, local-ip: 10.233.81.201, local-port: 22, remote-ip: 10.237.35.254, remote-port: 64378.
Jan 29 2026 11:33:31 LSNE20E02BHW %%01SOCKET/4/SOCK_SOCKDETAILLOG(l): Detailed information on the current socket:  Task: VTYD(39), Socket number: 175(TCP), Protocol number: 6.
Jan 29 2026 11:33:31 LSNE20E02BHW %%01SOCKET/4/SOCK_CLOSESOCK(l): Current socket was closed, Proto: TCP, Cause: Received RST segment.
Jan 28 2026 16:38:27 LSNE20E02BHW %%01SOCKET/4/SOCK_TCPRETRANS(l): The current tcp retransmitted at: 16: 38: 4, Current delay: 4000 ms, Retransfer total: 6.
Jan 28 2026 16:38:27 LSNE20E02BHW %%01SOCKET/4/SOCK_TCPDETAILLOG(l): Detailed information on the current tcp socket: State: Established, local-ip: 10.233.81.201, local-port: 22, remote-ip: 10.237.35.254, remote-port: 53098.
Jan 28 2026 16:38:27 LSNE20E02BHW %%01SOCKET/4/SOCK_SOCKDETAILLOG(l): Detailed information on the current socket:  Task: VTYD(39), Socket number: 167(TCP), Protocol number: 6.
Jan 28 2026 16:38:27 LSNE20E02BHW %%01SOCKET/4/SOCK_CLOSESOCK(l): Current socket was closed, Proto: TCP, Cause: Received RST segment.
Jan 28 2026 13:11:46 LSNE20E02BHW %%01FIB/3/REFRESH_END(l): FIB refreshing end, the refresh group map is 0!
Jan 28 2026 13:11:43 LSNE20E02BHW %%01FIB/3/REFRESH_START(l): FIB refreshing start, the refresh group map is 4294967295!
Jan 27 2026 13:11:46 LSNE20E02BHW %%01FIB/3/REFRESH_END(l): FIB refreshing end, the refresh group map is 0!
Jan 27 2026 13:11:43 LSNE20E02BHW %%01FIB/3/REFRESH_START(l): FIB refreshing start, the refresh group map is 4294967295!
Jan 27 2026 12:07:19 LSNE20E02BHW %%01SOCKET/4/SOCK_TCPRETRANS(l): The current tcp retransmitted at: 12: 6: 46, Current delay: 4000 ms, Retransfer total: 5.
Jan 27 2026 12:07:19 LSNE20E02BHW %%01SOCKET/4/SOCK_TCPDETAILLOG(l): Detailed information on the current tcp socket: State: Established, local-ip: 10.233.81.201, local-port: 22, remote-ip: 10.237.35.254, remote-port: 55827.
Jan 27 2026 12:07:19 LSNE20E02BHW %%01SOCKET/4/SOCK_SOCKDETAILLOG(l): Detailed information on the current socket:  Task: VTYD(39), Socket number: 156(TCP), Protocol number: 6.
Jan 27 2026 12:07:19 LSNE20E02BHW %%01SOCKET/4/SOCK_CLOSESOCK(l): Current socket was closed, Proto: TCP, Cause: Received RST segment.
Jan 26 2026 13:11:46 LSNE20E02BHW %%01FIB/3/REFRESH_END(l): FIB refreshing end, the refresh group map is 0!
Jan 26 2026 13:11:43 LSNE20E02BHW %%01FIB/3/REFRESH_START(l): FIB refreshing start, the refresh group map is 4294967295!
Jan 26 2026 11:52:03 LSNE20E02BHW %%01SOCKET/4/SOCK_TCPRETRANS(l): The current tcp retransmitted at: 11: 51: 43, Current delay: 3000 ms, Retransfer total: 4.
Jan 26 2026 11:52:03 LSNE20E02BHW %%01SOCKET/4/SOCK_TCPDETAILLOG(l): Detailed information on the current tcp socket: State: Established, local-ip: 10.233.81.201, local-port: 22, remote-ip: 10.237.35.254, remote-port: 60655.
Jan 26 2026 11:52:03 LSNE20E02BHW %%01SOCKET/4/SOCK_SOCKDETAILLOG(l): Detailed information on the current socket:  Task: VTYD(39), Socket number: 139(TCP), Protocol number: 6.
Jan 26 2026 11:52:03 LSNE20E02BHW %%01SOCKET/4/SOCK_CLOSESOCK(l): Current socket was closed, Proto: TCP, Cause: Received RST segment.
Jan 25 2026 13:11:46 LSNE20E02BHW %%01FIB/3/REFRESH_END(l): FIB refreshing end, the refresh group map is 0!
Jan 25 2026 13:11:43 LSNE20E02BHW %%01FIB/3/REFRESH_START(l): FIB refreshing start, the refresh group map is 4294967295!
Jan 24 2026 13:11:46 LSNE20E02BHW %%01FIB/3/REFRESH_END(l): FIB refreshing end, the refresh group map is 0!
Jan 24 2026 13:11:43 LSNE20E02BHW %%01FIB/3/REFRESH_START(l): FIB refreshing start, the refresh group map is 4294967295!
Jan 23 2026 16:02:38 LSNE20E02BHW %%01SOCKET/4/SOCK_TCPRETRANS(l): The current tcp retransmitted at: 16: 2: 27, Current delay: 4000 ms, Retransfer total: 5.
Jan 23 2026 16:02:38 LSNE20E02BHW %%01SOCKET/4/SOCK_TCPDETAILLOG(l): Detailed information on the current tcp socket: State: Established, local-ip: 10.233.81.201, local-port: 22, remote-ip: 10.237.35.254, remote-port: 57060.
Jan 23 2026 16:02:38 LSNE20E02BHW %%01SOCKET/4/SOCK_SOCKDETAILLOG(l): Detailed information on the current socket:  Task: VTYD(39), Socket number: 133(TCP), Protocol number: 6.
Jan 23 2026 16:02:38 LSNE20E02BHW %%01SOCKET/4/SOCK_CLOSESOCK(l): Current socket was closed, Proto: TCP, Cause: Received RST segment.
Jan 23 2026 13:11:46 LSNE20E02BHW %%01FIB/3/REFRESH_END(l): FIB refreshing end, the refresh group map is 0!
Jan 23 2026 13:11:43 LSNE20E02BHW %%01FIB/3/REFRESH_START(l): FIB refreshing start, the refresh group map is 4294967295!
Jan 22 2026 16:25:09 LSNE20E02BHW %%01SOCKET/4/SOCK_TCPRETRANS(l): The current tcp retransmitted at: 16: 24: 48, Current delay: 3000 ms, Retransfer total: 2.
Jan 22 2026 16:25:09 LSNE20E02BHW %%01SOCKET/4/SOCK_TCPDETAILLOG(l): Detailed information on the current tcp socket: State: Established, local-ip: 10.233.81.201, local-port: 22, remote-ip: 10.237.35.254, remote-port: 50979.
Jan 22 2026 16:25:09 LSNE20E02BHW %%01SOCKET/4/SOCK_SOCKDETAILLOG(l): Detailed information on the current socket:  Task: VTYD(39), Socket number: 172(TCP), Protocol number: 6.
Jan 22 2026 16:25:09 LSNE20E02BHW %%01SOCKET/4/SOCK_CLOSESOCK(l): Current socket was closed, Proto: TCP, Cause: Received RST segment.
Jan 22 2026 13:11:46 LSNE20E02BHW %%01FIB/3/REFRESH_END(l): FIB refreshing end, the refresh group map is 0!
Jan 22 2026 13:11:43 LSNE20E02BHW %%01FIB/3/REFRESH_START(l): FIB refreshing start, the refresh group map is 4294967295!
Jan 21 2026 13:11:46 LSNE20E02BHW %%01FIB/3/REFRESH_END(l): FIB refreshing end, the refresh group map is 0!
Jan 21 2026 13:11:43 LSNE20E02BHW %%01FIB/3/REFRESH_START(l): FIB refreshing start, the refresh group map is 4294967295!
Jan 21 2026 12:28:49 LSNE20E02BHW %%01SOCKET/4/SOCK_TCPRETRANS(l): The current tcp retransmitted at: 12: 28: 18, Current delay: 4000 ms, Retransfer total: 5.
Jan 21 2026 12:28:49 LSNE20E02BHW %%01SOCKET/4/SOCK_TCPDETAILLOG(l): Detailed information on the current tcp socket: State: Established, local-ip: 10.233.81.201, local-port: 22, remote-ip: 10.237.35.254, remote-port: 52090.
Jan 21 2026 12:28:49 LSNE20E02BHW %%01SOCKET/4/SOCK_SOCKDETAILLOG(l): Detailed information on the current socket:  Task: VTYD(39), Socket number: 163(TCP), Protocol number: 6.
Jan 21 2026 12:28:49 LSNE20E02BHW %%01SOCKET/4/SOCK_CLOSESOCK(l): Current socket was closed, Proto: TCP, Cause: Received RST segment.
Jan 20 2026 16:34:00 LSNE20E02BHW %%01SOCKET/4/SOCK_TCPRETRANS(l): The current tcp retransmitted at: 16: 33: 39, Current delay: 4000 ms, Retransfer total: 7.
Jan 20 2026 16:34:00 LSNE20E02BHW %%01SOCKET/4/SOCK_TCPDETAILLOG(l): Detailed information on the current tcp socket: State: Established, local-ip: 10.233.81.201, local-port: 22, remote-ip: 10.237.35.254, remote-port: 60767.
Jan 20 2026 16:34:00 LSNE20E02BHW %%01SOCKET/4/SOCK_SOCKDETAILLOG(l): Detailed information on the current socket:  Task: VTYD(39), Socket number: 164(TCP), Protocol number: 6.
Jan 20 2026 16:34:00 LSNE20E02BHW %%01SOCKET/4/SOCK_CLOSESOCK(l): Current socket was closed, Proto: TCP, Cause: Received RST segment.
Jan 20 2026 13:11:46 LSNE20E02BHW %%01FIB/3/REFRESH_END(l): FIB refreshing end, the refresh group map is 0!
Jan 20 2026 13:11:43 LSNE20E02BHW %%01FIB/3/REFRESH_START(l): FIB refreshing start, the refresh group map is 4294967295!
Jan 19 2026 15:32:18 LSNE20E02BHW %%01SOCKET/4/SOCK_TCPRETRANS(l): The current tcp retransmitted at: 15: 32: 8, Current delay: 3000 ms, Retransfer total: 4.
Jan 19 2026 15:32:18 LSNE20E02BHW %%01SOCKET/4/SOCK_TCPDETAILLOG(l): Detailed information on the current tcp socket: State: Established, local-ip: 10.233.81.201, local-port: 22, remote-ip: 10.237.35.254, remote-port: 58956.
Jan 19 2026 15:32:18 LSNE20E02BHW %%01SOCKET/4/SOCK_SOCKDETAILLOG(l): Detailed information on the current socket:  Task: VTYD(39), Socket number: 171(TCP), Protocol number: 6.
Jan 19 2026 15:32:18 LSNE20E02BHW %%01SOCKET/4/SOCK_CLOSESOCK(l): Current socket was closed, Proto: TCP, Cause: Received RST segment.
Jan 19 2026 13:11:46 LSNE20E02BHW %%01FIB/3/REFRESH_END(l): FIB refreshing end, the refresh group map is 0!
Jan 19 2026 13:11:43 LSNE20E02BHW %%01FIB/3/REFRESH_START(l): FIB refreshing start, the refresh group map is 4294967295!
Jan 18 2026 13:11:46 LSNE20E02BHW %%01FIB/3/REFRESH_END(l): FIB refreshing end, the refresh group map is 0!
Jan 18 2026 13:11:43 LSNE20E02BHW %%01FIB/3/REFRESH_START(l): FIB refreshing start, the refresh group map is 4294967295!
Jan 17 2026 13:11:46 LSNE20E02BHW %%01FIB/3/REFRESH_END(l): FIB refreshing end, the refresh group map is 0!
Jan 17 2026 13:11:43 LSNE20E02BHW %%01FIB/3/REFRESH_START(l): FIB refreshing start, the refresh group map is 4294967295!
Jan 16 2026 15:09:43 LSNE20E02BHW %%01SOCKET/4/SOCK_TCPDETAILLOG(l): Detailed information on the current tcp socket: State: Established, local-ip: 10.233.81.201, local-port: 22, remote-ip: 10.237.35.254, remote-port: 52864.
Jan 16 2026 15:09:43 LSNE20E02BHW %%01SOCKET/4/SOCK_SOCKDETAILLOG(l): Detailed information on the current socket:  Task: VTYD(39), Socket number: 168(TCP), Protocol number: 6.
Jan 16 2026 15:09:43 LSNE20E02BHW %%01SOCKET/4/SOCK_CLOSESOCK(l): Current socket was closed, Proto: TCP, Cause: Received RST segment.
Jan 16 2026 14:42:04 LSNE20E02BHW %%01SOCKET/4/SOCK_TCPRETRANS(l): The current tcp retransmitted at: 14: 41: 51, Current delay: 3000 ms, Retransfer total: 15.
Jan 16 2026 14:42:04 LSNE20E02BHW %%01SOCKET/4/SOCK_TCPDETAILLOG(l): Detailed information on the current tcp socket: State: Established, local-ip: 10.233.81.201, local-port: 22, remote-ip: 10.237.35.254, remote-port: 52491.
Jan 16 2026 14:42:04 LSNE20E02BHW %%01SOCKET/4/SOCK_SOCKDETAILLOG(l): Detailed information on the current socket:  Task: VTYD(39), Socket number: 173(TCP), Protocol number: 6.
Jan 16 2026 14:42:04 LSNE20E02BHW %%01SOCKET/4/SOCK_CLOSESOCK(l): Current socket was closed, Proto: TCP, Cause: Received RST segment.
Jan 16 2026 14:30:22 LSNE20E02BHW %%01SOCKET/4/SOCK_TCPRETRANS(l): The current tcp retransmitted at: 11: 19: 49, Current delay: 4000 ms, Retransfer total: 1.
Jan 16 2026 14:30:22 LSNE20E02BHW %%01SOCKET/4/SOCK_TCPDETAILLOG(l): Detailed information on the current tcp socket: State: Established, local-ip: 10.233.81.201, local-port: 22, remote-ip: 10.237.35.254, remote-port: 59750.
Jan 16 2026 14:30:22 LSNE20E02BHW %%01SOCKET/4/SOCK_SOCKDETAILLOG(l): Detailed information on the current socket:  Task: VTYD(39), Socket number: 162(TCP), Protocol number: 6.
Jan 16 2026 14:30:22 LSNE20E02BHW %%01SOCKET/4/SOCK_CLOSESOCK(l): Current socket was closed, Proto: TCP, Cause: Received RST segment.
Jan 16 2026 13:11:46 LSNE20E02BHW %%01FIB/3/REFRESH_END(l): FIB refreshing end, the refresh group map is 0!
Jan 16 2026 13:11:43 LSNE20E02BHW %%01FIB/3/REFRESH_START(l): FIB refreshing start, the refresh group map is 4294967295!
Jan 15 2026 16:43:28 LSNE20E02BHW %%01SOCKET/4/SOCK_TCPRETRANS(l): The current tcp retransmitted at: 16: 43: 7, Current delay: 3000 ms, Retransfer total: 4.
Jan 15 2026 16:43:28 LSNE20E02BHW %%01SOCKET/4/SOCK_TCPDETAILLOG(l): Detailed information on the current tcp socket: State: Established, local-ip: 10.233.81.201, local-port: 22, remote-ip: 10.237.35.254, remote-port: 49895.
Jan 15 2026 16:43:28 LSNE20E02BHW %%01SOCKET/4/SOCK_SOCKDETAILLOG(l): Detailed information on the current socket:  Task: VTYD(39), Socket number: 169(TCP), Protocol number: 6.
Jan 15 2026 16:43:28 LSNE20E02BHW %%01SOCKET/4/SOCK_CLOSESOCK(l): Current socket was closed, Proto: TCP, Cause: Received RST segment.
Jan 15 2026 13:11:46 LSNE20E02BHW %%01FIB/3/REFRESH_END(l): FIB refreshing end, the refresh group map is 0!
Jan 15 2026 13:11:43 LSNE20E02BHW %%01FIB/3/REFRESH_START(l): FIB refreshing start, the refresh group map is 4294967295!
Jan 14 2026 14:53:50 LSNE20E02BHW %%01SOCKET/4/SOCK_TCPRETRANS(l): The current tcp retransmitted at: 14: 53: 32, Current delay: 3000 ms, Retransfer total: 5.
Jan 14 2026 14:53:50 LSNE20E02BHW %%01SOCKET/4/SOCK_TCPDETAILLOG(l): Detailed information on the current tcp socket: State: Established, local-ip: 10.233.81.201, local-port: 22, remote-ip: 10.237.35.254, remote-port: 59999.
Jan 14 2026 14:53:50 LSNE20E02BHW %%01SOCKET/4/SOCK_SOCKDETAILLOG(l): Detailed information on the current socket:  Task: VTYD(39), Socket number: 248(TCP), Protocol number: 6.
Jan 14 2026 14:53:50 LSNE20E02BHW %%01SOCKET/4/SOCK_CLOSESOCK(l): Current socket was closed, Proto: TCP, Cause: Received RST segment.
Jan 14 2026 13:11:46 LSNE20E02BHW %%01FIB/3/REFRESH_END(l): FIB refreshing end, the refresh group map is 0!
Jan 14 2026 13:11:43 LSNE20E02BHW %%01FIB/3/REFRESH_START(l): FIB refreshing start, the refresh group map is 4294967295!
Jan 13 2026 13:11:46 LSNE20E02BHW %%01FIB/3/REFRESH_END(l): FIB refreshing end, the refresh group map is 0!
Jan 13 2026 13:11:43 LSNE20E02BHW %%01FIB/3/REFRESH_START(l): FIB refreshing start, the refresh group map is 4294967295!
Jan 13 2026 10:57:56 LSNE20E02BHW %%01SOCKET/4/SOCK_TCPRETRANS(l): The current tcp retransmitted at: 10: 57: 23, Current delay: 3000 ms, Retransfer total: 6.
Jan 13 2026 10:57:56 LSNE20E02BHW %%01SOCKET/4/SOCK_TCPDETAILLOG(l): Detailed information on the current tcp socket: State: Established, local-ip: 10.233.81.201, local-port: 22, remote-ip: 10.237.35.254, remote-port: 64492.
Jan 13 2026 10:57:56 LSNE20E02BHW %%01SOCKET/4/SOCK_SOCKDETAILLOG(l): Detailed information on the current socket:  Task: VTYD(39), Socket number: 247(TCP), Protocol number: 6.
Jan 13 2026 10:57:56 LSNE20E02BHW %%01SOCKET/4/SOCK_CLOSESOCK(l): Current socket was closed, Proto: TCP, Cause: Received RST segment.
Jan 12 2026 13:11:46 LSNE20E02BHW %%01FIB/3/REFRESH_END(l): FIB refreshing end, the refresh group map is 0!
Jan 12 2026 13:11:43 LSNE20E02BHW %%01FIB/3/REFRESH_START(l): FIB refreshing start, the refresh group map is 4294967295!
Jan 11 2026 13:11:46 LSNE20E02BHW %%01FIB/3/REFRESH_END(l): FIB refreshing end, the refresh group map is 0!
Jan 11 2026 13:11:43 LSNE20E02BHW %%01FIB/3/REFRESH_START(l): FIB refreshing start, the refresh group map is 4294967295!
Jan 10 2026 13:11:46 LSNE20E02BHW %%01FIB/3/REFRESH_END(l): FIB refreshing end, the refresh group map is 0!
Jan 10 2026 13:11:43 LSNE20E02BHW %%01FIB/3/REFRESH_START(l): FIB refreshing start, the refresh group map is 4294967295!
Jan  9 2026 13:11:46 LSNE20E02BHW %%01FIB/3/REFRESH_END(l): FIB refreshing end, the refresh group map is 0!
Jan  9 2026 13:11:43 LSNE20E02BHW %%01FIB/3/REFRESH_START(l): FIB refreshing start, the refresh group map is 4294967295!
Jan  8 2026 13:11:46 LSNE20E02BHW %%01FIB/3/REFRESH_END(l): FIB refreshing end, the refresh group map is 0!
Jan  8 2026 13:11:43 LSNE20E02BHW %%01FIB/3/REFRESH_START(l): FIB refreshing start, the refresh group map is 4294967295!
Jan  7 2026 16:37:03 LSNE20E02BHW %%01SOCKET/4/SOCK_TCPRETRANS(l): The current tcp retransmitted at: 16: 36: 20, Current delay: 3000 ms, Retransfer total: 3.
Jan  7 2026 16:37:03 LSNE20E02BHW %%01SOCKET/4/SOCK_TCPDETAILLOG(l): Detailed information on the current tcp socket: State: Established, local-ip: 10.233.81.201, local-port: 22, remote-ip: 10.237.35.254, remote-port: 50680.
Jan  7 2026 16:37:03 LSNE20E02BHW %%01SOCKET/4/SOCK_SOCKDETAILLOG(l): Detailed information on the current socket:  Task: VTYD(39), Socket number: 159(TCP), Protocol number: 6.
Jan  7 2026 16:37:03 LSNE20E02BHW %%01SOCKET/4/SOCK_CLOSESOCK(l): Current socket was closed, Proto: TCP, Cause: Received RST segment.
Jan  7 2026 13:11:46 LSNE20E02BHW %%01FIB/3/REFRESH_END(l): FIB refreshing end, the refresh group map is 0!
Jan  7 2026 13:11:43 LSNE20E02BHW %%01FIB/3/REFRESH_START(l): FIB refreshing start, the refresh group map is 4294967295!
Jan  6 2026 13:11:46 LSNE20E02BHW %%01FIB/3/REFRESH_END(l): FIB refreshing end, the refresh group map is 0!
Jan  6 2026 13:11:43 LSNE20E02BHW %%01FIB/3/REFRESH_START(l): FIB refreshing start, the refresh group map is 4294967295!
Jan  6 2026 10:34:47 LSNE20E02BHW %%01SOCKET/4/SOCK_TCPRETRANS(l): The current tcp retransmitted at: 10: 34: 14, Current delay: 4000 ms, Retransfer total: 3.
Jan  6 2026 10:34:47 LSNE20E02BHW %%01SOCKET/4/SOCK_TCPDETAILLOG(l): Detailed information on the current tcp socket: State: Established, local-ip: 10.233.81.201, local-port: 22, remote-ip: 10.237.35.254, remote-port: 59113.
Jan  6 2026 10:34:47 LSNE20E02BHW %%01SOCKET/4/SOCK_SOCKDETAILLOG(l): Detailed information on the current socket:  Task: VTYD(39), Socket number: 161(TCP), Protocol number: 6.
Jan  6 2026 10:34:47 LSNE20E02BHW %%01SOCKET/4/SOCK_CLOSESOCK(l): Current socket was closed, Proto: TCP, Cause: Received RST segment.
Jan  5 2026 13:11:46 LSNE20E02BHW %%01FIB/3/REFRESH_END(l): FIB refreshing end, the refresh group map is 0!
Jan  5 2026 13:11:43 LSNE20E02BHW %%01FIB/3/REFRESH_START(l): FIB refreshing start, the refresh group map is 4294967295!
Jan  4 2026 13:11:46 LSNE20E02BHW %%01FIB/3/REFRESH_END(l): FIB refreshing end, the refresh group map is 0!
Jan  4 2026 13:11:43 LSNE20E02BHW %%01FIB/3/REFRESH_START(l): FIB refreshing start, the refresh group map is 4294967295!
Jan  3 2026 13:11:46 LSNE20E02BHW %%01FIB/3/REFRESH_END(l): FIB refreshing end, the refresh group map is 0!
Jan  3 2026 13:11:43 LSNE20E02BHW %%01FIB/3/REFRESH_START(l): FIB refreshing start, the refresh group map is 4294967295!
Jan  2 2026 13:11:46 LSNE20E02BHW %%01FIB/3/REFRESH_END(l): FIB refreshing end, the refresh group map is 0!
Jan  2 2026 13:11:43 LSNE20E02BHW %%01FIB/3/REFRESH_START(l): FIB refreshing start, the refresh group map is 4294967295!
Jan  1 2026 13:11:46 LSNE20E02BHW %%01FIB/3/REFRESH_END(l): FIB refreshing end, the refresh group map is 0!
Jan  1 2026 13:11:43 LSNE20E02BHW %%01FIB/3/REFRESH_START(l): FIB refreshing start, the refresh group map is 4294967295!
Dec 31 2025 13:11:46 LSNE20E02BHW %%01FIB/3/REFRESH_END(l): FIB refreshing end, the refresh group map is 0!
Dec 31 2025 13:11:43 LSNE20E02BHW %%01FIB/3/REFRESH_START(l): FIB refreshing start, the refresh group map is 4294967295!
Dec 30 2025 13:11:46 LSNE20E02BHW %%01FIB/3/REFRESH_END(l): FIB refreshing end, the refresh group map is 0!
Dec 30 2025 13:11:43 LSNE20E02BHW %%01FIB/3/REFRESH_START(l): FIB refreshing start, the refresh group map is 4294967295!
Dec 29 2025 13:11:46 LSNE20E02BHW %%01FIB/3/REFRESH_END(l): FIB refreshing end, the refresh group map is 0!
Dec 29 2025 13:11:43 LSNE20E02BHW %%01FIB/3/REFRESH_START(l): FIB refreshing start, the refresh group map is 4294967295!
Dec 29 2025 12:37:45 LSNE20E02BHW %%01SOCKET/4/SOCK_TCPRETRANS(l): The current tcp retransmitted at: 12: 37: 22, Current delay: 4000 ms, Retransfer total: 6.
Dec 29 2025 12:37:45 LSNE20E02BHW %%01SOCKET/4/SOCK_TCPDETAILLOG(l): Detailed information on the current tcp socket: State: Established, local-ip: 10.233.81.201, local-port: 22, remote-ip: 10.237.35.254, remote-port: 64502.
Dec 29 2025 12:37:45 LSNE20E02BHW %%01SOCKET/4/SOCK_SOCKDETAILLOG(l): Detailed information on the current socket:  Task: VTYD(39), Socket number: 160(TCP), Protocol number: 6.
Dec 29 2025 12:37:45 LSNE20E02BHW %%01SOCKET/4/SOCK_CLOSESOCK(l): Current socket was closed, Proto: TCP, Cause: Received RST segment.
Dec 28 2025 13:11:46 LSNE20E02BHW %%01FIB/3/REFRESH_END(l): FIB refreshing end, the refresh group map is 0!
Dec 28 2025 13:11:43 LSNE20E02BHW %%01FIB/3/REFRESH_START(l): FIB refreshing start, the refresh group map is 4294967295!
Dec 27 2025 13:11:46 LSNE20E02BHW %%01FIB/3/REFRESH_END(l): FIB refreshing end, the refresh group map is 0!
Dec 27 2025 13:11:43 LSNE20E02BHW %%01FIB/3/REFRESH_START(l): FIB refreshing start, the refresh group map is 4294967295!
Dec 26 2025 15:34:02 LSNE20E02BHW %%01SOCKET/4/SOCK_TCPRETRANS(l): The current tcp retransmitted at: 15: 33: 37, Current delay: 4000 ms, Retransfer total: 3.
Dec 26 2025 15:34:02 LSNE20E02BHW %%01SOCKET/4/SOCK_TCPDETAILLOG(l): Detailed information on the current tcp socket: State: Established, local-ip: 10.233.81.201, local-port: 22, remote-ip: 10.237.35.254, remote-port: 49206.
Dec 26 2025 15:34:02 LSNE20E02BHW %%01SOCKET/4/SOCK_SOCKDETAILLOG(l): Detailed information on the current socket:  Task: VTYD(39), Socket number: 152(TCP), Protocol number: 6.
Dec 26 2025 15:34:02 LSNE20E02BHW %%01SOCKET/4/SOCK_CLOSESOCK(l): Current socket was closed, Proto: TCP, Cause: Received RST segment.
Dec 26 2025 13:11:46 LSNE20E02BHW %%01FIB/3/REFRESH_END(l): FIB refreshing end, the refresh group map is 0!
Dec 26 2025 13:11:43 LSNE20E02BHW %%01FIB/3/REFRESH_START(l): FIB refreshing start, the refresh group map is 4294967295!
Dec 25 2025 16:18:21 LSNE20E02BHW %%01SOCKET/4/SOCK_TCPRETRANS(l): The current tcp retransmitted at: 16: 17: 49, Current delay: 4000 ms, Retransfer total: 3.
Dec 25 2025 16:18:21 LSNE20E02BHW %%01SOCKET/4/SOCK_TCPDETAILLOG(l): Detailed information on the current tcp socket: State: Established, local-ip: 10.233.81.201, local-port: 22, remote-ip: 10.237.35.254, remote-port: 60268.
Dec 25 2025 16:18:21 LSNE20E02BHW %%01SOCKET/4/SOCK_SOCKDETAILLOG(l): Detailed information on the current socket:  Task: VTYD(39), Socket number: 50(TCP), Protocol number: 6.
Dec 25 2025 16:18:21 LSNE20E02BHW %%01SOCKET/4/SOCK_CLOSESOCK(l): Current socket was closed, Proto: TCP, Cause: Received RST segment.
Dec 25 2025 13:11:46 LSNE20E02BHW %%01FIB/3/REFRESH_END(l): FIB refreshing end, the refresh group map is 0!
Dec 25 2025 13:11:43 LSNE20E02BHW %%01FIB/3/REFRESH_START(l): FIB refreshing start, the refresh group map is 4294967295!
Dec 24 2025 13:11:46 LSNE20E02BHW %%01FIB/3/REFRESH_END(l): FIB refreshing end, the refresh group map is 0!
Dec 24 2025 13:11:43 LSNE20E02BHW %%01FIB/3/REFRESH_START(l): FIB refreshing start, the refresh group map is 4294967295!
Dec 24 2025 12:25:32 LSNE20E02BHW %%01SOCKET/4/SOCK_TCPDETAILLOG(l): Detailed information on the current tcp socket: State: Established, local-ip: 10.233.81.201, local-port: 22, remote-ip: 10.237.35.254, remote-port: 56209.
Dec 24 2025 12:25:32 LSNE20E02BHW %%01SOCKET/4/SOCK_SOCKDETAILLOG(l): Detailed information on the current socket:  Task: VTYD(39), Socket number: 239(TCP), Protocol number: 6.
Dec 24 2025 12:25:32 LSNE20E02BHW %%01SOCKET/4/SOCK_CLOSESOCK(l): Current socket was closed, Proto: TCP, Cause: Received RST segment.
Dec 23 2025 13:11:46 LSNE20E02BHW %%01FIB/3/REFRESH_END(l): FIB refreshing end, the refresh group map is 0!
Dec 23 2025 13:11:43 LSNE20E02BHW %%01FIB/3/REFRESH_START(l): FIB refreshing start, the refresh group map is 4294967295!
Dec 23 2025 12:32:39 LSNE20E02BHW %%01SOCKET/4/SOCK_TCPRETRANS(l): The current tcp retransmitted at: 12: 31: 6, Current delay: 4000 ms, Retransfer total: 5.
Dec 23 2025 12:32:39 LSNE20E02BHW %%01SOCKET/4/SOCK_TCPDETAILLOG(l): Detailed information on the current tcp socket: State: Established, local-ip: 10.233.81.201, local-port: 22, remote-ip: 10.237.35.254, remote-port: 59697.
Dec 23 2025 12:32:39 LSNE20E02BHW %%01SOCKET/4/SOCK_SOCKDETAILLOG(l): Detailed information on the current socket:  Task: VTYD(39), Socket number: 151(TCP), Protocol number: 6.
Dec 23 2025 12:32:39 LSNE20E02BHW %%01SOCKET/4/SOCK_CLOSESOCK(l): Current socket was closed, Proto: TCP, Cause: Received RST segment.
Dec 22 2025 13:11:46 LSNE20E02BHW %%01FIB/3/REFRESH_END(l): FIB refreshing end, the refresh group map is 0!
Dec 22 2025 13:11:43 LSNE20E02BHW %%01FIB/3/REFRESH_START(l): FIB refreshing start, the refresh group map is 4294967295!
Dec 22 2025 12:32:51 LSNE20E02BHW %%01SOCKET/4/SOCK_TCPRETRANS(l): The current tcp retransmitted at: 12: 32: 19, Current delay: 3000 ms, Retransfer total: 3.
Dec 22 2025 12:32:51 LSNE20E02BHW %%01SOCKET/4/SOCK_TCPDETAILLOG(l): Detailed information on the current tcp socket: State: Established, local-ip: 10.233.81.201, local-port: 22, remote-ip: 10.237.35.254, remote-port: 64020.
Dec 22 2025 12:32:51 LSNE20E02BHW %%01SOCKET/4/SOCK_SOCKDETAILLOG(l): Detailed information on the current socket:  Task: VTYD(39), Socket number: 504(TCP), Protocol number: 6.
Dec 22 2025 12:32:51 LSNE20E02BHW %%01SOCKET/4/SOCK_CLOSESOCK(l): Current socket was closed, Proto: TCP, Cause: Received RST segment.
Dec 21 2025 13:11:46 LSNE20E02BHW %%01FIB/3/REFRESH_END(l): FIB refreshing end, the refresh group map is 0!
Dec 21 2025 13:11:43 LSNE20E02BHW %%01FIB/3/REFRESH_START(l): FIB refreshing start, the refresh group map is 4294967295!
Dec 20 2025 13:11:46 LSNE20E02BHW %%01FIB/3/REFRESH_END(l): FIB refreshing end, the refresh group map is 0!
Dec 20 2025 13:11:43 LSNE20E02BHW %%01FIB/3/REFRESH_START(l): FIB refreshing start, the refresh group map is 4294967295!
Dec 19 2025 18:23:01 LSNE20E02BHW %%01SOCKET/4/SOCK_TCPRETRANS(l): The current tcp retransmitted at: 18: 22: 47, Current delay: 4000 ms, Retransfer total: 2.
Dec 19 2025 18:23:01 LSNE20E02BHW %%01SOCKET/4/SOCK_TCPDETAILLOG(l): Detailed information on the current tcp socket: State: Established, local-ip: 10.233.81.201, local-port: 22, remote-ip: 10.237.35.254, remote-port: 54943.
Dec 19 2025 18:23:01 LSNE20E02BHW %%01SOCKET/4/SOCK_SOCKDETAILLOG(l): Detailed information on the current socket:  Task: VTYD(39), Socket number: 153(TCP), Protocol number: 6.
Dec 19 2025 18:23:01 LSNE20E02BHW %%01SOCKET/4/SOCK_CLOSESOCK(l): Current socket was closed, Proto: TCP, Cause: Received RST segment.
Dec 19 2025 16:53:52 LSNE20E02BHW %%01SOCKET/4/SOCK_TCPRETRANS(l): The current tcp retransmitted at: 17: 2: 4, Current delay: 4000 ms, Retransfer total: 2.
Dec 19 2025 16:53:52 LSNE20E02BHW %%01SOCKET/4/SOCK_TCPDETAILLOG(l): Detailed information on the current tcp socket: State: Established, local-ip: 10.233.81.201, local-port: 22, remote-ip: 10.237.35.254, remote-port: 60719.
Dec 19 2025 16:53:52 LSNE20E02BHW %%01SOCKET/4/SOCK_SOCKDETAILLOG(l): Detailed information on the current socket:  Task: VTYD(39), Socket number: 463(TCP), Protocol number: 6.
Dec 19 2025 16:53:52 LSNE20E02BHW %%01SOCKET/4/SOCK_CLOSESOCK(l): Current socket was closed, Proto: TCP, Cause: Received RST segment.
Dec 19 2025 13:11:46 LSNE20E02BHW %%01FIB/3/REFRESH_END(l): FIB refreshing end, the refresh group map is 0!
Dec 19 2025 13:11:43 LSNE20E02BHW %%01FIB/3/REFRESH_START(l): FIB refreshing start, the refresh group map is 4294967295!
Dec 18 2025 13:11:46 LSNE20E02BHW %%01FIB/3/REFRESH_END(l): FIB refreshing end, the refresh group map is 0!
Dec 18 2025 13:11:43 LSNE20E02BHW %%01FIB/3/REFRESH_START(l): FIB refreshing start, the refresh group map is 4294967295!
Dec 17 2025 14:30:27 LSNE20E02BHW %%01SOCKET/4/SOCK_TCPRETRANS(l): The current tcp retransmitted at: 14: 29: 29, Current delay: 3000 ms, Retransfer total: 3.
Dec 17 2025 14:30:27 LSNE20E02BHW %%01SOCKET/4/SOCK_TCPDETAILLOG(l): Detailed information on the current tcp socket: State: Established, local-ip: 10.233.81.201, local-port: 22, remote-ip: 10.237.35.254, remote-port: 51832.
Dec 17 2025 14:30:27 LSNE20E02BHW %%01SOCKET/4/SOCK_SOCKDETAILLOG(l): Detailed information on the current socket:  Task: VTYD(39), Socket number: 158(TCP), Protocol number: 6.
Dec 17 2025 14:30:27 LSNE20E02BHW %%01SOCKET/4/SOCK_CLOSESOCK(l): Current socket was closed, Proto: TCP, Cause: Received RST segment.
Dec 17 2025 13:11:46 LSNE20E02BHW %%01FIB/3/REFRESH_END(l): FIB refreshing end, the refresh group map is 0!
Dec 17 2025 13:11:43 LSNE20E02BHW %%01FIB/3/REFRESH_START(l): FIB refreshing start, the refresh group map is 4294967295!
Dec 16 2025 16:47:16 LSNE20E02BHW %%01SOCKET/4/SOCK_TCPRETRANS(l): The current tcp retransmitted at: 16: 46: 46, Current delay: 4000 ms, Retransfer total: 6.
Dec 16 2025 16:47:16 LSNE20E02BHW %%01SOCKET/4/SOCK_TCPDETAILLOG(l): Detailed information on the current tcp socket: State: Established, local-ip: 10.233.81.201, local-port: 22, remote-ip: 10.237.35.254, remote-port: 57818.
Dec 16 2025 16:47:15 LSNE20E02BHW %%01SOCKET/4/SOCK_SOCKDETAILLOG(l): Detailed information on the current socket:  Task: VTYD(39), Socket number: 506(TCP), Protocol number: 6.
Dec 16 2025 16:47:15 LSNE20E02BHW %%01SOCKET/4/SOCK_CLOSESOCK(l): Current socket was closed, Proto: TCP, Cause: Received RST segment.
Dec 16 2025 13:11:46 LSNE20E02BHW %%01FIB/3/REFRESH_END(l): FIB refreshing end, the refresh group map is 0!
Dec 16 2025 13:11:43 LSNE20E02BHW %%01FIB/3/REFRESH_START(l): FIB refreshing start, the refresh group map is 4294967295!
Dec 15 2025 13:11:46 LSNE20E02BHW %%01FIB/3/REFRESH_END(l): FIB refreshing end, the refresh group map is 0!
Dec 15 2025 13:11:43 LSNE20E02BHW %%01FIB/3/REFRESH_START(l): FIB refreshing start, the refresh group map is 4294967295!
Dec 15 2025 11:26:09 LSNE20E02BHW %%01SOCKET/4/SOCK_TCPRETRANS(l): The current tcp retransmitted at: 10: 20: 23, Current delay: 3000 ms, Retransfer total: 4.
Dec 15 2025 11:26:09 LSNE20E02BHW %%01SOCKET/4/SOCK_TCPDETAILLOG(l): Detailed information on the current tcp socket: State: Established, local-ip: 10.233.81.201, local-port: 22, remote-ip: 10.237.35.254, remote-port: 61126.
Dec 15 2025 11:26:09 LSNE20E02BHW %%01SOCKET/4/SOCK_SOCKDETAILLOG(l): Detailed information on the current socket:  Task: VTYD(39), Socket number: 503(TCP), Protocol number: 6.
Dec 15 2025 11:26:09 LSNE20E02BHW %%01SOCKET/4/SOCK_CLOSESOCK(l): Current socket was closed, Proto: TCP, Cause: Received RST segment.
Dec 15 2025 11:25:58 LSNE20E02BHW %%01SOCKET/4/SOCK_TCPRETRANS(l): The current tcp retransmitted at: 10: 4: 46, Current delay: 4000 ms, Retransfer total: 4.
Dec 15 2025 11:25:58 LSNE20E02BHW %%01SOCKET/4/SOCK_TCPDETAILLOG(l): Detailed information on the current tcp socket: State: Established, local-ip: 10.233.81.201, local-port: 22, remote-ip: 10.237.35.254, remote-port: 62219.
Dec 15 2025 11:25:58 LSNE20E02BHW %%01SOCKET/4/SOCK_SOCKDETAILLOG(l): Detailed information on the current socket:  Task: VTYD(39), Socket number: 155(TCP), Protocol number: 6.
Dec 15 2025 11:25:58 LSNE20E02BHW %%01SOCKET/4/SOCK_CLOSESOCK(l): Current socket was closed, Proto: TCP, Cause: Received RST segment.
Dec 14 2025 13:11:46 LSNE20E02BHW %%01FIB/3/REFRESH_END(l): FIB refreshing end, the refresh group map is 0!
Dec 14 2025 13:11:43 LSNE20E02BHW %%01FIB/3/REFRESH_START(l): FIB refreshing start, the refresh group map is 4294967295!
Dec 13 2025 16:26:26 LSNE20E02BHW %%01SNMP/3/PARSE_ERR(l): Getting response message failed. Module ID=84017152, table ID=2, operation type=GET NEXT.
Dec 13 2025 13:11:46 LSNE20E02BHW %%01FIB/3/REFRESH_END(l): FIB refreshing end, the refresh group map is 0!
Dec 13 2025 13:11:43 LSNE20E02BHW %%01FIB/3/REFRESH_START(l): FIB refreshing start, the refresh group map is 4294967295!
Dec 12 2025 13:11:46 LSNE20E02BHW %%01FIB/3/REFRESH_END(l): FIB refreshing end, the refresh group map is 0!
Dec 12 2025 13:11:43 LSNE20E02BHW %%01FIB/3/REFRESH_START(l): FIB refreshing start, the refresh group map is 4294967295!
Dec 11 2025 16:53:35 LSNE20E02BHW %%01SOCKET/4/SOCK_TCPRETRANS(l): The current tcp retransmitted at: 10: 16: 6, Current delay: 4000 ms, Retransfer total: 3.
Dec 11 2025 16:53:35 LSNE20E02BHW %%01SOCKET/4/SOCK_TCPDETAILLOG(l): Detailed information on the current tcp socket: State: Established, local-ip: 10.233.81.201, local-port: 22, remote-ip: 10.237.35.254, remote-port: 51433.
Dec 11 2025 16:53:35 LSNE20E02BHW %%01SOCKET/4/SOCK_SOCKDETAILLOG(l): Detailed information on the current socket:  Task: VTYD(39), Socket number: 505(TCP), Protocol number: 6.
Dec 11 2025 16:53:35 LSNE20E02BHW %%01SOCKET/4/SOCK_CLOSESOCK(l): Current socket was closed, Proto: TCP, Cause: Received RST segment.
Dec 11 2025 13:11:46 LSNE20E02BHW %%01FIB/3/REFRESH_END(l): FIB refreshing end, the refresh group map is 0!
Dec 11 2025 13:11:43 LSNE20E02BHW %%01FIB/3/REFRESH_START(l): FIB refreshing start, the refresh group map is 4294967295!
Dec 10 2025 21:20:20 LSNE20E02BHW %%01SOCKET/4/SOCK_TCPRETRANS(l): The current tcp retransmitted at: 10: 13: 21, Current delay: 4000 ms, Retransfer total: 1.
Dec 10 2025 21:20:20 LSNE20E02BHW %%01SOCKET/4/SOCK_TCPDETAILLOG(l): Detailed information on the current tcp socket: State: Established, local-ip: 10.233.81.201, local-port: 22, remote-ip: 10.237.35.254, remote-port: 52222.
Dec 10 2025 21:20:20 LSNE20E02BHW %%01SOCKET/4/SOCK_SOCKDETAILLOG(l): Detailed information on the current socket:  Task: VTYD(39), Socket number: 141(TCP), Protocol number: 6.
Dec 10 2025 21:20:20 LSNE20E02BHW %%01SOCKET/4/SOCK_CLOSESOCK(l): Current socket was closed, Proto: TCP, Cause: Received RST segment.
Dec 10 2025 21:20:20 LSNE20E02BHW %%01SOCKET/4/SOCK_TCPRETRANS(l): The current tcp retransmitted at: 10: 58: 30, Current delay: 4000 ms, Retransfer total: 3.
Dec 10 2025 21:20:20 LSNE20E02BHW %%01SOCKET/4/SOCK_TCPDETAILLOG(l): Detailed information on the current tcp socket: State: Established, local-ip: 10.233.81.201, local-port: 22, remote-ip: 10.237.35.254, remote-port: 53567.
Dec 10 2025 21:20:20 LSNE20E02BHW %%01SOCKET/4/SOCK_SOCKDETAILLOG(l): Detailed information on the current socket:  Task: VTYD(39), Socket number: 120(TCP), Protocol number: 6.
Dec 10 2025 21:20:20 LSNE20E02BHW %%01SOCKET/4/SOCK_CLOSESOCK(l): Current socket was closed, Proto: TCP, Cause: Received RST segment.
Dec 10 2025 13:11:46 LSNE20E02BHW %%01FIB/3/REFRESH_END(l): FIB refreshing end, the refresh group map is 0!
Dec 10 2025 13:11:43 LSNE20E02BHW %%01FIB/3/REFRESH_START(l): FIB refreshing start, the refresh group map is 4294967295!
Dec  9 2025 13:11:46 LSNE20E02BHW %%01FIB/3/REFRESH_END(l): FIB refreshing end, the refresh group map is 0!
Dec  9 2025 13:11:43 LSNE20E02BHW %%01FIB/3/REFRESH_START(l): FIB refreshing start, the refresh group map is 4294967295!
Dec  9 2025 11:35:35 LSNE20E02BHW %%01SOCKET/4/SOCK_TCPRETRANS(l): The current tcp retransmitted at: 10: 6: 29, Current delay: 4000 ms, Retransfer total: 2.
Dec  9 2025 11:35:35 LSNE20E02BHW %%01SOCKET/4/SOCK_TCPDETAILLOG(l): Detailed information on the current tcp socket: State: Established, local-ip: 10.233.81.201, local-port: 22, remote-ip: 10.237.35.254, remote-port: 52912.
Dec  9 2025 11:35:35 LSNE20E02BHW %%01SOCKET/4/SOCK_SOCKDETAILLOG(l): Detailed information on the current socket:  Task: VTYD(39), Socket number: 147(TCP), Protocol number: 6.
Dec  9 2025 11:35:35 LSNE20E02BHW %%01SOCKET/4/SOCK_CLOSESOCK(l): Current socket was closed, Proto: TCP, Cause: Received RST segment.
Dec  8 2025 13:11:46 LSNE20E02BHW %%01FIB/3/REFRESH_END(l): FIB refreshing end, the refresh group map is 0!
Dec  8 2025 13:11:43 LSNE20E02BHW %%01FIB/3/REFRESH_START(l): FIB refreshing start, the refresh group map is 4294967295!
Dec  7 2025 13:11:46 LSNE20E02BHW %%01FIB/3/REFRESH_END(l): FIB refreshing end, the refresh group map is 0!
Dec  7 2025 13:11:43 LSNE20E02BHW %%01FIB/3/REFRESH_START(l): FIB refreshing start, the refresh group map is 4294967295!
Dec  6 2025 13:11:46 LSNE20E02BHW %%01FIB/3/REFRESH_END(l): FIB refreshing end, the refresh group map is 0!
Dec  6 2025 13:11:43 LSNE20E02BHW %%01FIB/3/REFRESH_START(l): FIB refreshing start, the refresh group map is 4294967295!
Dec  5 2025 13:11:46 LSNE20E02BHW %%01FIB/3/REFRESH_END(l): FIB refreshing end, the refresh group map is 0!
Dec  5 2025 13:11:43 LSNE20E02BHW %%01FIB/3/REFRESH_START(l): FIB refreshing start, the refresh group map is 4294967295!
Dec  5 2025 10:26:07 LSNE20E02BHW %%01SOCKET/4/SOCK_TCPRETRANS(l): The current tcp retransmitted at: 10: 9: 1, Current delay: 3000 ms, Retransfer total: 3.
Dec  5 2025 10:26:07 LSNE20E02BHW %%01SOCKET/4/SOCK_TCPDETAILLOG(l): Detailed information on the current tcp socket: State: Established, local-ip: 10.233.81.201, local-port: 22, remote-ip: 10.237.35.254, remote-port: 52827.
Dec  5 2025 10:26:07 LSNE20E02BHW %%01SOCKET/4/SOCK_SOCKDETAILLOG(l): Detailed information on the current socket:  Task: VTYD(39), Socket number: 154(TCP), Protocol number: 6.
Dec  5 2025 10:26:07 LSNE20E02BHW %%01SOCKET/4/SOCK_CLOSESOCK(l): Current socket was closed, Proto: TCP, Cause: Received RST segment.
Dec  5 2025 10:26:07 LSNE20E02BHW %%01SOCKET/4/SOCK_TCPRETRANS(l): The current tcp retransmitted at: 10: 45: 12, Current delay: 3000 ms, Retransfer total: 6.
Dec  5 2025 10:26:07 LSNE20E02BHW %%01SOCKET/4/SOCK_TCPDETAILLOG(l): Detailed information on the current tcp socket: State: Established, local-ip: 10.233.81.201, local-port: 22, remote-ip: 10.237.35.254, remote-port: 64979.
Dec  5 2025 10:26:07 LSNE20E02BHW %%01SOCKET/4/SOCK_SOCKDETAILLOG(l): Detailed information on the current socket:  Task: VTYD(39), Socket number: 462(TCP), Protocol number: 6.
Dec  5 2025 10:26:07 LSNE20E02BHW %%01SOCKET/4/SOCK_CLOSESOCK(l): Current socket was closed, Proto: TCP, Cause: Received RST segment.
Dec  4 2025 13:11:46 LSNE20E02BHW %%01FIB/3/REFRESH_END(l): FIB refreshing end, the refresh group map is 0!
Dec  4 2025 13:11:43 LSNE20E02BHW %%01FIB/3/REFRESH_START(l): FIB refreshing start, the refresh group map is 4294967295!
Dec  4 2025 10:28:36 LSNE20E02BHW %%01SOCKET/4/SOCK_TCPRETRANS(l): The current tcp retransmitted at: 11: 54: 29, Current delay: 4000 ms, Retransfer total: 4.
Dec  4 2025 10:28:36 LSNE20E02BHW %%01SOCKET/4/SOCK_TCPDETAILLOG(l): Detailed information on the current tcp socket: State: Established, local-ip: 10.233.81.201, local-port: 22, remote-ip: 10.237.35.254, remote-port: 50833.
Dec  4 2025 10:28:36 LSNE20E02BHW %%01SOCKET/4/SOCK_SOCKDETAILLOG(l): Detailed information on the current socket:  Task: VTYD(39), Socket number: 148(TCP), Protocol number: 6.
Dec  4 2025 10:28:36 LSNE20E02BHW %%01SOCKET/4/SOCK_CLOSESOCK(l): Current socket was closed, Proto: TCP, Cause: Received RST segment.
Dec  3 2025 13:11:46 LSNE20E02BHW %%01FIB/3/REFRESH_END(l): FIB refreshing end, the refresh group map is 0!
Dec  3 2025 13:11:43 LSNE20E02BHW %%01FIB/3/REFRESH_START(l): FIB refreshing start, the refresh group map is 4294967295!
Dec  2 2025 13:11:46 LSNE20E02BHW %%01FIB/3/REFRESH_END(l): FIB refreshing end, the refresh group map is 0!
Dec  2 2025 13:11:43 LSNE20E02BHW %%01FIB/3/REFRESH_START(l): FIB refreshing start, the refresh group map is 4294967295!
Dec  1 2025 17:32:42 LSNE20E02BHW %%01SOCKET/4/SOCK_TCPDETAILLOG(l): Detailed information on the current tcp socket: State: Established, local-ip: 10.233.81.201, local-port: 22, remote-ip: 10.237.35.254, remote-port: 51044.
Dec  1 2025 17:32:42 LSNE20E02BHW %%01SOCKET/4/SOCK_SOCKDETAILLOG(l): Detailed information on the current socket:  Task: VTYD(39), Socket number: 146(TCP), Protocol number: 6.
Dec  1 2025 17:32:42 LSNE20E02BHW %%01SOCKET/4/SOCK_CLOSESOCK(l): Current socket was closed, Proto: TCP, Cause: Received RST segment.
Dec  1 2025 13:11:46 LSNE20E02BHW %%01FIB/3/REFRESH_END(l): FIB refreshing end, the refresh group map is 0!
Dec  1 2025 13:11:43 LSNE20E02BHW %%01FIB/3/REFRESH_START(l): FIB refreshing start, the refresh group map is 4294967295!
Nov 30 2025 13:11:46 LSNE20E02BHW %%01FIB/3/REFRESH_END(l): FIB refreshing end, the refresh group map is 0!
Nov 30 2025 13:11:43 LSNE20E02BHW %%01FIB/3/REFRESH_START(l): FIB refreshing start, the refresh group map is 4294967295!
Nov 29 2025 14:11:02 LSNE20E02BHW %%01SOCKET/4/SOCK_TCPRETRANS(l): The current tcp retransmitted at: 14: 10: 15, Current delay: 16000 ms, Retransfer total: 3.
Nov 29 2025 14:11:02 LSNE20E02BHW %%01SOCKET/4/SOCK_TCPDETAILLOG(l): Detailed information on the current tcp socket: State: Established, local-ip: 10.233.81.201, local-port: 22, remote-ip: 10.237.35.254, remote-port: 61461.
Nov 29 2025 14:11:02 LSNE20E02BHW %%01SOCKET/4/SOCK_SOCKDETAILLOG(l): Detailed information on the current socket:  Task: VTYD(39), Socket number: 145(TCP), Protocol number: 6.
Nov 29 2025 14:11:02 LSNE20E02BHW %%01SOCKET/4/SOCK_CLOSESOCK(l): Current socket was closed, Proto: TCP, Cause: Received RST segment.
Nov 29 2025 13:11:46 LSNE20E02BHW %%01FIB/3/REFRESH_END(l): FIB refreshing end, the refresh group map is 0!
Nov 29 2025 13:11:43 LSNE20E02BHW %%01FIB/3/REFRESH_START(l): FIB refreshing start, the refresh group map is 4294967295!
Nov 28 2025 13:11:46 LSNE20E02BHW %%01FIB/3/REFRESH_END(l): FIB refreshing end, the refresh group map is 0!
Nov 28 2025 13:11:43 LSNE20E02BHW %%01FIB/3/REFRESH_START(l): FIB refreshing start, the refresh group map is 4294967295!
Nov 27 2025 13:11:46 LSNE20E02BHW %%01FIB/3/REFRESH_END(l): FIB refreshing end, the refresh group map is 0!
Nov 27 2025 13:11:43 LSNE20E02BHW %%01FIB/3/REFRESH_START(l): FIB refreshing start, the refresh group map is 4294967295!
Nov 26 2025 16:44:30 LSNE20E02BHW %%01SOCKET/4/SOCK_TCPRETRANS(l): The current tcp retransmitted at: 16: 44: 20, Current delay: 4000 ms, Retransfer total: 1.
Nov 26 2025 16:44:30 LSNE20E02BHW %%01SOCKET/4/SOCK_TCPDETAILLOG(l): Detailed information on the current tcp socket: State: Close_Wait, local-ip: 10.233.81.201, local-port: 23, remote-ip: 10.237.35.201, remote-port: 18149.
Nov 26 2025 16:44:30 LSNE20E02BHW %%01SOCKET/4/SOCK_SOCKDETAILLOG(l): Detailed information on the current socket:  Task: VTYD(39), Socket number: 461(TCP), Protocol number: 6.
Nov 26 2025 16:44:30 LSNE20E02BHW %%01SOCKET/4/SOCK_CLOSESOCK(l): Current socket was closed, Proto: TCP, Cause: Received RST segment.
Nov 26 2025 16:44:30 LSNE20E02BHW %%01SHELL/4/TELNETFAILED(l): Login through telnet failed( ip=10.237.35.201 times=3).
Nov 26 2025 16:44:29 LSNE20E02BHW %%01SOCKET/4/SOCK_TCPDETAILLOG(l): Detailed information on the current tcp socket: State: Close_Wait, local-ip: 10.233.81.201, local-port: 23, remote-ip: 10.237.35.201, remote-port: 18146.
Nov 26 2025 16:44:29 LSNE20E02BHW %%01SOCKET/4/SOCK_SOCKDETAILLOG(l): Detailed information on the current socket:  Task: VTYD(39), Socket number: 460(TCP), Protocol number: 6.
Nov 26 2025 16:44:29 LSNE20E02BHW %%01SOCKET/4/SOCK_CLOSESOCK(l): Current socket was closed, Proto: TCP, Cause: Received RST segment.
Nov 26 2025 16:44:28 LSNE20E02BHW %%01SHELL/4/TELNETFAILED(l): Login through telnet failed( ip=10.237.35.201 times=3).
Nov 26 2025 16:44:27 LSNE20E02BHW %%01SHELL/4/TELNETFAILED(l): Login through telnet failed( ip=10.237.35.201 times=2).
Nov 26 2025 16:44:24 LSNE20E02BHW %%01SHELL/4/TELNETFAILED(l): Login through telnet failed( ip=10.237.35.201 times=2).
Nov 26 2025 16:44:22 LSNE20E02BHW %%01SHELL/4/TELNETFAILED(l): Login through telnet failed( ip=10.237.35.201 times=1).
Nov 26 2025 16:44:21 LSNE20E02BHW %%01SOCKET/4/SOCK_TCPDETAILLOG(l): Detailed information on the current tcp socket: State: Close_Wait, local-ip: 10.233.81.201, local-port: 23, remote-ip: 10.237.35.201, remote-port: 18143.
Nov 26 2025 16:44:21 LSNE20E02BHW %%01SOCKET/4/SOCK_SOCKDETAILLOG(l): Detailed information on the current socket:  Task: VTYD(39), Socket number: 258(TCP), Protocol number: 6.
Nov 26 2025 16:44:21 LSNE20E02BHW %%01SOCKET/4/SOCK_CLOSESOCK(l): Current socket was closed, Proto: TCP, Cause: Received RST segment.
Nov 26 2025 16:44:21 LSNE20E02BHW %%01SHELL/4/TELNETFAILED(l): Login through telnet failed( ip=10.237.35.201 times=3).
Nov 26 2025 16:44:21 LSNE20E02BHW %%01SHELL/4/TELNETFAILED(l): Login through telnet failed( ip=10.237.35.201 times=2).
Nov 26 2025 16:44:19 LSNE20E02BHW %%01SHELL/4/TELNETFAILED(l): Login through telnet failed( ip=10.237.35.201 times=1).
Nov 26 2025 16:44:18 LSNE20E02BHW %%01SOCKET/4/SOCK_TCPDETAILLOG(l): Detailed information on the current tcp socket: State: Close_Wait, local-ip: 10.233.81.201, local-port: 23, remote-ip: 10.237.35.201, remote-port: 18139.
<LSNE20E02BHW>display current-configuration
#
 sysname LSNE20E02BHW
#
 super password level 3 cipher X%W12.-_]B'Q=^Q`MAF4<1!!
#
 info-center loghost source LoopBack0
 info-center loghost 10.237.35.55
 info-center loghost 10.237.35.249
 info-center loghost 10.237.99.80
 info-center loghost 10.237.100.71
 info-center loghost 10.237.100.228
#
 router id 10.233.81.194
#
diffserv domain
#
acl number 2000
 rule 0 permit source 10.237.35.0 0.0.0.255
 rule 1 permit source 10.237.99.0 0.0.0.255
 rule 5 permit source 10.237.100.0 0.0.0.255
 rule 10 permit source 10.233.81.0 0.0.0.255
 rule 15 permit source 10.241.106.34 0
#
acl number 2001
 rule 5 permit source 10.233.104.0 0.0.0.255
#
acl number 3000
 rule 5 deny udp destination-port eq tftp
 rule 10 deny tcp destination-port eq 135
 rule 15 deny tcp destination-port eq 139
 rule 20 deny tcp destination-port eq 445
 rule 25 deny tcp destination-port eq 1434
 rule 30 deny tcp destination-port eq 4444
 rule 35 deny tcp destination-port eq 593
 rule 40 deny tcp destination-port eq 5554
 rule 45 deny tcp destination-port eq 9995
 rule 50 deny tcp destination-port eq 9996
 rule 55 deny tcp destination-port eq 69
 rule 60 deny tcp destination-port eq 137
 rule 65 deny udp destination-port eq 135
 rule 70 deny udp destination-port eq netbios-ns
 rule 75 deny udp destination-port eq netbios-ssn
 rule 80 deny udp destination-port eq ntp
 rule 1000 permit ip
#
acl number 3100
 rule 5 deny tcp destination-port eq telnet
 rule 10 permit ip source 10.237.35.0 0.0.0.255
 rule 15 permit ip source 10.237.99.0 0.0.0.255
 rule 20 permit ip source 10.241.106.34 0
#
traffic classifier VIRUS
 if-match acl 3000
#
traffic behavior VIRUS
#
traffic policy VIRUS
 classifier VIRUS behavior VIRUS
#
controller E1 3/0/0
 channel-set 1 timeslot-list 1-31
 description TO zhonghangCISCO
#
controller E1 3/0/1
 using e1
#
controller E1 3/0/2
 using e1
#
controller E1 3/0/3
 channel-set 1 timeslot-list 1-31
 description TO-DianLi
#
controller E1 3/0/4
 channel-set 1 timeslot-list 1-31
 description TO gonganting
#
controller E1 3/0/5
 using e1
#
controller E1 3/0/6
 using e1
#
controller E1 3/0/7
 using e1
#
controller E1 6/0/0
 using e1
#
controller E1 6/0/1
 using e1
#
controller E1 6/0/2
 using e1
#
controller E1 6/0/3
 using e1
#
controller E1 6/0/4
 using e1
#
controller E1 6/0/5
 using e1
#
controller E1 6/0/6
 using e1
#
controller E1 6/0/7
 using e1
 description TO xzdzj_ceshi
#
interface Aux0
 async mode flow
 link-protocol ppp
#
interface Ethernet1/0/0
 description TO [XZLS-FW-200S_B]E0/0/2-//100M
 ip address 10.233.81.201 255.255.255.252
 traffic-policy VIRUS inbound
 ospf cost 100
 ntp-service in-interface disable
#
interface Ethernet1/0/1
 description TO CWJZH-MIS- PDA_AR46-20 E1/0/0
 ip address 10.233.251.57 255.255.255.252
#
interface Ethernet4/0/0
 description TO-DianLiPOS
 ip address 10.233.251.41 255.255.255.252
#
interface Ethernet4/0/1
 description To jzzd
 ip address 10.233.251.129 255.255.255.252
#
interface Ethernet4/0/2
 description dianli_dianya
 ip address 10.233.251.145 255.255.255.252
#
interface Ethernet4/0/3
 description to CMPAY
 ip address 10.233.251.137 255.255.255.252
#
interface Serial3/0/0:1
 link-protocol hdlc
 description TO zhonghangCISCO
 ospf cost 100
#
interface Serial3/0/1:0
 link-protocol ppp
#
interface Serial3/0/2:0
 link-protocol ppp
 shutdown
#
interface Serial3/0/3:1
 link-protocol ppp
 shutdown
#
interface Serial3/0/4:1
 link-protocol ppp
 shutdown
 ip address 10.233.251.65 255.255.255.252
#
interface Serial3/0/5:0
 link-protocol ppp
 shutdown
#
interface Serial3/0/6:0
 link-protocol ppp
 shutdown
#
interface Serial3/0/7:0
 link-protocol ppp
 shutdown
#
interface Serial6/0/0:0
 link-protocol ppp
 shutdown
#
interface Serial6/0/1:0
 link-protocol ppp
 shutdown
#
interface Serial6/0/2:0
 link-protocol ppp
 shutdown
#
interface Serial6/0/3:0
 link-protocol ppp
 shutdown
#
interface Serial6/0/4:0
 link-protocol ppp
 shutdown
#
interface Serial6/0/5:0
 link-protocol ppp
 shutdown
#
interface Serial6/0/6:0
 link-protocol ppp
 shutdown
#
interface Serial6/0/7:0
 link-protocol hdlc
 description TO xzdzj_ceshi
 ip address 10.233.251.73 255.255.255.252
#
interface GigabitEthernet0/0/1
 shutdown
 ip urpf
#
interface GigabitEthernet0/0/2
 shutdown
#
interface MFR0/0/0
#
interface NULL0
#
interface LoopBack0
#
interface Secp2/0/0
#
aaa
 local-user cmxz_tangjin password cipher :1)5RM2C+;M./a!1$H@GYA!!
 local-user cmxz_tangjin service-type ssh
 local-user cmxz_tangjin level 15
 local-user cmxz_feizeqing password cipher :1)5RM2C+;M./a!1$H@GYA!!
 local-user cmxz_feizeqing service-type terminal ssh
 local-user cmxz_feizeqing level 3
 local-user xz4a_shenma password cipher BK-'B7U!&X_Q=^Q`MAF4<1!!
 local-user xz4a_shenma service-type terminal telnet ssh
 local-user xz4a_shenma level 1
 local-user xz4a_admin password cipher BK-'B7U!&X_Q=^Q`MAF4<1!!
 local-user xz4a_admin service-type terminal telnet ssh
 local-user xz4a_admin level 3
 local-user cmxz_licheng password cipher :1)5RM2C+;M./a!1$H@GYA!!
 local-user cmxz_licheng service-type ssh
 local-user cmxz_licheng level 15
 local-user feizeqing password cipher :1)5RM2C+;M./a!1$H@GYA!!
 local-user feizeqing service-type terminal telnet ssh
 local-user feizeqing level 3
 local-user xazccj password cipher BK-'B7U!&X]K6YV-FO"4J!!!
 local-user xazccj service-type ssh
 local-user xazccj level 1
 local-user jtcjxz password cipher BK-'B7U!&X_8KF76KT!6\!!!
 local-user jtcjxz service-type telnet ssh
 local-user jtcjxz level 15
 local-user cszdxj password cipher 0^,FNa8Y$8/Q=^Q`MAF4<1!!
 local-user cszdxj service-type telnet ssh
 local-user cszdxj level 15
 authentication-scheme default
 #
 authorization-scheme default
 #
 accounting-scheme default
 #
 domain default
 #
#
ospf 1
 import-route static
 silent-interface Serial3/0/0:1
 area 0.0.0.0
  network 10.233.81.194 0.0.0.0
  network 10.233.81.200 0.0.0.7
  network 10.233.251.4 0.0.0.3
  network 10.233.251.40 0.0.0.3
  network 10.233.86.68 0.0.0.3
  network 10.233.251.56 0.0.0.3
  network 10.233.251.64 0.0.0.3
  network 10.233.251.112 0.0.0.3
  network 10.233.251.128 0.0.0.3
  network 10.233.251.136 0.0.0.3
  network 10.233.251.144 0.0.0.3
  network 10.233.251.152 0.0.0.3
#
route-policy route_in permit node 10
 if-match ip-prefix route_in
#
nqa-jitter tag-version 1

#
 ip ip-prefix route_in index 10 permit 10.233.104.0 24
 ip ip-prefix route_in index 20 permit 10.233.251.8 32
 ip ip-prefix route_in index 30 permit 10.233.251.11 32
 ip ip-prefix route_in index 40 permit 10.233.251.16 32
 ip ip-prefix route_in index 50 permit 10.233.251.18 32
 ip ip-prefix route_in index 60 permit 10.233.251.19 32
 ip ip-prefix route_in index 70 permit 10.233.251.245 32
 ip ip-prefix route_in index 80 permit 10.233.251.246 32
 ip ip-prefix route_in index 90 permit 10.233.251.247 32
 ip ip-prefix route_in index 100 permit 10.233.251.248 32
 ip ip-prefix route_in index 110 permit 10.233.251.250 32
 ip ip-prefix route_in index 120 permit 10.233.251.252 32
#
 ip route-static 10.233.81.141 255.255.255.255 10.233.81.202
 ip route-static 10.233.104.0 255.255.255.0 10.233.81.202
 ip route-static 10.233.251.8 255.255.255.255 10.233.251.6
 ip route-static 10.233.251.11 255.255.255.255 10.233.251.42
 ip route-static 10.233.251.16 255.255.255.255 10.233.251.74
 ip route-static 10.233.251.18 255.255.255.255 10.233.251.58
 ip route-static 10.233.251.19 255.255.255.255 10.233.251.66
 ip route-static 10.233.251.245 255.255.255.255 10.233.251.42 description dianli_fangqiedian
 ip route-static 10.233.251.246 255.255.255.255 10.233.251.146 description dianli_dianya
 ip route-static 10.233.251.247 255.255.255.255 10.233.251.138
 ip route-static 10.233.251.248 255.255.255.255 10.233.251.130
 ip route-static 10.233.251.250 255.255.255.255 10.233.251.114
 ip route-static 10.233.251.252 255.255.255.255 10.233.251.98
 ip route-static 10.241.106.34 255.255.255.255 10.233.81.202
 ip route-static 10.241.118.0 255.255.255.248 10.233.81.202
#
 snmp-agent
 snmp-agent local-engineid 000007DB7F00000100001204
 snmp-agent community read  LCjcGPRS
 snmp-agent community read  xzyd!GPRS0891 acl 2001
 snmp-agent community read  XZYD_smjk-2018
 snmp-agent sys-info version v2c v3
 snmp-agent target-host trap address udp-domain 10.237.95.23 params securityname LCjcGPRS v2c
 snmp-agent target-host trap address udp-domain 10.233.104.39 params securityname xzyd!GPRS0891 v2c
 snmp-agent trap enable bfd
 snmp-agent trap enable ospf 1
 snmp-agent trap enable lsp
 snmp-agent trap enable te tunnel
 snmp-agent trap enable static-lsp
 snmp-agent trap enable te tunnel-reop
 snmp-agent trap enable te te-frr
 snmp-agent trap enable te te-frr private
 snmp-agent trap enable te hot-standby
 snmp-agent trap enable te ordinary
 snmp-agent trap enable ldp
 snmp-agent trap enable vpls
 snmp-agent trap enable kompella
 snmp-agent trap enable configuration
 snmp-agent trap enable system
 snmp-agent trap enable standard
 snmp-agent trap enable flash
 snmp-agent trap enable privateent
#
 ntp-service authentication-keyid 2 authentication-mode md5 [H'G](GN]'7Q=^Q`MAF4<1!!
 ntp-service reliable authentication-keyid 2
 ntp-service max-dynamic-sessions 2
 ntp-service refclock-master  2
 ntp-service unicast-server 10.237.35.249
#
 ssh user shenma authentication-type password
 ssh user xz4a_admin authentication-type password
 ssh user jtcjxz authentication-type password
 ssh user cmxz_tangjin authentication-type password
 ssh user cmxz_licheng authentication-type password
 ssh user cmxz_feizeqing authentication-type password
 ssh user cszdxj authentication-type password
#
 header login information "Huawei"
#
user-interface con 0
 authentication-mode aaa
user-interface aux 0
 authentication-mode aaa
user-interface vty 0 3
 acl 2000 inbound
 authentication-mode aaa
 user privilege level 15
 screen-length 0
 protocol inbound all
user-interface vty 4
 acl 2000 inbound
 authentication-mode aaa
 user privilege level 1
 idle-timeout 20 0
 screen-length 0
 protocol inbound all
#
return
