<H3C>screen-length 0 temporary
                   ^
 % Unrecognized command found at '^' position.
<H3C>display version
H3C Comware Software, Version 7.1.070, Release 7557P03
Copyright (c) 2004-2017 New H3C Technologies Co., Ltd. All rights reserved.
H3C S7603 uptime is 67 weeks, 3 days, 10 hours, 1 minute
Last reboot reason : Cold reboot

Boot image: flash:/S7600-CMW710-BOOT-R7557P03.bin
Boot image version: 7.1.070, Release 7557P03
  Compiled Nov 07 2017 16:00:00
System image: flash:/S7600-CMW710-SYSTEM-R7557P03.bin
System image version: 7.1.070, Release 7557P03
  Compiled Nov 07 2017 16:00:00


MPU(M) 0:
Uptime is 67 weeks,3 days,10 hours,1 minute
BOARD TYPE:         LSQM2SUPA3
DRAM:               2048M bytes
FLASH:              2048M bytes
NVRAM:              1M bytes
PCB 1 Version:      VER.B
Bootrom Version:    127
CPLD 1 Version:     001
PowChip Version:    001
Release Version:    H3C S7603-7557P03
Patch Version  :    None
Reboot Cause  :     ColdReboot

MPU(S) 1:
Uptime is 67 weeks,3 days,10 hours,2 minutes
BOARD TYPE:         LSQM2SUPA3
DRAM:               2048M bytes
FLASH:              2048M bytes
NVRAM:              1M bytes
PCB 1 Version:      VER.B
Bootrom Version:    127
CPLD 1 Version:     001
PowChip Version:    001
Release Version:    H3C S7603-7557P03
Patch Version  :    None
Reboot Cause  :     ColdReboot

LPU 2:
Uptime is 67 weeks,3 days,9 hours,50 minutes
BOARD TYPE:         LSQM1TGS24FC3
DRAM:               2048M bytes
FLASH:              0M bytes
NVRAM:              0K bytes
PCB 1 Version:      VER.A
Bootrom Version:    124
CPLD 1 Version:     002
CPLD 2 Version:     001
PowChip Version:    001
Release Version:    H3C S7603-7557P03
Patch Version  :    None
Reboot Cause  :     ColdReboot

LPU 3:
Uptime is 67 weeks,3 days,9 hours,56 minutes
BOARD TYPE:         LSQM1TGS24FC3
DRAM:               2048M bytes
FLASH:              0M bytes
NVRAM:              0K bytes
PCB 1 Version:      VER.A
Bootrom Version:    124
CPLD 1 Version:     002
CPLD 2 Version:     001
PowChip Version:    001
Release Version:    H3C S7603-7557P03
Patch Version  :    None
Reboot Cause  :     ColdReboot

LPU 4:
Uptime is 67 weeks,3 days,9 hours,57 minutes
BOARD TYPE:         LSQM1GT48FC3
DRAM:               2048M bytes
FLASH:              0M bytes
NVRAM:              0K bytes
PCB 1 Version:      VER.A
Bootrom Version:    124
CPLD 1 Version:     002
PowChip Version:    001
Release Version:    H3C S7603-7557P03
Patch Version  :    None
Reboot Cause  :     ColdReboot
<H3C>display device
Slot No. Brd Type             Brd Status  Subslot  Sft Ver            Patch Ver
 0       LSQM2SUPA3           Master      0        S7600-7557P03      None      
 1       LSQM2SUPA3           Standby     0        S7600-7557P03      None      
 2       LSQM1TGS24FC3        Normal      0        S7600-7557P03      None      
 3       LSQM1TGS24FC3        Normal      0        S7600-7557P03      None      
 4       LSQM1GT48FC3         Normal      0        S7600-7557P03      None      
<H3C>display startup
MainBoard:
 Current startup saved-configuration file: flash:/startup.cfg
 Next main startup saved-configuration file: flash:/startup.cfg
 Next backup startup saved-configuration file: NULL
Slot 1:
 Current startup saved-configuration file: flash:/startup.cfg
 Next main startup saved-configuration file: flash:/startup.cfg
 Next backup startup saved-configuration file: NULL
<H3C>display cpu-usage
Slot 0 CPU 0 CPU usage:
       0% in last 5 seconds
       1% in last 1 minute
       0% in last 5 minutes

Slot 1 CPU 0 CPU usage:
       0% in last 5 seconds
       0% in last 1 minute
       0% in last 5 minutes

Slot 2 CPU 0 CPU usage:
       6% in last 5 seconds
       6% in last 1 minute
       6% in last 5 minutes

Slot 3 CPU 0 CPU usage:
       6% in last 5 seconds
       6% in last 1 minute
       6% in last 5 minutes

Slot 4 CPU 0 CPU usage:
       4% in last 5 seconds
       4% in last 1 minute
       4% in last 5 minutes

<H3C>display memory-usage
             ^
 % Unrecognized command found at '^' position.
<H3C>display interface brief
Brief information on interfaces in route mode:
Link: ADM - administratively down; Stby - standby
Protocol: (s) - spoofing
Interface            Link Protocol Primary IP      Description                
InLoop0              UP   UP(s)    --              
MGE0/0/0             ADM  DOWN     --              
MGE0/0/1             ADM  DOWN     --              
NULL0                UP   UP(s)    --              
REG0                 UP   --       --              
Vlan1                ADM  DOWN     --              
Vlan20               UP   UP       10.233.138.240  
Vlan30               DOWN DOWN     --              

Brief information on interfaces in bridge mode:
Link: ADM - administratively down; Stby - standby
Speed: (a) - auto
Duplex: (a)/A - auto; H - half; F - full
Type: A - access; T - trunk; H - hybrid
Interface            Link Speed   Duplex Type PVID Description                
BAGG1                UP   40G(a)  F(a)   A    20   TO_I18-9300
BAGG2                UP   40G(a)  F(a)   A    20   TO_I19-9300
BAGG3                UP   40G(a)  F(a)   A    20   
GE4/0/1              ADM  auto    A      A    20   
GE4/0/2              ADM  auto    A      A    20   
GE4/0/3              ADM  auto    A      A    20   
GE4/0/4              ADM  auto    A      A    20   
GE4/0/5              ADM  auto    A      A    20   
GE4/0/6              ADM  auto    A      A    20   
GE4/0/7              ADM  auto    A      A    20   
GE4/0/8              ADM  auto    A      A    20   
GE4/0/9              ADM  auto    A      A    20   
GE4/0/10             ADM  auto    A      A    20   
GE4/0/11             UP   1G(a)   F(a)   A    20   
GE4/0/12             ADM  auto    A      A    20   
GE4/0/13             ADM  auto    A      A    20   
GE4/0/14             ADM  auto    A      A    20   
GE4/0/15             ADM  auto    A      A    20   
GE4/0/16             ADM  auto    A      A    20   
GE4/0/17             ADM  auto    A      A    20   
GE4/0/18             ADM  auto    A      A    20   
GE4/0/19             ADM  auto    A      A    20   
GE4/0/20             ADM  auto    A      A    20   
GE4/0/21             ADM  auto    A      A    20   
GE4/0/22             ADM  auto    A      A    20   
GE4/0/23             ADM  auto    A      A    20   
GE4/0/24             ADM  auto    A      A    20   
GE4/0/25             ADM  auto    A      A    20   
GE4/0/26             ADM  auto    A      A    20   
GE4/0/27             ADM  auto    A      A    20   
GE4/0/28             ADM  auto    A      A    20   
GE4/0/29             ADM  auto    A      A    20   
GE4/0/30             ADM  auto    A      A    20   
GE4/0/31             ADM  auto    A      A    20   
GE4/0/32             ADM  auto    A      A    20   
GE4/0/33             ADM  auto    A      A    20   
GE4/0/34             ADM  auto    A      A    20   
GE4/0/35             ADM  auto    A      A    20   
GE4/0/36             ADM  auto    A      A    20   
GE4/0/37             ADM  auto    A      A    20   
GE4/0/38             ADM  auto    A      A    20   
GE4/0/39             ADM  auto    A      A    20   
GE4/0/40             ADM  auto    A      A    20   
GE4/0/41             ADM  auto    A      A    20   
GE4/0/42             ADM  auto    A      A    20   
GE4/0/43             ADM  auto    A      A    20   
GE4/0/44             ADM  auto    A      A    20   
GE4/0/45             ADM  auto    A      A    20   
GE4/0/46             ADM  auto    A      A    20   
GE4/0/47             ADM  auto    A      A    20   
GE4/0/48             ADM  auto    A      A    20   
XGE2/0/1             UP   10G(a)  F(a)   A    20   
XGE2/0/2             UP   10G(a)  F(a)   A    20   
XGE2/0/3             UP   10G(a)  F(a)   A    20   
XGE2/0/4             UP   10G(a)  F(a)   A    20   
XGE2/0/5             UP   10G(a)  F(a)   A    20   
XGE2/0/6             UP   10G(a)  F(a)   A    20   
XGE2/0/7             UP   10G(a)  F(a)   A    20   
XGE2/0/8             UP   10G(a)  F(a)   A    20   
XGE2/0/9             UP   10G(a)  F(a)   A    20   
XGE2/0/10            UP   10G(a)  F(a)   A    20   
XGE2/0/11            UP   10G(a)  F(a)   A    20   
XGE2/0/12            ADM  auto    A      A    20   
XGE2/0/13            UP   10G(a)  F(a)   A    20   
XGE2/0/14            DOWN auto    A      A    20   
XGE2/0/15            UP   10G(a)  F(a)   A    20   
XGE2/0/16            ADM  auto    A      A    20   
XGE2/0/17            DOWN auto    A      A    20   
XGE2/0/18            ADM  auto    A      A    20   
XGE2/0/19            DOWN auto    A      A    20   
XGE2/0/20            DOWN auto    A      A    20   
XGE2/0/21            DOWN auto    A      A    20   
XGE2/0/22            UP   10G(a)  F(a)   T    1    
XGE2/0/23            DOWN auto    A      A    20   
XGE2/0/24            UP   10G(a)  F(a)   A    20   
XGE3/0/1             UP   10G(a)  F(a)   A    20   
XGE3/0/2             UP   10G(a)  F(a)   A    20   
XGE3/0/3             UP   10G(a)  F(a)   A    20   
XGE3/0/4             UP   10G(a)  F(a)   A    20   
XGE3/0/5             UP   10G(a)  F(a)   A    20   
XGE3/0/6             UP   10G(a)  F(a)   A    20   
XGE3/0/7             UP   10G(a)  F(a)   A    20   
XGE3/0/8             UP   10G(a)  F(a)   A    20   
XGE3/0/9             UP   10G(a)  F(a)   A    20   
XGE3/0/10            UP   10G(a)  F(a)   A    20   
XGE3/0/11            UP   10G(a)  F(a)   T    1    
XGE3/0/12            UP   10G(a)  F(a)   T    1    
XGE3/0/13            UP   10G(a)  F(a)   A    20   to:F02 HUAWEI-S9306
XGE3/0/14            UP   10G(a)  F(a)   A    20   
XGE3/0/15            UP   10G(a)  F(a)   A    20   
XGE3/0/16            UP   10G(a)  F(a)   A    20   
XGE3/0/17            UP   10G(a)  F(a)   A    20   
XGE3/0/18            ADM  auto    A      A    20   
XGE3/0/19            UP   10G(a)  F(a)   A    20   
XGE3/0/20            ADM  auto    A      A    20   
XGE3/0/21            UP   10G(a)  F(a)   A    20   
XGE3/0/22            ADM  auto    A      A    20   
XGE3/0/23            ADM  auto    A      A    20   
XGE3/0/24            ADM  auto    A      A    20   

<H3C>display ip interface brief
*down: administratively down
(s): spoofing  (l): loopback
Interface           Physical Protocol IP address      VPN instance Description  
MGE0/0/0            *down    down     --              --           --
MGE0/0/1            *down    down     --              --           --
Vlan1               *down    down     --              --           --
Vlan20              up       up       10.233.138.240  --           --
Vlan30              down     down     --              --           --
<H3C>display current-configuration
#
 version 7.1.070, Release 7557P03
#
mdc Admin id 1
#
 sysname H3C
#
 telnet server enable
#
 forward-path-detection enable
#
 ip urpf strict
#
 system-working-mode standard
 xbar load-balance
 password-recovery enable
#
vlan 1
#
vlan 20
#
vlan 30
#
traffic classifier dd operator and
 if-match acl 3010
#
ftth
#
interface Bridge-Aggregation1
 description TO_I18-9300
 port access vlan 20
#
interface Bridge-Aggregation2
 description TO_I19-9300
 port access vlan 20
#
interface Bridge-Aggregation3
 port access vlan 20
#
interface NULL0
#
interface Vlan-interface1
 shutdown
#
interface Vlan-interface20
 ip address 10.233.138.240 255.255.255.0
#              
interface Vlan-interface30
#
interface GigabitEthernet4/0/1
 port link-mode bridge
 port access vlan 20
 shutdown
#
interface GigabitEthernet4/0/2
 port link-mode bridge
 port access vlan 20
 shutdown
#
interface GigabitEthernet4/0/3
 port link-mode bridge
 port access vlan 20
 shutdown
#
interface GigabitEthernet4/0/4
 port link-mode bridge
 port access vlan 20
 shutdown
#
interface GigabitEthernet4/0/5
 port link-mode bridge
 port access vlan 20
 shutdown
#
interface GigabitEthernet4/0/6
 port link-mode bridge
 port access vlan 20
 shutdown
#
interface GigabitEthernet4/0/7
 port link-mode bridge
 port access vlan 20
 shutdown
#
interface GigabitEthernet4/0/8
 port link-mode bridge
 port access vlan 20
 shutdown
#
interface GigabitEthernet4/0/9
 port link-mode bridge
 port access vlan 20
 shutdown      
#
interface GigabitEthernet4/0/10
 port link-mode bridge
 port access vlan 20
 shutdown
#
interface GigabitEthernet4/0/11
 port link-mode bridge
 port access vlan 20
 packet-filter 3000 inbound
#
interface GigabitEthernet4/0/12
 port link-mode bridge
 port access vlan 20
 shutdown
#
interface GigabitEthernet4/0/13
 port link-mode bridge
 port access vlan 20
 shutdown
#
interface GigabitEthernet4/0/14
 port link-mode bridge
 port access vlan 20
 shutdown
#
interface GigabitEthernet4/0/15
 port link-mode bridge
 port access vlan 20
 shutdown
#
interface GigabitEthernet4/0/16
 port link-mode bridge
 port access vlan 20
 shutdown
#
interface GigabitEthernet4/0/17
 port link-mode bridge
 port access vlan 20
 shutdown
#
interface GigabitEthernet4/0/18
 port link-mode bridge
 port access vlan 20
 shutdown
#              
interface GigabitEthernet4/0/19
 port link-mode bridge
 port access vlan 20
 shutdown
#
interface GigabitEthernet4/0/20
 port link-mode bridge
 port access vlan 20
 shutdown
#
interface GigabitEthernet4/0/21
 port link-mode bridge
 port access vlan 20
 shutdown
#
interface GigabitEthernet4/0/22
 port link-mode bridge
 port access vlan 20
 shutdown
#
interface GigabitEthernet4/0/23
 port link-mode bridge
 port access vlan 20
 shutdown
#
interface GigabitEthernet4/0/24
 port link-mode bridge
 port access vlan 20
 shutdown
#
interface GigabitEthernet4/0/25
 port link-mode bridge
 port access vlan 20
 shutdown
#
interface GigabitEthernet4/0/26
 port link-mode bridge
 port access vlan 20
 shutdown
#
interface GigabitEthernet4/0/27
 port link-mode bridge
 port access vlan 20
 shutdown
#
interface GigabitEthernet4/0/28
 port link-mode bridge
 port access vlan 20
 shutdown
#
interface GigabitEthernet4/0/29
 port link-mode bridge
 port access vlan 20
 shutdown
#
interface GigabitEthernet4/0/30
 port link-mode bridge
 port access vlan 20
 shutdown
#
interface GigabitEthernet4/0/31
 port link-mode bridge
 port access vlan 20
 shutdown
#
interface GigabitEthernet4/0/32
 port link-mode bridge
 port access vlan 20
 shutdown      
#
interface GigabitEthernet4/0/33
 port link-mode bridge
 port access vlan 20
 shutdown
#
interface GigabitEthernet4/0/34
 port link-mode bridge
 port access vlan 20
 shutdown
#
interface GigabitEthernet4/0/35
 port link-mode bridge
 port access vlan 20
 shutdown
#
interface GigabitEthernet4/0/36
 port link-mode bridge
 port access vlan 20
 shutdown
#
interface GigabitEthernet4/0/37
 port link-mode bridge
 port access vlan 20
 shutdown
#
interface GigabitEthernet4/0/38
 port link-mode bridge
 port access vlan 20
 shutdown
#
interface GigabitEthernet4/0/39
 port link-mode bridge
 port access vlan 20
 shutdown
#
interface GigabitEthernet4/0/40
 port link-mode bridge
 port access vlan 20
 shutdown
#
interface GigabitEthernet4/0/41
 port link-mode bridge
 port access vlan 20
 shutdown
#              
interface GigabitEthernet4/0/42
 port link-mode bridge
 port access vlan 20
 shutdown
#
interface GigabitEthernet4/0/43
 port link-mode bridge
 port access vlan 20
 shutdown
#
interface GigabitEthernet4/0/44
 port link-mode bridge
 port access vlan 20
 shutdown
#
interface GigabitEthernet4/0/45
 port link-mode bridge
 port access vlan 20
 shutdown
#
interface GigabitEthernet4/0/46
 port link-mode bridge
 port access vlan 20
 shutdown
#
interface GigabitEthernet4/0/47
 port link-mode bridge
 port access vlan 20
 shutdown
#
interface GigabitEthernet4/0/48
 port link-mode bridge
 port access vlan 20
 shutdown
#
interface M-GigabitEthernet0/0/0
 shutdown
#
interface M-GigabitEthernet0/0/1
 shutdown
#
interface Ten-GigabitEthernet2/0/1
 port link-mode bridge
 port access vlan 20
#
interface Ten-GigabitEthernet2/0/2
 port link-mode bridge
 port access vlan 20
#
interface Ten-GigabitEthernet2/0/3
 port link-mode bridge
 port access vlan 20
#
interface Ten-GigabitEthernet2/0/4
 port link-mode bridge
 port access vlan 20
#
interface Ten-GigabitEthernet2/0/5
 port link-mode bridge
 port access vlan 20
#
interface Ten-GigabitEthernet2/0/6
 port link-mode bridge
 port access vlan 20
#
interface Ten-GigabitEthernet2/0/7
 port link-mode bridge
 port access vlan 20
#              
interface Ten-GigabitEthernet2/0/8
 port link-mode bridge
 port access vlan 20
#
interface Ten-GigabitEthernet2/0/9
 port link-mode bridge
 port access vlan 20
#
interface Ten-GigabitEthernet2/0/10
 port link-mode bridge
 port access vlan 20
#
interface Ten-GigabitEthernet2/0/11
 port link-mode bridge
 port access vlan 20
#
interface Ten-GigabitEthernet2/0/12
 port link-mode bridge
 port access vlan 20
 shutdown
#
interface Ten-GigabitEthernet2/0/13
 port link-mode bridge
 port access vlan 20
#
interface Ten-GigabitEthernet2/0/14
 port link-mode bridge
 port access vlan 20
#
interface Ten-GigabitEthernet2/0/15
 port link-mode bridge
 port access vlan 20
#
interface Ten-GigabitEthernet2/0/16
 port link-mode bridge
 port access vlan 20
 shutdown
#
interface Ten-GigabitEthernet2/0/17
 port link-mode bridge
 port access vlan 20
#
interface Ten-GigabitEthernet2/0/18
 port link-mode bridge
 port access vlan 20
 shutdown      
#
interface Ten-GigabitEthernet2/0/19
 port link-mode bridge
 port access vlan 20
#
interface Ten-GigabitEthernet2/0/20
 port link-mode bridge
 port access vlan 20
#
interface Ten-GigabitEthernet2/0/21
 port link-mode bridge
 port access vlan 20
#
interface Ten-GigabitEthernet2/0/22
 port link-mode bridge
 port link-type trunk
 undo port trunk permit vlan 1
 port trunk permit vlan 20
#
interface Ten-GigabitEthernet2/0/23
 port link-mode bridge
 port access vlan 20
#              
interface Ten-GigabitEthernet2/0/24
 port link-mode bridge
 port access vlan 20
#
interface Ten-GigabitEthernet3/0/1
 port link-mode bridge
 port access vlan 20
 port link-aggregation group 3
#
interface Ten-GigabitEthernet3/0/2
 port link-mode bridge
 port access vlan 20
 port link-aggregation group 3
#
interface Ten-GigabitEthernet3/0/3
 port link-mode bridge
 port access vlan 20
 port link-aggregation group 1
#
interface Ten-GigabitEthernet3/0/4
 port link-mode bridge
 port access vlan 20
 port link-aggregation group 1
#
interface Ten-GigabitEthernet3/0/5
 port link-mode bridge
 port access vlan 20
 port link-aggregation group 1
#
interface Ten-GigabitEthernet3/0/6
 port link-mode bridge
 port access vlan 20
 port link-aggregation group 1
#
interface Ten-GigabitEthernet3/0/7
 port link-mode bridge
 port access vlan 20
 port link-aggregation group 2
#
interface Ten-GigabitEthernet3/0/8
 port link-mode bridge
 port access vlan 20
 port link-aggregation group 2
#
interface Ten-GigabitEthernet3/0/9
 port link-mode bridge
 port access vlan 20
 port link-aggregation group 2
#
interface Ten-GigabitEthernet3/0/10
 port link-mode bridge
 port access vlan 20
 port link-aggregation group 2
#
interface Ten-GigabitEthernet3/0/11
 port link-mode bridge
 port link-type trunk
 undo port trunk permit vlan 1
 port trunk permit vlan 20
#
interface Ten-GigabitEthernet3/0/12
 port link-mode bridge
 port link-type trunk
 undo port trunk permit vlan 1
 port trunk permit vlan 20
#
interface Ten-GigabitEthernet3/0/13
 port link-mode bridge
 description to:F02 HUAWEI-S9306
 port access vlan 20
#
interface Ten-GigabitEthernet3/0/14
 port link-mode bridge
 port access vlan 20
 port link-aggregation group 3
#
interface Ten-GigabitEthernet3/0/15
 port link-mode bridge
 port access vlan 20
#
interface Ten-GigabitEthernet3/0/16
 port link-mode bridge
 port access vlan 20
 port link-aggregation group 3
#
interface Ten-GigabitEthernet3/0/17
 port link-mode bridge
 port access vlan 20
#
interface Ten-GigabitEthernet3/0/18
 port link-mode bridge
 port access vlan 20
 shutdown
#
interface Ten-GigabitEthernet3/0/19
 port link-mode bridge
 port access vlan 20
#
interface Ten-GigabitEthernet3/0/20
 port link-mode bridge
 port access vlan 20
 shutdown
#
interface Ten-GigabitEthernet3/0/21
 port link-mode bridge
 port access vlan 20
#
interface Ten-GigabitEthernet3/0/22
 port link-mode bridge
 port access vlan 20
 shutdown
#
interface Ten-GigabitEthernet3/0/23
 port link-mode bridge
 port access vlan 20
 shutdown
#
interface Ten-GigabitEthernet3/0/24
 port link-mode bridge
 port access vlan 20
 shutdown
#
 scheduler logfile size 16
#
line class aux
 user-role network-admin
#
line class vty
 user-role network-operator
#
line aux 0
 authentication-mode password
 user-role network-admin
 set authentication password hash $h$6$u6GrVZstjzrglU7x$rT404gYcn3Y2Ss8yegyvBPBpEgka1bxbX0svm02B08IO+xpH7oHg0cZwZsTDiwXIOWOMfdwJURGBy5m7DOFi0g==
 idle-timeout 2 15
#
line aux 1
 authentication-mode password
 user-role network-admin
 set authentication password hash $h$6$Cblaz/l/xypHw9Mw$s1gN4l05F1Zi28BbLUw3wB8GiIr/CkIUhrMWsNVJ9U5KMVypI8OI/5dbLZjxZ8L3DdKXOaUUptgED0iF+hyzmg==
 idle-timeout 2 15
#
line vty 0 4
 authentication-mode scheme
 user-role network-operator
 protocol inbound ssh
 idle-timeout 2 15
#
line vty 5 63
 user-role network-operator
#
 ip route-static 0.0.0.0 0 10.233.138.1
 ip route-static 10.233.205.244 32 10.233.138.254
 ip route-static 10.237.35.0 24 10.233.138.254
 ip route-static 10.237.99.0 24 10.233.138.254
 ip route-static 10.237.100.0 24 10.233.138.254
#
 info-center loghost 10.237.35.254
 info-center loghost host-ip-addr
#
 snmp-agent    
 snmp-agent local-engineid 800063A28048BD3DBDC40100000001
 snmp-agent community read tE!b@t5m acl 2000
 snmp-agent community read wangguan@123 acl 2001
 snmp-agent sys-info version v2c v3 
#
 ssh server enable
 ssh user jtcjxz service-type stelnet authentication-type password
 ssh user xz4a_admin service-type stelnet authentication-type password
 ssh server acl 2000
#
 ssh2 algorithm cipher aes128-ctr
#
acl number 2000
 rule 20 permit source 10.241.93.0 0.0.0.255 logging
 rule 21 permit source 10.237.35.0 0.0.0.255 logging
 rule 22 permit source 10.233.138.0 0.0.0.255 logging
 rule 25 permit source 10.237.100.0 0.0.0.255 logging
#
acl number 2001
 rule 5 permit source 10.237.99.123 0
 rule 10 permit source 10.237.99.233 0
 rule 15 permit source 10.233.205.244 0
#              
acl number 3000
 rule 5 deny tcp destination-port eq 445
 rule 10 deny tcp destination-port eq 5800
 rule 15 deny tcp destination-port eq 5900
 rule 20 deny udp destination-port eq 1434
 rule 25 deny udp destination-port eq tftp
 rule 30 deny tcp destination-port eq 135
 rule 35 deny udp destination-port eq netbios-ns
 rule 40 deny udp destination-port eq netbios-dgm
 rule 45 deny tcp destination-port eq 139
 rule 50 deny udp destination-port eq netbios-ssn
 rule 55 deny tcp destination-port eq 539
 rule 60 deny udp destination-port eq 539
 rule 65 deny tcp destination-port eq 593
 rule 70 deny tcp destination-port eq 4786
 rule 75 permit ip
#
acl number 4000
#
domain system
#
 domain default enable system
#              
role name level-0
 description Predefined level-0 role
#
role name level-1
 description Predefined level-1 role
#
role name level-2
 description Predefined level-2 role
#
role name level-3
 description Predefined level-3 role
#
role name level-4
 description Predefined level-4 role
#
role name level-5
 description Predefined level-5 role
#
role name level-6
 description Predefined level-6 role
#
role name level-7
 description Predefined level-7 role
#
role name level-8
 description Predefined level-8 role
#
role name level-9
 description Predefined level-9 role
#
role name level-10
 description Predefined level-10 role
#
role name level-11
 description Predefined level-11 role
#
role name level-12
 description Predefined level-12 role
#
role name level-13
 description Predefined level-13 role
#
role name level-14
 description Predefined level-14 role
#
user-group system
#
local-user jtcjxz class manage
 password hash $h$6$DFe04yCUtslZljX+$nbksY5Wv+zF7j4+7PDvkWSVBxqyyHIfJNFHf7OsYS5/1p9QSeOzmAiDqPrkj1sYeZe6apmqKV5iqtnAGjln5YA==
 service-type ssh
 authorization-attribute user-role level-3
 authorization-attribute user-role network-operator
#
local-user langjiewangdui class manage
 password hash $h$6$gQbl3vr8sqVC1zDf$TfXqWkMwDxL3zLE43NUmcMKWaK4UUvpAlhu6sZ+9Kqhk1T6M0D1Mn50LDfa48REBYmTHkJcGd40vfjYI1UmGxA==
 service-type ssh
 authorization-attribute user-role level-0
 authorization-attribute user-role network-operator
#
local-user xz4a_admin class manage
 password hash $h$6$8fWycAYIKz2u8YQh$qH4jEYWfGZimqB/zSd+GxlnKr5zpsUzpNZz6S6dowOlZ+vEaEM6oipgB5JR3maReVPPHAYCkW10PhGzYsBceAQ==
 service-type ssh
 authorization-attribute user-role level-15
 authorization-attribute user-role network-operator
#
return
<H3C>display ip routing-table

Destinations : 17       Routes : 17

Destination/Mask   Proto   Pre Cost        NextHop         Interface
0.0.0.0/0          Static  60  0           10.233.138.1    Vlan20
0.0.0.0/32         Direct  0   0           127.0.0.1       InLoop0
10.233.138.0/24    Direct  0   0           10.233.138.240  Vlan20
10.233.138.0/32    Direct  0   0           10.233.138.240  Vlan20
10.233.138.240/32  Direct  0   0           127.0.0.1       InLoop0
10.233.138.255/32  Direct  0   0           10.233.138.240  Vlan20
10.233.205.244/32  Static  60  0           10.233.138.254  Vlan20
10.237.35.0/24     Static  60  0           10.233.138.254  Vlan20
10.237.99.0/24     Static  60  0           10.233.138.254  Vlan20
10.237.100.0/24    Static  60  0           10.233.138.254  Vlan20
127.0.0.0/8        Direct  0   0           127.0.0.1       InLoop0
127.0.0.0/32       Direct  0   0           127.0.0.1       InLoop0
127.0.0.1/32       Direct  0   0           127.0.0.1       InLoop0
127.255.255.255/32 Direct  0   0           127.0.0.1       InLoop0
224.0.0.0/4        Direct  0   0           0.0.0.0         NULL0
224.0.0.0/24       Direct  0   0           0.0.0.0         NULL0
255.255.255.255/32 Direct  0   0           127.0.0.1       InLoop0
<H3C>display logbuffer
Log buffer: Enabled
Max buffer size: 1024
Actual buffer size: 512
Dropped messages: 0
Overwritten messages: 219176
Current messages: 512
%Feb 14 16:48:31:692 2026 H3C SSHS/6/SSHS_LOG: User xz4a_admin logged out from 10.237.35.254 port 64259.
%Feb 14 16:48:31:692 2026 H3C SSHS/6/SSHS_DISCONNECT: SSH user xz4a_admin (IP: 10.237.35.254) disconnected from the server.
%Feb 15 14:22:18:193 2026 H3C SSHS/6/SSHS_LOG: Accepted password for xz4a_admin from 10.237.35.254 port 53770.

%Feb 15 14:22:19:240 2026 H3C SSHS/6/SSHS_CONNECT: SSH user xz4a_admin (IP: 10.237.35.254) connected to the server successfully.
%Feb 15 14:22:19:735 2026 H3C SHELL/5/SHELL_LOGIN: xz4a_admin logged in from 10.237.35.254.
%Feb 15 14:22:19:865 2026 H3C SHELL/6/SHELL_CMD: -Line=vty0-IPAddr=10.237.35.254-User=xz4a_admin; Command is display version
%Feb 15 14:22:19:929 2026 H3C SHELL/6/SHELL_CMD: -Line=vty0-IPAddr=10.237.35.254-User=xz4a_admin; Command is display device
%Feb 15 14:22:19:976 2026 H3C SHELL/4/SHELL_CMD_MATCHFAIL: -User=xz4a_admin-IPAddr=10.237.35.254; Command display alarm active in view shell failed to be matched.
%Feb 15 14:22:19:991 2026 H3C SHELL/6/SHELL_CMD: -Line=vty0-IPAddr=10.237.35.254-User=xz4a_admin; Command is dis alarm
%Feb 15 14:22:20:046 2026 H3C SHELL/6/SHELL_CMD: -Line=vty0-IPAddr=10.237.35.254-User=xz4a_admin; Command is dis cpu-usage
%Feb 15 14:22:20:127 2026 H3C SHELL/6/SHELL_CMD: -Line=vty0-IPAddr=10.237.35.254-User=xz4a_admin; Command is display memory
%Feb 15 14:22:20:185 2026 H3C SHELL/6/SHELL_CMD: -Line=vty0-IPAddr=10.237.35.254-User=xz4a_admin; Command is display ip interface brief
%Feb 15 14:22:20:233 2026 H3C SHELL/6/SHELL_CMD: -Line=vty0-IPAddr=10.237.35.254-User=xz4a_admin; Command is display current-configuration
%Feb 15 14:24:36:651 2026 H3C SHELL/5/SHELL_LOGOUT: xz4a_admin logged out from 10.237.35.254.
%Feb 15 14:24:36:684 2026 H3C SSHS/6/SSHS_LOG: User xz4a_admin logged out from 10.237.35.254 port 53770.
%Feb 15 14:24:36:684 2026 H3C SSHS/6/SSHS_DISCONNECT: SSH user xz4a_admin (IP: 10.237.35.254) disconnected from the server.
%Feb 16 18:47:29:198 2026 H3C SSHS/6/SSHS_LOG: Accepted password for xz4a_admin from 10.237.35.254 port 58971.

%Feb 16 18:47:30:254 2026 H3C SSHS/6/SSHS_CONNECT: SSH user xz4a_admin (IP: 10.237.35.254) connected to the server successfully.
%Feb 16 18:47:30:745 2026 H3C SHELL/5/SHELL_LOGIN: xz4a_admin logged in from 10.237.35.254.
%Feb 16 18:47:30:862 2026 H3C SHELL/6/SHELL_CMD: -Line=vty0-IPAddr=10.237.35.254-User=xz4a_admin; Command is display version
%Feb 16 18:47:30:930 2026 H3C SHELL/6/SHELL_CMD: -Line=vty0-IPAddr=10.237.35.254-User=xz4a_admin; Command is display device
%Feb 16 18:47:30:975 2026 H3C SHELL/4/SHELL_CMD_MATCHFAIL: -User=xz4a_admin-IPAddr=10.237.35.254; Command display alarm active in view shell failed to be matched.
%Feb 16 18:47:30:987 2026 H3C SHELL/6/SHELL_CMD: -Line=vty0-IPAddr=10.237.35.254-User=xz4a_admin; Command is dis alarm
%Feb 16 18:47:31:044 2026 H3C SHELL/6/SHELL_CMD: -Line=vty0-IPAddr=10.237.35.254-User=xz4a_admin; Command is dis cpu-usage
%Feb 16 18:47:31:090 2026 H3C SHELL/6/SHELL_CMD: -Line=vty0-IPAddr=10.237.35.254-User=xz4a_admin; Command is dis cpu
%Feb 16 18:47:31:147 2026 H3C SHELL/4/SHELL_CMD_MATCHFAIL: -User=xz4a_admin-IPAddr=10.237.35.254; Command display memory all in view shell failed to be matched.
%Feb 16 18:47:31:159 2026 H3C SHELL/6/SHELL_CMD: -Line=vty0-IPAddr=10.237.35.254-User=xz4a_admin; Command is display memory
%Feb 16 18:47:31:213 2026 H3C SHELL/6/SHELL_CMD: -Line=vty0-IPAddr=10.237.35.254-User=xz4a_admin; Command is display interface brief
%Feb 16 18:47:31:355 2026 H3C SHELL/6/SHELL_CMD: -Line=vty0-IPAddr=10.237.35.254-User=xz4a_admin; Command is display ip interface brief
%Feb 16 18:47:31:419 2026 H3C SHELL/6/SHELL_CMD: -Line=vty0-IPAddr=10.237.35.254-User=xz4a_admin; Command is display current-configuration
%Feb 16 18:47:31:510 2026 H3C SHELL/6/SHELL_CMD: -Line=vty0-IPAddr=10.237.35.254-User=xz4a_admin; Command is display ip rout
%Feb 16 18:47:31:553 2026 H3C SHELL/6/SHELL_CMD: -Line=vty0-IPAddr=10.237.35.254-User=xz4a_admin; Command is display logbuffer
%Feb 16 18:49:47:543 2026 H3C SHELL/5/SHELL_LOGOUT: xz4a_admin logged out from 10.237.35.254.
%Feb 16 18:49:47:577 2026 H3C SSHS/6/SSHS_LOG: User xz4a_admin logged out from 10.237.35.254 port 58971.
%Feb 16 18:49:47:577 2026 H3C SSHS/6/SSHS_DISCONNECT: SSH user xz4a_admin (IP: 10.237.35.254) disconnected from the server.
%Feb 17 14:36:51:827 2026 H3C SSHS/6/SSHS_LOG: Accepted password for xz4a_admin from 10.237.35.254 port 65118.

%Feb 17 14:36:52:870 2026 H3C SSHS/6/SSHS_CONNECT: SSH user xz4a_admin (IP: 10.237.35.254) connected to the server successfully.
%Feb 17 14:36:53:358 2026 H3C SHELL/5/SHELL_LOGIN: xz4a_admin logged in from 10.237.35.254.
%Feb 17 14:36:54:231 2026 H3C SHELL/6/SHELL_CMD: -Line=vty0-IPAddr=10.237.35.254-User=xz4a_admin; Command is display version
%Feb 17 14:36:54:294 2026 H3C SHELL/4/SHELL_CMD_MATCHFAIL: -User=xz4a_admin-IPAddr=10.237.35.254; Command display alarm active in view shell failed to be matched.
%Feb 17 14:36:54:327 2026 H3C SHELL/6/SHELL_CMD: -Line=vty0-IPAddr=10.237.35.254-User=xz4a_admin; Command is dis alarm
%Feb 17 14:36:54:389 2026 H3C SHELL/6/SHELL_CMD: -Line=vty0-IPAddr=10.237.35.254-User=xz4a_admin; Command is dis cpu-usage
%Feb 17 14:36:54:439 2026 H3C SHELL/6/SHELL_CMD: -Line=vty0-IPAddr=10.237.35.254-User=xz4a_admin; Command is dis cpu
%Feb 17 14:36:54:490 2026 H3C SHELL/4/SHELL_CMD_MATCHFAIL: -User=xz4a_admin-IPAddr=10.237.35.254; Command display memory all in view shell failed to be matched.
%Feb 17 14:36:54:501 2026 H3C SHELL/6/SHELL_CMD: -Line=vty0-IPAddr=10.237.35.254-User=xz4a_admin; Command is display memory
%Feb 17 14:36:54:564 2026 H3C SHELL/6/SHELL_CMD: -Line=vty0-IPAddr=10.237.35.254-User=xz4a_admin; Command is display interface brief
%Feb 17 14:36:54:672 2026 H3C SHELL/6/SHELL_CMD: -Line=vty0-IPAddr=10.237.35.254-User=xz4a_admin; Command is display ip interface brief
%Feb 17 14:36:54:715 2026 H3C SHELL/6/SHELL_CMD: -Line=vty0-IPAddr=10.237.35.254-User=xz4a_admin; Command is display current-configuration
%Feb 17 14:36:54:816 2026 H3C SHELL/6/SHELL_CMD: -Line=vty0-IPAddr=10.237.35.254-User=xz4a_admin; Command is display ip rout
%Feb 17 14:36:54:857 2026 H3C SHELL/6/SHELL_CMD: -Line=vty0-IPAddr=10.237.35.254-User=xz4a_admin; Command is display logbuffer
%Feb 17 14:39:10:846 2026 H3C SHELL/5/SHELL_LOGOUT: xz4a_admin logged out from 10.237.35.254.
%Feb 17 14:39:10:876 2026 H3C SSHS/6/SSHS_LOG: User xz4a_admin logged out from 10.237.35.254 port 65118.
%Feb 17 14:39:10:876 2026 H3C SSHS/6/SSHS_DISCONNECT: SSH user xz4a_admin (IP: 10.237.35.254) disconnected from the server.
%Feb 17 14:46:29:703 2026 H3C SSHS/6/SSHS_LOG: Accepted password for xz4a_admin from 10.237.35.254 port 50216.

%Feb 17 14:46:30:747 2026 H3C SSHS/6/SSHS_CONNECT: SSH user xz4a_admin (IP: 10.237.35.254) connected to the server successfully.
%Feb 17 14:46:31:239 2026 H3C SHELL/5/SHELL_LOGIN: xz4a_admin logged in from 10.237.35.254.
%Feb 17 14:46:38:048 2026 H3C SHELL/6/SHELL_CMD: -Line=vty0-IPAddr=10.237.35.254-User=xz4a_admin; Command is dis logbuffer
%Feb 17 14:48:57:165 2026 H3C SHELL/5/SHELL_LOGOUT: xz4a_admin logged out from 10.237.35.254.
%Feb 17 14:48:57:199 2026 H3C SSHS/6/SSHS_LOG: User xz4a_admin logged out from 10.237.35.254 port 50216.
%Feb 17 14:48:57:199 2026 H3C SSHS/6/SSHS_DISCONNECT: SSH user xz4a_admin (IP: 10.237.35.254) disconnected from the server.
%Feb 18 15:10:15:965 2026 H3C SSHS/6/SSHS_LOG: Accepted password for xz4a_admin from 10.237.35.254 port 50534.

%Feb 18 15:10:17:009 2026 H3C SSHS/6/SSHS_CONNECT: SSH user xz4a_admin (IP: 10.237.35.254) connected to the server successfully.
%Feb 18 15:10:17:497 2026 H3C SHELL/5/SHELL_LOGIN: xz4a_admin logged in from 10.237.35.254.
%Feb 18 15:10:17:654 2026 H3C SHELL/6/SHELL_CMD: -Line=vty0-IPAddr=10.237.35.254-User=xz4a_admin; Command is display version
%Feb 18 15:10:17:713 2026 H3C SHELL/6/SHELL_CMD: -Line=vty0-IPAddr=10.237.35.254-User=xz4a_admin; Command is display device
%Feb 18 15:10:17:758 2026 H3C SHELL/4/SHELL_CMD_MATCHFAIL: -User=xz4a_admin-IPAddr=10.237.35.254; Command display alarm active in view shell failed to be matched.
%Feb 18 15:10:17:777 2026 H3C SHELL/6/SHELL_CMD: -Line=vty0-IPAddr=10.237.35.254-User=xz4a_admin; Command is dis alarm
%Feb 18 15:10:17:824 2026 H3C SHELL/6/SHELL_CMD: -Line=vty0-IPAddr=10.237.35.254-User=xz4a_admin; Command is dis cpu-usage
%Feb 18 15:10:17:898 2026 H3C SHELL/6/SHELL_CMD: -Line=vty0-IPAddr=10.237.35.254-User=xz4a_admin; Command is display memory
%Feb 18 15:10:17:972 2026 H3C SHELL/6/SHELL_CMD: -Line=vty0-IPAddr=10.237.35.254-User=xz4a_admin; Command is display ip interface brief
%Feb 18 15:10:18:039 2026 H3C SHELL/6/SHELL_CMD: -Line=vty0-IPAddr=10.237.35.254-User=xz4a_admin; Command is display current-configuration
%Feb 18 15:10:18:132 2026 H3C SHELL/6/SHELL_CMD: -Line=vty0-IPAddr=10.237.35.254-User=xz4a_admin; Command is display ip rout
%Feb 18 15:10:18:173 2026 H3C SHELL/6/SHELL_CMD: -Line=vty0-IPAddr=10.237.35.254-User=xz4a_admin; Command is display logbuffer
%Feb 18 15:12:34:162 2026 H3C SHELL/5/SHELL_LOGOUT: xz4a_admin logged out from 10.237.35.254.
%Feb 18 15:12:34:193 2026 H3C SSHS/6/SSHS_LOG: User xz4a_admin logged out from 10.237.35.254 port 50534.
%Feb 18 15:12:34:193 2026 H3C SSHS/6/SSHS_DISCONNECT: SSH user xz4a_admin (IP: 10.237.35.254) disconnected from the server.
%Feb 18 18:12:10:797 2026 H3C OPTMOD/4/PHONY_MODULE: -Slot=2; Ten-GigabitEthernet2/0/14: This transceiver is NOT sold by H3C. H3C therefore shall NOT guarantee the normal function of the device or assume the maintenance responsibility thereof!
%Feb 19 18:50:03:891 2026 H3C SSHS/6/SSHS_LOG: Accepted password for xz4a_admin from 10.237.35.254 port 64404.

%Feb 19 18:50:04:955 2026 H3C SSHS/6/SSHS_CONNECT: SSH user xz4a_admin (IP: 10.237.35.254) connected to the server successfully.
%Feb 19 18:50:05:448 2026 H3C SHELL/5/SHELL_LOGIN: xz4a_admin logged in from 10.237.35.254.
%Feb 19 18:50:06:277 2026 H3C SHELL/6/SHELL_CMD: -Line=vty0-IPAddr=10.237.35.254-User=xz4a_admin; Command is display version
%Feb 19 18:50:06:338 2026 H3C SHELL/6/SHELL_CMD: -Line=vty0-IPAddr=10.237.35.254-User=xz4a_admin; Command is display device
%Feb 19 18:50:06:403 2026 H3C SHELL/4/SHELL_CMD_MATCHFAIL: -User=xz4a_admin-IPAddr=10.237.35.254; Command display alarm active in view shell failed to be matched.
%Feb 19 18:50:06:424 2026 H3C SHELL/6/SHELL_CMD: -Line=vty0-IPAddr=10.237.35.254-User=xz4a_admin; Command is dis alarm
%Feb 19 18:50:06:471 2026 H3C SHELL/6/SHELL_CMD: -Line=vty0-IPAddr=10.237.35.254-User=xz4a_admin; Command is dis cpu-usage
%Feb 19 18:50:06:523 2026 H3C SHELL/6/SHELL_CMD: -Line=vty0-IPAddr=10.237.35.254-User=xz4a_admin; Command is dis cpu
%Feb 19 18:50:06:591 2026 H3C SHELL/6/SHELL_CMD: -Line=vty0-IPAddr=10.237.35.254-User=xz4a_admin; Command is display ip interface brief
%Feb 19 18:50:06:637 2026 H3C SHELL/6/SHELL_CMD: -Line=vty0-IPAddr=10.237.35.254-User=xz4a_admin; Command is display current-configuration
%Feb 19 18:52:23:362 2026 H3C SHELL/5/SHELL_LOGOUT: xz4a_admin logged out from 10.237.35.254.
%Feb 19 18:52:23:395 2026 H3C SSHS/6/SSHS_LOG: User xz4a_admin logged out from 10.237.35.254 port 64404.
%Feb 19 18:52:23:395 2026 H3C SSHS/6/SSHS_DISCONNECT: SSH user xz4a_admin (IP: 10.237.35.254) disconnected from the server.
%Feb 20 17:21:38:773 2026 H3C SSHS/6/SSHS_LOG: Accepted password for xz4a_admin from 10.237.35.254 port 60883.

%Feb 20 17:21:39:818 2026 H3C SSHS/6/SSHS_CONNECT: SSH user xz4a_admin (IP: 10.237.35.254) connected to the server successfully.
%Feb 20 17:21:40:314 2026 H3C SHELL/5/SHELL_LOGIN: xz4a_admin logged in from 10.237.35.254.
%Feb 20 17:21:41:990 2026 H3C SHELL/6/SHELL_CMD: -Line=vty0-IPAddr=10.237.35.254-User=xz4a_admin; Command is display version
%Feb 20 17:21:42:060 2026 H3C SHELL/6/SHELL_CMD: -Line=vty0-IPAddr=10.237.35.254-User=xz4a_admin; Command is display device
%Feb 20 17:21:42:108 2026 H3C SHELL/4/SHELL_CMD_MATCHFAIL: -User=xz4a_admin-IPAddr=10.237.35.254; Command display alarm active in view shell failed to be matched.
%Feb 20 17:21:42:122 2026 H3C SHELL/6/SHELL_CMD: -Line=vty0-IPAddr=10.237.35.254-User=xz4a_admin; Command is dis alarm
%Feb 20 17:21:42:199 2026 H3C SHELL/6/SHELL_CMD: -Line=vty0-IPAddr=10.237.35.254-User=xz4a_admin; Command is dis cpu-usage
%Feb 20 17:21:42:244 2026 H3C SHELL/6/SHELL_CMD: -Line=vty0-IPAddr=10.237.35.254-User=xz4a_admin; Command is dis cpu
%Feb 20 17:21:42:307 2026 H3C SHELL/4/SHELL_CMD_MATCHFAIL: -User=xz4a_admin-IPAddr=10.237.35.254; Command display memory all in view shell failed to be matched.
%Feb 20 17:21:42:321 2026 H3C SHELL/6/SHELL_CMD: -Line=vty0-IPAddr=10.237.35.254-User=xz4a_admin; Command is display memory
%Feb 20 17:21:42:371 2026 H3C SHELL/6/SHELL_CMD: -Line=vty0-IPAddr=10.237.35.254-User=xz4a_admin; Command is display interface brief
%Feb 20 17:21:42:490 2026 H3C SHELL/6/SHELL_CMD: -Line=vty0-IPAddr=10.237.35.254-User=xz4a_admin; Command is display ip interface brief
%Feb 20 17:21:42:533 2026 H3C SHELL/6/SHELL_CMD: -Line=vty0-IPAddr=10.237.35.254-User=xz4a_admin; Command is display current-configuration
%Feb 20 17:21:42:630 2026 H3C SHELL/6/SHELL_CMD: -Line=vty0-IPAddr=10.237.35.254-User=xz4a_admin; Command is display ip rout
%Feb 20 17:21:42:682 2026 H3C SHELL/6/SHELL_CMD: -Line=vty0-IPAddr=10.237.35.254-User=xz4a_admin; Command is display logbuffer
%Feb 20 17:23:58:650 2026 H3C SHELL/5/SHELL_LOGOUT: xz4a_admin logged out from 10.237.35.254.
%Feb 20 17:23:58:683 2026 H3C SSHS/6/SSHS_LOG: User xz4a_admin logged out from 10.237.35.254 port 60883.
%Feb 20 17:23:58:683 2026 H3C SSHS/6/SSHS_DISCONNECT: SSH user xz4a_admin (IP: 10.237.35.254) disconnected from the server.
%Feb 21 18:56:27:144 2026 H3C SSHS/6/SSHS_LOG: Accepted password for xz4a_admin from 10.237.35.254 port 53221.

%Feb 21 18:56:28:190 2026 H3C SSHS/6/SSHS_CONNECT: SSH user xz4a_admin (IP: 10.237.35.254) connected to the server successfully.
%Feb 21 18:56:28:689 2026 H3C SHELL/5/SHELL_LOGIN: xz4a_admin logged in from 10.237.35.254.
%Feb 21 18:56:29:257 2026 H3C SHELL/6/SHELL_CMD: -Line=vty0-IPAddr=10.237.35.254-User=xz4a_admin; Command is display version
%Feb 21 18:56:29:316 2026 H3C SHELL/6/SHELL_CMD: -Line=vty0-IPAddr=10.237.35.254-User=xz4a_admin; Command is display device
%Feb 21 18:56:29:363 2026 H3C SHELL/4/SHELL_CMD_MATCHFAIL: -User=xz4a_admin-IPAddr=10.237.35.254; Command display alarm active in view shell failed to be matched.
%Feb 21 18:56:29:375 2026 H3C SHELL/6/SHELL_CMD: -Line=vty0-IPAddr=10.237.35.254-User=xz4a_admin; Command is dis alarm
%Feb 21 18:56:29:424 2026 H3C SHELL/6/SHELL_CMD: -Line=vty0-IPAddr=10.237.35.254-User=xz4a_admin; Command is dis cpu-usage
%Feb 21 18:56:29:487 2026 H3C SHELL/6/SHELL_CMD: -Line=vty0-IPAddr=10.237.35.254-User=xz4a_admin; Command is dis cpu
%Feb 21 18:56:29:543 2026 H3C SHELL/4/SHELL_CMD_MATCHFAIL: -User=xz4a_admin-IPAddr=10.237.35.254; Command display memory all in view shell failed to be matched.
%Feb 21 18:56:29:555 2026 H3C SHELL/6/SHELL_CMD: -Line=vty0-IPAddr=10.237.35.254-User=xz4a_admin; Command is display memory
%Feb 21 18:56:29:615 2026 H3C SHELL/6/SHELL_CMD: -Line=vty0-IPAddr=10.237.35.254-User=xz4a_admin; Command is display interface brief
%Feb 21 18:56:29:738 2026 H3C SHELL/6/SHELL_CMD: -Line=vty0-IPAddr=10.237.35.254-User=xz4a_admin; Command is display ip interface brief
%Feb 21 18:56:29:784 2026 H3C SHELL/6/SHELL_CMD: -Line=vty0-IPAddr=10.237.35.254-User=xz4a_admin; Command is display current-configuration
%Feb 21 18:56:29:877 2026 H3C SHELL/6/SHELL_CMD: -Line=vty0-IPAddr=10.237.35.254-User=xz4a_admin; Command is display ip rout
%Feb 21 18:56:29:919 2026 H3C SHELL/6/SHELL_CMD: -Line=vty0-IPAddr=10.237.35.254-User=xz4a_admin; Command is display logbuffer
%Feb 21 18:58:46:604 2026 H3C SHELL/5/SHELL_LOGOUT: xz4a_admin logged out from 10.237.35.254.
%Feb 21 18:58:46:641 2026 H3C SSHS/6/SSHS_LOG: User xz4a_admin logged out from 10.237.35.254 port 53221.
%Feb 21 18:58:46:641 2026 H3C SSHS/6/SSHS_DISCONNECT: SSH user xz4a_admin (IP: 10.237.35.254) disconnected from the server.
%Feb 22 19:08:21:708 2026 H3C SSHS/6/SSHS_LOG: Accepted password for xz4a_admin from 10.237.35.254 port 49434.

%Feb 22 19:08:22:751 2026 H3C SSHS/6/SSHS_CONNECT: SSH user xz4a_admin (IP: 10.237.35.254) connected to the server successfully.
%Feb 22 19:08:23:247 2026 H3C SHELL/5/SHELL_LOGIN: xz4a_admin logged in from 10.237.35.254.
%Feb 22 19:08:24:184 2026 H3C SHELL/6/SHELL_CMD: -Line=vty0-IPAddr=10.237.35.254-User=xz4a_admin; Command is display version
%Feb 22 19:08:24:246 2026 H3C SHELL/6/SHELL_CMD: -Line=vty0-IPAddr=10.237.35.254-User=xz4a_admin; Command is display device
%Feb 22 19:08:24:307 2026 H3C SHELL/4/SHELL_CMD_MATCHFAIL: -User=xz4a_admin-IPAddr=10.237.35.254; Command display alarm active in view shell failed to be matched.
%Feb 22 19:08:24:343 2026 H3C SHELL/6/SHELL_CMD: -Line=vty0-IPAddr=10.237.35.254-User=xz4a_admin; Command is dis alarm
%Feb 22 19:08:24:391 2026 H3C SHELL/6/SHELL_CMD: -Line=vty0-IPAddr=10.237.35.254-User=xz4a_admin; Command is dis cpu-usage
%Feb 22 19:08:24:439 2026 H3C SHELL/6/SHELL_CMD: -Line=vty0-IPAddr=10.237.35.254-User=xz4a_admin; Command is dis cpu
%Feb 22 19:08:24:491 2026 H3C SHELL/4/SHELL_CMD_MATCHFAIL: -User=xz4a_admin-IPAddr=10.237.35.254; Command display memory all in view shell failed to be matched.
%Feb 22 19:08:24:507 2026 H3C SHELL/6/SHELL_CMD: -Line=vty0-IPAddr=10.237.35.254-User=xz4a_admin; Command is display memory
%Feb 22 19:08:24:560 2026 H3C SHELL/6/SHELL_CMD: -Line=vty0-IPAddr=10.237.35.254-User=xz4a_admin; Command is display interface brief
%Feb 22 19:08:24:674 2026 H3C SHELL/6/SHELL_CMD: -Line=vty0-IPAddr=10.237.35.254-User=xz4a_admin; Command is display ip interface brief
%Feb 22 19:08:24:721 2026 H3C SHELL/6/SHELL_CMD: -Line=vty0-IPAddr=10.237.35.254-User=xz4a_admin; Command is display current-configuration
%Feb 22 19:08:24:811 2026 H3C SHELL/6/SHELL_CMD: -Line=vty0-IPAddr=10.237.35.254-User=xz4a_admin; Command is display ip rout
%Feb 22 19:08:24:877 2026 H3C SHELL/6/SHELL_CMD: -Line=vty0-IPAddr=10.237.35.254-User=xz4a_admin; Command is display logbuffer
%Feb 22 19:08:24:978 2026 H3C SHELL/6/SHELL_CMD: -Line=vty0-IPAddr=10.237.35.254-User=xz4a_admin; Command is display logbuffer
%Feb 22 19:10:40:950 2026 H3C SHELL/5/SHELL_LOGOUT: xz4a_admin logged out from 10.237.35.254.
%Feb 22 19:10:40:986 2026 H3C SSHS/6/SSHS_LOG: User xz4a_admin logged out from 10.237.35.254 port 49434.
%Feb 22 19:10:40:986 2026 H3C SSHS/6/SSHS_DISCONNECT: SSH user xz4a_admin (IP: 10.237.35.254) disconnected from the server.
%Feb 23 18:35:56:290 2026 H3C SSHS/6/SSHS_LOG: Accepted password for xz4a_admin from 10.237.35.254 port 55303.

%Feb 23 18:35:57:334 2026 H3C SSHS/6/SSHS_CONNECT: SSH user xz4a_admin (IP: 10.237.35.254) connected to the server successfully.
%Feb 23 18:35:57:829 2026 H3C SHELL/5/SHELL_LOGIN: xz4a_admin logged in from 10.237.35.254.
%Feb 23 18:35:58:469 2026 H3C SHELL/6/SHELL_CMD: -Line=vty0-IPAddr=10.237.35.254-User=xz4a_admin; Command is display version
%Feb 23 18:35:58:545 2026 H3C SHELL/6/SHELL_CMD: -Line=vty0-IPAddr=10.237.35.254-User=xz4a_admin; Command is display device
%Feb 23 18:35:58:589 2026 H3C SHELL/4/SHELL_CMD_MATCHFAIL: -User=xz4a_admin-IPAddr=10.237.35.254; Command display alarm active in view shell failed to be matched.
%Feb 23 18:35:58:601 2026 H3C SHELL/6/SHELL_CMD: -Line=vty0-IPAddr=10.237.35.254-User=xz4a_admin; Command is dis alarm
%Feb 23 18:35:58:657 2026 H3C SHELL/6/SHELL_CMD: -Line=vty0-IPAddr=10.237.35.254-User=xz4a_admin; Command is dis cpu-usage
%Feb 23 18:35:58:715 2026 H3C SHELL/6/SHELL_CMD: -Line=vty0-IPAddr=10.237.35.254-User=xz4a_admin; Command is dis cpu
%Feb 23 18:35:58:762 2026 H3C SHELL/4/SHELL_CMD_MATCHFAIL: -User=xz4a_admin-IPAddr=10.237.35.254; Command display memory all in view shell failed to be matched.
%Feb 23 18:35:58:773 2026 H3C SHELL/6/SHELL_CMD: -Line=vty0-IPAddr=10.237.35.254-User=xz4a_admin; Command is display memory
%Feb 23 18:35:58:841 2026 H3C SHELL/6/SHELL_CMD: -Line=vty0-IPAddr=10.237.35.254-User=xz4a_admin; Command is display interface brief
%Feb 23 18:35:58:991 2026 H3C SHELL/6/SHELL_CMD: -Line=vty0-IPAddr=10.237.35.254-User=xz4a_admin; Command is display ip interface brief
%Feb 23 18:35:59:038 2026 H3C SHELL/6/SHELL_CMD: -Line=vty0-IPAddr=10.237.35.254-User=xz4a_admin; Command is display current-configuration
%Feb 23 18:35:59:147 2026 H3C SHELL/6/SHELL_CMD: -Line=vty0-IPAddr=10.237.35.254-User=xz4a_admin; Command is display ip rout
%Feb 23 18:35:59:194 2026 H3C SHELL/6/SHELL_CMD: -Line=vty0-IPAddr=10.237.35.254-User=xz4a_admin; Command is display logbuffer
%Feb 23 18:38:15:663 2026 H3C SHELL/5/SHELL_LOGOUT: xz4a_admin logged out from 10.237.35.254.
%Feb 23 18:38:15:694 2026 H3C SSHS/6/SSHS_LOG: User xz4a_admin logged out from 10.237.35.254 port 55303.
%Feb 23 18:38:15:694 2026 H3C SSHS/6/SSHS_DISCONNECT: SSH user xz4a_admin (IP: 10.237.35.254) disconnected from the server.
%Feb 23 18:56:03:164 2026 H3C SSHS/6/SSHS_LOG: Accepted password for xz4a_admin from 10.237.35.254 port 58620.

%Feb 23 18:56:04:208 2026 H3C SSHS/6/SSHS_CONNECT: SSH user xz4a_admin (IP: 10.237.35.254) connected to the server successfully.
%Feb 23 18:56:04:702 2026 H3C SHELL/5/SHELL_LOGIN: xz4a_admin logged in from 10.237.35.254.
%Feb 23 18:56:06:858 2026 H3C SHELL/6/SHELL_CMD: -Line=vty0-IPAddr=10.237.35.254-User=xz4a_admin; Command is display logbuffer
%Feb 23 18:58:25:622 2026 H3C SHELL/5/SHELL_LOGOUT: xz4a_admin logged out from 10.237.35.254.
%Feb 23 18:58:25:653 2026 H3C SSHS/6/SSHS_LOG: User xz4a_admin logged out from 10.237.35.254 port 58620.
%Feb 23 18:58:25:653 2026 H3C SSHS/6/SSHS_DISCONNECT: SSH user xz4a_admin (IP: 10.237.35.254) disconnected from the server.
%Feb 24 13:39:44:608 2026 H3C OPTMOD/4/PHONY_MODULE: -Slot=3; Ten-GigabitEthernet3/0/11: This transceiver is NOT sold by H3C. H3C therefore shall NOT guarantee the normal function of the device or assume the maintenance responsibility thereof!
%Feb 24 13:39:44:608 2026 H3C OPTMOD/4/PHONY_MODULE: -Slot=3; Ten-GigabitEthernet3/0/12: This transceiver is NOT sold by H3C. H3C therefore shall NOT guarantee the normal function of the device or assume the maintenance responsibility thereof!
%Feb 24 13:39:44:608 2026 H3C OPTMOD/4/PHONY_MODULE: -Slot=3; Ten-GigabitEthernet3/0/13: This transceiver is NOT sold by H3C. H3C therefore shall NOT guarantee the normal function of the device or assume the maintenance responsibility thereof!
%Feb 24 13:39:44:608 2026 H3C OPTMOD/4/PHONY_MODULE: -Slot=3; Ten-GigabitEthernet3/0/15: This transceiver is NOT sold by H3C. H3C therefore shall NOT guarantee the normal function of the device or assume the maintenance responsibility thereof!
%Feb 24 13:39:44:609 2026 H3C OPTMOD/4/PHONY_MODULE: -Slot=3; Ten-GigabitEthernet3/0/17: This transceiver is NOT sold by H3C. H3C therefore shall NOT guarantee the normal function of the device or assume the maintenance responsibility thereof!
%Feb 24 13:39:44:609 2026 H3C OPTMOD/4/PHONY_MODULE: -Slot=3; Ten-GigabitEthernet3/0/19: This transceiver is NOT sold by H3C. H3C therefore shall NOT guarantee the normal function of the device or assume the maintenance responsibility thereof!
%Feb 24 13:39:44:609 2026 H3C OPTMOD/4/PHONY_MODULE: -Slot=3; Ten-GigabitEthernet3/0/21: This transceiver is NOT sold by H3C. H3C therefore shall NOT guarantee the normal function of the device or assume the maintenance responsibility thereof!
%Feb 25 08:00:00:378 2026 H3C OPTMOD/4/PHONY_MODULE: -Slot=2; Ten-GigabitEthernet2/0/2: This transceiver is NOT sold by H3C. H3C therefore shall NOT guarantee the normal function of the device or assume the maintenance responsibility thereof!
%Feb 25 08:00:00:378 2026 H3C OPTMOD/4/PHONY_MODULE: -Slot=2; Ten-GigabitEthernet2/0/4: This transceiver is NOT sold by H3C. H3C therefore shall NOT guarantee the normal function of the device or assume the maintenance responsibility thereof!
%Feb 25 08:00:00:378 2026 H3C OPTMOD/4/PHONY_MODULE: -Slot=2; Ten-GigabitEthernet2/0/6: This transceiver is NOT sold by H3C. H3C therefore shall NOT guarantee the normal function of the device or assume the maintenance responsibility thereof!
%Feb 25 08:00:00:378 2026 H3C OPTMOD/4/PHONY_MODULE: -Slot=2; Ten-GigabitEthernet2/0/8: This transceiver is NOT sold by H3C. H3C therefore shall NOT guarantee the normal function of the device or assume the maintenance responsibility thereof!
%Feb 25 08:00:00:378 2026 H3C OPTMOD/4/PHONY_MODULE: -Slot=2; Ten-GigabitEthernet2/0/10: This transceiver is NOT sold by H3C. H3C therefore shall NOT guarantee the normal function of the device or assume the maintenance responsibility thereof!
%Feb 25 08:00:00:379 2026 H3C OPTMOD/4/PHONY_MODULE: -Slot=2; Ten-GigabitEthernet2/0/12: This transceiver is NOT sold by H3C. H3C therefore shall NOT guarantee the normal function of the device or assume the maintenance responsibility thereof!
%Feb 25 08:00:00:379 2026 H3C OPTMOD/4/PHONY_MODULE: -Slot=2; Ten-GigabitEthernet2/0/24: This transceiver is NOT sold by H3C. H3C therefore shall NOT guarantee the normal function of the device or assume the maintenance responsibility thereof!
%Feb 26 15:24:47:212 2026 H3C SSHS/6/SSHS_LOG: Accepted password for xz4a_admin from 10.237.35.254 port 56815.
               
%Feb 26 15:24:48:287 2026 H3C SSHS/6/SSHS_CONNECT: SSH user xz4a_admin (IP: 10.237.35.254) connected to the server successfully.
%Feb 26 15:24:48:778 2026 H3C SHELL/5/SHELL_LOGIN: xz4a_admin logged in from 10.237.35.254.
%Feb 26 15:24:52:562 2026 H3C SHELL/6/SHELL_CMD: -Line=vty0-IPAddr=10.237.35.254-User=xz4a_admin; Command is display version
%Feb 26 15:24:52:624 2026 H3C SHELL/6/SHELL_CMD: -Line=vty0-IPAddr=10.237.35.254-User=xz4a_admin; Command is display device
%Feb 26 15:24:52:682 2026 H3C SHELL/4/SHELL_CMD_MATCHFAIL: -User=xz4a_admin-IPAddr=10.237.35.254; Command display alarm active in view shell failed to be matched.
%Feb 26 15:24:52:703 2026 H3C SHELL/6/SHELL_CMD: -Line=vty0-IPAddr=10.237.35.254-User=xz4a_admin; Command is dis alarm
%Feb 26 15:24:52:751 2026 H3C SHELL/6/SHELL_CMD: -Line=vty0-IPAddr=10.237.35.254-User=xz4a_admin; Command is dis cpu-usage
%Feb 26 15:24:52:810 2026 H3C SHELL/6/SHELL_CMD: -Line=vty0-IPAddr=10.237.35.254-User=xz4a_admin; Command is dis cpu
%Feb 26 15:24:52:888 2026 H3C SHELL/6/SHELL_CMD: -Line=vty0-IPAddr=10.237.35.254-User=xz4a_admin; Command is display ip interface brief
%Feb 26 15:24:52:936 2026 H3C SHELL/6/SHELL_CMD: -Line=vty0-IPAddr=10.237.35.254-User=xz4a_admin; Command is display current-configuration
%Feb 26 15:24:53:035 2026 H3C SHELL/6/SHELL_CMD: -Line=vty0-IPAddr=10.237.35.254-User=xz4a_admin; Command is display ip rout
%Feb 26 15:24:53:079 2026 H3C SHELL/6/SHELL_CMD: -Line=vty0-IPAddr=10.237.35.254-User=xz4a_admin; Command is display logbuffer
%Feb 26 15:24:57:262 2026 H3C SHELL/6/SHELL_CMD: -Line=vty0-IPAddr=10.237.35.254-User=xz4a_admin; Command is display logbuffer
%Feb 26 15:27:16:651 2026 H3C SHELL/5/SHELL_LOGOUT: xz4a_admin logged out from 10.237.35.254.
%Feb 26 15:27:16:684 2026 H3C SSHS/6/SSHS_LOG: User xz4a_admin logged out from 10.237.35.254 port 56815.
%Feb 26 15:27:16:684 2026 H3C SSHS/6/SSHS_DISCONNECT: SSH user xz4a_admin (IP: 10.237.35.254) disconnected from the server.
%Feb 27 17:35:47:543 2026 H3C SSHS/6/SSHS_LOG: Accepted password for xz4a_admin from 10.237.35.254 port 60196.

%Feb 27 17:35:48:590 2026 H3C SSHS/6/SSHS_CONNECT: SSH user xz4a_admin (IP: 10.237.35.254) connected to the server successfully.
%Feb 27 17:35:49:088 2026 H3C SHELL/5/SHELL_LOGIN: xz4a_admin logged in from 10.237.35.254.
%Feb 27 17:35:50:703 2026 H3C SHELL/6/SHELL_CMD: -Line=vty0-IPAddr=10.237.35.254-User=xz4a_admin; Command is display version
%Feb 27 17:35:50:771 2026 H3C SHELL/6/SHELL_CMD: -Line=vty0-IPAddr=10.237.35.254-User=xz4a_admin; Command is display device
%Feb 27 17:35:50:818 2026 H3C SHELL/4/SHELL_CMD_MATCHFAIL: -User=xz4a_admin-IPAddr=10.237.35.254; Command display alarm active in view shell failed to be matched.
%Feb 27 17:35:50:831 2026 H3C SHELL/6/SHELL_CMD: -Line=vty0-IPAddr=10.237.35.254-User=xz4a_admin; Command is dis alarm
%Feb 27 17:35:50:885 2026 H3C SHELL/6/SHELL_CMD: -Line=vty0-IPAddr=10.237.35.254-User=xz4a_admin; Command is dis cpu-usage
%Feb 27 17:35:50:949 2026 H3C SHELL/6/SHELL_CMD: -Line=vty0-IPAddr=10.237.35.254-User=xz4a_admin; Command is dis cpu
%Feb 27 17:35:50:998 2026 H3C SHELL/4/SHELL_CMD_MATCHFAIL: -User=xz4a_admin-IPAddr=10.237.35.254; Command display memory all in view shell failed to be matched.
%Feb 27 17:35:51:011 2026 H3C SHELL/6/SHELL_CMD: -Line=vty0-IPAddr=10.237.35.254-User=xz4a_admin; Command is display memory
%Feb 27 17:35:51:067 2026 H3C SHELL/6/SHELL_CMD: -Line=vty0-IPAddr=10.237.35.254-User=xz4a_admin; Command is display interface brief
%Feb 27 17:35:51:181 2026 H3C SHELL/6/SHELL_CMD: -Line=vty0-IPAddr=10.237.35.254-User=xz4a_admin; Command is display ip interface brief
%Feb 27 17:35:51:234 2026 H3C SHELL/6/SHELL_CMD: -Line=vty0-IPAddr=10.237.35.254-User=xz4a_admin; Command is display current-configuration
%Feb 27 17:35:51:327 2026 H3C SHELL/6/SHELL_CMD: -Line=vty0-IPAddr=10.237.35.254-User=xz4a_admin; Command is display ip rout
%Feb 27 17:35:51:383 2026 H3C SHELL/6/SHELL_CMD: -Line=vty0-IPAddr=10.237.35.254-User=xz4a_admin; Command is display logbuffer
%Feb 27 17:35:55:968 2026 H3C SHELL/6/SHELL_CMD: -Line=vty0-IPAddr=10.237.35.254-User=xz4a_admin; Command is display logbuffer
%Feb 27 17:36:17:831 2026 H3C SHELL/5/SHELL_LOGOUT: xz4a_admin logged out from 10.237.35.254.
%Feb 27 17:36:17:864 2026 H3C SSHS/6/SSHS_LOG: User xz4a_admin logged out from 10.237.35.254 port 60196.
%Feb 27 17:36:17:864 2026 H3C SSHS/6/SSHS_DISCONNECT: SSH user xz4a_admin (IP: 10.237.35.254) disconnected from the server.
%Feb 28 11:42:45:845 2026 H3C SSHS/6/SSHS_LOG: Accepted password for xz4a_admin from 10.237.35.254 port 50516.

%Feb 28 11:42:46:888 2026 H3C SSHS/6/SSHS_CONNECT: SSH user xz4a_admin (IP: 10.237.35.254) connected to the server successfully.
%Feb 28 11:42:47:378 2026 H3C SHELL/5/SHELL_LOGIN: xz4a_admin logged in from 10.237.35.254.
%Feb 28 11:42:55:281 2026 H3C SHELL/6/SHELL_CMD: -Line=vty0-IPAddr=10.237.35.254-User=xz4a_admin; Command is display version
%Feb 28 11:43:09:454 2026 H3C SHELL/6/SHELL_CMD: -Line=vty0-IPAddr=10.237.35.254-User=xz4a_admin; Command is display device
%Feb 28 11:43:25:213 2026 H3C SHELL/6/SHELL_CMD: -Line=vty0-IPAddr=10.237.35.254-User=xz4a_admin; Command is display startup
%Feb 28 11:43:38:834 2026 H3C SHELL/6/SHELL_CMD: -Line=vty0-IPAddr=10.237.35.254-User=xz4a_admin; Command is dis cpu-usage
%Feb 28 11:43:55:050 2026 H3C SHELL/6/SHELL_CMD: -Line=vty0-IPAddr=10.237.35.254-User=xz4a_admin; Command is dis memory
%Feb 28 11:44:10:217 2026 H3C SHELL/6/SHELL_CMD: -Line=vty0-IPAddr=10.237.35.254-User=xz4a_admin; Command is display interface brief
%Feb 28 11:44:23:419 2026 H3C SHELL/6/SHELL_CMD: -Line=vty0-IPAddr=10.237.35.254-User=xz4a_admin; Command is display ip interface brief
%Feb 28 11:44:34:928 2026 H3C SHELL/6/SHELL_CMD: -Line=vty0-IPAddr=10.237.35.254-User=xz4a_admin; Command is display current-configuration
%Feb 28 11:44:49:896 2026 H3C SHELL/6/SHELL_CMD: -Line=vty0-IPAddr=10.237.35.254-User=xz4a_admin; Command is display ip routing-table
%Feb 28 11:45:01:105 2026 H3C SHELL/6/SHELL_CMD: -Line=vty0-IPAddr=10.237.35.254-User=xz4a_admin; Command is display logbuffer
%Feb 28 11:45:15:306 2026 H3C SHELL/5/SHELL_LOGOUT: xz4a_admin logged out from 10.237.35.254.
%Feb 28 11:45:15:337 2026 H3C SSHS/6/SSHS_LOG: User xz4a_admin logged out from 10.237.35.254 port 50516.
%Feb 28 11:45:15:337 2026 H3C SSHS/6/SSHS_DISCONNECT: SSH user xz4a_admin (IP: 10.237.35.254) disconnected from the server.
%Mar  1 20:00:03:035 2026 H3C OPTMOD/4/PHONY_MODULE: -Slot=2; Ten-GigabitEthernet2/0/14: This transceiver is NOT sold by H3C. H3C therefore shall NOT guarantee the normal function of the device or assume the maintenance responsibility thereof!
%Mar  3 18:37:46:448 2026 H3C SSHS/6/SSHS_LOG: Accepted password for xz4a_admin from 10.237.35.254 port 54103.

%Mar  3 18:37:47:494 2026 H3C SSHS/6/SSHS_CONNECT: SSH user xz4a_admin (IP: 10.237.35.254) connected to the server successfully.
%Mar  3 18:37:47:989 2026 H3C SHELL/5/SHELL_LOGIN: xz4a_admin logged in from 10.237.35.254.
%Mar  3 18:37:49:241 2026 H3C SHELL/6/SHELL_CMD: -Line=vty0-IPAddr=10.237.35.254-User=xz4a_admin; Command is display version
%Mar  3 18:37:49:313 2026 H3C SHELL/6/SHELL_CMD: -Line=vty0-IPAddr=10.237.35.254-User=xz4a_admin; Command is display device
%Mar  3 18:37:49:363 2026 H3C SHELL/4/SHELL_CMD_MATCHFAIL: -User=xz4a_admin-IPAddr=10.237.35.254; Command display alarm active in view shell failed to be matched.
%Mar  3 18:37:49:376 2026 H3C SHELL/6/SHELL_CMD: -Line=vty0-IPAddr=10.237.35.254-User=xz4a_admin; Command is dis alarm
%Mar  3 18:37:49:421 2026 H3C SHELL/6/SHELL_CMD: -Line=vty0-IPAddr=10.237.35.254-User=xz4a_admin; Command is dis cpu-usage
%Mar  3 18:37:49:476 2026 H3C SHELL/6/SHELL_CMD: -Line=vty0-IPAddr=10.237.35.254-User=xz4a_admin; Command is dis cpu
%Mar  3 18:37:49:552 2026 H3C SHELL/6/SHELL_CMD: -Line=vty0-IPAddr=10.237.35.254-User=xz4a_admin; Command is display ip interface brief
%Mar  3 18:37:49:613 2026 H3C SHELL/6/SHELL_CMD: -Line=vty0-IPAddr=10.237.35.254-User=xz4a_admin; Command is display current-configuration
%Mar  3 18:37:50:494 2026 H3C SHELL/6/SHELL_CMD: -Line=vty0-IPAddr=10.237.35.254-User=xz4a_admin; Command is display logbuffer
%Mar  3 18:40:06:629 2026 H3C SHELL/5/SHELL_LOGOUT: xz4a_admin logged out from 10.237.35.254.
%Mar  3 18:40:06:662 2026 H3C SSHS/6/SSHS_LOG: User xz4a_admin logged out from 10.237.35.254 port 54103.
%Mar  3 18:40:06:663 2026 H3C SSHS/6/SSHS_DISCONNECT: SSH user xz4a_admin (IP: 10.237.35.254) disconnected from the server.
%Mar  4 20:08:18:985 2026 H3C SSHS/6/SSHS_LOG: Authentication failed for user jtcjxz from 10.237.100.188 port 34164 because of invalid username or wrong password.

%Mar  4 20:08:19:589 2026 H3C SSHS/6/SSHS_DISCONNECT: SSH user jtcjxz (IP: 10.237.100.188) disconnected from the server.
%Mar  4 20:09:25:282 2026 H3C SSHS/6/SSHS_LOG: Authentication failed for user jtcjxz from 10.237.100.188 port 45824 because of invalid username or wrong password.

%Mar  4 20:09:25:886 2026 H3C SSHS/6/SSHS_DISCONNECT: SSH user jtcjxz (IP: 10.237.100.188) disconnected from the server.
%Mar  7 22:52:09:196 2026 H3C OPTMOD/4/PHONY_MODULE: -Slot=3; Ten-GigabitEthernet3/0/11: This transceiver is NOT sold by H3C. H3C therefore shall NOT guarantee the normal function of the device or assume the maintenance responsibility thereof!
%Mar  7 22:52:09:196 2026 H3C OPTMOD/4/PHONY_MODULE: -Slot=3; Ten-GigabitEthernet3/0/12: This transceiver is NOT sold by H3C. H3C therefore shall NOT guarantee the normal function of the device or assume the maintenance responsibility thereof!
%Mar  7 22:52:09:196 2026 H3C OPTMOD/4/PHONY_MODULE: -Slot=3; Ten-GigabitEthernet3/0/13: This transceiver is NOT sold by H3C. H3C therefore shall NOT guarantee the normal function of the device or assume the maintenance responsibility thereof!
%Mar  7 22:52:09:196 2026 H3C OPTMOD/4/PHONY_MODULE: -Slot=3; Ten-GigabitEthernet3/0/15: This transceiver is NOT sold by H3C. H3C therefore shall NOT guarantee the normal function of the device or assume the maintenance responsibility thereof!
%Mar  7 22:52:09:197 2026 H3C OPTMOD/4/PHONY_MODULE: -Slot=3; Ten-GigabitEthernet3/0/17: This transceiver is NOT sold by H3C. H3C therefore shall NOT guarantee the normal function of the device or assume the maintenance responsibility thereof!
%Mar  7 22:52:09:197 2026 H3C OPTMOD/4/PHONY_MODULE: -Slot=3; Ten-GigabitEthernet3/0/19: This transceiver is NOT sold by H3C. H3C therefore shall NOT guarantee the normal function of the device or assume the maintenance responsibility thereof!
%Mar  7 22:52:09:197 2026 H3C OPTMOD/4/PHONY_MODULE: -Slot=3; Ten-GigabitEthernet3/0/21: This transceiver is NOT sold by H3C. H3C therefore shall NOT guarantee the normal function of the device or assume the maintenance responsibility thereof!
%Mar  8 09:47:32:312 2026 H3C OPTMOD/4/PHONY_MODULE: -Slot=2; Ten-GigabitEthernet2/0/2: This transceiver is NOT sold by H3C. H3C therefore shall NOT guarantee the normal function of the device or assume the maintenance responsibility thereof!
%Mar  8 09:47:32:312 2026 H3C OPTMOD/4/PHONY_MODULE: -Slot=2; Ten-GigabitEthernet2/0/4: This transceiver is NOT sold by H3C. H3C therefore shall NOT guarantee the normal function of the device or assume the maintenance responsibility thereof!
%Mar  8 09:47:32:312 2026 H3C OPTMOD/4/PHONY_MODULE: -Slot=2; Ten-GigabitEthernet2/0/6: This transceiver is NOT sold by H3C. H3C therefore shall NOT guarantee the normal function of the device or assume the maintenance responsibility thereof!
%Mar  8 09:47:32:313 2026 H3C OPTMOD/4/PHONY_MODULE: -Slot=2; Ten-GigabitEthernet2/0/8: This transceiver is NOT sold by H3C. H3C therefore shall NOT guarantee the normal function of the device or assume the maintenance responsibility thereof!
%Mar  8 09:47:32:313 2026 H3C OPTMOD/4/PHONY_MODULE: -Slot=2; Ten-GigabitEthernet2/0/10: This transceiver is NOT sold by H3C. H3C therefore shall NOT guarantee the normal function of the device or assume the maintenance responsibility thereof!
%Mar  8 09:47:32:313 2026 H3C OPTMOD/4/PHONY_MODULE: -Slot=2; Ten-GigabitEthernet2/0/12: This transceiver is NOT sold by H3C. H3C therefore shall NOT guarantee the normal function of the device or assume the maintenance responsibility thereof!
%Mar  8 09:47:32:313 2026 H3C OPTMOD/4/PHONY_MODULE: -Slot=2; Ten-GigabitEthernet2/0/24: This transceiver is NOT sold by H3C. H3C therefore shall NOT guarantee the normal function of the device or assume the maintenance responsibility thereof!
%Mar  9 16:15:44:445 2026 H3C SSHS/6/SSHS_LOG: Accepted password for xz4a_admin from 10.237.35.254 port 56632.

%Mar  9 16:15:45:524 2026 H3C SSHS/6/SSHS_CONNECT: SSH user xz4a_admin (IP: 10.237.35.254) connected to the server successfully.
%Mar  9 16:15:46:051 2026 H3C SHELL/5/SHELL_LOGIN: xz4a_admin logged in from 10.237.35.254.
%Mar  9 16:17:34:254 2026 H3C SHELL/6/SHELL_CMD: -Line=vty0-IPAddr=10.237.35.254-User=xz4a_admin; Command is display version
%Mar  9 16:17:56:497 2026 H3C SHELL/6/SHELL_CMD: -Line=vty0-IPAddr=10.237.35.254-User=xz4a_admin; Command is display device
%Mar  9 16:18:26:639 2026 H3C SHELL/6/SHELL_CMD: -Line=vty0-IPAddr=10.237.35.254-User=xz4a_admin; Command is display startup
%Mar  9 16:18:53:939 2026 H3C SHELL/6/SHELL_CMD: -Line=vty0-IPAddr=10.237.35.254-User=xz4a_admin; Command is dis cpu-usage
%Mar  9 16:19:21:341 2026 H3C SHELL/6/SHELL_CMD: -Line=vty0-IPAddr=10.237.35.254-User=xz4a_admin; Command is dis memory
%Mar  9 16:21:38:939 2026 H3C SHELL/5/SHELL_LOGOUT: xz4a_admin logged out from 10.237.35.254.
%Mar  9 16:21:38:976 2026 H3C SSHS/6/SSHS_LOG: User xz4a_admin logged out from 10.237.35.254 port 56632.
%Mar  9 16:21:38:976 2026 H3C SSHS/6/SSHS_DISCONNECT: SSH user xz4a_admin (IP: 10.237.35.254) disconnected from the server.
%Mar  9 16:21:58:039 2026 H3C SSHS/6/SSHS_LOG: Accepted password for xz4a_admin from 10.237.35.254 port 57781.

%Mar  9 16:21:59:086 2026 H3C SSHS/6/SSHS_CONNECT: SSH user xz4a_admin (IP: 10.237.35.254) connected to the server successfully.
%Mar  9 16:21:59:571 2026 H3C SHELL/5/SHELL_LOGIN: xz4a_admin logged in from 10.237.35.254.
%Mar  9 16:22:02:252 2026 H3C SHELL/6/SHELL_CMD: -Line=vty0-IPAddr=10.237.35.254-User=xz4a_admin; Command is display interface brief
%Mar  9 16:22:25:592 2026 H3C SHELL/6/SHELL_CMD: -Line=vty0-IPAddr=10.237.35.254-User=xz4a_admin; Command is display interface brief
%Mar  9 16:22:46:697 2026 H3C SHELL/6/SHELL_CMD: -Line=vty0-IPAddr=10.237.35.254-User=xz4a_admin; Command is display ip interface brief
%Mar  9 16:23:17:941 2026 H3C SHELL/6/SHELL_CMD: -Line=vty0-IPAddr=10.237.35.254-User=xz4a_admin; Command is display current-configuration
%Mar  9 16:23:52:097 2026 H3C SHELL/6/SHELL_CMD: -Line=vty0-IPAddr=10.237.35.254-User=xz4a_admin; Command is display ip routing-table
%Mar  9 16:24:27:079 2026 H3C SHELL/6/SHELL_CMD: -Line=vty0-IPAddr=10.237.35.254-User=xz4a_admin; Command is display logbuffer
%Mar  9 16:24:53:386 2026 H3C SHELL/5/SHELL_LOGOUT: xz4a_admin logged out from 10.237.35.254.
%Mar  9 16:24:53:421 2026 H3C SSHS/6/SSHS_LOG: User xz4a_admin logged out from 10.237.35.254 port 57781.
%Mar  9 16:24:53:421 2026 H3C SSHS/6/SSHS_DISCONNECT: SSH user xz4a_admin (IP: 10.237.35.254) disconnected from the server.
%Mar  9 19:33:57:507 2026 H3C SSHS/6/SSHS_LOG: Authentication failed for user jtcjxz from 10.237.100.188 port 41652 because of invalid username or wrong password.

%Mar  9 19:33:58:112 2026 H3C SSHS/6/SSHS_DISCONNECT: SSH user jtcjxz (IP: 10.237.100.188) disconnected from the server.
%Mar  9 19:35:04:035 2026 H3C SSHS/6/SSHS_LOG: Authentication failed for user jtcjxz from 10.237.100.188 port 36444 because of invalid username or wrong password.

%Mar  9 19:35:04:641 2026 H3C SSHS/6/SSHS_DISCONNECT: SSH user jtcjxz (IP: 10.237.100.188) disconnected from the server.
%Mar 10 11:19:42:522 2026 H3C SSHS/6/SSHS_LOG: Accepted password for xz4a_admin from 10.237.35.254 port 56032.

%Mar 10 11:19:43:605 2026 H3C SSHS/6/SSHS_CONNECT: SSH user xz4a_admin (IP: 10.237.35.254) connected to the server successfully.
%Mar 10 11:19:44:099 2026 H3C SHELL/5/SHELL_LOGIN: xz4a_admin logged in from 10.237.35.254.
%Mar 10 11:22:00:959 2026 H3C SHELL/5/SHELL_LOGOUT: xz4a_admin logged out from 10.237.35.254.
%Mar 10 11:22:00:999 2026 H3C SSHS/6/SSHS_LOG: User xz4a_admin logged out from 10.237.35.254 port 56032.
%Mar 10 11:22:01:000 2026 H3C SSHS/6/SSHS_DISCONNECT: SSH user xz4a_admin (IP: 10.237.35.254) disconnected from the server.
%Mar 10 17:30:32:928 2026 H3C SSHS/6/SSHS_LOG: Accepted password for xz4a_admin from 10.237.35.254 port 64841.

%Mar 10 17:30:33:995 2026 H3C SSHS/6/SSHS_CONNECT: SSH user xz4a_admin (IP: 10.237.35.254) connected to the server successfully.
%Mar 10 17:30:34:483 2026 H3C SHELL/5/SHELL_LOGIN: xz4a_admin logged in from 10.237.35.254.
%Mar 10 17:31:30:546 2026 H3C SHELL/5/SHELL_LOGOUT: xz4a_admin logged out from 10.237.35.254.
%Mar 10 17:31:30:577 2026 H3C SSHS/6/SSHS_LOG: User xz4a_admin logged out from 10.237.35.254 port 64841.
%Mar 10 17:31:30:577 2026 H3C SSHS/6/SSHS_DISCONNECT: SSH user xz4a_admin (IP: 10.237.35.254) disconnected from the server.
%Mar 10 17:33:00:353 2026 H3C SSHS/6/SSHS_LOG: Accepted password for xz4a_admin from 10.237.35.254 port 65311.
               
%Mar 10 17:33:01:395 2026 H3C SSHS/6/SSHS_CONNECT: SSH user xz4a_admin (IP: 10.237.35.254) connected to the server successfully.
%Mar 10 17:33:01:890 2026 H3C SHELL/5/SHELL_LOGIN: xz4a_admin logged in from 10.237.35.254.
%Mar 10 17:33:47:706 2026 H3C SHELL/6/SHELL_CMD: -Line=vty0-IPAddr=10.237.35.254-User=xz4a_admin; Command is screen-length disable
%Mar 10 17:33:47:732 2026 H3C SHELL/6/SHELL_CMD: -Line=vty0-IPAddr=10.237.35.254-User=xz4a_admin; Command is display version
%Mar 10 17:33:47:826 2026 H3C SHELL/6/SHELL_CMD: -Line=vty0-IPAddr=10.237.35.254-User=xz4a_admin; Command is display device
%Mar 10 17:33:47:891 2026 H3C SHELL/6/SHELL_CMD: -Line=vty0-IPAddr=10.237.35.254-User=xz4a_admin; Command is display startup
%Mar 10 17:33:47:958 2026 H3C SHELL/6/SHELL_CMD: -Line=vty0-IPAddr=10.237.35.254-User=xz4a_admin; Command is dis cpu-usage
%Mar 10 17:33:48:024 2026 H3C SHELL/6/SHELL_CMD: -Line=vty0-IPAddr=10.237.35.254-User=xz4a_admin; Command is dis memory
%Mar 10 17:33:48:120 2026 H3C SHELL/6/SHELL_CMD: -Line=vty0-IPAddr=10.237.35.254-User=xz4a_admin; Command is display interface brief
%Mar 10 17:33:48:790 2026 H3C SHELL/6/SHELL_CMD: -Line=vty0-IPAddr=10.237.35.254-User=xz4a_admin; Command is display ip interface brief
%Mar 10 17:33:48:859 2026 H3C SHELL/6/SHELL_CMD: -Line=vty0-IPAddr=10.237.35.254-User=xz4a_admin; Command is display current-configuration
%Mar 10 17:33:49:964 2026 H3C SHELL/6/SHELL_CMD: -Line=vty0-IPAddr=10.237.35.254-User=xz4a_admin; Command is display ip routing-table
%Mar 10 17:33:50:045 2026 H3C SHELL/6/SHELL_CMD: -Line=vty0-IPAddr=10.237.35.254-User=xz4a_admin; Command is display logbuffer
%Mar 10 17:36:06:814 2026 H3C SHELL/5/SHELL_LOGOUT: xz4a_admin logged out from 10.237.35.254.
%Mar 10 17:36:06:847 2026 H3C SSHS/6/SSHS_LOG: User xz4a_admin logged out from 10.237.35.254 port 65311.
%Mar 10 17:36:06:847 2026 H3C SSHS/6/SSHS_DISCONNECT: SSH user xz4a_admin (IP: 10.237.35.254) disconnected from the server.
%Mar 10 17:43:36:864 2026 H3C SSHS/6/SSHS_LOG: Accepted password for xz4a_admin from 10.237.35.254 port 50536.

%Mar 10 17:43:37:910 2026 H3C SSHS/6/SSHS_CONNECT: SSH user xz4a_admin (IP: 10.237.35.254) connected to the server successfully.
%Mar 10 17:43:38:398 2026 H3C SHELL/5/SHELL_LOGIN: xz4a_admin logged in from 10.237.35.254.
%Mar 10 17:44:27:508 2026 H3C SHELL/6/SHELL_CMD: -Line=vty0-IPAddr=10.237.35.254-User=xz4a_admin; Command is screen-length disable
%Mar 10 17:44:27:550 2026 H3C SHELL/6/SHELL_CMD: -Line=vty0-IPAddr=10.237.35.254-User=xz4a_admin; Command is display version
%Mar 10 17:44:27:642 2026 H3C SHELL/6/SHELL_CMD: -Line=vty0-IPAddr=10.237.35.254-User=xz4a_admin; Command is display device
%Mar 10 17:44:27:706 2026 H3C SHELL/6/SHELL_CMD: -Line=vty0-IPAddr=10.237.35.254-User=xz4a_admin; Command is display startup
%Mar 10 17:44:27:788 2026 H3C SHELL/6/SHELL_CMD: -Line=vty0-IPAddr=10.237.35.254-User=xz4a_admin; Command is dis cpu-usage
%Mar 10 17:44:27:851 2026 H3C SHELL/6/SHELL_CMD: -Line=vty0-IPAddr=10.237.35.254-User=xz4a_admin; Command is dis memory
%Mar 10 17:44:27:933 2026 H3C SHELL/6/SHELL_CMD: -Line=vty0-IPAddr=10.237.35.254-User=xz4a_admin; Command is display interface brief
%Mar 10 17:44:28:599 2026 H3C SHELL/6/SHELL_CMD: -Line=vty0-IPAddr=10.237.35.254-User=xz4a_admin; Command is display ip interface brief
%Mar 10 17:44:28:664 2026 H3C SHELL/6/SHELL_CMD: -Line=vty0-IPAddr=10.237.35.254-User=xz4a_admin; Command is display current-configuration
%Mar 10 17:44:29:698 2026 H3C SHELL/6/SHELL_CMD: -Line=vty0-IPAddr=10.237.35.254-User=xz4a_admin; Command is display ip routing-table
%Mar 10 17:44:29:800 2026 H3C SHELL/6/SHELL_CMD: -Line=vty0-IPAddr=10.237.35.254-User=xz4a_admin; Command is display logbuffer
%Mar 10 17:46:46:327 2026 H3C SHELL/5/SHELL_LOGOUT: xz4a_admin logged out from 10.237.35.254.
%Mar 10 17:46:46:359 2026 H3C SSHS/6/SSHS_LOG: User xz4a_admin logged out from 10.237.35.254 port 50536.
%Mar 10 17:46:46:360 2026 H3C SSHS/6/SSHS_DISCONNECT: SSH user xz4a_admin (IP: 10.237.35.254) disconnected from the server.
%Mar 10 17:56:19:668 2026 H3C SSHS/6/SSHS_LOG: Accepted password for xz4a_admin from 10.237.35.254 port 52865.

%Mar 10 17:56:20:733 2026 H3C SSHS/6/SSHS_CONNECT: SSH user xz4a_admin (IP: 10.237.35.254) connected to the server successfully.
%Mar 10 17:56:21:222 2026 H3C SHELL/5/SHELL_LOGIN: xz4a_admin logged in from 10.237.35.254.
%Mar 10 17:57:09:907 2026 H3C SHELL/6/SHELL_CMD: -Line=vty0-IPAddr=10.237.35.254-User=xz4a_admin; Command is screen-length disable
%Mar 10 17:57:09:936 2026 H3C SHELL/6/SHELL_CMD: -Line=vty0-IPAddr=10.237.35.254-User=xz4a_admin; Command is display version
%Mar 10 17:57:10:036 2026 H3C SHELL/6/SHELL_CMD: -Line=vty0-IPAddr=10.237.35.254-User=xz4a_admin; Command is display device
%Mar 10 17:57:10:110 2026 H3C SHELL/6/SHELL_CMD: -Line=vty0-IPAddr=10.237.35.254-User=xz4a_admin; Command is display startup
%Mar 10 17:57:10:172 2026 H3C SHELL/6/SHELL_CMD: -Line=vty0-IPAddr=10.237.35.254-User=xz4a_admin; Command is dis cpu-usage
%Mar 10 17:57:10:240 2026 H3C SHELL/6/SHELL_CMD: -Line=vty0-IPAddr=10.237.35.254-User=xz4a_admin; Command is dis memory
%Mar 10 17:57:10:332 2026 H3C SHELL/6/SHELL_CMD: -Line=vty0-IPAddr=10.237.35.254-User=xz4a_admin; Command is display interface brief
%Mar 10 17:57:10:946 2026 H3C SHELL/6/SHELL_CMD: -Line=vty0-IPAddr=10.237.35.254-User=xz4a_admin; Command is display ip interface brief
%Mar 10 17:57:11:011 2026 H3C SHELL/6/SHELL_CMD: -Line=vty0-IPAddr=10.237.35.254-User=xz4a_admin; Command is display current-configuration
%Mar 10 17:57:11:968 2026 H3C SHELL/6/SHELL_CMD: -Line=vty0-IPAddr=10.237.35.254-User=xz4a_admin; Command is display ip routing-table
%Mar 10 17:57:12:084 2026 H3C SHELL/6/SHELL_CMD: -Line=vty0-IPAddr=10.237.35.254-User=xz4a_admin; Command is display logbuffer
%Mar 10 17:59:29:105 2026 H3C SHELL/5/SHELL_LOGOUT: xz4a_admin logged out from 10.237.35.254.
%Mar 10 17:59:29:135 2026 H3C SSHS/6/SSHS_LOG: User xz4a_admin logged out from 10.237.35.254 port 52865.
%Mar 10 17:59:29:136 2026 H3C SSHS/6/SSHS_DISCONNECT: SSH user xz4a_admin (IP: 10.237.35.254) disconnected from the server.
%Mar 12 12:04:29:815 2026 H3C SSHS/6/SSHS_LOG: Accepted password for xz4a_admin from 10.237.35.254 port 57486.

%Mar 12 12:04:30:879 2026 H3C SSHS/6/SSHS_CONNECT: SSH user xz4a_admin (IP: 10.237.35.254) connected to the server successfully.
%Mar 12 12:04:31:371 2026 H3C SHELL/5/SHELL_LOGIN: xz4a_admin logged in from 10.237.35.254.
%Mar 12 12:06:48:215 2026 H3C SHELL/5/SHELL_LOGOUT: xz4a_admin logged out from 10.237.35.254.
%Mar 12 12:06:48:246 2026 H3C SSHS/6/SSHS_LOG: User xz4a_admin logged out from 10.237.35.254 port 57486.
%Mar 12 12:06:48:246 2026 H3C SSHS/6/SSHS_DISCONNECT: SSH user xz4a_admin (IP: 10.237.35.254) disconnected from the server.
%Mar 12 12:07:57:570 2026 H3C SSHS/6/SSHS_LOG: Accepted password for xz4a_admin from 10.237.35.254 port 57992.

%Mar 12 12:07:58:623 2026 H3C SSHS/6/SSHS_CONNECT: SSH user xz4a_admin (IP: 10.237.35.254) connected to the server successfully.
%Mar 12 12:07:59:113 2026 H3C SHELL/5/SHELL_LOGIN: xz4a_admin logged in from 10.237.35.254.
%Mar 12 12:10:50:969 2026 H3C SHELL/5/SHELL_LOGOUT: xz4a_admin logged out from 10.237.35.254.
%Mar 12 12:10:51:001 2026 H3C SSHS/6/SSHS_LOG: User xz4a_admin logged out from 10.237.35.254 port 57992.
%Mar 12 12:10:51:001 2026 H3C SSHS/6/SSHS_DISCONNECT: SSH user xz4a_admin (IP: 10.237.35.254) disconnected from the server.
%Mar 12 12:16:11:831 2026 H3C SSHS/6/SSHS_LOG: Accepted password for xz4a_admin from 10.237.35.254 port 59289.

%Mar 12 12:16:12:877 2026 H3C SSHS/6/SSHS_CONNECT: SSH user xz4a_admin (IP: 10.237.35.254) connected to the server successfully.
%Mar 12 12:16:13:369 2026 H3C SHELL/5/SHELL_LOGIN: xz4a_admin logged in from 10.237.35.254.
%Mar 12 12:17:25:501 2026 H3C SHELL/5/SHELL_LOGOUT: xz4a_admin logged out from 10.237.35.254.
%Mar 12 12:17:25:535 2026 H3C SSHS/6/SSHS_LOG: User xz4a_admin logged out from 10.237.35.254 port 59289.
%Mar 12 12:17:25:535 2026 H3C SSHS/6/SSHS_DISCONNECT: SSH user xz4a_admin (IP: 10.237.35.254) disconnected from the server.
%Mar 12 12:20:09:974 2026 H3C SSHS/6/SSHS_LOG: Accepted password for xz4a_admin from 10.237.35.254 port 60165.

%Mar 12 12:20:11:017 2026 H3C SSHS/6/SSHS_CONNECT: SSH user xz4a_admin (IP: 10.237.35.254) connected to the server successfully.
%Mar 12 12:20:11:506 2026 H3C SHELL/5/SHELL_LOGIN: xz4a_admin logged in from 10.237.35.254.
%Mar 12 12:20:55:347 2026 H3C SHELL/5/SHELL_LOGOUT: xz4a_admin logged out from 10.237.35.254.
%Mar 12 12:20:55:379 2026 H3C SSHS/6/SSHS_LOG: User xz4a_admin logged out from 10.237.35.254 port 60165.
%Mar 12 12:20:55:379 2026 H3C SSHS/6/SSHS_DISCONNECT: SSH user xz4a_admin (IP: 10.237.35.254) disconnected from the server.
%Mar 12 12:22:57:115 2026 H3C SSHS/6/SSHS_LOG: Accepted password for xz4a_admin from 10.237.35.254 port 60642.

%Mar 12 12:22:58:163 2026 H3C SSHS/6/SSHS_CONNECT: SSH user xz4a_admin (IP: 10.237.35.254) connected to the server successfully.
%Mar 12 12:22:58:666 2026 H3C SHELL/5/SHELL_LOGIN: xz4a_admin logged in from 10.237.35.254.
%Mar 12 12:25:47:507 2026 H3C SHELL/5/SHELL_LOGOUT: xz4a_admin logged out from 10.237.35.254.
%Mar 12 12:25:47:543 2026 H3C SSHS/6/SSHS_LOG: User xz4a_admin logged out from 10.237.35.254 port 60642.
%Mar 12 12:25:47:543 2026 H3C SSHS/6/SSHS_DISCONNECT: SSH user xz4a_admin (IP: 10.237.35.254) disconnected from the server.
%Mar 12 12:39:17:381 2026 H3C SSHS/6/SSHS_LOG: Accepted password for xz4a_admin from 10.237.35.254 port 63245.

%Mar 12 12:39:18:426 2026 H3C SSHS/6/SSHS_CONNECT: SSH user xz4a_admin (IP: 10.237.35.254) connected to the server successfully.
%Mar 12 12:39:18:927 2026 H3C SHELL/5/SHELL_LOGIN: xz4a_admin logged in from 10.237.35.254.
%Mar 12 12:39:57:517 2026 H3C SHELL/4/SHELL_CMD_MATCHFAIL: -User=xz4a_admin-IPAddr=10.237.35.254; Command screen-length 0 temporary in view shell failed to be matched.
%Mar 12 12:39:57:541 2026 H3C SHELL/6/SHELL_CMD: -Line=vty0-IPAddr=10.237.35.254-User=xz4a_admin; Command is display version
%Mar 12 12:39:57:654 2026 H3C SHELL/6/SHELL_CMD: -Line=vty0-IPAddr=10.237.35.254-User=xz4a_admin; Command is display device
%Mar 12 12:39:57:713 2026 H3C SHELL/6/SHELL_CMD: -Line=vty0-IPAddr=10.237.35.254-User=xz4a_admin; Command is display startup
%Mar 12 12:39:57:772 2026 H3C SHELL/6/SHELL_CMD: -Line=vty0-IPAddr=10.237.35.254-User=xz4a_admin; Command is display cpu-usage
%Mar 12 12:39:57:844 2026 H3C SHELL/4/SHELL_CMD_MATCHFAIL: -User=xz4a_admin-IPAddr=10.237.35.254; Command display memory-usage in view shell failed to be matched.
%Mar 12 12:39:57:879 2026 H3C SHELL/6/SHELL_CMD: -Line=vty0-IPAddr=10.237.35.254-User=xz4a_admin; Command is display interface brief
%Mar 12 12:39:58:485 2026 H3C SHELL/6/SHELL_CMD: -Line=vty0-IPAddr=10.237.35.254-User=xz4a_admin; Command is display ip interface brief
%Mar 12 12:39:58:560 2026 H3C SHELL/6/SHELL_CMD: -Line=vty0-IPAddr=10.237.35.254-User=xz4a_admin; Command is display current-configuration
%Mar 12 12:39:59:575 2026 H3C SHELL/6/SHELL_CMD: -Line=vty0-IPAddr=10.237.35.254-User=xz4a_admin; Command is display ip routing-table
%Mar 12 12:39:59:629 2026 H3C SHELL/6/SHELL_CMD: -Line=vty0-IPAddr=10.237.35.254-User=xz4a_admin; Command is display logbuffer
%Mar 12 12:42:16:851 2026 H3C SHELL/5/SHELL_LOGOUT: xz4a_admin logged out from 10.237.35.254.
%Mar 12 12:42:16:884 2026 H3C SSHS/6/SSHS_LOG: User xz4a_admin logged out from 10.237.35.254 port 63245.
%Mar 12 12:42:16:884 2026 H3C SSHS/6/SSHS_DISCONNECT: SSH user xz4a_admin (IP: 10.237.35.254) disconnected from the server.
%Mar 12 13:01:26:277 2026 H3C SSHS/6/SSHS_LOG: Accepted password for xz4a_admin from 10.237.35.254 port 50501.

%Mar 12 13:01:27:344 2026 H3C SSHS/6/SSHS_CONNECT: SSH user xz4a_admin (IP: 10.237.35.254) connected to the server successfully.
%Mar 12 13:01:27:838 2026 H3C SHELL/5/SHELL_LOGIN: xz4a_admin logged in from 10.237.35.254.
%Mar 12 13:02:01:200 2026 H3C SHELL/4/SHELL_CMD_MATCHFAIL: -User=xz4a_admin-IPAddr=10.237.35.254; Command screen-length 0 temporary in view shell failed to be matched.
%Mar 12 13:02:01:220 2026 H3C SHELL/6/SHELL_CMD: -Line=vty0-IPAddr=10.237.35.254-User=xz4a_admin; Command is display version
%Mar 12 13:02:01:320 2026 H3C SHELL/6/SHELL_CMD: -Line=vty0-IPAddr=10.237.35.254-User=xz4a_admin; Command is display device
%Mar 12 13:02:01:378 2026 H3C SHELL/6/SHELL_CMD: -Line=vty0-IPAddr=10.237.35.254-User=xz4a_admin; Command is display startup
%Mar 12 13:02:01:450 2026 H3C SHELL/6/SHELL_CMD: -Line=vty0-IPAddr=10.237.35.254-User=xz4a_admin; Command is display cpu-usage
%Mar 12 13:02:01:546 2026 H3C SHELL/4/SHELL_CMD_MATCHFAIL: -User=xz4a_admin-IPAddr=10.237.35.254; Command display memory-usage in view shell failed to be matched.
%Mar 12 13:02:01:595 2026 H3C SHELL/6/SHELL_CMD: -Line=vty0-IPAddr=10.237.35.254-User=xz4a_admin; Command is display interface brief
%Mar 12 13:02:02:232 2026 H3C SHELL/6/SHELL_CMD: -Line=vty0-IPAddr=10.237.35.254-User=xz4a_admin; Command is display ip interface brief
%Mar 12 13:02:02:302 2026 H3C SHELL/6/SHELL_CMD: -Line=vty0-IPAddr=10.237.35.254-User=xz4a_admin; Command is display current-configuration
%Mar 12 13:02:03:346 2026 H3C SHELL/6/SHELL_CMD: -Line=vty0-IPAddr=10.237.35.254-User=xz4a_admin; Command is display ip routing-table
%Mar 12 13:02:03:412 2026 H3C SHELL/6/SHELL_CMD: -Line=vty0-IPAddr=10.237.35.254-User=xz4a_admin; Command is display logbuffer
%Mar 12 13:04:20:703 2026 H3C SHELL/5/SHELL_LOGOUT: xz4a_admin logged out from 10.237.35.254.
%Mar 12 13:04:20:752 2026 H3C SSHS/6/SSHS_LOG: User xz4a_admin logged out from 10.237.35.254 port 50501.
%Mar 12 13:04:20:752 2026 H3C SSHS/6/SSHS_DISCONNECT: SSH user xz4a_admin (IP: 10.237.35.254) disconnected from the server.
%Mar 12 13:19:08:588 2026 H3C SSHS/6/SSHS_LOG: Accepted password for xz4a_admin from 10.237.35.254 port 53169.

%Mar 12 13:19:09:635 2026 H3C SSHS/6/SSHS_CONNECT: SSH user xz4a_admin (IP: 10.237.35.254) connected to the server successfully.
%Mar 12 13:19:10:120 2026 H3C SHELL/5/SHELL_LOGIN: xz4a_admin logged in from 10.237.35.254.
%Mar 12 13:19:44:639 2026 H3C SHELL/4/SHELL_CMD_MATCHFAIL: -User=xz4a_admin-IPAddr=10.237.35.254; Command screen-length 0 temporary in view shell failed to be matched.
%Mar 12 13:19:44:663 2026 H3C SHELL/6/SHELL_CMD: -Line=vty0-IPAddr=10.237.35.254-User=xz4a_admin; Command is display version
%Mar 12 13:19:44:768 2026 H3C SHELL/6/SHELL_CMD: -Line=vty0-IPAddr=10.237.35.254-User=xz4a_admin; Command is display device
%Mar 12 13:19:44:853 2026 H3C SHELL/6/SHELL_CMD: -Line=vty0-IPAddr=10.237.35.254-User=xz4a_admin; Command is display startup
%Mar 12 13:19:44:915 2026 H3C SHELL/6/SHELL_CMD: -Line=vty0-IPAddr=10.237.35.254-User=xz4a_admin; Command is display cpu-usage
%Mar 12 13:19:45:006 2026 H3C SHELL/4/SHELL_CMD_MATCHFAIL: -User=xz4a_admin-IPAddr=10.237.35.254; Command display memory-usage in view shell failed to be matched.
%Mar 12 13:19:45:032 2026 H3C SHELL/6/SHELL_CMD: -Line=vty0-IPAddr=10.237.35.254-User=xz4a_admin; Command is display interface brief
%Mar 12 13:19:45:679 2026 H3C SHELL/6/SHELL_CMD: -Line=vty0-IPAddr=10.237.35.254-User=xz4a_admin; Command is display ip interface brief
%Mar 12 13:19:45:737 2026 H3C SHELL/6/SHELL_CMD: -Line=vty0-IPAddr=10.237.35.254-User=xz4a_admin; Command is display current-configuration
%Mar 12 13:19:46:755 2026 H3C SHELL/6/SHELL_CMD: -Line=vty0-IPAddr=10.237.35.254-User=xz4a_admin; Command is display ip routing-table
%Mar 12 13:19:46:807 2026 H3C SHELL/6/SHELL_CMD: -Line=vty0-IPAddr=10.237.35.254-User=xz4a_admin; Command is display logbuffer
%Mar 12 13:20:30:060 2026 H3C SHELL/5/SHELL_LOGOUT: xz4a_admin logged out from 10.237.35.254.
%Mar 12 13:20:30:093 2026 H3C SSHS/6/SSHS_LOG: User xz4a_admin logged out from 10.237.35.254 port 53169.
%Mar 12 13:20:30:093 2026 H3C SSHS/6/SSHS_DISCONNECT: SSH user xz4a_admin (IP: 10.237.35.254) disconnected from the server.
%Mar 12 13:27:41:917 2026 H3C SSHS/6/SSHS_LOG: Accepted password for xz4a_admin from 10.237.35.254 port 54652.

%Mar 12 13:27:42:983 2026 H3C SSHS/6/SSHS_CONNECT: SSH user xz4a_admin (IP: 10.237.35.254) connected to the server successfully.
%Mar 12 13:27:43:472 2026 H3C SHELL/5/SHELL_LOGIN: xz4a_admin logged in from 10.237.35.254.
%Mar 12 13:28:16:313 2026 H3C SHELL/4/SHELL_CMD_MATCHFAIL: -User=xz4a_admin-IPAddr=10.237.35.254; Command screen-length 0 temporary in view shell failed to be matched.
%Mar 12 13:28:16:335 2026 H3C SHELL/6/SHELL_CMD: -Line=vty0-IPAddr=10.237.35.254-User=xz4a_admin; Command is display version
%Mar 12 13:28:16:475 2026 H3C SHELL/6/SHELL_CMD: -Line=vty0-IPAddr=10.237.35.254-User=xz4a_admin; Command is display device
%Mar 12 13:28:16:532 2026 H3C SHELL/6/SHELL_CMD: -Line=vty0-IPAddr=10.237.35.254-User=xz4a_admin; Command is display startup
%Mar 12 13:28:16:594 2026 H3C SHELL/6/SHELL_CMD: -Line=vty0-IPAddr=10.237.35.254-User=xz4a_admin; Command is display cpu-usage
%Mar 12 13:28:16:662 2026 H3C SHELL/4/SHELL_CMD_MATCHFAIL: -User=xz4a_admin-IPAddr=10.237.35.254; Command display memory-usage in view shell failed to be matched.
%Mar 12 13:28:16:688 2026 H3C SHELL/6/SHELL_CMD: -Line=vty0-IPAddr=10.237.35.254-User=xz4a_admin; Command is display interface brief
%Mar 12 13:28:17:304 2026 H3C SHELL/6/SHELL_CMD: -Line=vty0-IPAddr=10.237.35.254-User=xz4a_admin; Command is display ip interface brief
%Mar 12 13:28:17:361 2026 H3C SHELL/6/SHELL_CMD: -Line=vty0-IPAddr=10.237.35.254-User=xz4a_admin; Command is display current-configuration
%Mar 12 13:28:18:375 2026 H3C SHELL/6/SHELL_CMD: -Line=vty0-IPAddr=10.237.35.254-User=xz4a_admin; Command is display ip routing-table
%Mar 12 13:28:18:431 2026 H3C SHELL/6/SHELL_CMD: -Line=vty0-IPAddr=10.237.35.254-User=xz4a_admin; Command is display logbuffer
%Mar 12 13:30:35:366 2026 H3C SHELL/5/SHELL_LOGOUT: xz4a_admin logged out from 10.237.35.254.
%Mar 12 13:30:35:399 2026 H3C SSHS/6/SSHS_LOG: User xz4a_admin logged out from 10.237.35.254 port 54652.
%Mar 12 13:30:35:400 2026 H3C SSHS/6/SSHS_DISCONNECT: SSH user xz4a_admin (IP: 10.237.35.254) disconnected from the server.
%Mar 12 15:19:20:452 2026 H3C SSHS/6/SSHS_LOG: Accepted password for xz4a_admin from 10.237.35.254 port 56184.
               
%Mar 12 15:19:21:501 2026 H3C SSHS/6/SSHS_CONNECT: SSH user xz4a_admin (IP: 10.237.35.254) connected to the server successfully.
%Mar 12 15:19:21:997 2026 H3C SHELL/5/SHELL_LOGIN: xz4a_admin logged in from 10.237.35.254.
%Mar 12 15:20:07:264 2026 H3C SHELL/4/SHELL_CMD_MATCHFAIL: -User=xz4a_admin-IPAddr=10.237.35.254; Command screen-length 0 temporary in view shell failed to be matched.
%Mar 12 15:20:07:287 2026 H3C SHELL/6/SHELL_CMD: -Line=vty0-IPAddr=10.237.35.254-User=xz4a_admin; Command is display version
%Mar 12 15:20:07:417 2026 H3C SHELL/6/SHELL_CMD: -Line=vty0-IPAddr=10.237.35.254-User=xz4a_admin; Command is display device
%Mar 12 15:20:07:499 2026 H3C SHELL/6/SHELL_CMD: -Line=vty0-IPAddr=10.237.35.254-User=xz4a_admin; Command is display startup
%Mar 12 15:20:07:563 2026 H3C SHELL/6/SHELL_CMD: -Line=vty0-IPAddr=10.237.35.254-User=xz4a_admin; Command is display cpu-usage
%Mar 12 15:20:07:664 2026 H3C SHELL/4/SHELL_CMD_MATCHFAIL: -User=xz4a_admin-IPAddr=10.237.35.254; Command display memory-usage in view shell failed to be matched.
%Mar 12 15:20:07:704 2026 H3C SHELL/6/SHELL_CMD: -Line=vty0-IPAddr=10.237.35.254-User=xz4a_admin; Command is display interface brief
%Mar 12 15:20:08:310 2026 H3C SHELL/6/SHELL_CMD: -Line=vty0-IPAddr=10.237.35.254-User=xz4a_admin; Command is display ip interface brief
%Mar 12 15:20:08:366 2026 H3C SHELL/6/SHELL_CMD: -Line=vty0-IPAddr=10.237.35.254-User=xz4a_admin; Command is display current-configuration
%Mar 12 15:20:09:333 2026 H3C SHELL/6/SHELL_CMD: -Line=vty0-IPAddr=10.237.35.254-User=xz4a_admin; Command is display ip routing-table
%Mar 12 15:20:09:409 2026 H3C SHELL/6/SHELL_CMD: -Line=vty0-IPAddr=10.237.35.254-User=xz4a_admin; Command is display logbuffer
%Mar 12 15:20:59:189 2026 H3C SHELL/5/SHELL_LOGOUT: xz4a_admin logged out from 10.237.35.254.
%Mar 12 15:20:59:240 2026 H3C SSHS/6/SSHS_LOG: User xz4a_admin logged out from 10.237.35.254 port 56184.
%Mar 12 15:20:59:240 2026 H3C SSHS/6/SSHS_DISCONNECT: SSH user xz4a_admin (IP: 10.237.35.254) disconnected from the server.
%Mar 12 15:26:00:416 2026 H3C SSHS/6/SSHS_LOG: Accepted password for xz4a_admin from 10.237.35.254 port 57467.

%Mar 12 15:26:01:485 2026 H3C SSHS/6/SSHS_CONNECT: SSH user xz4a_admin (IP: 10.237.35.254) connected to the server successfully.
%Mar 12 15:26:01:985 2026 H3C SHELL/5/SHELL_LOGIN: xz4a_admin logged in from 10.237.35.254.
%Mar 12 15:26:34:082 2026 H3C SHELL/4/SHELL_CMD_MATCHFAIL: -User=xz4a_admin-IPAddr=10.237.35.254; Command screen-length 0 temporary in view shell failed to be matched.
%Mar 12 15:26:34:105 2026 H3C SHELL/6/SHELL_CMD: -Line=vty0-IPAddr=10.237.35.254-User=xz4a_admin; Command is display version
%Mar 12 15:26:34:237 2026 H3C SHELL/6/SHELL_CMD: -Line=vty0-IPAddr=10.237.35.254-User=xz4a_admin; Command is display device
%Mar 12 15:26:34:333 2026 H3C SHELL/6/SHELL_CMD: -Line=vty0-IPAddr=10.237.35.254-User=xz4a_admin; Command is display startup
%Mar 12 15:26:34:404 2026 H3C SHELL/6/SHELL_CMD: -Line=vty0-IPAddr=10.237.35.254-User=xz4a_admin; Command is display cpu-usage
%Mar 12 15:26:34:479 2026 H3C SHELL/4/SHELL_CMD_MATCHFAIL: -User=xz4a_admin-IPAddr=10.237.35.254; Command display memory-usage in view shell failed to be matched.
%Mar 12 15:26:34:503 2026 H3C SHELL/6/SHELL_CMD: -Line=vty0-IPAddr=10.237.35.254-User=xz4a_admin; Command is display interface brief
%Mar 12 15:26:35:072 2026 H3C SHELL/6/SHELL_CMD: -Line=vty0-IPAddr=10.237.35.254-User=xz4a_admin; Command is display ip interface brief
%Mar 12 15:26:35:144 2026 H3C SHELL/6/SHELL_CMD: -Line=vty0-IPAddr=10.237.35.254-User=xz4a_admin; Command is display current-configuration
%Mar 12 15:26:36:186 2026 H3C SHELL/6/SHELL_CMD: -Line=vty0-IPAddr=10.237.35.254-User=xz4a_admin; Command is display ip routing-table
%Mar 12 15:26:36:246 2026 H3C SHELL/6/SHELL_CMD: -Line=vty0-IPAddr=10.237.35.254-User=xz4a_admin; Command is display logbuffer
%Mar 12 15:27:19:240 2026 H3C SHELL/5/SHELL_LOGOUT: xz4a_admin logged out from 10.237.35.254.
%Mar 12 15:27:19:271 2026 H3C SSHS/6/SSHS_LOG: User xz4a_admin logged out from 10.237.35.254 port 57467.
%Mar 12 15:27:19:272 2026 H3C SSHS/6/SSHS_DISCONNECT: SSH user xz4a_admin (IP: 10.237.35.254) disconnected from the server.
%Mar 12 21:45:42:499 2026 H3C OPTMOD/4/PHONY_MODULE: -Slot=2; Ten-GigabitEthernet2/0/14: This transceiver is NOT sold by H3C. H3C therefore shall NOT guarantee the normal function of the device or assume the maintenance responsibility thereof!
%Mar 13 12:42:18:949 2026 H3C SSHS/6/SSHS_LOG: Accepted password for xz4a_admin from 10.237.35.254 port 65305.

%Mar 13 12:42:20:005 2026 H3C SSHS/6/SSHS_CONNECT: SSH user xz4a_admin (IP: 10.237.35.254) connected to the server successfully.
%Mar 13 12:42:20:498 2026 H3C SHELL/5/SHELL_LOGIN: xz4a_admin logged in from 10.237.35.254.
%Mar 13 12:43:06:746 2026 H3C SHELL/4/SHELL_CMD_MATCHFAIL: -User=xz4a_admin-IPAddr=10.237.35.254; Command screen-length 0 temporary in view shell failed to be matched.
%Mar 13 12:43:06:771 2026 H3C SHELL/6/SHELL_CMD: -Line=vty0-IPAddr=10.237.35.254-User=xz4a_admin; Command is display version
%Mar 13 12:43:06:885 2026 H3C SHELL/6/SHELL_CMD: -Line=vty0-IPAddr=10.237.35.254-User=xz4a_admin; Command is display device
%Mar 13 12:43:06:945 2026 H3C SHELL/6/SHELL_CMD: -Line=vty0-IPAddr=10.237.35.254-User=xz4a_admin; Command is display startup
%Mar 13 12:43:07:003 2026 H3C SHELL/6/SHELL_CMD: -Line=vty0-IPAddr=10.237.35.254-User=xz4a_admin; Command is display cpu-usage
%Mar 13 12:43:07:090 2026 H3C SHELL/4/SHELL_CMD_MATCHFAIL: -User=xz4a_admin-IPAddr=10.237.35.254; Command display memory-usage in view shell failed to be matched.
%Mar 13 12:43:07:122 2026 H3C SHELL/6/SHELL_CMD: -Line=vty0-IPAddr=10.237.35.254-User=xz4a_admin; Command is display interface brief
%Mar 13 12:43:07:672 2026 H3C SHELL/6/SHELL_CMD: -Line=vty0-IPAddr=10.237.35.254-User=xz4a_admin; Command is display ip interface brief
%Mar 13 12:43:07:728 2026 H3C SHELL/6/SHELL_CMD: -Line=vty0-IPAddr=10.237.35.254-User=xz4a_admin; Command is display current-configuration
%Mar 13 12:43:08:722 2026 H3C SHELL/6/SHELL_CMD: -Line=vty0-IPAddr=10.237.35.254-User=xz4a_admin; Command is display ip routing-table
