<xzyd-enip2>screen-length 0 temporary
                          ^
 % Unrecognized command found at '^' position.
<xzyd-enip2>display version
H3C Comware Software, Version 7.1.070, Release 1115
Copyright (c) 2004-2022 New H3C Technologies Co., Ltd. All rights reserved.
H3C S5554S-EI-D uptime is 142 weeks, 2 days, 12 hours, 1 minute
Last reboot reason : Cold reboot

Boot image: flash:/s5500_ei_d-cmw710-boot-r1115.bin
Boot image version: 7.1.070, Release 1115
  Compiled Oct 14 2022 11:00:00
System image: flash:/s5500_ei_d-cmw710-system-r1115.bin
System image version: 7.1.070, Release 1115
  Compiled Oct 14 2022 11:00:00


Slot 1:
Uptime is 142 weeks,2 days,12 hours,1 minute
S5554S-EI-D with 1 Processor
BOARD TYPE:         S5554S-EI-D
DRAM:               1024M bytes
FLASH:              256M bytes
PCB 1 Version:      VER.A
Bootrom Version:    110
CPLD 1 Version:     004
Release Version:    H3C S5554S-EI-D-1115
Patch Version  :    None
Reboot Cause  :     ColdReboot
[SubSlot 0] 48GE+6SFP Plus
<xzyd-enip2>display device
Slot Type              State    Subslot  Soft Ver             Patch Ver
1    S5554S-EI-D       Master   0        S5500_EI_D-1115      None      
<xzyd-enip2>display startup
MainBoard:
 Current startup saved-configuration file: NULL 
 Next main startup saved-configuration file: flash:/startup.cfg
 Next backup startup saved-configuration file: NULL
<xzyd-enip2>display cpu-usage
Slot 1 CPU 0 CPU usage:
       3% in last 5 seconds
       4% in last 1 minute
       3% in last 5 minutes

<xzyd-enip2>display memory-usage
                    ^
 % Unrecognized command found at '^' position.
<xzyd-enip2>display memory
Memory statistics are measured in KB:
Slot 1: 
             Total      Used      Free    Shared   Buffers    Cached   FreeRatio
Mem:        991732    456848    534884         0      1472    187428       55.3%
-/+ Buffers/Cache:    267948    723784
Swap:            0         0         0

<xzyd-enip2>display ip interface brief
*down: administratively down
(s): spoofing  (l): loopback
Interface           Physical Protocol IP address      VPN instance Description  
Vlan1               up       up       --              --           --
Vlan3               up       up       --              --           --
Vlan4               up       up       10.233.121.202  --           --
Vlan100             up       up       --              --           --
<xzyd-enip2>display interface brief
Brief information on interfaces in route mode:
Link: ADM - administratively down; Stby - standby
Protocol: (s) - spoofing
Interface            Link Protocol Primary IP        Description              
InLoop0              UP   UP(s)    --                
NULL0                UP   UP(s)    --                
REG0                 UP   --       --                
Vlan1                UP   UP       --                
Vlan3                UP   UP       --                
Vlan4                UP   UP       10.233.121.202    
Vlan100              UP   UP       --                

Brief information on interfaces in bridge mode:
Link: ADM - administratively down; Stby - standby
Speed: (a) - auto
Duplex: (a)/A - auto; H - half; F - full
Type: A - access; T - trunk; H - hybrid
Interface            Link Speed     Duplex Type PVID Description              
BAGG1                UP   2G(a)     F(a)   T    1    to xzyd-enip1
GE1/0/1              UP   1G(a)     F(a)   A    4    TO WEB2
GE1/0/2              UP   1G(a)     F(a)   A    4    TO WEB1
GE1/0/3              UP   1G(a)     F(a)   A    4    TO FEPOIA1
GE1/0/4              ADM  auto      A      A    4    TO FEPOIA2
GE1/0/5              UP   1G(a)     F(a)   A    4    TO SMP2
GE1/0/6              UP   1G(a)     F(a)   A    4    TO SMP1
GE1/0/7              ADM  auto      A      T    1    "TO_J07_XZ-CENTREXAS-S352
GE1/0/8              UP   1G(a)     F(a)   T    1    TO ATAE_EX650_2
GE1/0/9              ADM  auto      A      A    4    "TO BAM_GB2_but not activ
GE1/0/10             UP   1G(a)     F(a)   T    1    "to D03_E1000_slot1-2"
GE1/0/11             UP   1G(a)     F(a)   A    4    TO xzyd-usau2
GE1/0/12             ADM  auto      A      A    3    
GE1/0/13             ADM  auto      A      T    1    
GE1/0/14             UP   100M(a)   F(a)   A    4    "to weihu_floor2_fenghuo"
GE1/0/15             ADM  auto      A      A    4    
GE1/0/16             UP   1G(a)     F(a)   T    3    "from_D05_ATAE2_slot7-FAB
GE1/0/17             ADM  auto      A      A    3    "to D07_3650-1-pc1_right 
GE1/0/18             DOWN auto      A      A    3    "to D07_3650-2-Pc1_right 
GE1/0/19             ADM  auto      A      A    3    "to D07-3650-3-1 "
GE1/0/20             ADM  auto      A      A    3    "to D07_3650-4-1 "
GE1/0/21             ADM  auto      A      A    3    "to D07_3650-6-1 "
GE1/0/22             ADM  auto      A      A    3    "to D07-3650-7-1 "
GE1/0/23             ADM  auto      A      A    3    "to D07_3650-8-1 "
GE1/0/24             UP   1G(a)     F(a)   A    3    "to D06_switch2-23"
GE1/0/25             DOWN auto      A      A    1    
GE1/0/26             DOWN auto      A      A    1    
GE1/0/27             DOWN auto      A      A    1    
GE1/0/28             DOWN auto      A      A    1    
GE1/0/29             DOWN auto      A      A    1    
GE1/0/30             DOWN auto      A      A    1    
GE1/0/31             DOWN auto      A      A    1    
GE1/0/32             DOWN auto      A      A    1    
GE1/0/33             DOWN auto      A      A    1    
GE1/0/34             DOWN auto      A      A    1    
GE1/0/35             DOWN auto      A      A    1    
GE1/0/36             DOWN auto      A      A    1    
GE1/0/37             DOWN auto      A      A    1    
GE1/0/38             DOWN auto      A      A    1    
GE1/0/39             DOWN auto      A      A    1    
GE1/0/40             DOWN auto      A      A    1    
GE1/0/41             DOWN auto      A      A    1    
GE1/0/42             DOWN auto      A      A    1    
GE1/0/43             DOWN auto      A      A    1    
GE1/0/44             DOWN auto      A      A    1    
GE1/0/45             DOWN auto      A      A    1    
GE1/0/46             DOWN auto      A      A    1    
GE1/0/47             UP   1G(a)     F(a)   T    1    to xzyd-enip1
GE1/0/48             UP   1G(a)     F(a)   T    1    to xzyd-enip1
XGE1/0/49            UP   1G(a)     F(a)   T    1    
XGE1/0/50            ADM  auto      A      A    1    
XGE1/0/51            DOWN auto      A      A    1    
XGE1/0/52            DOWN auto      A      A    1    
XGE1/0/53            DOWN auto      A      A    1    
XGE1/0/54            DOWN auto      A      A    1    

<xzyd-enip2>display ip routing-table

Destinations : 17       Routes : 17

Destination/Mask   Proto   Pre Cost        NextHop         Interface
0.0.0.0/32         Direct  0   0           127.0.0.1       InLoop0
10.233.121.128/25  Direct  0   0           10.233.121.202  Vlan4
10.233.121.128/32  Direct  0   0           10.233.121.202  Vlan4
10.233.121.202/32  Direct  0   0           127.0.0.1       InLoop0
10.233.121.255/32  Direct  0   0           10.233.121.202  Vlan4
10.237.35.0/24     Static  60  0           10.233.121.213  Vlan4
10.237.95.0/24     Static  60  0           10.233.121.213  Vlan4
10.237.99.0/24     Static  60  0           10.233.121.213  Vlan4
10.237.100.0/24    Static  60  0           10.233.121.213  Vlan4
10.241.118.0/29    Static  60  0           10.233.121.213  Vlan4
127.0.0.0/8        Direct  0   0           127.0.0.1       InLoop0
127.0.0.0/32       Direct  0   0           127.0.0.1       InLoop0
127.0.0.1/32       Direct  0   0           127.0.0.1       InLoop0
127.255.255.255/32 Direct  0   0           127.0.0.1       InLoop0
224.0.0.0/4        Direct  0   0           0.0.0.0         NULL0
224.0.0.0/24       Direct  0   0           0.0.0.0         NULL0
255.255.255.255/32 Direct  0   0           127.0.0.1       InLoop0
<xzyd-enip2>display logbuffer
Log buffer: Enabled
Max buffer size: 1024
Actual buffer size: 512
Dropped messages: 0
Overwritten messages: 178968
Current messages: 512
%Mar 10 18:52:45:357 2026 xzyd-enip2 STP/6/STP_NOTIFIED_TC: Instance 0's port GigabitEthernet1/0/24 was notified a topology change.
%Mar 10 18:52:45:750 2026 xzyd-enip2 STP/6/STP_NOTIFIED_TC: Instance 0's port GigabitEthernet1/0/24 was notified a topology change.
%Mar 10 18:57:46:803 2026 xzyd-enip2 STP/6/STP_NOTIFIED_TC: Instance 0's port GigabitEthernet1/0/24 was notified a topology change.
%Mar 10 19:22:46:438 2026 xzyd-enip2 STP/6/STP_NOTIFIED_TC: Instance 0's port GigabitEthernet1/0/24 was notified a topology change.
%Mar 10 19:27:47:850 2026 xzyd-enip2 STP/6/STP_NOTIFIED_TC: Instance 0's port GigabitEthernet1/0/24 was notified a topology change.
%Mar 10 19:27:47:855 2026 xzyd-enip2 STP/6/STP_NOTIFIED_TC: Instance 0's port GigabitEthernet1/0/24 was notified a topology change.
%Mar 10 19:52:47:510 2026 xzyd-enip2 STP/6/STP_NOTIFIED_TC: Instance 0's port GigabitEthernet1/0/24 was notified a topology change.
%Mar 10 19:52:47:922 2026 xzyd-enip2 STP/6/STP_NOTIFIED_TC: Instance 0's port GigabitEthernet1/0/24 was notified a topology change.
%Mar 10 19:57:48:943 2026 xzyd-enip2 STP/6/STP_NOTIFIED_TC: Instance 0's port GigabitEthernet1/0/24 was notified a topology change.
%Mar 10 20:22:48:591 2026 xzyd-enip2 STP/6/STP_NOTIFIED_TC: Instance 0's port GigabitEthernet1/0/24 was notified a topology change.
%Mar 10 20:27:49:029 2026 xzyd-enip2 STP/6/STP_NOTIFIED_TC: Instance 0's port GigabitEthernet1/0/24 was notified a topology change.
%Mar 10 20:52:49:672 2026 xzyd-enip2 STP/6/STP_NOTIFIED_TC: Instance 0's port GigabitEthernet1/0/24 was notified a topology change.
%Mar 10 20:52:50:085 2026 xzyd-enip2 STP/6/STP_NOTIFIED_TC: Instance 0's port GigabitEthernet1/0/24 was notified a topology change.
%Mar 10 20:57:50:098 2026 xzyd-enip2 STP/6/STP_NOTIFIED_TC: Instance 0's port GigabitEthernet1/0/24 was notified a topology change.
%Mar 10 20:57:50:106 2026 xzyd-enip2 STP/6/STP_NOTIFIED_TC: Instance 0's port GigabitEthernet1/0/24 was notified a topology change.
%Mar 10 21:22:50:743 2026 xzyd-enip2 STP/6/STP_NOTIFIED_TC: Instance 0's port GigabitEthernet1/0/24 was notified a topology change.
%Mar 10 21:27:51:184 2026 xzyd-enip2 STP/6/STP_NOTIFIED_TC: Instance 0's port GigabitEthernet1/0/24 was notified a topology change.
%Mar 10 21:52:51:825 2026 xzyd-enip2 STP/6/STP_NOTIFIED_TC: Instance 0's port GigabitEthernet1/0/24 was notified a topology change.
%Mar 10 21:52:52:256 2026 xzyd-enip2 STP/6/STP_NOTIFIED_TC: Instance 0's port GigabitEthernet1/0/24 was notified a topology change.
%Mar 10 21:57:52:270 2026 xzyd-enip2 STP/6/STP_NOTIFIED_TC: Instance 0's port GigabitEthernet1/0/24 was notified a topology change.
%Mar 10 21:57:52:326 2026 xzyd-enip2 STP/6/STP_NOTIFIED_TC: Instance 0's port GigabitEthernet1/0/24 was notified a topology change.
%Mar 10 22:22:52:906 2026 xzyd-enip2 STP/6/STP_NOTIFIED_TC: Instance 0's port GigabitEthernet1/0/24 was notified a topology change.
%Mar 10 22:27:53:357 2026 xzyd-enip2 STP/6/STP_NOTIFIED_TC: Instance 0's port GigabitEthernet1/0/24 was notified a topology change.
%Mar 10 22:27:54:355 2026 xzyd-enip2 STP/6/STP_NOTIFIED_TC: Instance 0's port GigabitEthernet1/0/24 was notified a topology change.
%Mar 10 22:52:53:988 2026 xzyd-enip2 STP/6/STP_NOTIFIED_TC: Instance 0's port GigabitEthernet1/0/24 was notified a topology change.
%Mar 10 22:52:54:419 2026 xzyd-enip2 STP/6/STP_NOTIFIED_TC: Instance 0's port GigabitEthernet1/0/24 was notified a topology change.
%Mar 10 22:57:54:433 2026 xzyd-enip2 STP/6/STP_NOTIFIED_TC: Instance 0's port GigabitEthernet1/0/24 was notified a topology change.
%Mar 10 22:57:54:438 2026 xzyd-enip2 STP/6/STP_NOTIFIED_TC: Instance 0's port GigabitEthernet1/0/24 was notified a topology change.
%Mar 10 23:22:54:059 2026 xzyd-enip2 STP/6/STP_NOTIFIED_TC: Instance 0's port GigabitEthernet1/0/24 was notified a topology change.
%Mar 10 23:22:54:506 2026 xzyd-enip2 STP/6/STP_NOTIFIED_TC: Instance 0's port GigabitEthernet1/0/24 was notified a topology change.
%Mar 10 23:27:55:526 2026 xzyd-enip2 STP/6/STP_NOTIFIED_TC: Instance 0's port GigabitEthernet1/0/24 was notified a topology change.
%Mar 10 23:27:56:518 2026 xzyd-enip2 STP/6/STP_NOTIFIED_TC: Instance 0's port GigabitEthernet1/0/24 was notified a topology change.
%Mar 10 23:52:55:141 2026 xzyd-enip2 STP/6/STP_NOTIFIED_TC: Instance 0's port GigabitEthernet1/0/24 was notified a topology change.
%Mar 10 23:57:56:595 2026 xzyd-enip2 STP/6/STP_NOTIFIED_TC: Instance 0's port GigabitEthernet1/0/24 was notified a topology change.
%Mar 10 23:57:56:606 2026 xzyd-enip2 STP/6/STP_NOTIFIED_TC: Instance 0's port GigabitEthernet1/0/24 was notified a topology change.
%Mar 11 00:22:56:222 2026 xzyd-enip2 STP/6/STP_NOTIFIED_TC: Instance 0's port GigabitEthernet1/0/24 was notified a topology change.
%Mar 11 00:22:56:668 2026 xzyd-enip2 STP/6/STP_NOTIFIED_TC: Instance 0's port GigabitEthernet1/0/24 was notified a topology change.
%Mar 11 00:22:57:220 2026 xzyd-enip2 STP/6/STP_NOTIFIED_TC: Instance 0's port GigabitEthernet1/0/24 was notified a topology change.
%Mar 11 00:22:58:668 2026 xzyd-enip2 STP/6/STP_NOTIFIED_TC: Instance 0's port GigabitEthernet1/0/24 was notified a topology change.
%Mar 11 00:27:57:681 2026 xzyd-enip2 STP/6/STP_NOTIFIED_TC: Instance 0's port GigabitEthernet1/0/24 was notified a topology change.
%Mar 11 00:27:58:680 2026 xzyd-enip2 STP/6/STP_NOTIFIED_TC: Instance 0's port GigabitEthernet1/0/24 was notified a topology change.
%Mar 11 00:52:57:296 2026 xzyd-enip2 STP/6/STP_NOTIFIED_TC: Instance 0's port GigabitEthernet1/0/24 was notified a topology change.
%Mar 11 00:52:58:754 2026 xzyd-enip2 STP/6/STP_NOTIFIED_TC: Instance 0's port GigabitEthernet1/0/24 was notified a topology change.
%Mar 11 00:57:58:768 2026 xzyd-enip2 STP/6/STP_NOTIFIED_TC: Instance 0's port GigabitEthernet1/0/24 was notified a topology change.
%Mar 11 00:57:58:770 2026 xzyd-enip2 STP/6/STP_NOTIFIED_TC: Instance 0's port GigabitEthernet1/0/24 was notified a topology change.
%Mar 11 01:22:58:376 2026 xzyd-enip2 STP/6/STP_NOTIFIED_TC: Instance 0's port GigabitEthernet1/0/24 was notified a topology change.
%Mar 11 01:22:58:830 2026 xzyd-enip2 STP/6/STP_NOTIFIED_TC: Instance 0's port GigabitEthernet1/0/24 was notified a topology change.
%Mar 11 01:22:59:373 2026 xzyd-enip2 STP/6/STP_NOTIFIED_TC: Instance 0's port GigabitEthernet1/0/24 was notified a topology change.
%Mar 11 01:23:00:830 2026 xzyd-enip2 STP/6/STP_NOTIFIED_TC: Instance 0's port GigabitEthernet1/0/24 was notified a topology change.
%Mar 11 01:27:58:845 2026 xzyd-enip2 STP/6/STP_NOTIFIED_TC: Instance 0's port GigabitEthernet1/0/24 was notified a topology change.
%Mar 11 01:27:58:846 2026 xzyd-enip2 STP/6/STP_NOTIFIED_TC: Instance 0's port GigabitEthernet1/0/24 was notified a topology change.
%Mar 11 01:52:59:457 2026 xzyd-enip2 STP/6/STP_NOTIFIED_TC: Instance 0's port GigabitEthernet1/0/24 was notified a topology change.
%Mar 11 01:53:00:917 2026 xzyd-enip2 STP/6/STP_NOTIFIED_TC: Instance 0's port GigabitEthernet1/0/24 was notified a topology change.
%Mar 11 01:58:00:931 2026 xzyd-enip2 STP/6/STP_NOTIFIED_TC: Instance 0's port GigabitEthernet1/0/24 was notified a topology change.
%Mar 11 01:58:00:939 2026 xzyd-enip2 STP/6/STP_NOTIFIED_TC: Instance 0's port GigabitEthernet1/0/24 was notified a topology change.
%Mar 11 02:23:00:529 2026 xzyd-enip2 STP/6/STP_NOTIFIED_TC: Instance 0's port GigabitEthernet1/0/24 was notified a topology change.
%Mar 11 02:23:00:993 2026 xzyd-enip2 STP/6/STP_NOTIFIED_TC: Instance 0's port GigabitEthernet1/0/24 was notified a topology change.
%Mar 11 02:23:01:527 2026 xzyd-enip2 STP/6/STP_NOTIFIED_TC: Instance 0's port GigabitEthernet1/0/24 was notified a topology change.
%Mar 11 02:23:02:993 2026 xzyd-enip2 STP/6/STP_NOTIFIED_TC: Instance 0's port GigabitEthernet1/0/24 was notified a topology change.
%Mar 11 02:28:00:016 2026 xzyd-enip2 STP/6/STP_NOTIFIED_TC: Instance 0's port GigabitEthernet1/0/24 was notified a topology change.
%Mar 11 02:28:01:015 2026 xzyd-enip2 STP/6/STP_NOTIFIED_TC: Instance 0's port GigabitEthernet1/0/24 was notified a topology change.
%Mar 11 02:53:01:611 2026 xzyd-enip2 STP/6/STP_NOTIFIED_TC: Instance 0's port GigabitEthernet1/0/24 was notified a topology change.
%Mar 11 02:53:03:079 2026 xzyd-enip2 STP/6/STP_NOTIFIED_TC: Instance 0's port GigabitEthernet1/0/24 was notified a topology change.
%Mar 11 02:58:01:093 2026 xzyd-enip2 STP/6/STP_NOTIFIED_TC: Instance 0's port GigabitEthernet1/0/24 was notified a topology change.
%Mar 11 02:58:01:095 2026 xzyd-enip2 STP/6/STP_NOTIFIED_TC: Instance 0's port GigabitEthernet1/0/24 was notified a topology change.
%Mar 11 03:23:01:693 2026 xzyd-enip2 STP/6/STP_NOTIFIED_TC: Instance 0's port GigabitEthernet1/0/24 was notified a topology change.
%Mar 11 03:23:03:165 2026 xzyd-enip2 STP/6/STP_NOTIFIED_TC: Instance 0's port GigabitEthernet1/0/24 was notified a topology change.
%Mar 11 03:28:02:186 2026 xzyd-enip2 STP/6/STP_NOTIFIED_TC: Instance 0's port GigabitEthernet1/0/24 was notified a topology change.
%Mar 11 03:28:03:178 2026 xzyd-enip2 STP/6/STP_NOTIFIED_TC: Instance 0's port GigabitEthernet1/0/24 was notified a topology change.
%Mar 11 03:53:02:764 2026 xzyd-enip2 STP/6/STP_NOTIFIED_TC: Instance 0's port GigabitEthernet1/0/24 was notified a topology change.
%Mar 11 03:53:03:762 2026 xzyd-enip2 STP/6/STP_NOTIFIED_TC: Instance 0's port GigabitEthernet1/0/24 was notified a topology change.
%Mar 11 03:58:03:256 2026 xzyd-enip2 STP/6/STP_NOTIFIED_TC: Instance 0's port GigabitEthernet1/0/24 was notified a topology change.
%Mar 11 03:58:03:258 2026 xzyd-enip2 STP/6/STP_NOTIFIED_TC: Instance 0's port GigabitEthernet1/0/24 was notified a topology change.
%Mar 11 04:23:03:846 2026 xzyd-enip2 STP/6/STP_NOTIFIED_TC: Instance 0's port GigabitEthernet1/0/24 was notified a topology change.
%Mar 11 04:28:04:342 2026 xzyd-enip2 STP/6/STP_NOTIFIED_TC: Instance 0's port GigabitEthernet1/0/24 was notified a topology change.
%Mar 11 04:53:04:928 2026 xzyd-enip2 STP/6/STP_NOTIFIED_TC: Instance 0's port GigabitEthernet1/0/24 was notified a topology change.
%Mar 11 04:53:05:925 2026 xzyd-enip2 STP/6/STP_NOTIFIED_TC: Instance 0's port GigabitEthernet1/0/24 was notified a topology change.
%Mar 11 04:58:05:428 2026 xzyd-enip2 STP/6/STP_NOTIFIED_TC: Instance 0's port GigabitEthernet1/0/24 was notified a topology change.
%Mar 11 04:58:05:443 2026 xzyd-enip2 STP/6/STP_NOTIFIED_TC: Instance 0's port GigabitEthernet1/0/24 was notified a topology change.
%Mar 11 05:23:05:999 2026 xzyd-enip2 STP/6/STP_NOTIFIED_TC: Instance 0's port GigabitEthernet1/0/24 was notified a topology change.
%Mar 11 05:28:06:506 2026 xzyd-enip2 STP/6/STP_NOTIFIED_TC: Instance 0's port GigabitEthernet1/0/24 was notified a topology change.
%Mar 11 05:53:07:081 2026 xzyd-enip2 STP/6/STP_NOTIFIED_TC: Instance 0's port GigabitEthernet1/0/24 was notified a topology change.
%Mar 11 05:53:08:079 2026 xzyd-enip2 STP/6/STP_NOTIFIED_TC: Instance 0's port GigabitEthernet1/0/24 was notified a topology change.
%Mar 11 05:58:07:590 2026 xzyd-enip2 STP/6/STP_NOTIFIED_TC: Instance 0's port GigabitEthernet1/0/24 was notified a topology change.
%Mar 11 05:58:07:597 2026 xzyd-enip2 STP/6/STP_NOTIFIED_TC: Instance 0's port GigabitEthernet1/0/24 was notified a topology change.
%Mar 11 06:23:07:164 2026 xzyd-enip2 STP/6/STP_NOTIFIED_TC: Instance 0's port GigabitEthernet1/0/24 was notified a topology change.
%Mar 11 06:23:08:161 2026 xzyd-enip2 STP/6/STP_NOTIFIED_TC: Instance 0's port GigabitEthernet1/0/24 was notified a topology change.
%Mar 11 06:28:08:684 2026 xzyd-enip2 STP/6/STP_NOTIFIED_TC: Instance 0's port GigabitEthernet1/0/24 was notified a topology change.
%Mar 11 06:53:08:237 2026 xzyd-enip2 STP/6/STP_NOTIFIED_TC: Instance 0's port GigabitEthernet1/0/24 was notified a topology change.
%Mar 11 06:58:08:760 2026 xzyd-enip2 STP/6/STP_NOTIFIED_TC: Instance 0's port GigabitEthernet1/0/24 was notified a topology change.
%Mar 11 07:23:09:319 2026 xzyd-enip2 STP/6/STP_NOTIFIED_TC: Instance 0's port GigabitEthernet1/0/24 was notified a topology change.
%Mar 11 07:23:09:826 2026 xzyd-enip2 STP/6/STP_NOTIFIED_TC: Instance 0's port GigabitEthernet1/0/24 was notified a topology change.
%Mar 11 07:28:09:839 2026 xzyd-enip2 STP/6/STP_NOTIFIED_TC: Instance 0's port GigabitEthernet1/0/24 was notified a topology change.
%Mar 11 07:28:09:911 2026 xzyd-enip2 STP/6/STP_NOTIFIED_TC: Instance 0's port GigabitEthernet1/0/24 was notified a topology change.
%Mar 11 07:53:10:402 2026 xzyd-enip2 STP/6/STP_NOTIFIED_TC: Instance 0's port GigabitEthernet1/0/24 was notified a topology change.
%Mar 11 07:58:10:925 2026 xzyd-enip2 STP/6/STP_NOTIFIED_TC: Instance 0's port GigabitEthernet1/0/24 was notified a topology change.
%Mar 11 08:23:11:475 2026 xzyd-enip2 STP/6/STP_NOTIFIED_TC: Instance 0's port GigabitEthernet1/0/24 was notified a topology change.
%Mar 11 08:23:11:987 2026 xzyd-enip2 STP/6/STP_NOTIFIED_TC: Instance 0's port GigabitEthernet1/0/24 was notified a topology change.
%Mar 11 08:28:12:002 2026 xzyd-enip2 STP/6/STP_NOTIFIED_TC: Instance 0's port GigabitEthernet1/0/24 was notified a topology change.
%Mar 11 08:28:12:007 2026 xzyd-enip2 STP/6/STP_NOTIFIED_TC: Instance 0's port GigabitEthernet1/0/24 was notified a topology change.
%Mar 11 08:53:12:560 2026 xzyd-enip2 STP/6/STP_NOTIFIED_TC: Instance 0's port GigabitEthernet1/0/24 was notified a topology change.
%Mar 11 08:58:13:088 2026 xzyd-enip2 STP/6/STP_NOTIFIED_TC: Instance 0's port GigabitEthernet1/0/24 was notified a topology change.
%Mar 11 09:23:13:642 2026 xzyd-enip2 STP/6/STP_NOTIFIED_TC: Instance 0's port GigabitEthernet1/0/24 was notified a topology change.
%Mar 11 09:23:14:160 2026 xzyd-enip2 STP/6/STP_NOTIFIED_TC: Instance 0's port GigabitEthernet1/0/24 was notified a topology change.
%Mar 11 09:28:14:174 2026 xzyd-enip2 STP/6/STP_NOTIFIED_TC: Instance 0's port GigabitEthernet1/0/24 was notified a topology change.
%Mar 11 09:28:14:177 2026 xzyd-enip2 STP/6/STP_NOTIFIED_TC: Instance 0's port GigabitEthernet1/0/24 was notified a topology change.
%Mar 11 09:53:14:716 2026 xzyd-enip2 STP/6/STP_NOTIFIED_TC: Instance 0's port GigabitEthernet1/0/24 was notified a topology change.
%Mar 11 09:58:15:258 2026 xzyd-enip2 STP/6/STP_NOTIFIED_TC: Instance 0's port GigabitEthernet1/0/24 was notified a topology change.
%Mar 11 09:58:16:249 2026 xzyd-enip2 STP/6/STP_NOTIFIED_TC: Instance 0's port GigabitEthernet1/0/24 was notified a topology change.
%Mar 11 10:23:14:799 2026 xzyd-enip2 STP/6/STP_NOTIFIED_TC: Instance 0's port GigabitEthernet1/0/24 was notified a topology change.
%Mar 11 10:28:15:344 2026 xzyd-enip2 STP/6/STP_NOTIFIED_TC: Instance 0's port GigabitEthernet1/0/24 was notified a topology change.
%Mar 11 10:28:16:335 2026 xzyd-enip2 STP/6/STP_NOTIFIED_TC: Instance 0's port GigabitEthernet1/0/24 was notified a topology change.
%Mar 11 10:53:15:882 2026 xzyd-enip2 STP/6/STP_NOTIFIED_TC: Instance 0's port GigabitEthernet1/0/24 was notified a topology change.
%Mar 11 10:53:16:409 2026 xzyd-enip2 STP/6/STP_NOTIFIED_TC: Instance 0's port GigabitEthernet1/0/24 was notified a topology change.
%Mar 11 10:58:16:423 2026 xzyd-enip2 STP/6/STP_NOTIFIED_TC: Instance 0's port GigabitEthernet1/0/24 was notified a topology change.
%Mar 11 10:58:16:432 2026 xzyd-enip2 STP/6/STP_NOTIFIED_TC: Instance 0's port GigabitEthernet1/0/24 was notified a topology change.
%Mar 11 11:23:16:955 2026 xzyd-enip2 STP/6/STP_NOTIFIED_TC: Instance 0's port GigabitEthernet1/0/24 was notified a topology change.
%Mar 11 11:28:17:509 2026 xzyd-enip2 STP/6/STP_NOTIFIED_TC: Instance 0's port GigabitEthernet1/0/24 was notified a topology change.
%Mar 11 11:28:18:508 2026 xzyd-enip2 STP/6/STP_NOTIFIED_TC: Instance 0's port GigabitEthernet1/0/24 was notified a topology change.
%Mar 11 11:53:18:037 2026 xzyd-enip2 STP/6/STP_NOTIFIED_TC: Instance 0's port GigabitEthernet1/0/24 was notified a topology change.
%Mar 11 11:53:18:571 2026 xzyd-enip2 STP/6/STP_NOTIFIED_TC: Instance 0's port GigabitEthernet1/0/24 was notified a topology change.
%Mar 11 11:58:18:586 2026 xzyd-enip2 STP/6/STP_NOTIFIED_TC: Instance 0's port GigabitEthernet1/0/24 was notified a topology change.
%Mar 11 11:58:18:594 2026 xzyd-enip2 STP/6/STP_NOTIFIED_TC: Instance 0's port GigabitEthernet1/0/24 was notified a topology change.
%Mar 11 12:23:18:141 2026 xzyd-enip2 STP/6/STP_NOTIFIED_TC: Instance 0's port GigabitEthernet1/0/24 was notified a topology change.
%Mar 11 12:23:18:658 2026 xzyd-enip2 STP/6/STP_NOTIFIED_TC: Instance 0's port GigabitEthernet1/0/24 was notified a topology change.
%Mar 11 12:28:18:672 2026 xzyd-enip2 STP/6/STP_NOTIFIED_TC: Instance 0's port GigabitEthernet1/0/24 was notified a topology change.
%Mar 11 12:28:18:678 2026 xzyd-enip2 STP/6/STP_NOTIFIED_TC: Instance 0's port GigabitEthernet1/0/24 was notified a topology change.
%Mar 11 12:53:19:223 2026 xzyd-enip2 STP/6/STP_NOTIFIED_TC: Instance 0's port GigabitEthernet1/0/24 was notified a topology change.
%Mar 11 12:53:20:734 2026 xzyd-enip2 STP/6/STP_NOTIFIED_TC: Instance 0's port GigabitEthernet1/0/24 was notified a topology change.
%Mar 11 12:58:18:759 2026 xzyd-enip2 STP/6/STP_NOTIFIED_TC: Instance 0's port GigabitEthernet1/0/24 was notified a topology change.
%Mar 11 12:58:18:804 2026 xzyd-enip2 STP/6/STP_NOTIFIED_TC: Instance 0's port GigabitEthernet1/0/24 was notified a topology change.
%Mar 11 13:23:20:305 2026 xzyd-enip2 STP/6/STP_NOTIFIED_TC: Instance 0's port GigabitEthernet1/0/24 was notified a topology change.
%Mar 11 13:23:20:820 2026 xzyd-enip2 STP/6/STP_NOTIFIED_TC: Instance 0's port GigabitEthernet1/0/24 was notified a topology change.
%Mar 11 13:23:21:303 2026 xzyd-enip2 STP/6/STP_NOTIFIED_TC: Instance 0's port GigabitEthernet1/0/24 was notified a topology change.
%Mar 11 13:23:22:820 2026 xzyd-enip2 STP/6/STP_NOTIFIED_TC: Instance 0's port GigabitEthernet1/0/24 was notified a topology change.
%Mar 11 13:28:18:834 2026 xzyd-enip2 STP/6/STP_NOTIFIED_TC: Instance 0's port GigabitEthernet1/0/24 was notified a topology change.
%Mar 11 13:28:18:840 2026 xzyd-enip2 STP/6/STP_NOTIFIED_TC: Instance 0's port GigabitEthernet1/0/24 was notified a topology change.
%Mar 11 13:53:21:377 2026 xzyd-enip2 STP/6/STP_NOTIFIED_TC: Instance 0's port GigabitEthernet1/0/24 was notified a topology change.
%Mar 11 13:53:22:907 2026 xzyd-enip2 STP/6/STP_NOTIFIED_TC: Instance 0's port GigabitEthernet1/0/24 was notified a topology change.
%Mar 11 13:58:21:928 2026 xzyd-enip2 STP/6/STP_NOTIFIED_TC: Instance 0's port GigabitEthernet1/0/24 was notified a topology change.
%Mar 11 13:58:22:919 2026 xzyd-enip2 STP/6/STP_NOTIFIED_TC: Instance 0's port GigabitEthernet1/0/24 was notified a topology change.
%Mar 11 14:23:22:459 2026 xzyd-enip2 STP/6/STP_NOTIFIED_TC: Instance 0's port GigabitEthernet1/0/24 was notified a topology change.
%Mar 11 14:23:22:983 2026 xzyd-enip2 STP/6/STP_NOTIFIED_TC: Instance 0's port GigabitEthernet1/0/24 was notified a topology change.
%Mar 11 14:23:23:460 2026 xzyd-enip2 STP/6/STP_NOTIFIED_TC: Instance 0's port GigabitEthernet1/0/24 was notified a topology change.
%Mar 11 14:23:24:983 2026 xzyd-enip2 STP/6/STP_NOTIFIED_TC: Instance 0's port GigabitEthernet1/0/24 was notified a topology change.
%Mar 11 14:28:22:014 2026 xzyd-enip2 STP/6/STP_NOTIFIED_TC: Instance 0's port GigabitEthernet1/0/24 was notified a topology change.
%Mar 11 14:28:23:006 2026 xzyd-enip2 STP/6/STP_NOTIFIED_TC: Instance 0's port GigabitEthernet1/0/24 was notified a topology change.
%Mar 11 14:53:22:542 2026 xzyd-enip2 STP/6/STP_NOTIFIED_TC: Instance 0's port GigabitEthernet1/0/24 was notified a topology change.
%Mar 11 14:53:23:079 2026 xzyd-enip2 STP/6/STP_NOTIFIED_TC: Instance 0's port GigabitEthernet1/0/24 was notified a topology change.
%Mar 11 14:53:23:539 2026 xzyd-enip2 STP/6/STP_NOTIFIED_TC: Instance 0's port GigabitEthernet1/0/24 was notified a topology change.
%Mar 11 14:53:25:079 2026 xzyd-enip2 STP/6/STP_NOTIFIED_TC: Instance 0's port GigabitEthernet1/0/24 was notified a topology change.
%Mar 11 14:58:23:093 2026 xzyd-enip2 STP/6/STP_NOTIFIED_TC: Instance 0's port GigabitEthernet1/0/24 was notified a topology change.
%Mar 11 14:58:23:095 2026 xzyd-enip2 STP/6/STP_NOTIFIED_TC: Instance 0's port GigabitEthernet1/0/24 was notified a topology change.
%Mar 11 15:23:23:622 2026 xzyd-enip2 STP/6/STP_NOTIFIED_TC: Instance 0's port GigabitEthernet1/0/24 was notified a topology change.
%Mar 11 15:23:25:165 2026 xzyd-enip2 STP/6/STP_NOTIFIED_TC: Instance 0's port GigabitEthernet1/0/24 was notified a topology change.
%Mar 11 15:28:24:179 2026 xzyd-enip2 STP/6/STP_NOTIFIED_TC: Instance 0's port GigabitEthernet1/0/24 was notified a topology change.
%Mar 11 15:28:25:185 2026 xzyd-enip2 STP/6/STP_NOTIFIED_TC: Instance 0's port GigabitEthernet1/0/24 was notified a topology change.
%Mar 11 15:53:24:701 2026 xzyd-enip2 STP/6/STP_NOTIFIED_TC: Instance 0's port GigabitEthernet1/0/24 was notified a topology change.
%Mar 11 15:53:25:698 2026 xzyd-enip2 STP/6/STP_NOTIFIED_TC: Instance 0's port GigabitEthernet1/0/24 was notified a topology change.
%Mar 11 15:58:25:265 2026 xzyd-enip2 STP/6/STP_NOTIFIED_TC: Instance 0's port GigabitEthernet1/0/24 was notified a topology change.
%Mar 11 15:58:25:269 2026 xzyd-enip2 STP/6/STP_NOTIFIED_TC: Instance 0's port GigabitEthernet1/0/24 was notified a topology change.
%Mar 11 16:23:25:775 2026 xzyd-enip2 STP/6/STP_NOTIFIED_TC: Instance 0's port GigabitEthernet1/0/24 was notified a topology change.
%Mar 11 16:28:26:352 2026 xzyd-enip2 STP/6/STP_NOTIFIED_TC: Instance 0's port GigabitEthernet1/0/24 was notified a topology change.
%Mar 11 16:53:26:857 2026 xzyd-enip2 STP/6/STP_NOTIFIED_TC: Instance 0's port GigabitEthernet1/0/24 was notified a topology change.
%Mar 11 16:53:27:854 2026 xzyd-enip2 STP/6/STP_NOTIFIED_TC: Instance 0's port GigabitEthernet1/0/24 was notified a topology change.
%Mar 11 16:58:26:438 2026 xzyd-enip2 STP/6/STP_NOTIFIED_TC: Instance 0's port GigabitEthernet1/0/24 was notified a topology change.
%Mar 11 16:59:22:199 2026 xzyd-enip2 SSHS/6/SSHS_AUTH_SUCCESS: SSH user xz4a_admin from 10.237.35.254 port 59314 passed password authentication.
%Mar 11 16:59:23:292 2026 xzyd-enip2 SSHS/6/SSHS_CONNECT: SSH user xz4a_admin (IP: 10.237.35.254) connected to the server successfully.
%Mar 11 16:59:23:717 2026 xzyd-enip2 SHELL/5/SHELL_LOGIN: xz4a_admin logged in from 10.237.35.254.
%Mar 11 17:02:48:871 2026 xzyd-enip2 SHELL/4/SHELL_CMD_MATCHFAIL: -User=xz4a_admin-IPAddr=10.237.35.254; Command screen-length 0 temporary in view shell failed to be matched.
%Mar 11 17:02:48:895 2026 xzyd-enip2 SHELL/6/SHELL_CMD: -Line=vty0-IPAddr=10.237.35.254-User=xz4a_admin; Command is display version
%Mar 11 17:02:49:061 2026 xzyd-enip2 SHELL/6/SHELL_CMD: -Line=vty0-IPAddr=10.237.35.254-User=xz4a_admin; Command is display device
%Mar 11 17:02:49:220 2026 xzyd-enip2 SHELL/6/SHELL_CMD: -Line=vty0-IPAddr=10.237.35.254-User=xz4a_admin; Command is display startup
%Mar 11 17:02:49:360 2026 xzyd-enip2 SHELL/6/SHELL_CMD: -Line=vty0-IPAddr=10.237.35.254-User=xz4a_admin; Command is display cpu-usage
%Mar 11 17:02:49:490 2026 xzyd-enip2 SHELL/4/SHELL_CMD_MATCHFAIL: -User=xz4a_admin-IPAddr=10.237.35.254; Command display memory-usage in view shell failed to be matched.
%Mar 11 17:02:49:516 2026 xzyd-enip2 SHELL/6/SHELL_CMD: -Line=vty0-IPAddr=10.237.35.254-User=xz4a_admin; Command is display memory
%Mar 11 17:02:49:661 2026 xzyd-enip2 SHELL/6/SHELL_CMD: -Line=vty0-IPAddr=10.237.35.254-User=xz4a_admin; Command is display ip interface brief
%Mar 11 17:02:49:800 2026 xzyd-enip2 SHELL/6/SHELL_CMD: -Line=vty0-IPAddr=10.237.35.254-User=xz4a_admin; Command is display interface brief
%Mar 11 17:02:50:457 2026 xzyd-enip2 SHELL/6/SHELL_CMD: -Line=vty0-IPAddr=10.237.35.254-User=xz4a_admin; Command is display ip routing-table
%Mar 11 17:02:50:584 2026 xzyd-enip2 SHELL/6/SHELL_CMD: -Line=vty0-IPAddr=10.237.35.254-User=xz4a_admin; Command is display logbuffer
%Mar 11 17:02:51:627 2026 xzyd-enip2 SHELL/6/SHELL_CMD: -Line=vty0-IPAddr=10.237.35.254-User=xz4a_admin; Command is display current-configuration
%Mar 11 17:07:54:738 2026 xzyd-enip2 SHELL/5/SHELL_LOGOUT: xz4a_admin logged out from 10.237.35.254.
%Mar 11 17:07:54:830 2026 xzyd-enip2 SSHS/6/SSHS_LOG: User xz4a_admin logged out from 10.237.35.254 port 59314.
%Mar 11 17:07:54:831 2026 xzyd-enip2 SSHS/6/SSHS_DISCONNECT: SSH user xz4a_admin (IP: 10.237.35.254) disconnected from the server.
%Mar 11 17:23:26:928 2026 xzyd-enip2 STP/6/STP_NOTIFIED_TC: Instance 0's port GigabitEthernet1/0/24 was notified a topology change.
%Mar 11 17:23:27:926 2026 xzyd-enip2 STP/6/STP_NOTIFIED_TC: Instance 0's port GigabitEthernet1/0/24 was notified a topology change.
%Mar 11 17:28:27:514 2026 xzyd-enip2 STP/6/STP_NOTIFIED_TC: Instance 0's port GigabitEthernet1/0/24 was notified a topology change.
%Mar 11 17:28:27:618 2026 xzyd-enip2 STP/6/STP_NOTIFIED_TC: Instance 0's port GigabitEthernet1/0/24 was notified a topology change.
%Mar 11 17:53:28:009 2026 xzyd-enip2 STP/6/STP_NOTIFIED_TC: Instance 0's port GigabitEthernet1/0/24 was notified a topology change.
%Mar 11 17:58:28:608 2026 xzyd-enip2 STP/6/STP_NOTIFIED_TC: Instance 0's port GigabitEthernet1/0/24 was notified a topology change.
%Mar 11 18:23:29:091 2026 xzyd-enip2 STP/6/STP_NOTIFIED_TC: Instance 0's port GigabitEthernet1/0/24 was notified a topology change.
%Mar 11 18:23:30:088 2026 xzyd-enip2 STP/6/STP_NOTIFIED_TC: Instance 0's port GigabitEthernet1/0/24 was notified a topology change.
%Mar 11 18:28:29:687 2026 xzyd-enip2 STP/6/STP_NOTIFIED_TC: Instance 0's port GigabitEthernet1/0/24 was notified a topology change.
%Mar 11 18:28:29:696 2026 xzyd-enip2 STP/6/STP_NOTIFIED_TC: Instance 0's port GigabitEthernet1/0/24 was notified a topology change.
%Mar 11 18:53:30:162 2026 xzyd-enip2 STP/6/STP_NOTIFIED_TC: Instance 0's port GigabitEthernet1/0/24 was notified a topology change.
%Mar 11 18:58:30:762 2026 xzyd-enip2 STP/6/STP_NOTIFIED_TC: Instance 0's port GigabitEthernet1/0/24 was notified a topology change.
%Mar 11 19:23:30:243 2026 xzyd-enip2 STP/6/STP_NOTIFIED_TC: Instance 0's port GigabitEthernet1/0/24 was notified a topology change.
%Mar 11 19:28:30:849 2026 xzyd-enip2 STP/6/STP_NOTIFIED_TC: Instance 0's port GigabitEthernet1/0/24 was notified a topology change.
%Mar 11 19:53:31:323 2026 xzyd-enip2 STP/6/STP_NOTIFIED_TC: Instance 0's port GigabitEthernet1/0/24 was notified a topology change.
%Mar 11 19:53:31:921 2026 xzyd-enip2 STP/6/STP_NOTIFIED_TC: Instance 0's port GigabitEthernet1/0/24 was notified a topology change.
%Mar 11 19:58:31:936 2026 xzyd-enip2 STP/6/STP_NOTIFIED_TC: Instance 0's port GigabitEthernet1/0/24 was notified a topology change.
%Mar 11 19:58:31:938 2026 xzyd-enip2 STP/6/STP_NOTIFIED_TC: Instance 0's port GigabitEthernet1/0/24 was notified a topology change.
%Mar 11 20:23:32:394 2026 xzyd-enip2 STP/6/STP_NOTIFIED_TC: Instance 0's port GigabitEthernet1/0/24 was notified a topology change.
%Mar 11 20:28:33:012 2026 xzyd-enip2 STP/6/STP_NOTIFIED_TC: Instance 0's port GigabitEthernet1/0/24 was notified a topology change.
%Mar 11 20:53:33:475 2026 xzyd-enip2 STP/6/STP_NOTIFIED_TC: Instance 0's port GigabitEthernet1/0/24 was notified a topology change.
%Mar 11 20:53:34:084 2026 xzyd-enip2 STP/6/STP_NOTIFIED_TC: Instance 0's port GigabitEthernet1/0/24 was notified a topology change.
%Mar 11 20:58:34:098 2026 xzyd-enip2 STP/6/STP_NOTIFIED_TC: Instance 0's port GigabitEthernet1/0/24 was notified a topology change.
%Mar 11 20:58:34:102 2026 xzyd-enip2 STP/6/STP_NOTIFIED_TC: Instance 0's port GigabitEthernet1/0/24 was notified a topology change.
%Mar 11 21:23:34:557 2026 xzyd-enip2 STP/6/STP_NOTIFIED_TC: Instance 0's port GigabitEthernet1/0/24 was notified a topology change.
%Mar 11 21:28:35:193 2026 xzyd-enip2 STP/6/STP_NOTIFIED_TC: Instance 0's port GigabitEthernet1/0/24 was notified a topology change.
%Mar 11 21:28:36:183 2026 xzyd-enip2 STP/6/STP_NOTIFIED_TC: Instance 0's port GigabitEthernet1/0/24 was notified a topology change.
%Mar 11 21:53:35:638 2026 xzyd-enip2 STP/6/STP_NOTIFIED_TC: Instance 0's port GigabitEthernet1/0/24 was notified a topology change.
%Mar 11 21:53:36:246 2026 xzyd-enip2 STP/6/STP_NOTIFIED_TC: Instance 0's port GigabitEthernet1/0/24 was notified a topology change.
%Mar 11 21:58:36:260 2026 xzyd-enip2 STP/6/STP_NOTIFIED_TC: Instance 0's port GigabitEthernet1/0/24 was notified a topology change.
%Mar 11 21:58:36:270 2026 xzyd-enip2 STP/6/STP_NOTIFIED_TC: Instance 0's port GigabitEthernet1/0/24 was notified a topology change.
%Mar 11 22:23:36:709 2026 xzyd-enip2 STP/6/STP_NOTIFIED_TC: Instance 0's port GigabitEthernet1/0/24 was notified a topology change.
%Mar 11 22:28:37:346 2026 xzyd-enip2 STP/6/STP_NOTIFIED_TC: Instance 0's port GigabitEthernet1/0/24 was notified a topology change.
%Mar 11 22:28:38:344 2026 xzyd-enip2 STP/6/STP_NOTIFIED_TC: Instance 0's port GigabitEthernet1/0/24 was notified a topology change.
%Mar 11 22:53:37:789 2026 xzyd-enip2 STP/6/STP_NOTIFIED_TC: Instance 0's port GigabitEthernet1/0/24 was notified a topology change.
%Mar 11 22:53:38:418 2026 xzyd-enip2 STP/6/STP_NOTIFIED_TC: Instance 0's port GigabitEthernet1/0/24 was notified a topology change.
%Mar 11 22:58:38:432 2026 xzyd-enip2 STP/6/STP_NOTIFIED_TC: Instance 0's port GigabitEthernet1/0/24 was notified a topology change.
%Mar 11 22:58:38:434 2026 xzyd-enip2 STP/6/STP_NOTIFIED_TC: Instance 0's port GigabitEthernet1/0/24 was notified a topology change.
%Mar 11 23:23:38:870 2026 xzyd-enip2 STP/6/STP_NOTIFIED_TC: Instance 0's port GigabitEthernet1/0/24 was notified a topology change.
%Mar 11 23:28:39:510 2026 xzyd-enip2 STP/6/STP_NOTIFIED_TC: Instance 0's port GigabitEthernet1/0/24 was notified a topology change.
%Mar 11 23:28:40:507 2026 xzyd-enip2 STP/6/STP_NOTIFIED_TC: Instance 0's port GigabitEthernet1/0/24 was notified a topology change.
%Mar 11 23:53:39:942 2026 xzyd-enip2 STP/6/STP_NOTIFIED_TC: Instance 0's port GigabitEthernet1/0/24 was notified a topology change.
%Mar 11 23:53:40:580 2026 xzyd-enip2 STP/6/STP_NOTIFIED_TC: Instance 0's port GigabitEthernet1/0/24 was notified a topology change.
%Mar 11 23:58:40:595 2026 xzyd-enip2 STP/6/STP_NOTIFIED_TC: Instance 0's port GigabitEthernet1/0/24 was notified a topology change.
%Mar 11 23:58:40:596 2026 xzyd-enip2 STP/6/STP_NOTIFIED_TC: Instance 0's port GigabitEthernet1/0/24 was notified a topology change.
%Mar 12 00:23:40:022 2026 xzyd-enip2 STP/6/STP_NOTIFIED_TC: Instance 0's port GigabitEthernet1/0/24 was notified a topology change.
%Mar 12 00:23:40:667 2026 xzyd-enip2 STP/6/STP_NOTIFIED_TC: Instance 0's port GigabitEthernet1/0/24 was notified a topology change.
%Mar 12 00:28:41:689 2026 xzyd-enip2 STP/6/STP_NOTIFIED_TC: Instance 0's port GigabitEthernet1/0/24 was notified a topology change.
%Mar 12 00:28:42:679 2026 xzyd-enip2 STP/6/STP_NOTIFIED_TC: Instance 0's port GigabitEthernet1/0/24 was notified a topology change.
%Mar 12 00:53:41:105 2026 xzyd-enip2 STP/6/STP_NOTIFIED_TC: Instance 0's port GigabitEthernet1/0/24 was notified a topology change.
%Mar 12 00:58:41:765 2026 xzyd-enip2 STP/6/STP_NOTIFIED_TC: Instance 0's port GigabitEthernet1/0/24 was notified a topology change.
%Mar 12 00:58:42:755 2026 xzyd-enip2 STP/6/STP_NOTIFIED_TC: Instance 0's port GigabitEthernet1/0/24 was notified a topology change.
%Mar 12 01:23:42:176 2026 xzyd-enip2 STP/6/STP_NOTIFIED_TC: Instance 0's port GigabitEthernet1/0/24 was notified a topology change.
%Mar 12 01:23:42:829 2026 xzyd-enip2 STP/6/STP_NOTIFIED_TC: Instance 0's port GigabitEthernet1/0/24 was notified a topology change.
%Mar 12 01:28:42:843 2026 xzyd-enip2 STP/6/STP_NOTIFIED_TC: Instance 0's port GigabitEthernet1/0/24 was notified a topology change.
%Mar 12 01:28:42:851 2026 xzyd-enip2 STP/6/STP_NOTIFIED_TC: Instance 0's port GigabitEthernet1/0/24 was notified a topology change.
%Mar 12 01:53:43:256 2026 xzyd-enip2 STP/6/STP_NOTIFIED_TC: Instance 0's port GigabitEthernet1/0/24 was notified a topology change.
%Mar 12 01:53:44:915 2026 xzyd-enip2 STP/6/STP_NOTIFIED_TC: Instance 0's port GigabitEthernet1/0/24 was notified a topology change.
%Mar 12 01:58:43:929 2026 xzyd-enip2 STP/6/STP_NOTIFIED_TC: Instance 0's port GigabitEthernet1/0/24 was notified a topology change.
%Mar 12 01:58:44:928 2026 xzyd-enip2 STP/6/STP_NOTIFIED_TC: Instance 0's port GigabitEthernet1/0/24 was notified a topology change.
%Mar 12 02:23:44:338 2026 xzyd-enip2 STP/6/STP_NOTIFIED_TC: Instance 0's port GigabitEthernet1/0/24 was notified a topology change.
%Mar 12 02:23:44:992 2026 xzyd-enip2 STP/6/STP_NOTIFIED_TC: Instance 0's port GigabitEthernet1/0/24 was notified a topology change.
%Mar 12 02:23:45:336 2026 xzyd-enip2 STP/6/STP_NOTIFIED_TC: Instance 0's port GigabitEthernet1/0/24 was notified a topology change.
%Mar 12 02:23:46:992 2026 xzyd-enip2 STP/6/STP_NOTIFIED_TC: Instance 0's port GigabitEthernet1/0/24 was notified a topology change.
%Mar 12 02:28:45:006 2026 xzyd-enip2 STP/6/STP_NOTIFIED_TC: Instance 0's port GigabitEthernet1/0/24 was notified a topology change.
%Mar 12 02:28:45:013 2026 xzyd-enip2 STP/6/STP_NOTIFIED_TC: Instance 0's port GigabitEthernet1/0/24 was notified a topology change.
%Mar 12 02:53:45:419 2026 xzyd-enip2 STP/6/STP_NOTIFIED_TC: Instance 0's port GigabitEthernet1/0/24 was notified a topology change.
%Mar 12 02:53:47:078 2026 xzyd-enip2 STP/6/STP_NOTIFIED_TC: Instance 0's port GigabitEthernet1/0/24 was notified a topology change.
%Mar 12 02:58:45:092 2026 xzyd-enip2 STP/6/STP_NOTIFIED_TC: Instance 0's port GigabitEthernet1/0/24 was notified a topology change.
%Mar 12 02:58:45:154 2026 xzyd-enip2 STP/6/STP_NOTIFIED_TC: Instance 0's port GigabitEthernet1/0/24 was notified a topology change.
%Mar 12 03:23:45:491 2026 xzyd-enip2 STP/6/STP_NOTIFIED_TC: Instance 0's port GigabitEthernet1/0/24 was notified a topology change.
%Mar 12 03:23:47:164 2026 xzyd-enip2 STP/6/STP_NOTIFIED_TC: Instance 0's port GigabitEthernet1/0/24 was notified a topology change.
%Mar 12 03:28:46:178 2026 xzyd-enip2 STP/6/STP_NOTIFIED_TC: Instance 0's port GigabitEthernet1/0/24 was notified a topology change.
%Mar 12 03:28:47:176 2026 xzyd-enip2 STP/6/STP_NOTIFIED_TC: Instance 0's port GigabitEthernet1/0/24 was notified a topology change.
%Mar 12 03:53:46:573 2026 xzyd-enip2 STP/6/STP_NOTIFIED_TC: Instance 0's port GigabitEthernet1/0/24 was notified a topology change.
%Mar 12 03:53:47:573 2026 xzyd-enip2 STP/6/STP_NOTIFIED_TC: Instance 0's port GigabitEthernet1/0/24 was notified a topology change.
%Mar 12 03:58:47:254 2026 xzyd-enip2 STP/6/STP_NOTIFIED_TC: Instance 0's port GigabitEthernet1/0/24 was notified a topology change.
%Mar 12 03:58:47:260 2026 xzyd-enip2 STP/6/STP_NOTIFIED_TC: Instance 0's port GigabitEthernet1/0/24 was notified a topology change.
%Mar 12 04:23:47:654 2026 xzyd-enip2 STP/6/STP_NOTIFIED_TC: Instance 0's port GigabitEthernet1/0/24 was notified a topology change.
%Mar 12 04:28:48:348 2026 xzyd-enip2 STP/6/STP_NOTIFIED_TC: Instance 0's port GigabitEthernet1/0/24 was notified a topology change.
%Mar 12 04:53:48:726 2026 xzyd-enip2 STP/6/STP_NOTIFIED_TC: Instance 0's port GigabitEthernet1/0/24 was notified a topology change.
%Mar 12 04:53:49:724 2026 xzyd-enip2 STP/6/STP_NOTIFIED_TC: Instance 0's port GigabitEthernet1/0/24 was notified a topology change.
%Mar 12 04:58:48:454 2026 xzyd-enip2 STP/6/STP_NOTIFIED_TC: Instance 0's port GigabitEthernet1/0/24 was notified a topology change.
%Mar 12 05:23:49:808 2026 xzyd-enip2 STP/6/STP_NOTIFIED_TC: Instance 0's port GigabitEthernet1/0/24 was notified a topology change.
%Mar 12 05:28:49:523 2026 xzyd-enip2 STP/6/STP_NOTIFIED_TC: Instance 0's port GigabitEthernet1/0/24 was notified a topology change.
%Mar 12 05:28:49:529 2026 xzyd-enip2 STP/6/STP_NOTIFIED_TC: Instance 0's port GigabitEthernet1/0/24 was notified a topology change.
%Mar 12 05:53:50:890 2026 xzyd-enip2 STP/6/STP_NOTIFIED_TC: Instance 0's port GigabitEthernet1/0/24 was notified a topology change.
%Mar 12 05:53:51:887 2026 xzyd-enip2 STP/6/STP_NOTIFIED_TC: Instance 0's port GigabitEthernet1/0/24 was notified a topology change.
%Mar 12 05:58:50:609 2026 xzyd-enip2 STP/6/STP_NOTIFIED_TC: Instance 0's port GigabitEthernet1/0/24 was notified a topology change.
%Mar 12 06:23:50:962 2026 xzyd-enip2 STP/6/STP_NOTIFIED_TC: Instance 0's port GigabitEthernet1/0/24 was notified a topology change.
%Mar 12 06:23:51:959 2026 xzyd-enip2 STP/6/STP_NOTIFIED_TC: Instance 0's port GigabitEthernet1/0/24 was notified a topology change.
%Mar 12 06:28:51:696 2026 xzyd-enip2 STP/6/STP_NOTIFIED_TC: Instance 0's port GigabitEthernet1/0/24 was notified a topology change.
%Mar 12 06:28:51:703 2026 xzyd-enip2 STP/6/STP_NOTIFIED_TC: Instance 0's port GigabitEthernet1/0/24 was notified a topology change.
%Mar 12 06:53:52:046 2026 xzyd-enip2 STP/6/STP_NOTIFIED_TC: Instance 0's port GigabitEthernet1/0/24 was notified a topology change.
%Mar 12 06:58:52:782 2026 xzyd-enip2 STP/6/STP_NOTIFIED_TC: Instance 0's port GigabitEthernet1/0/24 was notified a topology change.
%Mar 12 07:23:53:125 2026 xzyd-enip2 STP/6/STP_NOTIFIED_TC: Instance 0's port GigabitEthernet1/0/24 was notified a topology change.
%Mar 12 07:23:54:123 2026 xzyd-enip2 STP/6/STP_NOTIFIED_TC: Instance 0's port GigabitEthernet1/0/24 was notified a topology change.
%Mar 12 07:28:53:858 2026 xzyd-enip2 STP/6/STP_NOTIFIED_TC: Instance 0's port GigabitEthernet1/0/24 was notified a topology change.
%Mar 12 07:28:53:860 2026 xzyd-enip2 STP/6/STP_NOTIFIED_TC: Instance 0's port GigabitEthernet1/0/24 was notified a topology change.
%Mar 12 07:53:54:197 2026 xzyd-enip2 STP/6/STP_NOTIFIED_TC: Instance 0's port GigabitEthernet1/0/24 was notified a topology change.
%Mar 12 07:58:54:952 2026 xzyd-enip2 STP/6/STP_NOTIFIED_TC: Instance 0's port GigabitEthernet1/0/24 was notified a topology change.
%Mar 12 08:23:55:278 2026 xzyd-enip2 STP/6/STP_NOTIFIED_TC: Instance 0's port GigabitEthernet1/0/24 was notified a topology change.
%Mar 12 08:23:56:016 2026 xzyd-enip2 STP/6/STP_NOTIFIED_TC: Instance 0's port GigabitEthernet1/0/24 was notified a topology change.
%Mar 12 08:28:56:031 2026 xzyd-enip2 STP/6/STP_NOTIFIED_TC: Instance 0's port GigabitEthernet1/0/24 was notified a topology change.
%Mar 12 08:28:56:043 2026 xzyd-enip2 STP/6/STP_NOTIFIED_TC: Instance 0's port GigabitEthernet1/0/24 was notified a topology change.
%Mar 12 08:53:55:360 2026 xzyd-enip2 STP/6/STP_NOTIFIED_TC: Instance 0's port GigabitEthernet1/0/24 was notified a topology change.
%Mar 12 08:53:56:093 2026 xzyd-enip2 STP/6/STP_NOTIFIED_TC: Instance 0's port GigabitEthernet1/0/24 was notified a topology change.
%Mar 12 08:58:56:127 2026 xzyd-enip2 STP/6/STP_NOTIFIED_TC: Instance 0's port GigabitEthernet1/0/24 was notified a topology change.
%Mar 12 08:58:56:134 2026 xzyd-enip2 STP/6/STP_NOTIFIED_TC: Instance 0's port GigabitEthernet1/0/24 was notified a topology change.
%Mar 12 09:23:56:452 2026 xzyd-enip2 STP/6/STP_NOTIFIED_TC: Instance 0's port GigabitEthernet1/0/24 was notified a topology change.
%Mar 12 09:28:57:213 2026 xzyd-enip2 STP/6/STP_NOTIFIED_TC: Instance 0's port GigabitEthernet1/0/24 was notified a topology change.
%Mar 12 09:28:58:212 2026 xzyd-enip2 STP/6/STP_NOTIFIED_TC: Instance 0's port GigabitEthernet1/0/24 was notified a topology change.
%Mar 12 09:53:57:535 2026 xzyd-enip2 STP/6/STP_NOTIFIED_TC: Instance 0's port GigabitEthernet1/0/24 was notified a topology change.
%Mar 12 09:53:58:285 2026 xzyd-enip2 STP/6/STP_NOTIFIED_TC: Instance 0's port GigabitEthernet1/0/24 was notified a topology change.
%Mar 12 09:58:58:299 2026 xzyd-enip2 STP/6/STP_NOTIFIED_TC: Instance 0's port GigabitEthernet1/0/24 was notified a topology change.
%Mar 12 09:58:58:302 2026 xzyd-enip2 STP/6/STP_NOTIFIED_TC: Instance 0's port GigabitEthernet1/0/24 was notified a topology change.
%Mar 12 10:23:58:617 2026 xzyd-enip2 STP/6/STP_NOTIFIED_TC: Instance 0's port GigabitEthernet1/0/24 was notified a topology change.
%Mar 12 10:28:59:376 2026 xzyd-enip2 STP/6/STP_NOTIFIED_TC: Instance 0's port GigabitEthernet1/0/24 was notified a topology change.
%Mar 12 10:29:00:384 2026 xzyd-enip2 STP/6/STP_NOTIFIED_TC: Instance 0's port GigabitEthernet1/0/24 was notified a topology change.
%Mar 12 10:53:59:719 2026 xzyd-enip2 STP/6/STP_NOTIFIED_TC: Instance 0's port GigabitEthernet1/0/24 was notified a topology change.
%Mar 12 10:54:00:448 2026 xzyd-enip2 STP/6/STP_NOTIFIED_TC: Instance 0's port GigabitEthernet1/0/24 was notified a topology change.
%Mar 12 10:59:00:462 2026 xzyd-enip2 STP/6/STP_NOTIFIED_TC: Instance 0's port GigabitEthernet1/0/24 was notified a topology change.
%Mar 12 10:59:00:465 2026 xzyd-enip2 STP/6/STP_NOTIFIED_TC: Instance 0's port GigabitEthernet1/0/24 was notified a topology change.
%Mar 12 11:24:00:802 2026 xzyd-enip2 STP/6/STP_NOTIFIED_TC: Instance 0's port GigabitEthernet1/0/24 was notified a topology change.
%Mar 12 11:29:01:555 2026 xzyd-enip2 STP/6/STP_NOTIFIED_TC: Instance 0's port GigabitEthernet1/0/24 was notified a topology change.
%Mar 12 11:29:02:546 2026 xzyd-enip2 STP/6/STP_NOTIFIED_TC: Instance 0's port GigabitEthernet1/0/24 was notified a topology change.
%Mar 12 11:54:01:884 2026 xzyd-enip2 STP/6/STP_NOTIFIED_TC: Instance 0's port GigabitEthernet1/0/24 was notified a topology change.
%Mar 12 11:54:02:620 2026 xzyd-enip2 STP/6/STP_NOTIFIED_TC: Instance 0's port GigabitEthernet1/0/24 was notified a topology change.
%Mar 12 11:59:01:642 2026 xzyd-enip2 STP/6/STP_NOTIFIED_TC: Instance 0's port GigabitEthernet1/0/24 was notified a topology change.
%Mar 12 11:59:02:633 2026 xzyd-enip2 STP/6/STP_NOTIFIED_TC: Instance 0's port GigabitEthernet1/0/24 was notified a topology change.
%Mar 12 12:24:02:955 2026 xzyd-enip2 STP/6/STP_NOTIFIED_TC: Instance 0's port GigabitEthernet1/0/24 was notified a topology change.
%Mar 12 12:29:01:718 2026 xzyd-enip2 STP/6/STP_NOTIFIED_TC: Instance 0's port GigabitEthernet1/0/24 was notified a topology change.
%Mar 12 12:29:02:711 2026 xzyd-enip2 STP/6/STP_NOTIFIED_TC: Instance 0's port GigabitEthernet1/0/24 was notified a topology change.
%Mar 12 12:54:04:037 2026 xzyd-enip2 STP/6/STP_NOTIFIED_TC: Instance 0's port GigabitEthernet1/0/24 was notified a topology change.
%Mar 12 12:54:04:782 2026 xzyd-enip2 STP/6/STP_NOTIFIED_TC: Instance 0's port GigabitEthernet1/0/24 was notified a topology change.
%Mar 12 12:59:01:804 2026 xzyd-enip2 STP/6/STP_NOTIFIED_TC: Instance 0's port GigabitEthernet1/0/24 was notified a topology change.
%Mar 12 12:59:02:795 2026 xzyd-enip2 STP/6/STP_NOTIFIED_TC: Instance 0's port GigabitEthernet1/0/24 was notified a topology change.
%Mar 12 13:24:04:119 2026 xzyd-enip2 STP/6/STP_NOTIFIED_TC: Instance 0's port GigabitEthernet1/0/24 was notified a topology change.
%Mar 12 13:24:04:869 2026 xzyd-enip2 STP/6/STP_NOTIFIED_TC: Instance 0's port GigabitEthernet1/0/24 was notified a topology change.
%Mar 12 13:29:04:883 2026 xzyd-enip2 STP/6/STP_NOTIFIED_TC: Instance 0's port GigabitEthernet1/0/24 was notified a topology change.
%Mar 12 13:29:04:893 2026 xzyd-enip2 STP/6/STP_NOTIFIED_TC: Instance 0's port GigabitEthernet1/0/24 was notified a topology change.
%Mar 12 13:54:05:189 2026 xzyd-enip2 STP/6/STP_NOTIFIED_TC: Instance 0's port GigabitEthernet1/0/24 was notified a topology change.
%Mar 12 13:59:05:959 2026 xzyd-enip2 STP/6/STP_NOTIFIED_TC: Instance 0's port GigabitEthernet1/0/24 was notified a topology change.
%Mar 12 13:59:06:957 2026 xzyd-enip2 STP/6/STP_NOTIFIED_TC: Instance 0's port GigabitEthernet1/0/24 was notified a topology change.
%Mar 12 14:24:06:271 2026 xzyd-enip2 STP/6/STP_NOTIFIED_TC: Instance 0's port GigabitEthernet1/0/24 was notified a topology change.
%Mar 12 14:24:07:031 2026 xzyd-enip2 STP/6/STP_NOTIFIED_TC: Instance 0's port GigabitEthernet1/0/24 was notified a topology change.
%Mar 12 14:24:07:268 2026 xzyd-enip2 STP/6/STP_NOTIFIED_TC: Instance 0's port GigabitEthernet1/0/24 was notified a topology change.
%Mar 12 14:24:09:031 2026 xzyd-enip2 STP/6/STP_NOTIFIED_TC: Instance 0's port GigabitEthernet1/0/24 was notified a topology change.
%Mar 12 14:29:07:045 2026 xzyd-enip2 STP/6/STP_NOTIFIED_TC: Instance 0's port GigabitEthernet1/0/24 was notified a topology change.
%Mar 12 14:29:07:047 2026 xzyd-enip2 STP/6/STP_NOTIFIED_TC: Instance 0's port GigabitEthernet1/0/24 was notified a topology change.
%Mar 12 14:54:07:353 2026 xzyd-enip2 STP/6/STP_NOTIFIED_TC: Instance 0's port GigabitEthernet1/0/24 was notified a topology change.
%Mar 12 14:54:09:117 2026 xzyd-enip2 STP/6/STP_NOTIFIED_TC: Instance 0's port GigabitEthernet1/0/24 was notified a topology change.
%Mar 12 14:59:08:138 2026 xzyd-enip2 STP/6/STP_NOTIFIED_TC: Instance 0's port GigabitEthernet1/0/24 was notified a topology change.
%Mar 12 14:59:09:130 2026 xzyd-enip2 STP/6/STP_NOTIFIED_TC: Instance 0's port GigabitEthernet1/0/24 was notified a topology change.
%Mar 12 15:14:26:397 2026 xzyd-enip2 SSHS/6/SSHS_AUTH_SUCCESS: SSH user xz4a_admin from 10.237.35.254 port 58001 passed password authentication.
%Mar 12 15:14:27:479 2026 xzyd-enip2 SSHS/6/SSHS_CONNECT: SSH user xz4a_admin (IP: 10.237.35.254) connected to the server successfully.
%Mar 12 15:14:27:936 2026 xzyd-enip2 SHELL/5/SHELL_LOGIN: xz4a_admin logged in from 10.237.35.254.
%Mar 12 15:15:02:772 2026 xzyd-enip2 SHELL/5/SHELL_LOGOUT: xz4a_admin logged out from 10.237.35.254.
%Mar 12 15:15:02:865 2026 xzyd-enip2 SSHS/6/SSHS_LOG: User xz4a_admin logged out from 10.237.35.254 port 58001.
%Mar 12 15:15:02:865 2026 xzyd-enip2 SSHS/6/SSHS_DISCONNECT: SSH user xz4a_admin (IP: 10.237.35.254) disconnected from the server.
%Mar 12 15:15:12:822 2026 xzyd-enip2 SSHS/6/SSHS_AUTH_SUCCESS: SSH user xz4a_admin from 10.237.35.254 port 58168 passed password authentication.
%Mar 12 15:15:13:908 2026 xzyd-enip2 SSHS/6/SSHS_CONNECT: SSH user xz4a_admin (IP: 10.237.35.254) connected to the server successfully.
%Mar 12 15:15:14:323 2026 xzyd-enip2 SHELL/5/SHELL_LOGIN: xz4a_admin logged in from 10.237.35.254.
%Mar 12 15:15:32:736 2026 xzyd-enip2 SHELL/4/SHELL_CMD_MATCHFAIL: -User=xz4a_admin-IPAddr=10.237.35.254; Command screen-length 0 temporary in view shell failed to be matched.
%Mar 12 15:15:32:776 2026 xzyd-enip2 SHELL/6/SHELL_CMD: -Line=vty0-IPAddr=10.237.35.254-User=xz4a_admin; Command is display version
%Mar 12 15:15:32:940 2026 xzyd-enip2 SHELL/6/SHELL_CMD: -Line=vty0-IPAddr=10.237.35.254-User=xz4a_admin; Command is display device
%Mar 12 15:15:33:076 2026 xzyd-enip2 SHELL/6/SHELL_CMD: -Line=vty0-IPAddr=10.237.35.254-User=xz4a_admin; Command is display startup
%Mar 12 15:15:33:222 2026 xzyd-enip2 SHELL/6/SHELL_CMD: -Line=vty0-IPAddr=10.237.35.254-User=xz4a_admin; Command is display cpu-usage
%Mar 12 15:15:33:343 2026 xzyd-enip2 SHELL/4/SHELL_CMD_MATCHFAIL: -User=xz4a_admin-IPAddr=10.237.35.254; Command display memory-usage in view shell failed to be matched.
%Mar 12 15:15:33:364 2026 xzyd-enip2 SHELL/6/SHELL_CMD: -Line=vty0-IPAddr=10.237.35.254-User=xz4a_admin; Command is display memory
%Mar 12 15:15:33:512 2026 xzyd-enip2 SHELL/6/SHELL_CMD: -Line=vty0-IPAddr=10.237.35.254-User=xz4a_admin; Command is display ip interface brief
%Mar 12 15:15:33:653 2026 xzyd-enip2 SHELL/6/SHELL_CMD: -Line=vty0-IPAddr=10.237.35.254-User=xz4a_admin; Command is display interface brief
%Mar 12 15:15:34:288 2026 xzyd-enip2 SHELL/6/SHELL_CMD: -Line=vty0-IPAddr=10.237.35.254-User=xz4a_admin; Command is display ip routing-table
%Mar 12 15:15:34:415 2026 xzyd-enip2 SHELL/6/SHELL_CMD: -Line=vty0-IPAddr=10.237.35.254-User=xz4a_admin; Command is display logbuffer
%Mar 12 15:15:35:599 2026 xzyd-enip2 SHELL/6/SHELL_CMD: -Line=vty0-IPAddr=10.237.35.254-User=xz4a_admin; Command is display current-configuration
%Mar 12 15:19:48:138 2026 xzyd-enip2 SHELL/5/SHELL_LOGOUT: xz4a_admin logged out from 10.237.35.254.
%Mar 12 15:19:48:207 2026 xzyd-enip2 SSHS/6/SSHS_LOG: User xz4a_admin logged out from 10.237.35.254 port 58168.
%Mar 12 15:19:48:207 2026 xzyd-enip2 SSHS/6/SSHS_DISCONNECT: SSH user xz4a_admin (IP: 10.237.35.254) disconnected from the server.
%Mar 12 15:24:08:423 2026 xzyd-enip2 STP/6/STP_NOTIFIED_TC: Instance 0's port GigabitEthernet1/0/24 was notified a topology change.
%Mar 12 15:24:09:193 2026 xzyd-enip2 STP/6/STP_NOTIFIED_TC: Instance 0's port GigabitEthernet1/0/24 was notified a topology change.
%Mar 12 15:24:09:421 2026 xzyd-enip2 STP/6/STP_NOTIFIED_TC: Instance 0's port GigabitEthernet1/0/24 was notified a topology change.
%Mar 12 15:24:11:194 2026 xzyd-enip2 STP/6/STP_NOTIFIED_TC: Instance 0's port GigabitEthernet1/0/24 was notified a topology change.
%Mar 12 15:29:08:225 2026 xzyd-enip2 STP/6/STP_NOTIFIED_TC: Instance 0's port GigabitEthernet1/0/24 was notified a topology change.
%Mar 12 15:54:09:504 2026 xzyd-enip2 STP/6/STP_NOTIFIED_TC: Instance 0's port GigabitEthernet1/0/24 was notified a topology change.
%Mar 12 15:59:08:301 2026 xzyd-enip2 STP/6/STP_NOTIFIED_TC: Instance 0's port GigabitEthernet1/0/24 was notified a topology change.
%Mar 12 16:24:10:585 2026 xzyd-enip2 STP/6/STP_NOTIFIED_TC: Instance 0's port GigabitEthernet1/0/24 was notified a topology change.
%Mar 12 16:24:11:583 2026 xzyd-enip2 STP/6/STP_NOTIFIED_TC: Instance 0's port GigabitEthernet1/0/24 was notified a topology change.
%Mar 12 16:29:08:387 2026 xzyd-enip2 STP/6/STP_NOTIFIED_TC: Instance 0's port GigabitEthernet1/0/24 was notified a topology change.
%Mar 12 16:54:11:657 2026 xzyd-enip2 STP/6/STP_NOTIFIED_TC: Instance 0's port GigabitEthernet1/0/24 was notified a topology change.
%Mar 12 16:59:08:473 2026 xzyd-enip2 STP/6/STP_NOTIFIED_TC: Instance 0's port GigabitEthernet1/0/24 was notified a topology change.
%Mar 12 17:24:11:737 2026 xzyd-enip2 STP/6/STP_NOTIFIED_TC: Instance 0's port GigabitEthernet1/0/24 was notified a topology change.
%Mar 12 17:29:09:562 2026 xzyd-enip2 STP/6/STP_NOTIFIED_TC: Instance 0's port GigabitEthernet1/0/24 was notified a topology change.
%Mar 12 17:29:09:575 2026 xzyd-enip2 STP/6/STP_NOTIFIED_TC: Instance 0's port GigabitEthernet1/0/24 was notified a topology change.
%Mar 12 17:54:12:817 2026 xzyd-enip2 STP/6/STP_NOTIFIED_TC: Instance 0's port GigabitEthernet1/0/24 was notified a topology change.
%Mar 12 17:54:13:815 2026 xzyd-enip2 STP/6/STP_NOTIFIED_TC: Instance 0's port GigabitEthernet1/0/24 was notified a topology change.
%Mar 12 17:59:10:648 2026 xzyd-enip2 STP/6/STP_NOTIFIED_TC: Instance 0's port GigabitEthernet1/0/24 was notified a topology change.
%Mar 12 18:24:13:888 2026 xzyd-enip2 STP/6/STP_NOTIFIED_TC: Instance 0's port GigabitEthernet1/0/24 was notified a topology change.
%Mar 12 18:29:10:734 2026 xzyd-enip2 STP/6/STP_NOTIFIED_TC: Instance 0's port GigabitEthernet1/0/24 was notified a topology change.
%Mar 12 18:54:13:969 2026 xzyd-enip2 STP/6/STP_NOTIFIED_TC: Instance 0's port GigabitEthernet1/0/24 was notified a topology change.
%Mar 12 18:59:10:811 2026 xzyd-enip2 STP/6/STP_NOTIFIED_TC: Instance 0's port GigabitEthernet1/0/24 was notified a topology change.
%Mar 12 19:24:15:049 2026 xzyd-enip2 STP/6/STP_NOTIFIED_TC: Instance 0's port GigabitEthernet1/0/24 was notified a topology change.
%Mar 12 19:24:16:047 2026 xzyd-enip2 STP/6/STP_NOTIFIED_TC: Instance 0's port GigabitEthernet1/0/24 was notified a topology change.
%Mar 12 19:29:10:897 2026 xzyd-enip2 STP/6/STP_NOTIFIED_TC: Instance 0's port GigabitEthernet1/0/24 was notified a topology change.
%Mar 12 19:54:16:120 2026 xzyd-enip2 STP/6/STP_NOTIFIED_TC: Instance 0's port GigabitEthernet1/0/24 was notified a topology change.
%Mar 12 19:59:11:973 2026 xzyd-enip2 STP/6/STP_NOTIFIED_TC: Instance 0's port GigabitEthernet1/0/24 was notified a topology change.
%Mar 12 19:59:11:978 2026 xzyd-enip2 STP/6/STP_NOTIFIED_TC: Instance 0's port GigabitEthernet1/0/24 was notified a topology change.
%Mar 12 20:24:17:205 2026 xzyd-enip2 STP/6/STP_NOTIFIED_TC: Instance 0's port GigabitEthernet1/0/24 was notified a topology change.
%Mar 12 20:24:18:045 2026 xzyd-enip2 STP/6/STP_NOTIFIED_TC: Instance 0's port GigabitEthernet1/0/24 was notified a topology change.
%Mar 12 20:29:12:059 2026 xzyd-enip2 STP/6/STP_NOTIFIED_TC: Instance 0's port GigabitEthernet1/0/24 was notified a topology change.
%Mar 12 20:29:12:067 2026 xzyd-enip2 STP/6/STP_NOTIFIED_TC: Instance 0's port GigabitEthernet1/0/24 was notified a topology change.
%Mar 12 20:54:18:282 2026 xzyd-enip2 STP/6/STP_NOTIFIED_TC: Instance 0's port GigabitEthernet1/0/24 was notified a topology change.
%Mar 12 20:59:12:146 2026 xzyd-enip2 STP/6/STP_NOTIFIED_TC: Instance 0's port GigabitEthernet1/0/24 was notified a topology change.
%Mar 12 20:59:12:147 2026 xzyd-enip2 STP/6/STP_NOTIFIED_TC: Instance 0's port GigabitEthernet1/0/24 was notified a topology change.
%Mar 12 21:24:18:355 2026 xzyd-enip2 STP/6/STP_NOTIFIED_TC: Instance 0's port GigabitEthernet1/0/24 was notified a topology change.
%Mar 12 21:29:12:222 2026 xzyd-enip2 STP/6/STP_NOTIFIED_TC: Instance 0's port GigabitEthernet1/0/24 was notified a topology change.
%Mar 12 21:29:12:228 2026 xzyd-enip2 STP/6/STP_NOTIFIED_TC: Instance 0's port GigabitEthernet1/0/24 was notified a topology change.
%Mar 12 21:54:19:433 2026 xzyd-enip2 STP/6/STP_NOTIFIED_TC: Instance 0's port GigabitEthernet1/0/24 was notified a topology change.
%Mar 12 21:54:20:294 2026 xzyd-enip2 STP/6/STP_NOTIFIED_TC: Instance 0's port GigabitEthernet1/0/24 was notified a topology change.
%Mar 12 21:59:12:308 2026 xzyd-enip2 STP/6/STP_NOTIFIED_TC: Instance 0's port GigabitEthernet1/0/24 was notified a topology change.
%Mar 12 21:59:12:314 2026 xzyd-enip2 STP/6/STP_NOTIFIED_TC: Instance 0's port GigabitEthernet1/0/24 was notified a topology change.
%Mar 12 22:24:20:514 2026 xzyd-enip2 STP/6/STP_NOTIFIED_TC: Instance 0's port GigabitEthernet1/0/24 was notified a topology change.
%Mar 12 22:29:12:394 2026 xzyd-enip2 STP/6/STP_NOTIFIED_TC: Instance 0's port GigabitEthernet1/0/24 was notified a topology change.
%Mar 12 22:29:12:397 2026 xzyd-enip2 STP/6/STP_NOTIFIED_TC: Instance 0's port GigabitEthernet1/0/24 was notified a topology change.
%Mar 12 22:54:21:595 2026 xzyd-enip2 STP/6/STP_NOTIFIED_TC: Instance 0's port GigabitEthernet1/0/24 was notified a topology change.
%Mar 12 22:54:22:457 2026 xzyd-enip2 STP/6/STP_NOTIFIED_TC: Instance 0's port GigabitEthernet1/0/24 was notified a topology change.
%Mar 12 22:59:12:470 2026 xzyd-enip2 STP/6/STP_NOTIFIED_TC: Instance 0's port GigabitEthernet1/0/24 was notified a topology change.
%Mar 12 22:59:12:496 2026 xzyd-enip2 STP/6/STP_NOTIFIED_TC: Instance 0's port GigabitEthernet1/0/24 was notified a topology change.
%Mar 12 23:24:22:665 2026 xzyd-enip2 STP/6/STP_NOTIFIED_TC: Instance 0's port GigabitEthernet1/0/24 was notified a topology change.
%Mar 12 23:29:12:557 2026 xzyd-enip2 STP/6/STP_NOTIFIED_TC: Instance 0's port GigabitEthernet1/0/24 was notified a topology change.
%Mar 12 23:29:12:559 2026 xzyd-enip2 STP/6/STP_NOTIFIED_TC: Instance 0's port GigabitEthernet1/0/24 was notified a topology change.
%Mar 12 23:54:23:746 2026 xzyd-enip2 STP/6/STP_NOTIFIED_TC: Instance 0's port GigabitEthernet1/0/24 was notified a topology change.
%Mar 12 23:54:24:629 2026 xzyd-enip2 STP/6/STP_NOTIFIED_TC: Instance 0's port GigabitEthernet1/0/24 was notified a topology change.
%Mar 12 23:59:23:643 2026 xzyd-enip2 STP/6/STP_NOTIFIED_TC: Instance 0's port GigabitEthernet1/0/24 was notified a topology change.
%Mar 12 23:59:24:642 2026 xzyd-enip2 STP/6/STP_NOTIFIED_TC: Instance 0's port GigabitEthernet1/0/24 was notified a topology change.
%Mar 13 00:24:23:826 2026 xzyd-enip2 STP/6/STP_NOTIFIED_TC: Instance 0's port GigabitEthernet1/0/24 was notified a topology change.
%Mar 13 00:24:24:705 2026 xzyd-enip2 STP/6/STP_NOTIFIED_TC: Instance 0's port GigabitEthernet1/0/24 was notified a topology change.
%Mar 13 00:29:23:719 2026 xzyd-enip2 STP/6/STP_NOTIFIED_TC: Instance 0's port GigabitEthernet1/0/24 was notified a topology change.
%Mar 13 00:29:24:718 2026 xzyd-enip2 STP/6/STP_NOTIFIED_TC: Instance 0's port GigabitEthernet1/0/24 was notified a topology change.
%Mar 13 00:54:24:897 2026 xzyd-enip2 STP/6/STP_NOTIFIED_TC: Instance 0's port GigabitEthernet1/0/24 was notified a topology change.
%Mar 13 00:59:24:805 2026 xzyd-enip2 STP/6/STP_NOTIFIED_TC: Instance 0's port GigabitEthernet1/0/24 was notified a topology change.
%Mar 13 00:59:24:812 2026 xzyd-enip2 STP/6/STP_NOTIFIED_TC: Instance 0's port GigabitEthernet1/0/24 was notified a topology change.
%Mar 13 01:24:25:979 2026 xzyd-enip2 STP/6/STP_NOTIFIED_TC: Instance 0's port GigabitEthernet1/0/24 was notified a topology change.
%Mar 13 01:24:26:878 2026 xzyd-enip2 STP/6/STP_NOTIFIED_TC: Instance 0's port GigabitEthernet1/0/24 was notified a topology change.
%Mar 13 01:29:24:892 2026 xzyd-enip2 STP/6/STP_NOTIFIED_TC: Instance 0's port GigabitEthernet1/0/24 was notified a topology change.
%Mar 13 01:29:24:937 2026 xzyd-enip2 STP/6/STP_NOTIFIED_TC: Instance 0's port GigabitEthernet1/0/24 was notified a topology change.
%Mar 13 01:54:27:059 2026 xzyd-enip2 STP/6/STP_NOTIFIED_TC: Instance 0's port GigabitEthernet1/0/24 was notified a topology change.
%Mar 13 01:59:24:968 2026 xzyd-enip2 STP/6/STP_NOTIFIED_TC: Instance 0's port GigabitEthernet1/0/24 was notified a topology change.
%Mar 13 01:59:24:969 2026 xzyd-enip2 STP/6/STP_NOTIFIED_TC: Instance 0's port GigabitEthernet1/0/24 was notified a topology change.
%Mar 13 02:24:28:130 2026 xzyd-enip2 STP/6/STP_NOTIFIED_TC: Instance 0's port GigabitEthernet1/0/24 was notified a topology change.
%Mar 13 02:24:29:040 2026 xzyd-enip2 STP/6/STP_NOTIFIED_TC: Instance 0's port GigabitEthernet1/0/24 was notified a topology change.
%Mar 13 02:29:25:054 2026 xzyd-enip2 STP/6/STP_NOTIFIED_TC: Instance 0's port GigabitEthernet1/0/24 was notified a topology change.
%Mar 13 02:29:25:109 2026 xzyd-enip2 STP/6/STP_NOTIFIED_TC: Instance 0's port GigabitEthernet1/0/24 was notified a topology change.
%Mar 13 02:54:29:210 2026 xzyd-enip2 STP/6/STP_NOTIFIED_TC: Instance 0's port GigabitEthernet1/0/24 was notified a topology change.
%Mar 13 02:54:31:126 2026 xzyd-enip2 STP/6/STP_NOTIFIED_TC: Instance 0's port GigabitEthernet1/0/24 was notified a topology change.
%Mar 13 02:59:25:140 2026 xzyd-enip2 STP/6/STP_NOTIFIED_TC: Instance 0's port GigabitEthernet1/0/24 was notified a topology change.
%Mar 13 02:59:25:143 2026 xzyd-enip2 STP/6/STP_NOTIFIED_TC: Instance 0's port GigabitEthernet1/0/24 was notified a topology change.
%Mar 13 03:24:29:291 2026 xzyd-enip2 STP/6/STP_NOTIFIED_TC: Instance 0's port GigabitEthernet1/0/24 was notified a topology change.
%Mar 13 03:29:25:216 2026 xzyd-enip2 STP/6/STP_NOTIFIED_TC: Instance 0's port GigabitEthernet1/0/24 was notified a topology change.
%Mar 13 03:29:25:256 2026 xzyd-enip2 STP/6/STP_NOTIFIED_TC: Instance 0's port GigabitEthernet1/0/24 was notified a topology change.
%Mar 13 03:54:30:372 2026 xzyd-enip2 STP/6/STP_NOTIFIED_TC: Instance 0's port GigabitEthernet1/0/24 was notified a topology change.
%Mar 13 03:54:31:369 2026 xzyd-enip2 STP/6/STP_NOTIFIED_TC: Instance 0's port GigabitEthernet1/0/24 was notified a topology change.
%Mar 13 03:59:25:302 2026 xzyd-enip2 STP/6/STP_NOTIFIED_TC: Instance 0's port GigabitEthernet1/0/24 was notified a topology change.
%Mar 13 03:59:25:352 2026 xzyd-enip2 STP/6/STP_NOTIFIED_TC: Instance 0's port GigabitEthernet1/0/24 was notified a topology change.
%Mar 13 04:24:31:453 2026 xzyd-enip2 STP/6/STP_NOTIFIED_TC: Instance 0's port GigabitEthernet1/0/24 was notified a topology change.
%Mar 13 04:29:25:389 2026 xzyd-enip2 STP/6/STP_NOTIFIED_TC: Instance 0's port GigabitEthernet1/0/24 was notified a topology change.
%Mar 13 04:29:25:393 2026 xzyd-enip2 STP/6/STP_NOTIFIED_TC: Instance 0's port GigabitEthernet1/0/24 was notified a topology change.
%Mar 13 04:54:32:533 2026 xzyd-enip2 STP/6/STP_NOTIFIED_TC: Instance 0's port GigabitEthernet1/0/24 was notified a topology change.
%Mar 13 04:54:33:531 2026 xzyd-enip2 STP/6/STP_NOTIFIED_TC: Instance 0's port GigabitEthernet1/0/24 was notified a topology change.
%Mar 13 04:59:32:465 2026 xzyd-enip2 STP/6/STP_NOTIFIED_TC: Instance 0's port GigabitEthernet1/0/24 was notified a topology change.
%Mar 13 05:24:33:604 2026 xzyd-enip2 STP/6/STP_NOTIFIED_TC: Instance 0's port GigabitEthernet1/0/24 was notified a topology change.
%Mar 13 05:29:32:551 2026 xzyd-enip2 STP/6/STP_NOTIFIED_TC: Instance 0's port GigabitEthernet1/0/24 was notified a topology change.
%Mar 13 05:54:33:695 2026 xzyd-enip2 STP/6/STP_NOTIFIED_TC: Instance 0's port GigabitEthernet1/0/24 was notified a topology change.
%Mar 13 05:59:32:637 2026 xzyd-enip2 STP/6/STP_NOTIFIED_TC: Instance 0's port GigabitEthernet1/0/24 was notified a topology change.
%Mar 13 06:24:34:776 2026 xzyd-enip2 STP/6/STP_NOTIFIED_TC: Instance 0's port GigabitEthernet1/0/24 was notified a topology change.
%Mar 13 06:24:35:773 2026 xzyd-enip2 STP/6/STP_NOTIFIED_TC: Instance 0's port GigabitEthernet1/0/24 was notified a topology change.
%Mar 13 06:29:32:713 2026 xzyd-enip2 STP/6/STP_NOTIFIED_TC: Instance 0's port GigabitEthernet1/0/24 was notified a topology change.
%Mar 13 06:54:35:853 2026 xzyd-enip2 STP/6/STP_NOTIFIED_TC: Instance 0's port GigabitEthernet1/0/24 was notified a topology change.
%Mar 13 06:59:33:800 2026 xzyd-enip2 STP/6/STP_NOTIFIED_TC: Instance 0's port GigabitEthernet1/0/24 was notified a topology change.
%Mar 13 06:59:33:810 2026 xzyd-enip2 STP/6/STP_NOTIFIED_TC: Instance 0's port GigabitEthernet1/0/24 was notified a topology change.
%Mar 13 07:24:36:927 2026 xzyd-enip2 STP/6/STP_NOTIFIED_TC: Instance 0's port GigabitEthernet1/0/24 was notified a topology change.
%Mar 13 07:24:37:925 2026 xzyd-enip2 STP/6/STP_NOTIFIED_TC: Instance 0's port GigabitEthernet1/0/24 was notified a topology change.
%Mar 13 07:29:36:886 2026 xzyd-enip2 STP/6/STP_NOTIFIED_TC: Instance 0's port GigabitEthernet1/0/24 was notified a topology change.
%Mar 13 07:54:38:009 2026 xzyd-enip2 STP/6/STP_NOTIFIED_TC: Instance 0's port GigabitEthernet1/0/24 was notified a topology change.
%Mar 13 07:59:38:962 2026 xzyd-enip2 STP/6/STP_NOTIFIED_TC: Instance 0's port GigabitEthernet1/0/24 was notified a topology change.
%Mar 13 08:24:38:095 2026 xzyd-enip2 STP/6/STP_NOTIFIED_TC: Instance 0's port GigabitEthernet1/0/24 was notified a topology change.
%Mar 13 08:29:39:048 2026 xzyd-enip2 STP/6/STP_NOTIFIED_TC: Instance 0's port GigabitEthernet1/0/24 was notified a topology change.
%Mar 13 08:54:39:160 2026 xzyd-enip2 STP/6/STP_NOTIFIED_TC: Instance 0's port GigabitEthernet1/0/24 was notified a topology change.
%Mar 13 08:54:40:162 2026 xzyd-enip2 STP/6/STP_NOTIFIED_TC: Instance 0's port GigabitEthernet1/0/24 was notified a topology change.
%Mar 13 08:59:39:134 2026 xzyd-enip2 STP/6/STP_NOTIFIED_TC: Instance 0's port GigabitEthernet1/0/24 was notified a topology change.
%Mar 13 09:24:40:250 2026 xzyd-enip2 STP/6/STP_NOTIFIED_TC: Instance 0's port GigabitEthernet1/0/24 was notified a topology change.
%Mar 13 09:29:39:210 2026 xzyd-enip2 STP/6/STP_NOTIFIED_TC: Instance 0's port GigabitEthernet1/0/24 was notified a topology change.
%Mar 13 09:29:40:209 2026 xzyd-enip2 STP/6/STP_NOTIFIED_TC: Instance 0's port GigabitEthernet1/0/24 was notified a topology change.
%Mar 13 09:54:41:312 2026 xzyd-enip2 STP/6/STP_NOTIFIED_TC: Instance 0's port GigabitEthernet1/0/24 was notified a topology change.
%Mar 13 09:54:42:283 2026 xzyd-enip2 STP/6/STP_NOTIFIED_TC: Instance 0's port GigabitEthernet1/0/24 was notified a topology change.
%Mar 13 09:59:42:297 2026 xzyd-enip2 STP/6/STP_NOTIFIED_TC: Instance 0's port GigabitEthernet1/0/24 was notified a topology change.
%Mar 13 09:59:42:311 2026 xzyd-enip2 STP/6/STP_NOTIFIED_TC: Instance 0's port GigabitEthernet1/0/24 was notified a topology change.
%Mar 13 10:24:42:394 2026 xzyd-enip2 STP/6/STP_NOTIFIED_TC: Instance 0's port GigabitEthernet1/0/24 was notified a topology change.
%Mar 13 10:29:42:383 2026 xzyd-enip2 STP/6/STP_NOTIFIED_TC: Instance 0's port GigabitEthernet1/0/24 was notified a topology change.
%Mar 13 10:29:42:386 2026 xzyd-enip2 STP/6/STP_NOTIFIED_TC: Instance 0's port GigabitEthernet1/0/24 was notified a topology change.
%Mar 13 10:54:43:476 2026 xzyd-enip2 STP/6/STP_NOTIFIED_TC: Instance 0's port GigabitEthernet1/0/24 was notified a topology change.
%Mar 13 10:54:44:445 2026 xzyd-enip2 STP/6/STP_NOTIFIED_TC: Instance 0's port GigabitEthernet1/0/24 was notified a topology change.
%Mar 13 10:59:42:459 2026 xzyd-enip2 STP/6/STP_NOTIFIED_TC: Instance 0's port GigabitEthernet1/0/24 was notified a topology change.
%Mar 13 10:59:42:464 2026 xzyd-enip2 STP/6/STP_NOTIFIED_TC: Instance 0's port GigabitEthernet1/0/24 was notified a topology change.
%Mar 13 11:24:43:546 2026 xzyd-enip2 STP/6/STP_NOTIFIED_TC: Instance 0's port GigabitEthernet1/0/24 was notified a topology change.
%Mar 13 11:24:44:532 2026 xzyd-enip2 STP/6/STP_NOTIFIED_TC: Instance 0's port GigabitEthernet1/0/24 was notified a topology change.
%Mar 13 11:29:44:545 2026 xzyd-enip2 STP/6/STP_NOTIFIED_TC: Instance 0's port GigabitEthernet1/0/24 was notified a topology change.
%Mar 13 11:29:44:550 2026 xzyd-enip2 STP/6/STP_NOTIFIED_TC: Instance 0's port GigabitEthernet1/0/24 was notified a topology change.
%Mar 13 11:54:44:628 2026 xzyd-enip2 STP/6/STP_NOTIFIED_TC: Instance 0's port GigabitEthernet1/0/24 was notified a topology change.
%Mar 13 11:59:45:633 2026 xzyd-enip2 STP/6/STP_NOTIFIED_TC: Instance 0's port GigabitEthernet1/0/24 was notified a topology change.
%Mar 13 11:59:46:630 2026 xzyd-enip2 STP/6/STP_NOTIFIED_TC: Instance 0's port GigabitEthernet1/0/24 was notified a topology change.
%Mar 13 12:24:45:709 2026 xzyd-enip2 STP/6/STP_NOTIFIED_TC: Instance 0's port GigabitEthernet1/0/24 was notified a topology change.
%Mar 13 12:24:46:697 2026 xzyd-enip2 STP/6/STP_NOTIFIED_TC: Instance 0's port GigabitEthernet1/0/24 was notified a topology change.
%Mar 13 12:29:46:710 2026 xzyd-enip2 STP/6/STP_NOTIFIED_TC: Instance 0's port GigabitEthernet1/0/24 was notified a topology change.
%Mar 13 12:29:46:711 2026 xzyd-enip2 STP/6/STP_NOTIFIED_TC: Instance 0's port GigabitEthernet1/0/24 was notified a topology change.
%Mar 13 12:39:16:863 2026 xzyd-enip2 SSHS/6/SSHS_AUTH_SUCCESS: SSH user xz4a_admin from 10.237.35.254 port 51130 passed password authentication.
%Mar 13 12:39:18:042 2026 xzyd-enip2 SSHS/6/SSHS_CONNECT: SSH user xz4a_admin (IP: 10.237.35.254) connected to the server successfully.
%Mar 13 12:39:18:467 2026 xzyd-enip2 SHELL/5/SHELL_LOGIN: xz4a_admin logged in from 10.237.35.254.
%Mar 13 12:39:41:877 2026 xzyd-enip2 SHELL/4/SHELL_CMD_MATCHFAIL: -User=xz4a_admin-IPAddr=10.237.35.254; Command screen-length 0 temporary in view shell failed to be matched.
%Mar 13 12:39:41:916 2026 xzyd-enip2 SHELL/6/SHELL_CMD: -Line=vty0-IPAddr=10.237.35.254-User=xz4a_admin; Command is display version
%Mar 13 12:39:42:059 2026 xzyd-enip2 SHELL/6/SHELL_CMD: -Line=vty0-IPAddr=10.237.35.254-User=xz4a_admin; Command is display device
%Mar 13 12:39:42:207 2026 xzyd-enip2 SHELL/6/SHELL_CMD: -Line=vty0-IPAddr=10.237.35.254-User=xz4a_admin; Command is display startup
%Mar 13 12:39:42:366 2026 xzyd-enip2 SHELL/6/SHELL_CMD: -Line=vty0-IPAddr=10.237.35.254-User=xz4a_admin; Command is display cpu-usage
%Mar 13 12:39:42:493 2026 xzyd-enip2 SHELL/4/SHELL_CMD_MATCHFAIL: -User=xz4a_admin-IPAddr=10.237.35.254; Command display memory-usage in view shell failed to be matched.
%Mar 13 12:39:42:516 2026 xzyd-enip2 SHELL/6/SHELL_CMD: -Line=vty0-IPAddr=10.237.35.254-User=xz4a_admin; Command is display memory
%Mar 13 12:39:42:661 2026 xzyd-enip2 SHELL/6/SHELL_CMD: -Line=vty0-IPAddr=10.237.35.254-User=xz4a_admin; Command is display ip interface brief
%Mar 13 12:39:42:820 2026 xzyd-enip2 SHELL/6/SHELL_CMD: -Line=vty0-IPAddr=10.237.35.254-User=xz4a_admin; Command is display interface brief
%Mar 13 12:39:43:452 2026 xzyd-enip2 SHELL/6/SHELL_CMD: -Line=vty0-IPAddr=10.237.35.254-User=xz4a_admin; Command is display ip routing-table
%Mar 13 12:39:43:617 2026 xzyd-enip2 SHELL/6/SHELL_CMD: -Line=vty0-IPAddr=10.237.35.254-User=xz4a_admin; Command is display logbuffer
<xzyd-enip2>display current-configuration
#
 version 7.1.070, Release 1115
#
 sysname xzyd-enip2
#
 clock timezone BJ add 08:00:00
 clock protocol none
#
 telnet server enable
#
 voice-vlan mac-address 00e0-bb00-0000 mask ffff-ff00-0000 description 3com phone
 voice-vlan mac-address 0001-e300-0000 mask ffff-ff00-0000 description Simens phone
#
 irf mac-address persistent timer
 irf auto-update enable
 undo irf link-delay
 irf member 1 priority 1
#
 lldp global enable
#
 password-recovery enable
#
vlan 1
#
vlan 3
 description mCentrex-vlan
#
vlan 4
 description vpn-vlan
#
vlan 5
#
vlan 100
#
 stp instance 0 root secondary
 stp bpdu-protection
 stp global enable
#
interface Bridge-Aggregation1
 description to xzyd-enip1
 port link-type trunk
 port trunk permit vlan 1 to 1059 1062 to 4094
 stp loop-protection
#
interface NULL0
#
interface Vlan-interface1
#
interface Vlan-interface3
#
interface Vlan-interface4
 ip address 10.233.121.202 255.255.255.128
#
interface Vlan-interface100
#
interface GigabitEthernet1/0/1
 port link-mode bridge
 description TO WEB2
 port access vlan 4
#
interface GigabitEthernet1/0/2
 port link-mode bridge
 description TO WEB1
 port access vlan 4
#
interface GigabitEthernet1/0/3
 port link-mode bridge
 description TO FEPOIA1
 port access vlan 4
#
interface GigabitEthernet1/0/4
 port link-mode bridge
 description TO FEPOIA2
 port access vlan 4
 shutdown
#
interface GigabitEthernet1/0/5
 port link-mode bridge
 description TO SMP2
 port access vlan 4
#
interface GigabitEthernet1/0/6
 port link-mode bridge
 description TO SMP1
 port access vlan 4
#
interface GigabitEthernet1/0/7
 port link-mode bridge
 description "TO_J07_XZ-CENTREXAS-S3520-2_46"
 port link-type trunk
 undo port trunk permit vlan 1
 port trunk permit vlan 100
 shutdown
#
interface GigabitEthernet1/0/8
 port link-mode bridge
 description TO ATAE_EX650_2
 port link-type trunk
 undo port trunk permit vlan 1
 port trunk permit vlan 4
 stp instance 0 cost 30
#
interface GigabitEthernet1/0/9
 port link-mode bridge
 description "TO BAM_GB2_but not active"
 port access vlan 4
 shutdown
#
interface GigabitEthernet1/0/10
 port link-mode bridge
 description "to D03_E1000_slot1-2"
 port link-type trunk
 port trunk permit vlan all
#
interface GigabitEthernet1/0/11
 port link-mode bridge
 description TO xzyd-usau2
 port access vlan 4
#
interface GigabitEthernet1/0/12
 port link-mode bridge
 port access vlan 3
 shutdown
#
interface GigabitEthernet1/0/13
 port link-mode bridge
 port link-type trunk
 undo port trunk permit vlan 1
 port trunk permit vlan 3 to 4 1061
 shutdown
#
interface GigabitEthernet1/0/14
 port link-mode bridge
 description "to weihu_floor2_fenghuo"
 port access vlan 4
#
interface GigabitEthernet1/0/15
 port link-mode bridge
 port access vlan 4
 shutdown
#
interface GigabitEthernet1/0/16
 port link-mode bridge
 description "from_D05_ATAE2_slot7-FABRIC-GE-LAN0"
 port link-type trunk
 undo port trunk permit vlan 1
 port trunk permit vlan 2 to 4094
 port trunk pvid vlan 3
#
interface GigabitEthernet1/0/17
 port link-mode bridge
 description "to D07_3650-1-pc1_right not active "
 port access vlan 3
 shutdown
#
interface GigabitEthernet1/0/18
 port link-mode bridge
 description "to D07_3650-2-Pc1_right "
 port access vlan 3
#
interface GigabitEthernet1/0/19
 port link-mode bridge
 description "to D07-3650-3-1 "
 port access vlan 3
 shutdown
#
interface GigabitEthernet1/0/20
 port link-mode bridge
 description "to D07_3650-4-1 "
 port access vlan 3
 shutdown
#
interface GigabitEthernet1/0/21
 port link-mode bridge
 description "to D07_3650-6-1 "
 port access vlan 3
 shutdown
#
interface GigabitEthernet1/0/22
 port link-mode bridge
 description "to D07-3650-7-1 "
 port access vlan 3
 shutdown
#
interface GigabitEthernet1/0/23
 port link-mode bridge
 description "to D07_3650-8-1 "
 port access vlan 3
 shutdown
#
interface GigabitEthernet1/0/24
 port link-mode bridge
 description "to D06_switch2-23"
 port access vlan 3
#
interface GigabitEthernet1/0/25
 port link-mode bridge
#
interface GigabitEthernet1/0/26
 port link-mode bridge
#
interface GigabitEthernet1/0/27
 port link-mode bridge
#
interface GigabitEthernet1/0/28
 port link-mode bridge
#
interface GigabitEthernet1/0/29
 port link-mode bridge
#
interface GigabitEthernet1/0/30
 port link-mode bridge
#
interface GigabitEthernet1/0/31
 port link-mode bridge
#
interface GigabitEthernet1/0/32
 port link-mode bridge
#
interface GigabitEthernet1/0/33
 port link-mode bridge
#
interface GigabitEthernet1/0/34
 port link-mode bridge
#
interface GigabitEthernet1/0/35
 port link-mode bridge
#
interface GigabitEthernet1/0/36
 port link-mode bridge
#
interface GigabitEthernet1/0/37
 port link-mode bridge
#
interface GigabitEthernet1/0/38
 port link-mode bridge
#
interface GigabitEthernet1/0/39
 port link-mode bridge
#
interface GigabitEthernet1/0/40
 port link-mode bridge
#
interface GigabitEthernet1/0/41
 port link-mode bridge
#
interface GigabitEthernet1/0/42
 port link-mode bridge
#
interface GigabitEthernet1/0/43
 port link-mode bridge
#
interface GigabitEthernet1/0/44
 port link-mode bridge
#
interface GigabitEthernet1/0/45
 port link-mode bridge
#
interface GigabitEthernet1/0/46
 port link-mode bridge
#
interface GigabitEthernet1/0/47
 port link-mode bridge
 description to xzyd-enip1
 port link-type trunk
 port trunk permit vlan 1 to 1059 1062 to 4094
 port link-aggregation group 1
#
interface GigabitEthernet1/0/48
 port link-mode bridge
 description to xzyd-enip1
 port link-type trunk
 port trunk permit vlan 1 to 1059 1062 to 4094
 port link-aggregation group 1
#
interface Ten-GigabitEthernet1/0/49
 port link-mode bridge
 port link-type trunk
 port trunk permit vlan all
#
interface Ten-GigabitEthernet1/0/50
 port link-mode bridge
 shutdown
#
interface Ten-GigabitEthernet1/0/51
 port link-mode bridge
#
interface Ten-GigabitEthernet1/0/52
 port link-mode bridge
#
interface Ten-GigabitEthernet1/0/53
 port link-mode bridge
#
interface Ten-GigabitEthernet1/0/54
 port link-mode bridge
#
 scheduler logfile size 16
#
line class aux
 user-role network-admin
#
line class vty
 user-role network-operator
#
line aux 0
 user-role network-admin
#
line vty 0 4
 authentication-mode scheme
 user-role network-operator
 idle-timeout 5 0
 screen-length 0
#
line vty 5 63
 user-role network-operator
#
 ip route-static 10.237.35.0 24 10.233.121.213
 ip route-static 10.237.95.0 24 10.233.121.213
 ip route-static 10.237.99.0 24 10.233.121.213
 ip route-static 10.237.100.0 24 10.233.121.213
 ip route-static 10.241.118.0 29 10.233.121.213
#
 info-center loghost 10.237.35.249
 info-center loghost 10.237.99.80
#
 snmp-agent
 snmp-agent local-engineid 800063A28014847760DE6A00000001
 snmp-agent community read LCjcGPRS
 snmp-agent community read XZYD_smjk-2018 acl 2000
 snmp-agent sys-info version v2c v3 
 snmp-agent target-host trap address udp-domain 10.237.95.23 params securityname LCjcGPRS v2c
 snmp-agent trap enable arp 
 snmp-agent trap enable radius 
 snmp-agent trap enable stp 
 snmp-agent trap enable syslog 
#
 ssh server enable
 ssh user cszdxj service-type stelnet authentication-type password
 ssh user jtcjxz service-type stelnet authentication-type password
 ssh user xz4a_admin service-type stelnet authentication-type password
 ssh user xzyd_zhuoma service-type stelnet authentication-type password
 ssh server acl 2000
#
 ssh2 algorithm cipher aes128-ctr aes256-ctr
#
 ntp-service authentication-keyid 1 authentication-mode md5 cipher $c$3$ANP4UBha/EaPc95Jt/dXbwPi0FSJRA3Iza5TdDPEdTxz
 ntp-service unicast-server 10.233.23.70 authentication-keyid 1
#
acl basic 2000
 rule 5 permit source 10.237.35.0 0.0.0.255
 rule 10 permit source 10.237.99.0 0.0.0.255
 rule 15 permit source 10.237.100.0 0.0.0.255
#
acl advanced 3001
 rule 5 deny udp source-port eq ntp
#
 super password role level-15 hash $h$6$gaJuCPF5OhXHCeHy$kT0aOifyZ/lZQ1N83WS4YU9qYLF65X8Czy3doUQi9AsyzpWzj46TPUJsush1Y6lADdQoYNdNSzPDuACtpUchwA==
#
radius scheme system
 user-name-format without-domain
#
domain system
#
 domain default enable system
#
role name level-0
 description Predefined level-0 role
#
role name level-1
 description Predefined level-1 role
#
role name level-2
 description Predefined level-2 role
#
role name level-3
 description Predefined level-3 role
#
role name level-4
 description Predefined level-4 role
#
role name level-5
 description Predefined level-5 role
#
role name level-6
 description Predefined level-6 role
#
role name level-7
 description Predefined level-7 role
#
role name level-8
 description Predefined level-8 role
#
role name level-9
 description Predefined level-9 role
#
role name level-10
 description Predefined level-10 role
#
role name level-11
 description Predefined level-11 role
#
role name level-12
 description Predefined level-12 role
#
role name level-13
 description Predefined level-13 role
#
role name level-14
 description Predefined level-14 role
#
user-group system
#
local-user cszdxj class manage
 password hash $h$6$WSamSLTaIXvMLT0D$xACF9Cljg5Ty8XmxVK1nC1U3W+56vlnoxFEsSvbDOZbupaNitLzwqhVY5DADzNmlDC1x/A7Eqd4mv69886rAsg==
 service-type telnet ssh
 authorization-attribute user-role level-15
 authorization-attribute user-role network-operator
#
local-user jtcjxz class manage
 password hash $h$6$6aZx+LaPDFrqd8uw$/QNlfff0uTOy7rmb4jU8EgNsYMXk9DKJcLJLjRCa5mYshMnruWEdcrvWOj+msS4ypsP7nBMRxeJ9wRZ3tQNynw==
 service-type telnet ssh terminal
 authorization-attribute user-role level-1
 authorization-attribute user-role network-operator
#
local-user xz4a_admin class manage
 password hash $h$6$s3Nc5rOatt8Frp8e$/LR3WBAnrx3ldVgO1BqZHmYT4brx6Vc9zjhCkp4e1Hh9iNiPMGWuZjJuyFgpGg5WV6KBvQhSctyK+ZS6r4X/WQ==
 service-type telnet ssh terminal
 authorization-attribute user-role level-1
 authorization-attribute user-role network-operator
#
local-user xzyd_zhuoma class manage
 password hash $h$6$x0YFDeCmfmarw1ft$v0mhEwCRqe9BhbTpjHmpTMJLsJRL+9X9LfDV8kCNfyS/zEcTObKQzZ4tHETE0I6F1KgrqtAS8TRR72JikGy7Ng==
 service-type telnet ssh terminal
 authorization-attribute user-role level-15
 authorization-attribute user-role network-operator
#
return
