NetMgmt-3 daily check started: 2026/3/13 12:06:32
Log directory: C:\Users\dukang\Desktop\VBS_泐啣儂蚳蚚\logs\2026-3-13\NM3
========================================================================
[2026/3/13 12:06:32] Start tab: XZ_LZ_NMS_5530_2-H3C detected prompt: <XZ_LZ_NMS_5530_2>
[2026/3/13 12:06:32] XZ_LZ_NMS_5530_2-H3C run command: display version
[2026/3/13 12:06:32] XZ_LZ_NMS_5530_2-H3C run command: display device
[2026/3/13 12:06:32] XZ_LZ_NMS_5530_2-H3C run command: display startup
[2026/3/13 12:06:32] XZ_LZ_NMS_5530_2-H3C run command: display cpu-usage
[2026/3/13 12:06:32] XZ_LZ_NMS_5530_2-H3C run command: display memory-usage
[2026/3/13 12:06:32] XZ_LZ_NMS_5530_2-H3C run command: display interface brief
[2026/3/13 12:06:33] XZ_LZ_NMS_5530_2-H3C run command: display ip interface brief
[2026/3/13 12:06:33] XZ_LZ_NMS_5530_2-H3C run command: display current-configuration
[2026/3/13 12:06:33] XZ_LZ_NMS_5530_2-H3C run command: display ip routing-table
[2026/3/13 12:06:33] XZ_LZ_NMS_5530_2-H3C run command: display logbuffer
[2026/3/13 12:06:34] Tab finished: XZ_LZ_NMS_5530_2-H3C, log: C:\Users\dukang\Desktop\VBS_泐啣儂蚳蚚\logs\2026-3-13\NM3\NM3_XZ_LZ_NMS_5530_2-H3C_20260313_120632.log
------------------------------------------------------------------------
[2026/3/13 12:06:34] Start tab: XZ_NQ_NMS_5530_1-H3C detected prompt: <XZ_NQ_NMS_5530_1>
[2026/3/13 12:06:34] XZ_NQ_NMS_5530_1-H3C run command: display version
[2026/3/13 12:06:34] XZ_NQ_NMS_5530_1-H3C run command: display device
[2026/3/13 12:06:34] XZ_NQ_NMS_5530_1-H3C run command: display startup
[2026/3/13 12:06:34] XZ_NQ_NMS_5530_1-H3C run command: display cpu-usage
[2026/3/13 12:06:34] XZ_NQ_NMS_5530_1-H3C run command: display memory-usage
[2026/3/13 12:06:34] XZ_NQ_NMS_5530_1-H3C run command: display interface brief
[2026/3/13 12:06:34] XZ_NQ_NMS_5530_1-H3C run command: display ip interface brief
[2026/3/13 12:06:35] XZ_NQ_NMS_5530_1-H3C run command: display current-configuration
[2026/3/13 12:06:35] XZ_NQ_NMS_5530_1-H3C run command: display ip routing-table
[2026/3/13 12:06:35] XZ_NQ_NMS_5530_1-H3C run command: display logbuffer
[2026/3/13 12:06:36] Tab finished: XZ_NQ_NMS_5530_1-H3C, log: C:\Users\dukang\Desktop\VBS_泐啣儂蚳蚚\logs\2026-3-13\NM3\NM3_XZ_NQ_NMS_5530_1-H3C_20260313_120634.log
------------------------------------------------------------------------
[2026/3/13 12:06:36] Start tab: XZ_NQ_NMS_5530_2-H3C detected prompt: <XZ_NQ_NMS_5530_2>
[2026/3/13 12:06:36] XZ_NQ_NMS_5530_2-H3C run command: display version
[2026/3/13 12:06:36] XZ_NQ_NMS_5530_2-H3C run command: display device
[2026/3/13 12:06:36] XZ_NQ_NMS_5530_2-H3C run command: display startup
[2026/3/13 12:06:36] XZ_NQ_NMS_5530_2-H3C run command: display cpu-usage
[2026/3/13 12:06:36] XZ_NQ_NMS_5530_2-H3C run command: display memory-usage
[2026/3/13 12:06:36] XZ_NQ_NMS_5530_2-H3C run command: display interface brief
[2026/3/13 12:06:36] XZ_NQ_NMS_5530_2-H3C run command: display ip interface brief
[2026/3/13 12:06:36] XZ_NQ_NMS_5530_2-H3C run command: display current-configuration
[2026/3/13 12:06:37] XZ_NQ_NMS_5530_2-H3C run command: display ip routing-table
[2026/3/13 12:06:37] XZ_NQ_NMS_5530_2-H3C run command: display logbuffer
[2026/3/13 12:06:37] Tab finished: XZ_NQ_NMS_5530_2-H3C, log: C:\Users\dukang\Desktop\VBS_泐啣儂蚳蚚\logs\2026-3-13\NM3\NM3_XZ_NQ_NMS_5530_2-H3C_20260313_120636.log
------------------------------------------------------------------------
[2026/3/13 12:06:37] Start tab: XZLS-JZDPI-406I18-SW01-S9300X-4-HW detected prompt: <XZLS-JZDPI-406I18-SW01-S9300X-4>
[2026/3/13 12:06:37] XZLS-JZDPI-406I18-SW01-S9300X-4-HW run command: display version
[2026/3/13 12:06:37] XZLS-JZDPI-406I18-SW01-S9300X-4-HW run command: display device
[2026/3/13 12:06:37] XZLS-JZDPI-406I18-SW01-S9300X-4-HW run command: display startup
[2026/3/13 12:06:38] XZLS-JZDPI-406I18-SW01-S9300X-4-HW run command: display cpu-usage
[2026/3/13 12:06:38] XZLS-JZDPI-406I18-SW01-S9300X-4-HW run command: display memory-usage
[2026/3/13 12:06:38] XZLS-JZDPI-406I18-SW01-S9300X-4-HW run command: display interface brief
[2026/3/13 12:06:39] XZLS-JZDPI-406I18-SW01-S9300X-4-HW run command: display ip interface brief
[2026/3/13 12:06:39] XZLS-JZDPI-406I18-SW01-S9300X-4-HW run command: display current-configuration
[2026/3/13 12:06:42] XZLS-JZDPI-406I18-SW01-S9300X-4-HW run command: display ip routing-table
[2026/3/13 12:06:43] XZLS-JZDPI-406I18-SW01-S9300X-4-HW run command: display logbuffer
[2026/3/13 12:06:44] Tab finished: XZLS-JZDPI-406I18-SW01-S9300X-4-HW, log: C:\Users\dukang\Desktop\VBS_泐啣儂蚳蚚\logs\2026-3-13\NM3\NM3_XZLS-JZDPI-406I18-SW01-S9300X-4-HW_20260313_120637.log
------------------------------------------------------------------------
[2026/3/13 12:06:45] Start tab: XZLS-JZDPI-406I19-SW02-S9300X-4-HW detected prompt: <XZLS-JZDPI-406I19-SW02-S9300X-4>
[2026/3/13 12:06:45] XZLS-JZDPI-406I19-SW02-S9300X-4-HW run command: display version
[2026/3/13 12:06:45] XZLS-JZDPI-406I19-SW02-S9300X-4-HW run command: display device
[2026/3/13 12:06:45] XZLS-JZDPI-406I19-SW02-S9300X-4-HW run command: display startup
[2026/3/13 12:06:45] XZLS-JZDPI-406I19-SW02-S9300X-4-HW run command: display cpu-usage
[2026/3/13 12:06:45] XZLS-JZDPI-406I19-SW02-S9300X-4-HW run command: display memory-usage
[2026/3/13 12:06:45] XZLS-JZDPI-406I19-SW02-S9300X-4-HW run command: display interface brief
[2026/3/13 12:06:46] XZLS-JZDPI-406I19-SW02-S9300X-4-HW run command: display ip interface brief
[2026/3/13 12:06:46] XZLS-JZDPI-406I19-SW02-S9300X-4-HW run command: display current-configuration
[2026/3/13 12:06:49] XZLS-JZDPI-406I19-SW02-S9300X-4-HW run command: display ip routing-table
[2026/3/13 12:06:49] XZLS-JZDPI-406I19-SW02-S9300X-4-HW run command: display logbuffer
[2026/3/13 12:06:52] Tab finished: XZLS-JZDPI-406I19-SW02-S9300X-4-HW, log: C:\Users\dukang\Desktop\VBS_泐啣儂蚳蚚\logs\2026-3-13\NM3\NM3_XZLS-JZDPI-406I19-SW02-S9300X-4-HW_20260313_120645.log
------------------------------------------------------------------------
[2026/3/13 12:06:52] Start tab: XZLS-SJWG-OUTSIDE-SW01-H3C detected prompt: <XZLS-SJWG-OUTSIDE-SW01>
[2026/3/13 12:06:52] XZLS-SJWG-OUTSIDE-SW01-H3C run command: display version
[2026/3/13 12:06:52] XZLS-SJWG-OUTSIDE-SW01-H3C run command: display device
[2026/3/13 12:06:52] XZLS-SJWG-OUTSIDE-SW01-H3C run command: display startup
[2026/3/13 12:06:52] XZLS-SJWG-OUTSIDE-SW01-H3C run command: display cpu-usage
[2026/3/13 12:06:52] XZLS-SJWG-OUTSIDE-SW01-H3C run command: display memory-usage
[2026/3/13 12:06:52] XZLS-SJWG-OUTSIDE-SW01-H3C run command: display interface brief
[2026/3/13 12:06:52] XZLS-SJWG-OUTSIDE-SW01-H3C run command: display ip interface brief
[2026/3/13 12:06:52] XZLS-SJWG-OUTSIDE-SW01-H3C run command: display current-configuration
[2026/3/13 12:06:53] XZLS-SJWG-OUTSIDE-SW01-H3C run command: display ip routing-table
[2026/3/13 12:06:53] XZLS-SJWG-OUTSIDE-SW01-H3C run command: display logbuffer
[2026/3/13 12:06:54] Tab finished: XZLS-SJWG-OUTSIDE-SW01-H3C, log: C:\Users\dukang\Desktop\VBS_泐啣儂蚳蚚\logs\2026-3-13\NM3\NM3_XZLS-SJWG-OUTSIDE-SW01-H3C_20260313_120652.log
------------------------------------------------------------------------
[2026/3/13 12:06:54] Start tab: XZLS-SJWG-OUTSIDE-SW02-H3C detected prompt: <XZLS-SJWG-OUTSIDE-SW02>
[2026/3/13 12:06:54] XZLS-SJWG-OUTSIDE-SW02-H3C run command: display version
[2026/3/13 12:06:54] XZLS-SJWG-OUTSIDE-SW02-H3C run command: display device
[2026/3/13 12:06:54] XZLS-SJWG-OUTSIDE-SW02-H3C run command: display startup
[2026/3/13 12:06:54] XZLS-SJWG-OUTSIDE-SW02-H3C run command: display cpu-usage
[2026/3/13 12:06:54] XZLS-SJWG-OUTSIDE-SW02-H3C run command: display memory-usage
[2026/3/13 12:06:54] XZLS-SJWG-OUTSIDE-SW02-H3C run command: display interface brief
[2026/3/13 12:06:54] XZLS-SJWG-OUTSIDE-SW02-H3C run command: display ip interface brief
[2026/3/13 12:06:54] XZLS-SJWG-OUTSIDE-SW02-H3C run command: display current-configuration
[2026/3/13 12:06:55] XZLS-SJWG-OUTSIDE-SW02-H3C run command: display ip routing-table
[2026/3/13 12:06:55] XZLS-SJWG-OUTSIDE-SW02-H3C run command: display logbuffer
[2026/3/13 12:06:55] Tab finished: XZLS-SJWG-OUTSIDE-SW02-H3C, log: C:\Users\dukang\Desktop\VBS_泐啣儂蚳蚚\logs\2026-3-13\NM3\NM3_XZLS-SJWG-OUTSIDE-SW02-H3C_20260313_120654.log
------------------------------------------------------------------------
[2026/3/13 12:06:55] Start tab: XZLS_SJWG-INSIDE-SW01-H3C detected prompt: <XZLS_SJWG-INSIDE-SW01>
[2026/3/13 12:06:55] XZLS_SJWG-INSIDE-SW01-H3C run command: display version
[2026/3/13 12:06:55] XZLS_SJWG-INSIDE-SW01-H3C run command: display device
[2026/3/13 12:06:55] XZLS_SJWG-INSIDE-SW01-H3C run command: display startup
[2026/3/13 12:06:55] XZLS_SJWG-INSIDE-SW01-H3C run command: display cpu-usage
[2026/3/13 12:06:55] XZLS_SJWG-INSIDE-SW01-H3C run command: display memory-usage
[2026/3/13 12:06:55] XZLS_SJWG-INSIDE-SW01-H3C run command: display interface brief
[2026/3/13 12:06:55] XZLS_SJWG-INSIDE-SW01-H3C run command: display ip interface brief
[2026/3/13 12:06:55] XZLS_SJWG-INSIDE-SW01-H3C run command: display current-configuration
[2026/3/13 12:06:56] XZLS_SJWG-INSIDE-SW01-H3C run command: display ip routing-table
[2026/3/13 12:06:56] XZLS_SJWG-INSIDE-SW01-H3C run command: display logbuffer
[2026/3/13 12:06:58] Tab finished: XZLS_SJWG-INSIDE-SW01-H3C, log: C:\Users\dukang\Desktop\VBS_泐啣儂蚳蚚\logs\2026-3-13\NM3\NM3_XZLS_SJWG-INSIDE-SW01-H3C_20260313_120655.log
------------------------------------------------------------------------
[2026/3/13 12:06:58] Start tab: XZLS_SJWG-INSIDE-SW02-H3C detected prompt: <XZLS_SJWG-INSIDE-SW02>
[2026/3/13 12:06:58] XZLS_SJWG-INSIDE-SW02-H3C run command: display version
[2026/3/13 12:06:58] XZLS_SJWG-INSIDE-SW02-H3C run command: display device
[2026/3/13 12:06:58] XZLS_SJWG-INSIDE-SW02-H3C run command: display startup
[2026/3/13 12:06:58] XZLS_SJWG-INSIDE-SW02-H3C run command: display cpu-usage
[2026/3/13 12:06:58] XZLS_SJWG-INSIDE-SW02-H3C run command: display memory-usage
[2026/3/13 12:06:58] XZLS_SJWG-INSIDE-SW02-H3C run command: display interface brief
[2026/3/13 12:06:58] XZLS_SJWG-INSIDE-SW02-H3C run command: display ip interface brief
[2026/3/13 12:06:58] XZLS_SJWG-INSIDE-SW02-H3C run command: display current-configuration
[2026/3/13 12:06:59] XZLS_SJWG-INSIDE-SW02-H3C run command: display ip routing-table
[2026/3/13 12:06:59] XZLS_SJWG-INSIDE-SW02-H3C run command: display logbuffer
[2026/3/13 12:07:00] Tab finished: XZLS_SJWG-INSIDE-SW02-H3C, log: C:\Users\dukang\Desktop\VBS_泐啣儂蚳蚚\logs\2026-3-13\NM3\NM3_XZLS_SJWG-INSIDE-SW02-H3C_20260313_120658.log
------------------------------------------------------------------------
[2026/3/13 12:07:00] Start tab: XZYD-CSWG-SW-01-H3C detected prompt: <XZYD-CSWG-SW-01>
[2026/3/13 12:07:00] XZYD-CSWG-SW-01-H3C run command: display version
[2026/3/13 12:07:00] XZYD-CSWG-SW-01-H3C run command: display device
[2026/3/13 12:07:00] XZYD-CSWG-SW-01-H3C run command: display startup
[2026/3/13 12:07:00] XZYD-CSWG-SW-01-H3C run command: display cpu-usage
[2026/3/13 12:07:00] XZYD-CSWG-SW-01-H3C run command: display memory-usage
[2026/3/13 12:07:00] XZYD-CSWG-SW-01-H3C run command: display interface brief
[2026/3/13 12:07:00] XZYD-CSWG-SW-01-H3C run command: display ip interface brief
[2026/3/13 12:07:00] XZYD-CSWG-SW-01-H3C run command: display current-configuration
[2026/3/13 12:07:01] XZYD-CSWG-SW-01-H3C run command: display ip routing-table
[2026/3/13 12:07:01] XZYD-CSWG-SW-01-H3C run command: display logbuffer
[2026/3/13 12:07:02] Tab finished: XZYD-CSWG-SW-01-H3C, log: C:\Users\dukang\Desktop\VBS_泐啣儂蚳蚚\logs\2026-3-13\NM3\NM3_XZYD-CSWG-SW-01-H3C_20260313_120700.log
------------------------------------------------------------------------
[2026/3/13 12:07:03] Start tab: XZYD-CSWG-SW-02-H3C detected prompt: <XZYD-CSWG-SW-02>
[2026/3/13 12:07:03] XZYD-CSWG-SW-02-H3C run command: display version
[2026/3/13 12:07:03] XZYD-CSWG-SW-02-H3C run command: display device
[2026/3/13 12:07:03] XZYD-CSWG-SW-02-H3C run command: display startup
[2026/3/13 12:07:03] XZYD-CSWG-SW-02-H3C run command: display cpu-usage
[2026/3/13 12:07:03] XZYD-CSWG-SW-02-H3C run command: display memory-usage
[2026/3/13 12:07:03] XZYD-CSWG-SW-02-H3C run command: display interface brief
[2026/3/13 12:07:03] XZYD-CSWG-SW-02-H3C run command: display ip interface brief
[2026/3/13 12:07:03] XZYD-CSWG-SW-02-H3C run command: display current-configuration
[2026/3/13 12:07:04] XZYD-CSWG-SW-02-H3C run command: display ip routing-table
[2026/3/13 12:07:04] XZYD-CSWG-SW-02-H3C run command: display logbuffer
[2026/3/13 12:07:04] Tab finished: XZYD-CSWG-SW-02-H3C, log: C:\Users\dukang\Desktop\VBS_泐啣儂蚳蚚\logs\2026-3-13\NM3\NM3_XZYD-CSWG-SW-02-H3C_20260313_120703.log
------------------------------------------------------------------------
========================================================================
NetMgmt-3 daily check finished: 2026/3/13 12:07:04
