<H3C>screen-length 0 temporary
                   ^
 % Unrecognized command found at '^' position.
<H3C>display version
H3C Comware Software, Version 7.1.070, Release 7557P03
Copyright (c) 2004-2017 New H3C Technologies Co., Ltd. All rights reserved.
H3C S7603 uptime is 67 weeks, 3 days, 10 hours, 2 minutes
Last reboot reason : Cold reboot

Boot image: flash:/S7600-CMW710-BOOT-R7557P03.bin
Boot image version: 7.1.070, Release 7557P03
  Compiled Nov 07 2017 16:00:00
System image: flash:/S7600-CMW710-SYSTEM-R7557P03.bin
System image version: 7.1.070, Release 7557P03
  Compiled Nov 07 2017 16:00:00


MPU(M) 0:
Uptime is 67 weeks,3 days,10 hours,2 minutes
BOARD TYPE:         LSQM2SUPA3
DRAM:               2048M bytes
FLASH:              2048M bytes
NVRAM:              1M bytes
PCB 1 Version:      VER.B
Bootrom Version:    127
CPLD 1 Version:     001
PowChip Version:    001
Release Version:    H3C S7603-7557P03
Patch Version  :    None
Reboot Cause  :     ColdReboot

MPU(S) 1:
Uptime is 67 weeks,3 days,10 hours,0 minutes
BOARD TYPE:         LSQM2SUPA3
DRAM:               2048M bytes
FLASH:              2048M bytes
NVRAM:              1M bytes
PCB 1 Version:      VER.B
Bootrom Version:    127
CPLD 1 Version:     001
PowChip Version:    001
Release Version:    H3C S7603-7557P03
Patch Version  :    None
Reboot Cause  :     ColdReboot

LPU 2:
Uptime is 67 weeks,3 days,9 hours,55 minutes
BOARD TYPE:         LSQM1TGS24FC3
DRAM:               2048M bytes
FLASH:              0M bytes
NVRAM:              0K bytes
PCB 1 Version:      VER.A
Bootrom Version:    124
CPLD 1 Version:     002
CPLD 2 Version:     001
PowChip Version:    001
Release Version:    H3C S7603-7557P03
Patch Version  :    None
Reboot Cause  :     ColdReboot

LPU 3:
Uptime is 67 weeks,3 days,9 hours,54 minutes
BOARD TYPE:         LSQM1TGS24FC3
DRAM:               2048M bytes
FLASH:              0M bytes
NVRAM:              0K bytes
PCB 1 Version:      VER.A
Bootrom Version:    124
CPLD 1 Version:     002
CPLD 2 Version:     001
PowChip Version:    001
Release Version:    H3C S7603-7557P03
Patch Version  :    None
Reboot Cause  :     ColdReboot

LPU 4:
Uptime is 67 weeks,3 days,9 hours,55 minutes
BOARD TYPE:         LSQM1GT48FC3
DRAM:               2048M bytes
FLASH:              0M bytes
NVRAM:              0K bytes
PCB 1 Version:      VER.A
Bootrom Version:    124
CPLD 1 Version:     002
PowChip Version:    001
Release Version:    H3C S7603-7557P03
Patch Version  :    None
Reboot Cause  :     ColdReboot
<H3C>display device
Slot No. Brd Type             Brd Status  Subslot  Sft Ver            Patch Ver
 0       LSQM2SUPA3           Master      0        S7600-7557P03      None      
 1       LSQM2SUPA3           Standby     0        S7600-7557P03      None      
 2       LSQM1TGS24FC3        Normal      0        S7600-7557P03      None      
 3       LSQM1TGS24FC3        Normal      0        S7600-7557P03      None      
 4       LSQM1GT48FC3         Normal      0        S7600-7557P03      None      
<H3C>display startup
MainBoard:
 Current startup saved-configuration file: flash:/startup.cfg
 Next main startup saved-configuration file: flash:/startup.cfg
 Next backup startup saved-configuration file: NULL
Slot 1:
 Current startup saved-configuration file: flash:/startup.cfg
 Next main startup saved-configuration file: flash:/startup.cfg
 Next backup startup saved-configuration file: NULL
<H3C>display cpu-usage
Slot 0 CPU 0 CPU usage:
       0% in last 5 seconds
       0% in last 1 minute
       0% in last 5 minutes

Slot 1 CPU 0 CPU usage:
       0% in last 5 seconds
       0% in last 1 minute
       0% in last 5 minutes

Slot 2 CPU 0 CPU usage:
       5% in last 5 seconds
       5% in last 1 minute
       5% in last 5 minutes

Slot 3 CPU 0 CPU usage:
       5% in last 5 seconds
       5% in last 1 minute
       5% in last 5 minutes

Slot 4 CPU 0 CPU usage:
       4% in last 5 seconds
       4% in last 1 minute
       4% in last 5 minutes

<H3C>display memory-usage
             ^
 % Unrecognized command found at '^' position.
<H3C>display interface brief
Brief information on interfaces in route mode:
Link: ADM - administratively down; Stby - standby
Protocol: (s) - spoofing
Interface            Link Protocol Primary IP      Description                
InLoop0              UP   UP(s)    --              
MGE0/0/0             DOWN DOWN     --              
MGE0/0/1             DOWN DOWN     --              
NULL0                UP   UP(s)    --              
REG0                 UP   --       --              
Vlan20               UP   UP       --              
Vlan2000             UP   UP       10.233.188.134  

Brief information on interfaces in bridge mode:
Link: ADM - administratively down; Stby - standby
Speed: (a) - auto
Duplex: (a)/A - auto; H - half; F - full
Type: A - access; T - trunk; H - hybrid
Interface            Link Speed   Duplex Type PVID Description                
GE4/0/1              ADM  auto    A      A    20   
GE4/0/2              ADM  auto    A      A    20   
GE4/0/3              ADM  auto    A      A    20   
GE4/0/4              ADM  auto    A      A    20   
GE4/0/5              ADM  auto    A      A    20   
GE4/0/6              ADM  auto    A      A    20   
GE4/0/7              ADM  auto    A      A    20   
GE4/0/8              ADM  auto    A      A    20   
GE4/0/9              ADM  auto    A      A    20   
GE4/0/10             ADM  auto    A      A    20   
GE4/0/11             ADM  auto    A      A    20   
GE4/0/12             ADM  auto    A      A    20   
GE4/0/13             ADM  auto    A      A    20   
GE4/0/14             ADM  auto    A      A    20   
GE4/0/15             ADM  auto    A      A    20   
GE4/0/16             ADM  auto    A      A    20   
GE4/0/17             ADM  auto    A      A    20   
GE4/0/18             ADM  auto    A      A    20   
GE4/0/19             ADM  auto    A      A    20   
GE4/0/20             ADM  auto    A      A    20   
GE4/0/21             ADM  auto    A      A    20   
GE4/0/22             ADM  auto    A      A    20   
GE4/0/23             ADM  auto    A      A    20   
GE4/0/24             ADM  auto    A      A    20   
GE4/0/25             ADM  auto    A      A    20   
GE4/0/26             ADM  auto    A      A    20   
GE4/0/27             ADM  auto    A      A    20   
GE4/0/28             ADM  auto    A      A    20   
GE4/0/29             ADM  auto    A      A    20   
GE4/0/30             ADM  auto    A      A    20   
GE4/0/31             ADM  auto    A      A    20   
GE4/0/32             ADM  auto    A      A    20   
GE4/0/33             ADM  auto    A      A    20   
GE4/0/34             ADM  auto    A      A    20   
GE4/0/35             ADM  auto    A      A    20   
GE4/0/36             ADM  auto    A      A    20   
GE4/0/37             ADM  auto    A      A    20   
GE4/0/38             ADM  auto    A      A    20   
GE4/0/39             ADM  auto    A      A    20   
GE4/0/40             ADM  auto    A      A    20   
GE4/0/41             ADM  auto    A      A    20   
GE4/0/42             ADM  auto    A      A    20   
GE4/0/43             ADM  auto    A      A    20   
GE4/0/44             ADM  auto    A      A    20   
GE4/0/45             ADM  auto    A      A    20   
GE4/0/46             ADM  auto    A      A    20   
GE4/0/47             ADM  auto    A      A    20   
GE4/0/48             ADM  auto    A      A    20   
XGE2/0/1             DOWN auto    A      A    20   
XGE2/0/2             ADM  auto    A      A    20   
XGE2/0/3             DOWN auto    A      A    20   
XGE2/0/4             ADM  auto    A      A    20   
XGE2/0/5             DOWN auto    A      A    20   
XGE2/0/6             ADM  auto    A      A    20   
XGE2/0/7             DOWN auto    A      A    20   
XGE2/0/8             ADM  auto    A      A    20   
XGE2/0/9             DOWN auto    A      A    20   
XGE2/0/10            ADM  auto    A      A    20   
XGE2/0/11            DOWN auto    A      A    20   
XGE2/0/12            ADM  auto    A      A    20   
XGE2/0/13            DOWN auto    A      A    20   
XGE2/0/14            UP   10G(a)  F(a)   A    20   
XGE2/0/15            DOWN auto    A      A    20   
XGE2/0/16            ADM  auto    A      A    20   
XGE2/0/17            DOWN auto    A      A    20   
XGE2/0/18            ADM  auto    A      A    20   
XGE2/0/19            ADM  auto    A      A    20   
XGE2/0/20            ADM  auto    A      A    20   
XGE2/0/21            DOWN auto    A      A    20   
XGE2/0/22            ADM  auto    A      T    1    
XGE2/0/23            DOWN auto    A      A    20   
XGE2/0/24            ADM  auto    A      A    20   
XGE3/0/1             DOWN auto    A      T    1    
XGE3/0/2             ADM  auto    A      A    20   
XGE3/0/3             UP   10G(a)  F(a)   A    2000 
XGE3/0/4             ADM  auto    A      A    20   
XGE3/0/5             ADM  auto    A      A    20   
XGE3/0/6             ADM  auto    A      A    20   
XGE3/0/7             ADM  auto    A      A    20   
XGE3/0/8             ADM  auto    A      A    20   
XGE3/0/9             ADM  auto    A      A    20   
XGE3/0/10            ADM  auto    A      A    20   
XGE3/0/11            ADM  auto    A      T    1    
XGE3/0/12            ADM  auto    A      T    1    
XGE3/0/13            ADM  auto    A      A    20   
XGE3/0/14            ADM  auto    A      A    20   
XGE3/0/15            ADM  auto    A      A    20   
XGE3/0/16            ADM  auto    A      A    20   
XGE3/0/17            ADM  auto    A      A    20   
XGE3/0/18            ADM  auto    A      A    20   
XGE3/0/19            ADM  auto    A      A    20   
XGE3/0/20            ADM  auto    A      A    20   
XGE3/0/21            ADM  auto    A      A    20   
XGE3/0/22            ADM  auto    A      A    20   
XGE3/0/23            ADM  auto    A      A    20   
XGE3/0/24            ADM  auto    A      A    20   

<H3C>display ip interface brief
*down: administratively down
(s): spoofing  (l): loopback
Interface           Physical Protocol IP address      VPN instance Description  
MGE0/0/0            down     down     --              --           --
MGE0/0/1            down     down     --              --           --
Vlan20              up       up       --              --           --
Vlan2000            up       up       10.233.188.134  --           --
<H3C>display current-configuration
#
 version 7.1.070, Release 7557P03
#
mdc Admin id 1
#
 sysname H3C
#
 telnet server enable
#
 forward-path-detection enable
#
 ip urpf strict
#
 system-working-mode standard
 xbar load-balance
 password-recovery enable
#
vlan 1
#
vlan 20
#
vlan 2000
#
ftth           
#
interface NULL0
#
interface Vlan-interface20
#
interface Vlan-interface2000
 ip address 10.233.188.134 255.255.255.0
#
interface GigabitEthernet4/0/1
 port link-mode bridge
 port access vlan 20
 shutdown
#
interface GigabitEthernet4/0/2
 port link-mode bridge
 port access vlan 20
 shutdown
#
interface GigabitEthernet4/0/3
 port link-mode bridge
 port access vlan 20
 shutdown
#              
interface GigabitEthernet4/0/4
 port link-mode bridge
 port access vlan 20
 shutdown
#
interface GigabitEthernet4/0/5
 port link-mode bridge
 port access vlan 20
 shutdown
#
interface GigabitEthernet4/0/6
 port link-mode bridge
 port access vlan 20
 shutdown
#
interface GigabitEthernet4/0/7
 port link-mode bridge
 port access vlan 20
 shutdown
#
interface GigabitEthernet4/0/8
 port link-mode bridge
 port access vlan 20
 shutdown
#
interface GigabitEthernet4/0/9
 port link-mode bridge
 port access vlan 20
 shutdown
#
interface GigabitEthernet4/0/10
 port link-mode bridge
 port access vlan 20
 shutdown
#
interface GigabitEthernet4/0/11
 port link-mode bridge
 port access vlan 20
 shutdown
#
interface GigabitEthernet4/0/12
 port link-mode bridge
 port access vlan 20
 shutdown
#
interface GigabitEthernet4/0/13
 port link-mode bridge
 port access vlan 20
 shutdown
#
interface GigabitEthernet4/0/14
 port link-mode bridge
 port access vlan 20
 shutdown
#
interface GigabitEthernet4/0/15
 port link-mode bridge
 port access vlan 20
 shutdown
#
interface GigabitEthernet4/0/16
 port link-mode bridge
 port access vlan 20
 shutdown
#
interface GigabitEthernet4/0/17
 port link-mode bridge
 port access vlan 20
 shutdown      
#
interface GigabitEthernet4/0/18
 port link-mode bridge
 port access vlan 20
 shutdown
#
interface GigabitEthernet4/0/19
 port link-mode bridge
 port access vlan 20
 shutdown
#
interface GigabitEthernet4/0/20
 port link-mode bridge
 port access vlan 20
 shutdown
#
interface GigabitEthernet4/0/21
 port link-mode bridge
 port access vlan 20
 shutdown
#
interface GigabitEthernet4/0/22
 port link-mode bridge
 port access vlan 20
 shutdown
#
interface GigabitEthernet4/0/23
 port link-mode bridge
 port access vlan 20
 shutdown
#
interface GigabitEthernet4/0/24
 port link-mode bridge
 port access vlan 20
 shutdown
#
interface GigabitEthernet4/0/25
 port link-mode bridge
 port access vlan 20
 shutdown
#
interface GigabitEthernet4/0/26
 port link-mode bridge
 port access vlan 20
 shutdown
#              
interface GigabitEthernet4/0/27
 port link-mode bridge
 port access vlan 20
 shutdown
#
interface GigabitEthernet4/0/28
 port link-mode bridge
 port access vlan 20
 shutdown
#
interface GigabitEthernet4/0/29
 port link-mode bridge
 port access vlan 20
 shutdown
#
interface GigabitEthernet4/0/30
 port link-mode bridge
 port access vlan 20
 shutdown
#
interface GigabitEthernet4/0/31
 port link-mode bridge
 port access vlan 20
 shutdown
#
interface GigabitEthernet4/0/32
 port link-mode bridge
 port access vlan 20
 shutdown
#
interface GigabitEthernet4/0/33
 port link-mode bridge
 port access vlan 20
 shutdown
#
interface GigabitEthernet4/0/34
 port link-mode bridge
 port access vlan 20
 shutdown
#
interface GigabitEthernet4/0/35
 port link-mode bridge
 port access vlan 20
 shutdown
#
interface GigabitEthernet4/0/36
 port link-mode bridge
 port access vlan 20
 shutdown
#
interface GigabitEthernet4/0/37
 port link-mode bridge
 port access vlan 20
 shutdown
#
interface GigabitEthernet4/0/38
 port link-mode bridge
 port access vlan 20
 shutdown
#
interface GigabitEthernet4/0/39
 port link-mode bridge
 port access vlan 20
 shutdown
#
interface GigabitEthernet4/0/40
 port link-mode bridge
 port access vlan 20
 shutdown      
#
interface GigabitEthernet4/0/41
 port link-mode bridge
 port access vlan 20
 shutdown
#
interface GigabitEthernet4/0/42
 port link-mode bridge
 port access vlan 20
 shutdown
#
interface GigabitEthernet4/0/43
 port link-mode bridge
 port access vlan 20
 shutdown
#
interface GigabitEthernet4/0/44
 port link-mode bridge
 port access vlan 20
 shutdown
#
interface GigabitEthernet4/0/45
 port link-mode bridge
 port access vlan 20
 shutdown
#
interface GigabitEthernet4/0/46
 port link-mode bridge
 port access vlan 20
 shutdown
#
interface GigabitEthernet4/0/47
 port link-mode bridge
 port access vlan 20
 shutdown
#
interface GigabitEthernet4/0/48
 port link-mode bridge
 port access vlan 20
 shutdown
#
interface M-GigabitEthernet0/0/0
#
interface M-GigabitEthernet0/0/1
#
interface Ten-GigabitEthernet2/0/1
 port link-mode bridge
 port access vlan 20
#
interface Ten-GigabitEthernet2/0/2
 port link-mode bridge
 port access vlan 20
 shutdown
#
interface Ten-GigabitEthernet2/0/3
 port link-mode bridge
 port access vlan 20
#
interface Ten-GigabitEthernet2/0/4
 port link-mode bridge
 port access vlan 20
 shutdown
#
interface Ten-GigabitEthernet2/0/5
 port link-mode bridge
 port access vlan 20
#
interface Ten-GigabitEthernet2/0/6
 port link-mode bridge
 port access vlan 20
 shutdown
#
interface Ten-GigabitEthernet2/0/7
 port link-mode bridge
 port access vlan 20
#
interface Ten-GigabitEthernet2/0/8
 port link-mode bridge
 port access vlan 20
 shutdown
#
interface Ten-GigabitEthernet2/0/9
 port link-mode bridge
 port access vlan 20
#
interface Ten-GigabitEthernet2/0/10
 port link-mode bridge
 port access vlan 20
 shutdown
#
interface Ten-GigabitEthernet2/0/11
 port link-mode bridge
 port access vlan 20
#
interface Ten-GigabitEthernet2/0/12
 port link-mode bridge
 port access vlan 20
 shutdown
#
interface Ten-GigabitEthernet2/0/13
 port link-mode bridge
 port access vlan 20
#
interface Ten-GigabitEthernet2/0/14
 port link-mode bridge
 port access vlan 20
#
interface Ten-GigabitEthernet2/0/15
 port link-mode bridge
 port access vlan 20
#
interface Ten-GigabitEthernet2/0/16
 port link-mode bridge
 port access vlan 20
 shutdown      
#
interface Ten-GigabitEthernet2/0/17
 port link-mode bridge
 port access vlan 20
#
interface Ten-GigabitEthernet2/0/18
 port link-mode bridge
 port access vlan 20
 shutdown
#
interface Ten-GigabitEthernet2/0/19
 port link-mode bridge
 port access vlan 20
 shutdown
#
interface Ten-GigabitEthernet2/0/20
 port link-mode bridge
 port access vlan 20
 shutdown
#
interface Ten-GigabitEthernet2/0/21
 port link-mode bridge
 port access vlan 20
#
interface Ten-GigabitEthernet2/0/22
 port link-mode bridge
 port link-type trunk
 undo port trunk permit vlan 1
 port trunk permit vlan 20
 shutdown
#
interface Ten-GigabitEthernet2/0/23
 port link-mode bridge
 port access vlan 20
#
interface Ten-GigabitEthernet2/0/24
 port link-mode bridge
 port access vlan 20
 shutdown
#
interface Ten-GigabitEthernet3/0/1
 port link-mode bridge
 port link-type trunk
 undo port trunk permit vlan 1
 port trunk permit vlan 20
 packet-filter 3000 inbound
#
interface Ten-GigabitEthernet3/0/2
 port link-mode bridge
 port access vlan 20
 shutdown
#
interface Ten-GigabitEthernet3/0/3
 port link-mode bridge
 port access vlan 2000
#
interface Ten-GigabitEthernet3/0/4
 port link-mode bridge
 port access vlan 20
 shutdown
#
interface Ten-GigabitEthernet3/0/5
 port link-mode bridge
 port access vlan 20
 shutdown
#
interface Ten-GigabitEthernet3/0/6
 port link-mode bridge
 port access vlan 20
 shutdown
#
interface Ten-GigabitEthernet3/0/7
 port link-mode bridge
 port access vlan 20
 shutdown
#
interface Ten-GigabitEthernet3/0/8
 port link-mode bridge
 port access vlan 20
 shutdown
#
interface Ten-GigabitEthernet3/0/9
 port link-mode bridge
 port access vlan 20
 shutdown
#
interface Ten-GigabitEthernet3/0/10
 port link-mode bridge
 port access vlan 20
 shutdown
#
interface Ten-GigabitEthernet3/0/11
 port link-mode bridge
 port link-type trunk
 undo port trunk permit vlan 1
 port trunk permit vlan 20
 shutdown
#
interface Ten-GigabitEthernet3/0/12
 port link-mode bridge
 port link-type trunk
 undo port trunk permit vlan 1
 port trunk permit vlan 20
 shutdown
#
interface Ten-GigabitEthernet3/0/13
 port link-mode bridge
 port access vlan 20
 shutdown
#
interface Ten-GigabitEthernet3/0/14
 port link-mode bridge
 port access vlan 20
 shutdown
#              
interface Ten-GigabitEthernet3/0/15
 port link-mode bridge
 port access vlan 20
 shutdown
#
interface Ten-GigabitEthernet3/0/16
 port link-mode bridge
 port access vlan 20
 shutdown
#
interface Ten-GigabitEthernet3/0/17
 port link-mode bridge
 port access vlan 20
 shutdown
#
interface Ten-GigabitEthernet3/0/18
 port link-mode bridge
 port access vlan 20
 shutdown
#
interface Ten-GigabitEthernet3/0/19
 port link-mode bridge
 port access vlan 20
 shutdown
#
interface Ten-GigabitEthernet3/0/20
 port link-mode bridge
 port access vlan 20
 shutdown
#
interface Ten-GigabitEthernet3/0/21
 port link-mode bridge
 port access vlan 20
 shutdown
#
interface Ten-GigabitEthernet3/0/22
 port link-mode bridge
 port access vlan 20
 shutdown
#
interface Ten-GigabitEthernet3/0/23
 port link-mode bridge
 port access vlan 20
 shutdown
#
interface Ten-GigabitEthernet3/0/24
 port link-mode bridge
 port access vlan 20
 shutdown
#
 scheduler logfile size 16
#
line class aux
 user-role network-admin
#
line class vty
 user-role network-operator
#
line aux 0
 authentication-mode password
 user-role network-admin
 set authentication password hash $h$6$bIrCEw9BB8yn05eO$0FnJfTkC9wmvsQtO0JsumFqBtPYEs1yCBZpx40uxZDYn0BwN4GoJEggDMcVMGFelRvoG7IKdIJMvoZa+UJEhFw==
 idle-timeout 2 15
#
line aux 1
 authentication-mode password
 user-role network-admin
 set authentication password hash $h$6$0XICL5/b6HRtob8w$OF9cy3O/iXV/Y2P/eAELMZ8gfeSEvT17zhZRvTpYSHhJdgWN+nj4pVrp/cZWlB499Y1kq6pZraTLAlZKg5tNkQ==
 idle-timeout 2 15
#
line vty 0 4
 authentication-mode scheme
 user-role network-admin
 idle-timeout 2 15
#
line vty 5 63
 user-role network-operator
#
 ip route-static 10.237.35.0 24 10.233.188.1
 ip route-static 10.237.100.0 24 10.233.188.1
#
 info-center loghost 10.237.35.254
#
 snmp-agent
 snmp-agent local-engineid 800063A28048BD3DBDC40100000001
 snmp-agent community read tE!b@t5m acl 2000
 snmp-agent sys-info version v2c v3 
#
 ssh server enable
 ssh user jtcjxz service-type stelnet authentication-type password
 ssh user xz4a_admin service-type stelnet authentication-type password
 ssh server acl 2000
#
 ssh2 algorithm key-exchange ecdh-sha2-nistp256 ecdh-sha2-nistp384
 ssh2 algorithm cipher aes128-ctr aes256-ctr aes128-gcm aes256-gcm
 ssh2 algorithm mac sha2-256 sha2-512
#
 ntp-service authentication enable
 ntp-service authentication-keyid 10 authentication-mode md5 cipher $c$3$GjaKwzi2wiChqtXsC7CG4II5G4/qimXDApd7
 ntp-service reliable authentication-keyid 10 
 ntp-service refclock-master 2
 ntp-service unicast-server 10.233.188.1 authentication-keyid 10
#
acl number 2000
 rule 0 permit source 10.233.188.0 0.0.0.255 logging
 rule 5 permit source 10.237.35.0 0.0.0.255 logging
 rule 10 permit source 10.241.93.0 0.0.0.255 logging
 rule 15 permit source 10.233.138.0 0.0.0.255 logging
 rule 20 permit source 10.237.100.0 0.0.0.255 logging
#
acl number 3000
 rule 5 deny tcp destination-port eq 445
 rule 10 deny tcp destination-port eq 5800
 rule 15 deny tcp destination-port eq 5900
 rule 20 deny udp destination-port eq 1434
 rule 25 deny udp destination-port eq tftp
 rule 30 deny tcp destination-port eq 135
 rule 35 deny udp destination-port eq netbios-ns
 rule 40 deny udp destination-port eq netbios-dgm
 rule 45 deny tcp destination-port eq 139
 rule 50 deny udp destination-port eq netbios-ssn
 rule 55 deny tcp destination-port eq 539
 rule 60 deny udp destination-port eq 539
 rule 65 deny tcp destination-port eq 593
 rule 70 deny tcp destination-port eq 4786
 rule 75 permit ip
#
domain system
#
 domain default enable system
#
role name level-0
 description Predefined level-0 role
#
role name level-1
 description Predefined level-1 role
#
role name level-2
 description Predefined level-2 role
#
role name level-3
 description Predefined level-3 role
#
role name level-4
 description Predefined level-4 role
#
role name level-5
 description Predefined level-5 role
#
role name level-6
 description Predefined level-6 role
#
role name level-7
 description Predefined level-7 role
#
role name level-8
 description Predefined level-8 role
#
role name level-9
 description Predefined level-9 role
#              
role name level-10
 description Predefined level-10 role
#
role name level-11
 description Predefined level-11 role
#
role name level-12
 description Predefined level-12 role
#
role name level-13
 description Predefined level-13 role
#
role name level-14
 description Predefined level-14 role
#
user-group system
#
local-user admin class manage
 password hash $h$6$+CtNsB86oIzyyF7u$1TfdbPmRDtpegto1X2BPsIveoHhmiVDM/mXdeB0WpmLbCj2t2lerUwDmFrdx1ErXHrUS5PMGZ+wSHKmn6T24Rw==
 service-type telnet terminal
 authorization-attribute user-role level-0
 authorization-attribute user-role network-operator
#              
local-user jtcjxz class manage
 password hash $h$6$23yvCCJwJLQP2gza$1Xf9s3+ZNBmHrHtWU6ynIvVpdQXv/nlcN+BxTIuR2PVETsn1ZEUcOqng1yroazUJpX+tyERHt8Wqt7LZuF01+w==
 service-type ssh
 authorization-attribute user-role 3
 authorization-attribute user-role network-operator
#
local-user langjiewangdui class manage
 password hash $h$6$DkLnrG8J/hMlsTlP$5Qc5K4pSBwgJwULkpljturYhHhxJw8gEXhALUzPIpIlS4mC2BLiPsC8SBZ2qfOubT7MdvLbaPHMDSI6Ki1pKNw==
 service-type ssh
 authorization-attribute user-role level-3
 authorization-attribute user-role network-operator
#
local-user xz4a_admin class manage
 password hash $h$6$6B5QQf7qJxqz16EK$FBlXMYxyS+47ImcdaWl4O/aGQ5Bz/3VgteLjI2L1eJcaNS4OtHopdqFERbhL01bhXI2WgyQzSlxWP/O7O9FHMQ==
 service-type ssh terminal
 authorization-attribute user-role level-15
 authorization-attribute user-role network-operator
#
return
<H3C>display ip routing-table

Destinations : 14       Routes : 14

Destination/Mask   Proto   Pre Cost        NextHop         Interface
0.0.0.0/32         Direct  0   0           127.0.0.1       InLoop0
10.233.188.0/24    Direct  0   0           10.233.188.134  Vlan2000
10.233.188.0/32    Direct  0   0           10.233.188.134  Vlan2000
10.233.188.134/32  Direct  0   0           127.0.0.1       InLoop0
10.233.188.255/32  Direct  0   0           10.233.188.134  Vlan2000
10.237.35.0/24     Static  60  0           10.233.188.1    Vlan2000
10.237.100.0/24    Static  60  0           10.233.188.1    Vlan2000
127.0.0.0/8        Direct  0   0           127.0.0.1       InLoop0
127.0.0.0/32       Direct  0   0           127.0.0.1       InLoop0
127.0.0.1/32       Direct  0   0           127.0.0.1       InLoop0
127.255.255.255/32 Direct  0   0           127.0.0.1       InLoop0
224.0.0.0/4        Direct  0   0           0.0.0.0         NULL0
224.0.0.0/24       Direct  0   0           0.0.0.0         NULL0
255.255.255.255/32 Direct  0   0           127.0.0.1       InLoop0
<H3C>display logbuffer
Log buffer: Enabled
Max buffer size: 1024
Actual buffer size: 512
Dropped messages: 0
Overwritten messages: 3026
Current messages: 512
%Feb 17 14:45:43:835 2026 H3C SHELL/4/SHELL_CMD_MATCHFAIL: -User=xz4a_admin-IPAddr=10.237.35.254; Command Aug 14 2025 10:16:10 B18 %%01INFO/4/IM_LOGFILE_AGING(l):CID=0x80600404;One log file was deleted due to aging.(LogFileName=1#flash:/logfile/pads/pads_1_20250626051323.pads.zip) in view shell failed to be matched.
%Feb 17 14:45:43:842 2026 H3C SHELL/4/SHELL_CMD_MATCHFAIL: -User=xz4a_admin-IPAddr=10.237.35.254; Command Aug 14 2025 00:31:10 B18 %%01INFO/4/IM_LOGFILE_AGING(l):CID=0x80600404;One log file was deleted due to aging.(LogFileName=1#flash:/logfile/diaglog_1_20250722013110.log.zip) in view shell failed to be matched.
%Feb 17 14:45:43:850 2026 H3C SHELL/4/SHELL_CMD_MATCHFAIL: -User=xz4a_admin-IPAddr=10.237.35.254; Command Aug 11 2025 16:31:10 B18 %%01INFO/4/IM_LOGFILE_AGING(l):CID=0x80600404;One log file was deleted due to aging.(LogFileName=1#flash:/logfile/diaglog_1_20250719180110.log.zip) in view shell failed to be matched.
%Feb 17 14:45:43:858 2026 H3C SHELL/4/SHELL_CMD_MATCHFAIL: -User=xz4a_admin-IPAddr=10.237.35.254; Command Aug 10 2025 17:46:10 B18 %%01INFO/4/IM_LOGFILE_AGING(l):CID=0x80600404;One log file was deleted due to aging.(LogFileName=1#flash:/logfile/pads/pads_1_20250624074610.pads.zip) in view shell failed to be matched.
%Feb 17 14:45:52:762 2026 H3C SHELL/6/SHELL_CMD: -Line=vty0-IPAddr=10.237.35.254-User=xz4a_admin; Command is dis logbuffer
%Feb 17 14:48:11:476 2026 H3C SHELL/5/SHELL_LOGOUT: xz4a_admin logged out from 10.237.35.254.
%Feb 17 14:48:11:527 2026 H3C SSHS/6/SSHS_LOG: User xz4a_admin logged out from 10.237.35.254 port 50172.
%Feb 17 14:48:11:527 2026 H3C SSHS/6/SSHS_DISCONNECT: SSH user xz4a_admin (IP: 10.237.35.254) disconnected from the server.
%Feb 18 15:09:48:271 2026 H3C SSHS/6/SSHS_LOG: Accepted password for xz4a_admin from 10.237.35.254 port 50500.

%Feb 18 15:09:49:314 2026 H3C SSHS/6/SSHS_CONNECT: SSH user xz4a_admin (IP: 10.237.35.254) connected to the server successfully.
%Feb 18 15:09:49:804 2026 H3C SHELL/5/SHELL_LOGIN: xz4a_admin logged in from 10.237.35.254.
%Feb 18 15:09:49:936 2026 H3C SHELL/6/SHELL_CMD: -Line=vty0-IPAddr=10.237.35.254-User=xz4a_admin; Command is display version
%Feb 18 15:09:50:018 2026 H3C SHELL/6/SHELL_CMD: -Line=vty0-IPAddr=10.237.35.254-User=xz4a_admin; Command is display device
%Feb 18 15:09:50:080 2026 H3C SHELL/4/SHELL_CMD_MATCHFAIL: -User=xz4a_admin-IPAddr=10.237.35.254; Command display alarm active in view shell failed to be matched.
%Feb 18 15:09:50:093 2026 H3C SHELL/6/SHELL_CMD: -Line=vty0-IPAddr=10.237.35.254-User=xz4a_admin; Command is dis alarm
%Feb 18 15:09:50:157 2026 H3C SHELL/6/SHELL_CMD: -Line=vty0-IPAddr=10.237.35.254-User=xz4a_admin; Command is dis cpu-usage
%Feb 18 15:09:50:215 2026 H3C SHELL/6/SHELL_CMD: -Line=vty0-IPAddr=10.237.35.254-User=xz4a_admin; Command is dis cpu
%Feb 18 15:09:50:266 2026 H3C SHELL/4/SHELL_CMD_MATCHFAIL: -User=xz4a_admin-IPAddr=10.237.35.254; Command display memory all in view shell failed to be matched.
%Feb 18 15:09:50:278 2026 H3C SHELL/6/SHELL_CMD: -Line=vty0-IPAddr=10.237.35.254-User=xz4a_admin; Command is display memory
%Feb 18 15:09:50:333 2026 H3C SHELL/6/SHELL_CMD: -Line=vty0-IPAddr=10.237.35.254-User=xz4a_admin; Command is display interface brief
%Feb 18 15:09:50:458 2026 H3C SHELL/6/SHELL_CMD: -Line=vty0-IPAddr=10.237.35.254-User=xz4a_admin; Command is display ip interface brief
%Feb 18 15:09:50:516 2026 H3C SHELL/6/SHELL_CMD: -Line=vty0-IPAddr=10.237.35.254-User=xz4a_admin; Command is display current-configuration
%Feb 18 15:09:50:609 2026 H3C SHELL/6/SHELL_CMD: -Line=vty0-IPAddr=10.237.35.254-User=xz4a_admin; Command is display ip rout
%Feb 18 15:09:50:654 2026 H3C SHELL/6/SHELL_CMD: -Line=vty0-IPAddr=10.237.35.254-User=xz4a_admin; Command is display logbuffer
%Feb 18 15:12:06:640 2026 H3C SHELL/5/SHELL_LOGOUT: xz4a_admin logged out from 10.237.35.254.
%Feb 18 15:12:06:671 2026 H3C SSHS/6/SSHS_LOG: User xz4a_admin logged out from 10.237.35.254 port 50500.
%Feb 18 15:12:06:671 2026 H3C SSHS/6/SSHS_DISCONNECT: SSH user xz4a_admin (IP: 10.237.35.254) disconnected from the server.
%Feb 19 18:49:36:261 2026 H3C SSHS/6/SSHS_LOG: Accepted password for xz4a_admin from 10.237.35.254 port 64397.

%Feb 19 18:49:37:306 2026 H3C SSHS/6/SSHS_CONNECT: SSH user xz4a_admin (IP: 10.237.35.254) connected to the server successfully.
%Feb 19 18:49:37:801 2026 H3C SHELL/5/SHELL_LOGIN: xz4a_admin logged in from 10.237.35.254.
%Feb 19 18:49:37:937 2026 H3C SHELL/6/SHELL_CMD: -Line=vty0-IPAddr=10.237.35.254-User=xz4a_admin; Command is display version
%Feb 19 18:49:38:002 2026 H3C SHELL/6/SHELL_CMD: -Line=vty0-IPAddr=10.237.35.254-User=xz4a_admin; Command is display device
%Feb 19 18:49:38:059 2026 H3C SHELL/4/SHELL_CMD_MATCHFAIL: -User=xz4a_admin-IPAddr=10.237.35.254; Command display alarm active in view shell failed to be matched.
%Feb 19 18:49:38:072 2026 H3C SHELL/6/SHELL_CMD: -Line=vty0-IPAddr=10.237.35.254-User=xz4a_admin; Command is dis alarm
%Feb 19 18:49:38:129 2026 H3C SHELL/6/SHELL_CMD: -Line=vty0-IPAddr=10.237.35.254-User=xz4a_admin; Command is dis cpu-usage
%Feb 19 18:49:38:183 2026 H3C SHELL/6/SHELL_CMD: -Line=vty0-IPAddr=10.237.35.254-User=xz4a_admin; Command is dis cpu
%Feb 19 18:49:38:241 2026 H3C SHELL/4/SHELL_CMD_MATCHFAIL: -User=xz4a_admin-IPAddr=10.237.35.254; Command display memory all in view shell failed to be matched.
%Feb 19 18:49:38:257 2026 H3C SHELL/6/SHELL_CMD: -Line=vty0-IPAddr=10.237.35.254-User=xz4a_admin; Command is display memory
%Feb 19 18:49:38:307 2026 H3C SHELL/6/SHELL_CMD: -Line=vty0-IPAddr=10.237.35.254-User=xz4a_admin; Command is display interface brief
%Feb 19 18:49:38:428 2026 H3C SHELL/6/SHELL_CMD: -Line=vty0-IPAddr=10.237.35.254-User=xz4a_admin; Command is display ip interface brief
%Feb 19 18:49:38:478 2026 H3C SHELL/6/SHELL_CMD: -Line=vty0-IPAddr=10.237.35.254-User=xz4a_admin; Command is display current-configuration
%Feb 19 18:49:38:571 2026 H3C SHELL/6/SHELL_CMD: -Line=vty0-IPAddr=10.237.35.254-User=xz4a_admin; Command is display ip rout
%Feb 19 18:49:38:614 2026 H3C SHELL/6/SHELL_CMD: -Line=vty0-IPAddr=10.237.35.254-User=xz4a_admin; Command is display logbuffer
%Feb 19 18:51:54:597 2026 H3C SHELL/5/SHELL_LOGOUT: xz4a_admin logged out from 10.237.35.254.
%Feb 19 18:51:54:631 2026 H3C SSHS/6/SSHS_LOG: User xz4a_admin logged out from 10.237.35.254 port 64397.
%Feb 19 18:51:54:631 2026 H3C SSHS/6/SSHS_DISCONNECT: SSH user xz4a_admin (IP: 10.237.35.254) disconnected from the server.
%Feb 20 17:21:09:860 2026 H3C SSHS/6/SSHS_LOG: Accepted password for xz4a_admin from 10.237.35.254 port 60864.

%Feb 20 17:21:10:904 2026 H3C SSHS/6/SSHS_CONNECT: SSH user xz4a_admin (IP: 10.237.35.254) connected to the server successfully.
%Feb 20 17:21:11:390 2026 H3C SHELL/5/SHELL_LOGIN: xz4a_admin logged in from 10.237.35.254.
%Feb 20 17:21:13:005 2026 H3C SHELL/6/SHELL_CMD: -Line=vty0-IPAddr=10.237.35.254-User=xz4a_admin; Command is display version
%Feb 20 17:21:13:068 2026 H3C SHELL/6/SHELL_CMD: -Line=vty0-IPAddr=10.237.35.254-User=xz4a_admin; Command is display device
%Feb 20 17:21:13:133 2026 H3C SHELL/4/SHELL_CMD_MATCHFAIL: -User=xz4a_admin-IPAddr=10.237.35.254; Command display alarm active in view shell failed to be matched.
%Feb 20 17:21:13:146 2026 H3C SHELL/6/SHELL_CMD: -Line=vty0-IPAddr=10.237.35.254-User=xz4a_admin; Command is dis alarm
%Feb 20 17:21:13:201 2026 H3C SHELL/6/SHELL_CMD: -Line=vty0-IPAddr=10.237.35.254-User=xz4a_admin; Command is dis cpu-usage
%Feb 20 17:21:13:249 2026 H3C SHELL/6/SHELL_CMD: -Line=vty0-IPAddr=10.237.35.254-User=xz4a_admin; Command is dis cpu
%Feb 20 17:21:13:298 2026 H3C SHELL/4/SHELL_CMD_MATCHFAIL: -User=xz4a_admin-IPAddr=10.237.35.254; Command display memory all in view shell failed to be matched.
%Feb 20 17:21:13:310 2026 H3C SHELL/6/SHELL_CMD: -Line=vty0-IPAddr=10.237.35.254-User=xz4a_admin; Command is display memory
%Feb 20 17:21:13:386 2026 H3C SHELL/6/SHELL_CMD: -Line=vty0-IPAddr=10.237.35.254-User=xz4a_admin; Command is display interface brief
%Feb 20 17:21:13:503 2026 H3C SHELL/6/SHELL_CMD: -Line=vty0-IPAddr=10.237.35.254-User=xz4a_admin; Command is display ip interface brief
%Feb 20 17:21:13:547 2026 H3C SHELL/6/SHELL_CMD: -Line=vty0-IPAddr=10.237.35.254-User=xz4a_admin; Command is display current-configuration
%Feb 20 17:21:13:638 2026 H3C SHELL/6/SHELL_CMD: -Line=vty0-IPAddr=10.237.35.254-User=xz4a_admin; Command is display ip rout
%Feb 20 17:21:13:687 2026 H3C SHELL/6/SHELL_CMD: -Line=vty0-IPAddr=10.237.35.254-User=xz4a_admin; Command is display logbuffer
%Feb 20 17:23:29:698 2026 H3C SHELL/5/SHELL_LOGOUT: xz4a_admin logged out from 10.237.35.254.
%Feb 20 17:23:29:730 2026 H3C SSHS/6/SSHS_LOG: User xz4a_admin logged out from 10.237.35.254 port 60864.
%Feb 20 17:23:29:730 2026 H3C SSHS/6/SSHS_DISCONNECT: SSH user xz4a_admin (IP: 10.237.35.254) disconnected from the server.
%Feb 21 18:55:56:489 2026 H3C SSHS/6/SSHS_LOG: Accepted password for xz4a_admin from 10.237.35.254 port 53206.

%Feb 21 18:55:57:534 2026 H3C SSHS/6/SSHS_CONNECT: SSH user xz4a_admin (IP: 10.237.35.254) connected to the server successfully.
%Feb 21 18:55:58:032 2026 H3C SHELL/5/SHELL_LOGIN: xz4a_admin logged in from 10.237.35.254.
%Feb 21 18:56:00:700 2026 H3C SHELL/6/SHELL_CMD: -Line=vty0-IPAddr=10.237.35.254-User=xz4a_admin; Command is display version
%Feb 21 18:56:00:768 2026 H3C SHELL/6/SHELL_CMD: -Line=vty0-IPAddr=10.237.35.254-User=xz4a_admin; Command is display device
%Feb 21 18:56:00:824 2026 H3C SHELL/4/SHELL_CMD_MATCHFAIL: -User=xz4a_admin-IPAddr=10.237.35.254; Command display alarm active in view shell failed to be matched.
%Feb 21 18:56:00:836 2026 H3C SHELL/6/SHELL_CMD: -Line=vty0-IPAddr=10.237.35.254-User=xz4a_admin; Command is dis alarm
%Feb 21 18:56:00:886 2026 H3C SHELL/6/SHELL_CMD: -Line=vty0-IPAddr=10.237.35.254-User=xz4a_admin; Command is dis cpu-usage
%Feb 21 18:56:00:938 2026 H3C SHELL/6/SHELL_CMD: -Line=vty0-IPAddr=10.237.35.254-User=xz4a_admin; Command is dis cpu
%Feb 21 18:56:00:989 2026 H3C SHELL/4/SHELL_CMD_MATCHFAIL: -User=xz4a_admin-IPAddr=10.237.35.254; Command display memory all in view shell failed to be matched.
%Feb 21 18:56:01:001 2026 H3C SHELL/6/SHELL_CMD: -Line=vty0-IPAddr=10.237.35.254-User=xz4a_admin; Command is display memory
%Feb 21 18:56:01:052 2026 H3C SHELL/6/SHELL_CMD: -Line=vty0-IPAddr=10.237.35.254-User=xz4a_admin; Command is display interface brief
%Feb 21 18:56:01:187 2026 H3C SHELL/6/SHELL_CMD: -Line=vty0-IPAddr=10.237.35.254-User=xz4a_admin; Command is display ip interface brief
%Feb 21 18:56:01:253 2026 H3C SHELL/6/SHELL_CMD: -Line=vty0-IPAddr=10.237.35.254-User=xz4a_admin; Command is display current-configuration
%Feb 21 18:56:01:353 2026 H3C SHELL/6/SHELL_CMD: -Line=vty0-IPAddr=10.237.35.254-User=xz4a_admin; Command is display ip rout
%Feb 21 18:56:01:397 2026 H3C SHELL/6/SHELL_CMD: -Line=vty0-IPAddr=10.237.35.254-User=xz4a_admin; Command is display logbuffer
%Feb 21 18:58:17:889 2026 H3C SHELL/5/SHELL_LOGOUT: xz4a_admin logged out from 10.237.35.254.
%Feb 21 18:58:17:929 2026 H3C SSHS/6/SSHS_LOG: User xz4a_admin logged out from 10.237.35.254 port 53206.
%Feb 21 18:58:17:929 2026 H3C SSHS/6/SSHS_DISCONNECT: SSH user xz4a_admin (IP: 10.237.35.254) disconnected from the server.
%Feb 21 20:13:18:891 2026 H3C OPTMOD/4/PHONY_MODULE: -Slot=2; Ten-GigabitEthernet2/0/14: This transceiver is NOT sold by H3C. H3C therefore shall NOT guarantee the normal function of the device or assume the maintenance responsibility thereof!
%Feb 21 20:13:18:892 2026 H3C OPTMOD/4/PHONY_MODULE: -Slot=2; Ten-GigabitEthernet2/0/24: This transceiver is NOT sold by H3C. H3C therefore shall NOT guarantee the normal function of the device or assume the maintenance responsibility thereof!
%Feb 22 19:07:53:001 2026 H3C SSHS/6/SSHS_LOG: Accepted password for xz4a_admin from 10.237.35.254 port 49424.

%Feb 22 19:07:54:046 2026 H3C SSHS/6/SSHS_CONNECT: SSH user xz4a_admin (IP: 10.237.35.254) connected to the server successfully.
%Feb 22 19:07:54:537 2026 H3C SHELL/5/SHELL_LOGIN: xz4a_admin logged in from 10.237.35.254.
%Feb 22 19:07:55:356 2026 H3C SHELL/6/SHELL_CMD: -Line=vty0-IPAddr=10.237.35.254-User=xz4a_admin; Command is display version
%Feb 22 19:07:55:419 2026 H3C SHELL/6/SHELL_CMD: -Line=vty0-IPAddr=10.237.35.254-User=xz4a_admin; Command is display device
%Feb 22 19:07:55:477 2026 H3C SHELL/4/SHELL_CMD_MATCHFAIL: -User=xz4a_admin-IPAddr=10.237.35.254; Command display alarm active in view shell failed to be matched.
%Feb 22 19:07:55:489 2026 H3C SHELL/6/SHELL_CMD: -Line=vty0-IPAddr=10.237.35.254-User=xz4a_admin; Command is dis alarm
%Feb 22 19:07:55:580 2026 H3C SHELL/6/SHELL_CMD: -Line=vty0-IPAddr=10.237.35.254-User=xz4a_admin; Command is dis cpu-usage
%Feb 22 19:07:55:636 2026 H3C SHELL/6/SHELL_CMD: -Line=vty0-IPAddr=10.237.35.254-User=xz4a_admin; Command is dis cpu
%Feb 22 19:07:55:683 2026 H3C SHELL/4/SHELL_CMD_MATCHFAIL: -User=xz4a_admin-IPAddr=10.237.35.254; Command display memory all in view shell failed to be matched.
%Feb 22 19:07:55:694 2026 H3C SHELL/6/SHELL_CMD: -Line=vty0-IPAddr=10.237.35.254-User=xz4a_admin; Command is display memory
%Feb 22 19:07:55:756 2026 H3C SHELL/6/SHELL_CMD: -Line=vty0-IPAddr=10.237.35.254-User=xz4a_admin; Command is display interface brief
%Feb 22 19:07:55:930 2026 H3C SHELL/6/SHELL_CMD: -Line=vty0-IPAddr=10.237.35.254-User=xz4a_admin; Command is display ip interface brief
%Feb 22 19:07:55:974 2026 H3C SHELL/6/SHELL_CMD: -Line=vty0-IPAddr=10.237.35.254-User=xz4a_admin; Command is display current-configuration
%Feb 22 19:07:56:071 2026 H3C SHELL/6/SHELL_CMD: -Line=vty0-IPAddr=10.237.35.254-User=xz4a_admin; Command is display ip rout
%Feb 22 19:07:56:117 2026 H3C SHELL/6/SHELL_CMD: -Line=vty0-IPAddr=10.237.35.254-User=xz4a_admin; Command is display logbuffer
%Feb 22 19:07:56:234 2026 H3C SHELL/6/SHELL_CMD: -Line=vty0-IPAddr=10.237.35.254-User=xz4a_admin; Command is display logbuffer
%Feb 22 19:10:12:257 2026 H3C SHELL/5/SHELL_LOGOUT: xz4a_admin logged out from 10.237.35.254.
%Feb 22 19:10:12:293 2026 H3C SSHS/6/SSHS_LOG: User xz4a_admin logged out from 10.237.35.254 port 49424.
%Feb 22 19:10:12:294 2026 H3C SSHS/6/SSHS_DISCONNECT: SSH user xz4a_admin (IP: 10.237.35.254) disconnected from the server.
%Feb 23 18:35:28:900 2026 H3C SSHS/6/SSHS_LOG: Accepted password for xz4a_admin from 10.237.35.254 port 55276.

%Feb 23 18:35:29:945 2026 H3C SSHS/6/SSHS_CONNECT: SSH user xz4a_admin (IP: 10.237.35.254) connected to the server successfully.
%Feb 23 18:35:30:442 2026 H3C SHELL/5/SHELL_LOGIN: xz4a_admin logged in from 10.237.35.254.
%Feb 23 18:35:30:750 2026 H3C SHELL/6/SHELL_CMD: -Line=vty0-IPAddr=10.237.35.254-User=xz4a_admin; Command is display version
%Feb 23 18:35:30:825 2026 H3C SHELL/6/SHELL_CMD: -Line=vty0-IPAddr=10.237.35.254-User=xz4a_admin; Command is display device
%Feb 23 18:35:30:889 2026 H3C SHELL/4/SHELL_CMD_MATCHFAIL: -User=xz4a_admin-IPAddr=10.237.35.254; Command display alarm active in view shell failed to be matched.
%Feb 23 18:35:30:910 2026 H3C SHELL/6/SHELL_CMD: -Line=vty0-IPAddr=10.237.35.254-User=xz4a_admin; Command is dis alarm
%Feb 23 18:35:30:954 2026 H3C SHELL/6/SHELL_CMD: -Line=vty0-IPAddr=10.237.35.254-User=xz4a_admin; Command is dis cpu-usage
%Feb 23 18:35:31:015 2026 H3C SHELL/6/SHELL_CMD: -Line=vty0-IPAddr=10.237.35.254-User=xz4a_admin; Command is dis cpu
%Feb 23 18:35:31:091 2026 H3C SHELL/6/SHELL_CMD: -Line=vty0-IPAddr=10.237.35.254-User=xz4a_admin; Command is display current-configuration
%Feb 23 18:37:47:272 2026 H3C SHELL/5/SHELL_LOGOUT: xz4a_admin logged out from 10.237.35.254.
%Feb 23 18:37:47:306 2026 H3C SSHS/6/SSHS_LOG: User xz4a_admin logged out from 10.237.35.254 port 55276.
%Feb 23 18:37:47:306 2026 H3C SSHS/6/SSHS_DISCONNECT: SSH user xz4a_admin (IP: 10.237.35.254) disconnected from the server.
%Feb 23 18:55:24:502 2026 H3C SSHS/6/SSHS_LOG: Accepted password for xz4a_admin from 10.237.35.254 port 58572.

%Feb 23 18:55:25:546 2026 H3C SSHS/6/SSHS_CONNECT: SSH user xz4a_admin (IP: 10.237.35.254) connected to the server successfully.
%Feb 23 18:55:26:037 2026 H3C SHELL/5/SHELL_LOGIN: xz4a_admin logged in from 10.237.35.254.
%Feb 23 18:55:28:660 2026 H3C SHELL/6/SHELL_CMD: -Line=vty0-IPAddr=10.237.35.254-User=xz4a_admin; Command is display logbuffer
%Feb 23 18:57:47:915 2026 H3C SHELL/5/SHELL_LOGOUT: xz4a_admin logged out from 10.237.35.254.
%Feb 23 18:57:47:948 2026 H3C SSHS/6/SSHS_LOG: User xz4a_admin logged out from 10.237.35.254 port 58572.
%Feb 23 18:57:47:948 2026 H3C SSHS/6/SSHS_DISCONNECT: SSH user xz4a_admin (IP: 10.237.35.254) disconnected from the server.
%Feb 23 19:24:29:064 2026 H3C OPTMOD/4/PHONY_MODULE: -Slot=3; Ten-GigabitEthernet3/0/13: This transceiver is NOT sold by H3C. H3C therefore shall NOT guarantee the normal function of the device or assume the maintenance responsibility thereof!
%Feb 26 15:23:43:115 2026 H3C SSHS/6/SSHS_LOG: Accepted password for xz4a_admin from 10.237.35.254 port 56730.

%Feb 26 15:23:44:159 2026 H3C SSHS/6/SSHS_CONNECT: SSH user xz4a_admin (IP: 10.237.35.254) connected to the server successfully.
%Feb 26 15:23:44:642 2026 H3C SHELL/5/SHELL_LOGIN: xz4a_admin logged in from 10.237.35.254.
%Feb 26 15:23:46:298 2026 H3C SHELL/6/SHELL_CMD: -Line=vty0-IPAddr=10.237.35.254-User=xz4a_admin; Command is display version
%Feb 26 15:23:46:365 2026 H3C SHELL/6/SHELL_CMD: -Line=vty0-IPAddr=10.237.35.254-User=xz4a_admin; Command is display device
%Feb 26 15:23:46:415 2026 H3C SHELL/4/SHELL_CMD_MATCHFAIL: -User=xz4a_admin-IPAddr=10.237.35.254; Command display alarm active in view shell failed to be matched.
%Feb 26 15:23:46:428 2026 H3C SHELL/6/SHELL_CMD: -Line=vty0-IPAddr=10.237.35.254-User=xz4a_admin; Command is dis alarm
%Feb 26 15:23:46:473 2026 H3C SHELL/6/SHELL_CMD: -Line=vty0-IPAddr=10.237.35.254-User=xz4a_admin; Command is dis cpu-usage
%Feb 26 15:23:46:542 2026 H3C SHELL/6/SHELL_CMD: -Line=vty0-IPAddr=10.237.35.254-User=xz4a_admin; Command is dis cpu
%Feb 26 15:23:46:597 2026 H3C SHELL/4/SHELL_CMD_MATCHFAIL: -User=xz4a_admin-IPAddr=10.237.35.254; Command display memory all in view shell failed to be matched.
%Feb 26 15:23:46:617 2026 H3C SHELL/6/SHELL_CMD: -Line=vty0-IPAddr=10.237.35.254-User=xz4a_admin; Command is display memory
%Feb 26 15:23:46:670 2026 H3C SHELL/6/SHELL_CMD: -Line=vty0-IPAddr=10.237.35.254-User=xz4a_admin; Command is display interface brief
%Feb 26 15:23:46:787 2026 H3C SHELL/6/SHELL_CMD: -Line=vty0-IPAddr=10.237.35.254-User=xz4a_admin; Command is display ip interface brief
%Feb 26 15:23:46:846 2026 H3C SHELL/6/SHELL_CMD: -Line=vty0-IPAddr=10.237.35.254-User=xz4a_admin; Command is display current-configuration
%Feb 26 15:23:46:937 2026 H3C SHELL/6/SHELL_CMD: -Line=vty0-IPAddr=10.237.35.254-User=xz4a_admin; Command is display ip rout
%Feb 26 15:23:46:981 2026 H3C SHELL/6/SHELL_CMD: -Line=vty0-IPAddr=10.237.35.254-User=xz4a_admin; Command is display logbuffer
%Feb 26 15:23:52:901 2026 H3C SHELL/6/SHELL_CMD: -Line=vty0-IPAddr=10.237.35.254-User=xz4a_admin; Command is display logbuffer
%Feb 26 15:26:12:519 2026 H3C SHELL/5/SHELL_LOGOUT: xz4a_admin logged out from 10.237.35.254.
%Feb 26 15:26:12:550 2026 H3C SSHS/6/SSHS_LOG: User xz4a_admin logged out from 10.237.35.254 port 56730.
%Feb 26 15:26:12:550 2026 H3C SSHS/6/SSHS_DISCONNECT: SSH user xz4a_admin (IP: 10.237.35.254) disconnected from the server.
%Feb 27 13:20:46:452 2026 H3C SSHS/6/SSHS_VERSION_MISMATCH: SSH client 10.237.100.196 failed to log in because of version mismatch.
%Feb 27 13:22:08:227 2026 H3C SSHS/6/SSHS_VERSION_MISMATCH: SSH client 10.237.100.196 failed to log in because of version mismatch.
%Feb 27 13:22:14:923 2026 H3C SSHS/6/SSHS_VERSION_MISMATCH: SSH client 10.237.100.196 failed to log in because of version mismatch.
%Feb 27 13:22:22:034 2026 H3C SSHS/6/SSHS_VERSION_MISMATCH: SSH client 10.237.100.196 failed to log in because of version mismatch.
%Feb 27 13:22:28:436 2026 H3C SSHS/6/SSHS_LOG: Connection closed by 10.237.100.196.

%Feb 27 13:22:28:436 2026 H3C SSHS/6/SSHS_DISCONNECT: SSH user (null) (IP: 10.237.100.196) disconnected from the server.
%Feb 27 13:22:31:933 2026 H3C SSHS/6/SSHS_VERSION_MISMATCH: SSH client 10.237.100.196 failed to log in because of version mismatch.
%Feb 27 13:22:41:345 2026 H3C SSHS/6/SSHS_LOG: Protocol dispatch error: type 52, seq 4.
%Feb 27 13:22:41:365 2026 H3C SSHS/6/SSHS_LOG: Protocol dispatch error: type 90, seq 5.
%Feb 27 13:22:42:453 2026 H3C SSHS/6/SSHS_VERSION_MISMATCH: SSH client 10.237.100.196 failed to log in because of version mismatch.
%Feb 27 13:22:42:470 2026 H3C SSHS/6/SSHS_VERSION_MISMATCH: SSH client 10.237.100.196 failed to log in because of version mismatch.
%Feb 27 13:22:45:735 2026 H3C SSHS/6/SSHS_VERSION_MISMATCH: SSH client 10.237.100.196 failed to log in because of version mismatch.
%Feb 27 13:22:45:746 2026 H3C SSHS/6/SSHS_VERSION_MISMATCH: SSH client 10.237.100.196 failed to log in because of version mismatch.
%Feb 27 13:22:46:140 2026 H3C SSHS/6/SSHS_LOG: Invalid user #_does_not_exists_#.
%Feb 27 13:22:46:267 2026 H3C SSHS/6/SSHS_LOG: Failed publickey for invalid user #_does_not_exists_# from 10.237.100.196 port 55506.

%Feb 27 13:22:46:272 2026 H3C SSHS/6/SSHS_LOG: Connection closed by 10.237.100.196.

%Feb 27 13:22:46:272 2026 H3C SSHS/6/SSHS_DISCONNECT: SSH user #_does_not_exists_# (IP: 10.237.100.196) disconnected from the server.
%Feb 27 13:22:46:442 2026 H3C SSHS/6/SSHS_LOG: Invalid user root.
%Feb 27 13:22:46:567 2026 H3C SSHS/6/SSHS_LOG: Failed publickey for invalid user root from 10.237.100.196 port 56210.

%Feb 27 13:22:46:578 2026 H3C SSHS/6/SSHS_LOG: Connection closed by 10.237.100.196.

%Feb 27 13:22:46:579 2026 H3C SSHS/6/SSHS_DISCONNECT: SSH user root (IP: 10.237.100.196) disconnected from the server.
%Feb 27 13:22:46:706 2026 H3C SSHS/6/SSHS_LOG: Invalid user bin.
%Feb 27 13:22:46:839 2026 H3C SSHS/6/SSHS_LOG: Failed publickey for invalid user bin from 10.237.100.196 port 56834.

%Feb 27 13:22:46:848 2026 H3C SSHS/6/SSHS_LOG: Connection closed by 10.237.100.196.

%Feb 27 13:22:46:848 2026 H3C SSHS/6/SSHS_DISCONNECT: SSH user bin (IP: 10.237.100.196) disconnected from the server.
%Feb 27 13:22:47:157 2026 H3C SSHS/6/SSHS_LOG: Invalid user daemon.
%Feb 27 13:22:47:284 2026 H3C SSHS/6/SSHS_LOG: Failed publickey for invalid user daemon from 10.237.100.196 port 57320.

%Feb 27 13:22:47:287 2026 H3C SSHS/6/SSHS_LOG: Connection closed by 10.237.100.196.

%Feb 27 13:22:47:287 2026 H3C SSHS/6/SSHS_DISCONNECT: SSH user daemon (IP: 10.237.100.196) disconnected from the server.
%Feb 27 13:22:47:422 2026 H3C SSHS/6/SSHS_LOG: Invalid user nobody.
%Feb 27 13:22:47:550 2026 H3C SSHS/6/SSHS_LOG: Failed publickey for invalid user nobody from 10.237.100.196 port 58404.

%Feb 27 13:22:47:553 2026 H3C SSHS/6/SSHS_LOG: Connection closed by 10.237.100.196.

%Feb 27 13:22:47:553 2026 H3C SSHS/6/SSHS_DISCONNECT: SSH user nobody (IP: 10.237.100.196) disconnected from the server.
%Feb 27 13:22:47:902 2026 H3C SSHS/6/SSHS_LOG: Invalid user sshd.
%Feb 27 13:22:48:027 2026 H3C SSHS/6/SSHS_LOG: Failed publickey for invalid user sshd from 10.237.100.196 port 58904.
               
%Feb 27 13:22:48:041 2026 H3C SSHS/6/SSHS_LOG: Connection closed by 10.237.100.196.

%Feb 27 13:22:48:042 2026 H3C SSHS/6/SSHS_DISCONNECT: SSH user sshd (IP: 10.237.100.196) disconnected from the server.
%Feb 27 13:22:48:368 2026 H3C SSHS/6/SSHS_LOG: Invalid user admin.
%Feb 27 13:22:48:495 2026 H3C SSHS/6/SSHS_LOG: Failed publickey for invalid user admin from 10.237.100.196 port 59976.

%Feb 27 13:22:48:498 2026 H3C SSHS/6/SSHS_LOG: Connection closed by 10.237.100.196.

%Feb 27 13:22:48:498 2026 H3C SSHS/6/SSHS_DISCONNECT: SSH user admin (IP: 10.237.100.196) disconnected from the server.
%Feb 27 13:22:48:655 2026 H3C SSHS/6/SSHS_LOG: Invalid user mail.
%Feb 27 13:22:48:782 2026 H3C SSHS/6/SSHS_LOG: Failed publickey for invalid user mail from 10.237.100.196 port 60954.

%Feb 27 13:22:48:799 2026 H3C SSHS/6/SSHS_LOG: Connection closed by 10.237.100.196.

%Feb 27 13:22:48:799 2026 H3C SSHS/6/SSHS_DISCONNECT: SSH user mail (IP: 10.237.100.196) disconnected from the server.
%Feb 27 13:22:51:486 2026 H3C SSHS/6/SSHS_LOG: Connection closed by 10.237.100.196.

%Feb 27 13:22:51:486 2026 H3C SSHS/6/SSHS_DISCONNECT: SSH user (null) (IP: 10.237.100.196) disconnected from the server.
%Feb 27 17:34:39:311 2026 H3C SSHS/6/SSHS_LOG: Accepted password for xz4a_admin from 10.237.35.254 port 60078.

%Feb 27 17:34:40:356 2026 H3C SSHS/6/SSHS_CONNECT: SSH user xz4a_admin (IP: 10.237.35.254) connected to the server successfully.
%Feb 27 17:34:40:851 2026 H3C SHELL/5/SHELL_LOGIN: xz4a_admin logged in from 10.237.35.254.
%Feb 27 17:34:46:209 2026 H3C SHELL/6/SHELL_CMD: -Line=vty0-IPAddr=10.237.35.254-User=xz4a_admin; Command is display version
%Feb 27 17:34:46:292 2026 H3C SHELL/4/SHELL_CMD_MATCHFAIL: -User=xz4a_admin-IPAddr=10.237.35.254; Command display alarm active in view shell failed to be matched.
%Feb 27 17:34:46:321 2026 H3C SHELL/6/SHELL_CMD: -Line=vty0-IPAddr=10.237.35.254-User=xz4a_admin; Command is dis alarm
%Feb 27 17:34:46:405 2026 H3C SHELL/6/SHELL_CMD: -Line=vty0-IPAddr=10.237.35.254-User=xz4a_admin; Command is dis cpu-usage
%Feb 27 17:34:46:450 2026 H3C SHELL/6/SHELL_CMD: -Line=vty0-IPAddr=10.237.35.254-User=xz4a_admin; Command is dis cpu
%Feb 27 17:34:46:516 2026 H3C SHELL/6/SHELL_CMD: -Line=vty0-IPAddr=10.237.35.254-User=xz4a_admin; Command is display ip interface brief
%Feb 27 17:34:46:561 2026 H3C SHELL/6/SHELL_CMD: -Line=vty0-IPAddr=10.237.35.254-User=xz4a_admin; Command is display current-configuration
%Feb 27 17:34:58:849 2026 H3C SHELL/6/SHELL_CMD: -Line=vty0-IPAddr=10.237.35.254-User=xz4a_admin; Command is display logbuffer
%Feb 27 17:35:20:388 2026 H3C SHELL/5/SHELL_LOGOUT: xz4a_admin logged out from 10.237.35.254.
%Feb 27 17:35:20:420 2026 H3C SSHS/6/SSHS_LOG: User xz4a_admin logged out from 10.237.35.254 port 60078.
%Feb 27 17:35:20:420 2026 H3C SSHS/6/SSHS_DISCONNECT: SSH user xz4a_admin (IP: 10.237.35.254) disconnected from the server.
%Feb 28 11:39:45:124 2026 H3C SSHS/6/SSHS_LOG: Accepted password for xz4a_admin from 10.237.35.254 port 50134.

%Feb 28 11:39:46:168 2026 H3C SSHS/6/SSHS_CONNECT: SSH user xz4a_admin (IP: 10.237.35.254) connected to the server successfully.
%Feb 28 11:39:46:658 2026 H3C SHELL/5/SHELL_LOGIN: xz4a_admin logged in from 10.237.35.254.
%Feb 28 11:39:51:838 2026 H3C SHELL/6/SHELL_CMD: -Line=vty0-IPAddr=10.237.35.254-User=xz4a_admin; Command is display version
%Feb 28 11:40:06:172 2026 H3C SHELL/6/SHELL_CMD: -Line=vty0-IPAddr=10.237.35.254-User=xz4a_admin; Command is display device
%Feb 28 11:40:18:814 2026 H3C SHELL/6/SHELL_CMD: -Line=vty0-IPAddr=10.237.35.254-User=xz4a_admin; Command is display startup
%Feb 28 11:40:32:164 2026 H3C SHELL/6/SHELL_CMD: -Line=vty0-IPAddr=10.237.35.254-User=xz4a_admin; Command is dis cpu-usage
%Feb 28 11:40:46:514 2026 H3C SHELL/6/SHELL_CMD: -Line=vty0-IPAddr=10.237.35.254-User=xz4a_admin; Command is dis memory
%Feb 28 11:40:58:943 2026 H3C SHELL/6/SHELL_CMD: -Line=vty0-IPAddr=10.237.35.254-User=xz4a_admin; Command is display interface brief
%Feb 28 11:41:12:674 2026 H3C SHELL/6/SHELL_CMD: -Line=vty0-IPAddr=10.237.35.254-User=xz4a_admin; Command is display ip interface brief
%Feb 28 11:41:28:228 2026 H3C SHELL/6/SHELL_CMD: -Line=vty0-IPAddr=10.237.35.254-User=xz4a_admin; Command is display current-configuration
%Feb 28 11:41:54:401 2026 H3C SHELL/6/SHELL_CMD: -Line=vty0-IPAddr=10.237.35.254-User=xz4a_admin; Command is display ip routing-table
%Feb 28 11:42:07:121 2026 H3C SHELL/6/SHELL_CMD: -Line=vty0-IPAddr=10.237.35.254-User=xz4a_admin; Command is display logbuffer
%Feb 28 11:42:20:487 2026 H3C SHELL/5/SHELL_LOGOUT: xz4a_admin logged out from 10.237.35.254.
%Feb 28 11:42:20:521 2026 H3C SSHS/6/SSHS_LOG: User xz4a_admin logged out from 10.237.35.254 port 50134.
%Feb 28 11:42:20:521 2026 H3C SSHS/6/SSHS_DISCONNECT: SSH user xz4a_admin (IP: 10.237.35.254) disconnected from the server.
%Mar  3 18:37:19:792 2026 H3C SSHS/6/SSHS_LOG: Accepted password for xz4a_admin from 10.237.35.254 port 54093.

%Mar  3 18:37:20:839 2026 H3C SSHS/6/SSHS_CONNECT: SSH user xz4a_admin (IP: 10.237.35.254) connected to the server successfully.
%Mar  3 18:37:21:326 2026 H3C SHELL/5/SHELL_LOGIN: xz4a_admin logged in from 10.237.35.254.
%Mar  3 18:37:21:841 2026 H3C SHELL/6/SHELL_CMD: -Line=vty0-IPAddr=10.237.35.254-User=xz4a_admin; Command is display version
%Mar  3 18:37:21:905 2026 H3C SHELL/6/SHELL_CMD: -Line=vty0-IPAddr=10.237.35.254-User=xz4a_admin; Command is display device
%Mar  3 18:37:21:961 2026 H3C SHELL/4/SHELL_CMD_MATCHFAIL: -User=xz4a_admin-IPAddr=10.237.35.254; Command display alarm active in view shell failed to be matched.
%Mar  3 18:37:21:974 2026 H3C SHELL/6/SHELL_CMD: -Line=vty0-IPAddr=10.237.35.254-User=xz4a_admin; Command is dis alarm
%Mar  3 18:37:22:018 2026 H3C SHELL/6/SHELL_CMD: -Line=vty0-IPAddr=10.237.35.254-User=xz4a_admin; Command is dis cpu-usage
%Mar  3 18:37:22:082 2026 H3C SHELL/6/SHELL_CMD: -Line=vty0-IPAddr=10.237.35.254-User=xz4a_admin; Command is dis cpu
%Mar  3 18:37:22:139 2026 H3C SHELL/4/SHELL_CMD_MATCHFAIL: -User=xz4a_admin-IPAddr=10.237.35.254; Command display memory all in view shell failed to be matched.
%Mar  3 18:37:22:151 2026 H3C SHELL/6/SHELL_CMD: -Line=vty0-IPAddr=10.237.35.254-User=xz4a_admin; Command is display memory
%Mar  3 18:37:22:212 2026 H3C SHELL/6/SHELL_CMD: -Line=vty0-IPAddr=10.237.35.254-User=xz4a_admin; Command is display interface brief
%Mar  3 18:37:22:341 2026 H3C SHELL/6/SHELL_CMD: -Line=vty0-IPAddr=10.237.35.254-User=xz4a_admin; Command is display ip interface brief
%Mar  3 18:37:22:389 2026 H3C SHELL/6/SHELL_CMD: -Line=vty0-IPAddr=10.237.35.254-User=xz4a_admin; Command is display current-configuration
%Mar  3 18:37:22:485 2026 H3C SHELL/6/SHELL_CMD: -Line=vty0-IPAddr=10.237.35.254-User=xz4a_admin; Command is display ip rout
%Mar  3 18:37:22:527 2026 H3C SHELL/6/SHELL_CMD: -Line=vty0-IPAddr=10.237.35.254-User=xz4a_admin; Command is display logbuffer
%Mar  3 18:37:22:722 2026 H3C SHELL/6/SHELL_CMD: -Line=vty0-IPAddr=10.237.35.254-User=xz4a_admin; Command is display logbuffer
%Mar  3 18:39:38:693 2026 H3C SHELL/5/SHELL_LOGOUT: xz4a_admin logged out from 10.237.35.254.
%Mar  3 18:39:38:725 2026 H3C SSHS/6/SSHS_LOG: User xz4a_admin logged out from 10.237.35.254 port 54093.
%Mar  3 18:39:38:725 2026 H3C SSHS/6/SSHS_DISCONNECT: SSH user xz4a_admin (IP: 10.237.35.254) disconnected from the server.
%Mar  3 21:40:24:324 2026 H3C OPTMOD/4/PHONY_MODULE: -Slot=2; Ten-GigabitEthernet2/0/14: This transceiver is NOT sold by H3C. H3C therefore shall NOT guarantee the normal function of the device or assume the maintenance responsibility thereof!
%Mar  3 21:40:24:324 2026 H3C OPTMOD/4/PHONY_MODULE: -Slot=2; Ten-GigabitEthernet2/0/24: This transceiver is NOT sold by H3C. H3C therefore shall NOT guarantee the normal function of the device or assume the maintenance responsibility thereof!
%Mar  4 20:23:08:702 2026 H3C SSHS/6/SSHS_LOG: Authentication failed for user jtcjxz from 10.237.100.188 port 57462 because of invalid username or wrong password.

%Mar  4 20:23:09:312 2026 H3C SSHS/6/SSHS_DISCONNECT: SSH user jtcjxz (IP: 10.237.100.188) disconnected from the server.
%Mar  4 20:24:15:050 2026 H3C SSHS/6/SSHS_LOG: Authentication failed for user jtcjxz from 10.237.100.188 port 49880 because of invalid username or wrong password.

%Mar  4 20:24:15:666 2026 H3C SSHS/6/SSHS_DISCONNECT: SSH user jtcjxz (IP: 10.237.100.188) disconnected from the server.
%Mar  5 21:55:00:840 2026 H3C OPTMOD/4/PHONY_MODULE: -Slot=3; Ten-GigabitEthernet3/0/13: This transceiver is NOT sold by H3C. H3C therefore shall NOT guarantee the normal function of the device or assume the maintenance responsibility thereof!
%Mar  9 16:08:55:919 2026 H3C SSHS/6/SSHS_LOG: Accepted password for xz4a_admin from 10.237.35.254 port 55741.

%Mar  9 16:08:56:961 2026 H3C SSHS/6/SSHS_CONNECT: SSH user xz4a_admin (IP: 10.237.35.254) connected to the server successfully.
%Mar  9 16:08:57:452 2026 H3C SHELL/5/SHELL_LOGIN: xz4a_admin logged in from 10.237.35.254.
%Mar  9 16:09:12:809 2026 H3C SHELL/6/SHELL_CMD: -Line=vty0-IPAddr=10.237.35.254-User=xz4a_admin; Command is display version
%Mar  9 16:09:41:651 2026 H3C SHELL/6/SHELL_CMD: -Line=vty0-IPAddr=10.237.35.254-User=xz4a_admin; Command is display device
%Mar  9 16:10:10:428 2026 H3C SHELL/6/SHELL_CMD: -Line=vty0-IPAddr=10.237.35.254-User=xz4a_admin; Command is display startup
%Mar  9 16:10:54:777 2026 H3C SHELL/6/SHELL_CMD: -Line=vty0-IPAddr=10.237.35.254-User=xz4a_admin; Command is dis cpu-usage
%Mar  9 16:11:17:870 2026 H3C SHELL/6/SHELL_CMD: -Line=vty0-IPAddr=10.237.35.254-User=xz4a_admin; Command is dis memory
%Mar  9 16:11:53:024 2026 H3C SHELL/6/SHELL_CMD: -Line=vty0-IPAddr=10.237.35.254-User=xz4a_admin; Command is display interface brief
%Mar  9 16:12:33:080 2026 H3C SHELL/6/SHELL_CMD: -Line=vty0-IPAddr=10.237.35.254-User=xz4a_admin; Command is display ip interface brief
%Mar  9 16:13:01:538 2026 H3C SHELL/6/SHELL_CMD: -Line=vty0-IPAddr=10.237.35.254-User=xz4a_admin; Command is display current-configuration
%Mar  9 16:13:35:302 2026 H3C SHELL/6/SHELL_CMD: -Line=vty0-IPAddr=10.237.35.254-User=xz4a_admin; Command is display ip routing-table
%Mar  9 16:14:03:343 2026 H3C SHELL/6/SHELL_CMD: -Line=vty0-IPAddr=10.237.35.254-User=xz4a_admin; Command is display logbuffer
%Mar  9 16:14:33:513 2026 H3C SHELL/6/SHELL_CMD: -Line=vty0-IPAddr=10.237.35.254-User=xz4a_admin; Command is display logbuffer
%Mar  9 16:15:22:650 2026 H3C SHELL/5/SHELL_LOGOUT: xz4a_admin logged out from 10.237.35.254.
%Mar  9 16:15:22:681 2026 H3C SSHS/6/SSHS_LOG: User xz4a_admin logged out from 10.237.35.254 port 55741.
%Mar  9 16:15:22:681 2026 H3C SSHS/6/SSHS_DISCONNECT: SSH user xz4a_admin (IP: 10.237.35.254) disconnected from the server.
%Mar  9 20:03:42:363 2026 H3C SSHS/6/SSHS_LOG: Authentication failed for user jtcjxz from 10.237.100.188 port 42000 because of invalid username or wrong password.

%Mar  9 20:03:42:968 2026 H3C SSHS/6/SSHS_DISCONNECT: SSH user jtcjxz (IP: 10.237.100.188) disconnected from the server.
%Mar  9 20:04:00:709 2026 H3C SSHS/6/SSHS_LOG: Authentication failed for user jtcjxz from 10.237.100.188 port 50416 because of invalid username or wrong password.

%Mar  9 20:04:01:313 2026 H3C SSHS/6/SSHS_DISCONNECT: SSH user jtcjxz (IP: 10.237.100.188) disconnected from the server.
%Mar 10 11:19:20:944 2026 H3C SSHS/6/SSHS_LOG: Accepted password for xz4a_admin from 10.237.35.254 port 56028.

%Mar 10 11:19:21:995 2026 H3C SSHS/6/SSHS_CONNECT: SSH user xz4a_admin (IP: 10.237.35.254) connected to the server successfully.
%Mar 10 11:19:22:485 2026 H3C SHELL/5/SHELL_LOGIN: xz4a_admin logged in from 10.237.35.254.
%Mar 10 11:21:39:310 2026 H3C SHELL/5/SHELL_LOGOUT: xz4a_admin logged out from 10.237.35.254.
%Mar 10 11:21:39:343 2026 H3C SSHS/6/SSHS_LOG: User xz4a_admin logged out from 10.237.35.254 port 56028.
%Mar 10 11:21:39:343 2026 H3C SSHS/6/SSHS_DISCONNECT: SSH user xz4a_admin (IP: 10.237.35.254) disconnected from the server.
%Mar 10 17:30:12:215 2026 H3C SSHS/6/SSHS_LOG: Accepted password for xz4a_admin from 10.237.35.254 port 64840.

%Mar 10 17:30:13:260 2026 H3C SSHS/6/SSHS_CONNECT: SSH user xz4a_admin (IP: 10.237.35.254) connected to the server successfully.
%Mar 10 17:30:13:754 2026 H3C SHELL/5/SHELL_LOGIN: xz4a_admin logged in from 10.237.35.254.
%Mar 10 17:31:09:917 2026 H3C SHELL/5/SHELL_LOGOUT: xz4a_admin logged out from 10.237.35.254.
%Mar 10 17:31:09:948 2026 H3C SSHS/6/SSHS_LOG: User xz4a_admin logged out from 10.237.35.254 port 64840.
%Mar 10 17:31:09:948 2026 H3C SSHS/6/SSHS_DISCONNECT: SSH user xz4a_admin (IP: 10.237.35.254) disconnected from the server.
%Mar 10 17:32:39:110 2026 H3C SSHS/6/SSHS_LOG: Accepted password for xz4a_admin from 10.237.35.254 port 65310.

%Mar 10 17:32:40:156 2026 H3C SSHS/6/SSHS_CONNECT: SSH user xz4a_admin (IP: 10.237.35.254) connected to the server successfully.
%Mar 10 17:32:40:644 2026 H3C SHELL/5/SHELL_LOGIN: xz4a_admin logged in from 10.237.35.254.
%Mar 10 17:33:24:328 2026 H3C SHELL/6/SHELL_CMD: -Line=vty0-IPAddr=10.237.35.254-User=xz4a_admin; Command is screen-length disable
%Mar 10 17:33:24:364 2026 H3C SHELL/6/SHELL_CMD: -Line=vty0-IPAddr=10.237.35.254-User=xz4a_admin; Command is display version
%Mar 10 17:33:24:493 2026 H3C SHELL/6/SHELL_CMD: -Line=vty0-IPAddr=10.237.35.254-User=xz4a_admin; Command is display device
%Mar 10 17:33:24:564 2026 H3C SHELL/6/SHELL_CMD: -Line=vty0-IPAddr=10.237.35.254-User=xz4a_admin; Command is display startup
%Mar 10 17:33:24:640 2026 H3C SHELL/6/SHELL_CMD: -Line=vty0-IPAddr=10.237.35.254-User=xz4a_admin; Command is dis cpu-usage
%Mar 10 17:33:24:712 2026 H3C SHELL/6/SHELL_CMD: -Line=vty0-IPAddr=10.237.35.254-User=xz4a_admin; Command is dis memory
%Mar 10 17:33:24:804 2026 H3C SHELL/6/SHELL_CMD: -Line=vty0-IPAddr=10.237.35.254-User=xz4a_admin; Command is display interface brief
%Mar 10 17:33:25:524 2026 H3C SHELL/6/SHELL_CMD: -Line=vty0-IPAddr=10.237.35.254-User=xz4a_admin; Command is display ip interface brief
%Mar 10 17:33:25:588 2026 H3C SHELL/6/SHELL_CMD: -Line=vty0-IPAddr=10.237.35.254-User=xz4a_admin; Command is display current-configuration
%Mar 10 17:33:26:603 2026 H3C SHELL/6/SHELL_CMD: -Line=vty0-IPAddr=10.237.35.254-User=xz4a_admin; Command is display ip routing-table
%Mar 10 17:33:26:666 2026 H3C SHELL/6/SHELL_CMD: -Line=vty0-IPAddr=10.237.35.254-User=xz4a_admin; Command is display logbuffer
%Mar 10 17:35:43:528 2026 H3C SHELL/5/SHELL_LOGOUT: xz4a_admin logged out from 10.237.35.254.
%Mar 10 17:35:43:563 2026 H3C SSHS/6/SSHS_LOG: User xz4a_admin logged out from 10.237.35.254 port 65310.
%Mar 10 17:35:43:563 2026 H3C SSHS/6/SSHS_DISCONNECT: SSH user xz4a_admin (IP: 10.237.35.254) disconnected from the server.
%Mar 10 17:43:15:114 2026 H3C SSHS/6/SSHS_LOG: Accepted password for xz4a_admin from 10.237.35.254 port 50532.
               
%Mar 10 17:43:16:159 2026 H3C SSHS/6/SSHS_CONNECT: SSH user xz4a_admin (IP: 10.237.35.254) connected to the server successfully.
%Mar 10 17:43:16:656 2026 H3C SHELL/5/SHELL_LOGIN: xz4a_admin logged in from 10.237.35.254.
%Mar 10 17:44:04:428 2026 H3C SHELL/6/SHELL_CMD: -Line=vty0-IPAddr=10.237.35.254-User=xz4a_admin; Command is screen-length disable
%Mar 10 17:44:04:457 2026 H3C SHELL/6/SHELL_CMD: -Line=vty0-IPAddr=10.237.35.254-User=xz4a_admin; Command is display version
%Mar 10 17:44:04:547 2026 H3C SHELL/6/SHELL_CMD: -Line=vty0-IPAddr=10.237.35.254-User=xz4a_admin; Command is display device
%Mar 10 17:44:04:606 2026 H3C SHELL/6/SHELL_CMD: -Line=vty0-IPAddr=10.237.35.254-User=xz4a_admin; Command is display startup
%Mar 10 17:44:04:674 2026 H3C SHELL/6/SHELL_CMD: -Line=vty0-IPAddr=10.237.35.254-User=xz4a_admin; Command is dis cpu-usage
%Mar 10 17:44:04:747 2026 H3C SHELL/6/SHELL_CMD: -Line=vty0-IPAddr=10.237.35.254-User=xz4a_admin; Command is dis memory
%Mar 10 17:44:04:819 2026 H3C SHELL/6/SHELL_CMD: -Line=vty0-IPAddr=10.237.35.254-User=xz4a_admin; Command is display interface brief
%Mar 10 17:44:05:421 2026 H3C SHELL/6/SHELL_CMD: -Line=vty0-IPAddr=10.237.35.254-User=xz4a_admin; Command is display ip interface brief
%Mar 10 17:44:05:485 2026 H3C SHELL/6/SHELL_CMD: -Line=vty0-IPAddr=10.237.35.254-User=xz4a_admin; Command is display current-configuration
%Mar 10 17:44:06:463 2026 H3C SHELL/6/SHELL_CMD: -Line=vty0-IPAddr=10.237.35.254-User=xz4a_admin; Command is display ip routing-table
%Mar 10 17:44:06:554 2026 H3C SHELL/6/SHELL_CMD: -Line=vty0-IPAddr=10.237.35.254-User=xz4a_admin; Command is display logbuffer
%Mar 10 17:46:23:532 2026 H3C SHELL/5/SHELL_LOGOUT: xz4a_admin logged out from 10.237.35.254.
%Mar 10 17:46:23:565 2026 H3C SSHS/6/SSHS_LOG: User xz4a_admin logged out from 10.237.35.254 port 50532.
%Mar 10 17:46:23:565 2026 H3C SSHS/6/SSHS_DISCONNECT: SSH user xz4a_admin (IP: 10.237.35.254) disconnected from the server.
%Mar 10 17:55:58:375 2026 H3C SSHS/6/SSHS_LOG: Accepted password for xz4a_admin from 10.237.35.254 port 52864.

%Mar 10 17:55:59:420 2026 H3C SSHS/6/SSHS_CONNECT: SSH user xz4a_admin (IP: 10.237.35.254) connected to the server successfully.
%Mar 10 17:55:59:911 2026 H3C SHELL/5/SHELL_LOGIN: xz4a_admin logged in from 10.237.35.254.
%Mar 10 17:56:46:715 2026 H3C SHELL/6/SHELL_CMD: -Line=vty0-IPAddr=10.237.35.254-User=xz4a_admin; Command is screen-length disable
%Mar 10 17:56:46:752 2026 H3C SHELL/6/SHELL_CMD: -Line=vty0-IPAddr=10.237.35.254-User=xz4a_admin; Command is display version
%Mar 10 17:56:46:849 2026 H3C SHELL/6/SHELL_CMD: -Line=vty0-IPAddr=10.237.35.254-User=xz4a_admin; Command is display device
%Mar 10 17:56:46:930 2026 H3C SHELL/6/SHELL_CMD: -Line=vty0-IPAddr=10.237.35.254-User=xz4a_admin; Command is display startup
%Mar 10 17:56:47:019 2026 H3C SHELL/6/SHELL_CMD: -Line=vty0-IPAddr=10.237.35.254-User=xz4a_admin; Command is dis cpu-usage
%Mar 10 17:56:47:103 2026 H3C SHELL/6/SHELL_CMD: -Line=vty0-IPAddr=10.237.35.254-User=xz4a_admin; Command is dis memory
%Mar 10 17:56:47:187 2026 H3C SHELL/6/SHELL_CMD: -Line=vty0-IPAddr=10.237.35.254-User=xz4a_admin; Command is display interface brief
%Mar 10 17:56:47:804 2026 H3C SHELL/6/SHELL_CMD: -Line=vty0-IPAddr=10.237.35.254-User=xz4a_admin; Command is display ip interface brief
%Mar 10 17:56:47:871 2026 H3C SHELL/6/SHELL_CMD: -Line=vty0-IPAddr=10.237.35.254-User=xz4a_admin; Command is display current-configuration
%Mar 10 17:56:48:856 2026 H3C SHELL/6/SHELL_CMD: -Line=vty0-IPAddr=10.237.35.254-User=xz4a_admin; Command is display ip routing-table
%Mar 10 17:56:48:917 2026 H3C SHELL/6/SHELL_CMD: -Line=vty0-IPAddr=10.237.35.254-User=xz4a_admin; Command is display logbuffer
%Mar 10 17:59:05:781 2026 H3C SHELL/5/SHELL_LOGOUT: xz4a_admin logged out from 10.237.35.254.
%Mar 10 17:59:05:831 2026 H3C SSHS/6/SSHS_LOG: User xz4a_admin logged out from 10.237.35.254 port 52864.
%Mar 10 17:59:05:831 2026 H3C SSHS/6/SSHS_DISCONNECT: SSH user xz4a_admin (IP: 10.237.35.254) disconnected from the server.
%Mar 12 12:04:09:933 2026 H3C SSHS/6/SSHS_LOG: Accepted password for xz4a_admin from 10.237.35.254 port 57484.

%Mar 12 12:04:10:978 2026 H3C SSHS/6/SSHS_CONNECT: SSH user xz4a_admin (IP: 10.237.35.254) connected to the server successfully.
%Mar 12 12:04:11:472 2026 H3C SHELL/5/SHELL_LOGIN: xz4a_admin logged in from 10.237.35.254.
%Mar 12 12:06:28:342 2026 H3C SHELL/5/SHELL_LOGOUT: xz4a_admin logged out from 10.237.35.254.
%Mar 12 12:06:28:375 2026 H3C SSHS/6/SSHS_LOG: User xz4a_admin logged out from 10.237.35.254 port 57484.
%Mar 12 12:06:28:375 2026 H3C SSHS/6/SSHS_DISCONNECT: SSH user xz4a_admin (IP: 10.237.35.254) disconnected from the server.
%Mar 12 12:07:37:688 2026 H3C SSHS/6/SSHS_LOG: Accepted password for xz4a_admin from 10.237.35.254 port 57991.

%Mar 12 12:07:38:737 2026 H3C SSHS/6/SSHS_CONNECT: SSH user xz4a_admin (IP: 10.237.35.254) connected to the server successfully.
%Mar 12 12:07:39:231 2026 H3C SHELL/5/SHELL_LOGIN: xz4a_admin logged in from 10.237.35.254.
%Mar 12 12:08:11:723 2026 H3C SHELL/4/SHELL_CMD_MATCHFAIL: -User=xz4a_admin-IPAddr=10.237.35.254; Command screen-length 0 temporary in view shell failed to be matched.
%Mar 12 12:08:11:746 2026 H3C SHELL/6/SHELL_CMD: -Line=vty0-IPAddr=10.237.35.254-User=xz4a_admin; Command is display version
%Mar 12 12:08:11:851 2026 H3C SHELL/6/SHELL_CMD: -Line=vty0-IPAddr=10.237.35.254-User=xz4a_admin; Command is display device
%Mar 12 12:08:11:928 2026 H3C SHELL/6/SHELL_CMD: -Line=vty0-IPAddr=10.237.35.254-User=xz4a_admin; Command is display startup
%Mar 12 12:08:12:004 2026 H3C SHELL/6/SHELL_CMD: -Line=vty0-IPAddr=10.237.35.254-User=xz4a_admin; Command is display cpu-usage
%Mar 12 12:08:12:086 2026 H3C SHELL/4/SHELL_CMD_MATCHFAIL: -User=xz4a_admin-IPAddr=10.237.35.254; Command display memory-usage in view shell failed to be matched.
%Mar 12 12:08:12:111 2026 H3C SHELL/6/SHELL_CMD: -Line=vty0-IPAddr=10.237.35.254-User=xz4a_admin; Command is display interface brief
%Mar 12 12:08:12:757 2026 H3C SHELL/6/SHELL_CMD: -Line=vty0-IPAddr=10.237.35.254-User=xz4a_admin; Command is display ip interface brief
%Mar 12 12:08:12:814 2026 H3C SHELL/6/SHELL_CMD: -Line=vty0-IPAddr=10.237.35.254-User=xz4a_admin; Command is display current-configuration
%Mar 12 12:08:13:805 2026 H3C SHELL/6/SHELL_CMD: -Line=vty0-IPAddr=10.237.35.254-User=xz4a_admin; Command is display ip routing-table
%Mar 12 12:08:13:857 2026 H3C SHELL/6/SHELL_CMD: -Line=vty0-IPAddr=10.237.35.254-User=xz4a_admin; Command is display logbuffer
%Mar 12 12:10:31:134 2026 H3C SHELL/5/SHELL_LOGOUT: xz4a_admin logged out from 10.237.35.254.
%Mar 12 12:10:31:165 2026 H3C SSHS/6/SSHS_LOG: User xz4a_admin logged out from 10.237.35.254 port 57991.
%Mar 12 12:10:31:165 2026 H3C SSHS/6/SSHS_DISCONNECT: SSH user xz4a_admin (IP: 10.237.35.254) disconnected from the server.
%Mar 12 12:15:51:950 2026 H3C SSHS/6/SSHS_LOG: Accepted password for xz4a_admin from 10.237.35.254 port 59288.

%Mar 12 12:15:52:997 2026 H3C SSHS/6/SSHS_CONNECT: SSH user xz4a_admin (IP: 10.237.35.254) connected to the server successfully.
%Mar 12 12:15:53:488 2026 H3C SHELL/5/SHELL_LOGIN: xz4a_admin logged in from 10.237.35.254.
%Mar 12 12:16:22:229 2026 H3C SHELL/4/SHELL_CMD_MATCHFAIL: -User=xz4a_admin-IPAddr=10.237.35.254; Command screen-length 0 temporary in view shell failed to be matched.
%Mar 12 12:16:22:260 2026 H3C SHELL/6/SHELL_CMD: -Line=vty0-IPAddr=10.237.35.254-User=xz4a_admin; Command is display version
%Mar 12 12:16:22:379 2026 H3C SHELL/6/SHELL_CMD: -Line=vty0-IPAddr=10.237.35.254-User=xz4a_admin; Command is display device
%Mar 12 12:16:22:439 2026 H3C SHELL/6/SHELL_CMD: -Line=vty0-IPAddr=10.237.35.254-User=xz4a_admin; Command is display startup
%Mar 12 12:16:22:505 2026 H3C SHELL/6/SHELL_CMD: -Line=vty0-IPAddr=10.237.35.254-User=xz4a_admin; Command is display cpu-usage
%Mar 12 12:16:22:584 2026 H3C SHELL/4/SHELL_CMD_MATCHFAIL: -User=xz4a_admin-IPAddr=10.237.35.254; Command display memory-usage in view shell failed to be matched.
%Mar 12 12:16:22:624 2026 H3C SHELL/6/SHELL_CMD: -Line=vty0-IPAddr=10.237.35.254-User=xz4a_admin; Command is display interface brief
%Mar 12 12:16:23:235 2026 H3C SHELL/6/SHELL_CMD: -Line=vty0-IPAddr=10.237.35.254-User=xz4a_admin; Command is display ip interface brief
%Mar 12 12:16:23:306 2026 H3C SHELL/6/SHELL_CMD: -Line=vty0-IPAddr=10.237.35.254-User=xz4a_admin; Command is display current-configuration
%Mar 12 12:16:24:331 2026 H3C SHELL/6/SHELL_CMD: -Line=vty0-IPAddr=10.237.35.254-User=xz4a_admin; Command is display ip routing-table
%Mar 12 12:16:24:385 2026 H3C SHELL/6/SHELL_CMD: -Line=vty0-IPAddr=10.237.35.254-User=xz4a_admin; Command is display logbuffer
%Mar 12 12:17:05:452 2026 H3C SHELL/5/SHELL_LOGOUT: xz4a_admin logged out from 10.237.35.254.
%Mar 12 12:17:05:484 2026 H3C SSHS/6/SSHS_LOG: User xz4a_admin logged out from 10.237.35.254 port 59288.
%Mar 12 12:17:05:484 2026 H3C SSHS/6/SSHS_DISCONNECT: SSH user xz4a_admin (IP: 10.237.35.254) disconnected from the server.
%Mar 12 12:19:50:103 2026 H3C SSHS/6/SSHS_LOG: Accepted password for xz4a_admin from 10.237.35.254 port 60164.

%Mar 12 12:19:51:150 2026 H3C SSHS/6/SSHS_CONNECT: SSH user xz4a_admin (IP: 10.237.35.254) connected to the server successfully.
%Mar 12 12:19:51:637 2026 H3C SHELL/5/SHELL_LOGIN: xz4a_admin logged in from 10.237.35.254.
%Mar 12 12:20:35:294 2026 H3C SHELL/5/SHELL_LOGOUT: xz4a_admin logged out from 10.237.35.254.
%Mar 12 12:20:35:325 2026 H3C SSHS/6/SSHS_LOG: User xz4a_admin logged out from 10.237.35.254 port 60164.
%Mar 12 12:20:35:326 2026 H3C SSHS/6/SSHS_DISCONNECT: SSH user xz4a_admin (IP: 10.237.35.254) disconnected from the server.
%Mar 12 12:22:37:015 2026 H3C SSHS/6/SSHS_LOG: Accepted password for xz4a_admin from 10.237.35.254 port 60641.

%Mar 12 12:22:38:062 2026 H3C SSHS/6/SSHS_CONNECT: SSH user xz4a_admin (IP: 10.237.35.254) connected to the server successfully.
%Mar 12 12:22:38:554 2026 H3C SHELL/5/SHELL_LOGIN: xz4a_admin logged in from 10.237.35.254.
%Mar 12 12:23:08:289 2026 H3C SHELL/4/SHELL_CMD_MATCHFAIL: -User=xz4a_admin-IPAddr=10.237.35.254; Command screen-length 0 temporary in view shell failed to be matched.
%Mar 12 12:23:08:333 2026 H3C SHELL/6/SHELL_CMD: -Line=vty0-IPAddr=10.237.35.254-User=xz4a_admin; Command is display version
%Mar 12 12:23:08:436 2026 H3C SHELL/6/SHELL_CMD: -Line=vty0-IPAddr=10.237.35.254-User=xz4a_admin; Command is display device
%Mar 12 12:23:08:489 2026 H3C SHELL/6/SHELL_CMD: -Line=vty0-IPAddr=10.237.35.254-User=xz4a_admin; Command is display startup
%Mar 12 12:23:08:545 2026 H3C SHELL/6/SHELL_CMD: -Line=vty0-IPAddr=10.237.35.254-User=xz4a_admin; Command is display cpu-usage
%Mar 12 12:23:08:671 2026 H3C SHELL/4/SHELL_CMD_MATCHFAIL: -User=xz4a_admin-IPAddr=10.237.35.254; Command display memory-usage in view shell failed to be matched.
%Mar 12 12:23:08:708 2026 H3C SHELL/6/SHELL_CMD: -Line=vty0-IPAddr=10.237.35.254-User=xz4a_admin; Command is display interface brief
%Mar 12 12:23:09:310 2026 H3C SHELL/6/SHELL_CMD: -Line=vty0-IPAddr=10.237.35.254-User=xz4a_admin; Command is display ip interface brief
%Mar 12 12:23:09:366 2026 H3C SHELL/6/SHELL_CMD: -Line=vty0-IPAddr=10.237.35.254-User=xz4a_admin; Command is display current-configuration
%Mar 12 12:23:10:369 2026 H3C SHELL/6/SHELL_CMD: -Line=vty0-IPAddr=10.237.35.254-User=xz4a_admin; Command is display ip routing-table
%Mar 12 12:23:10:431 2026 H3C SHELL/6/SHELL_CMD: -Line=vty0-IPAddr=10.237.35.254-User=xz4a_admin; Command is display logbuffer
%Mar 12 12:25:27:413 2026 H3C SHELL/5/SHELL_LOGOUT: xz4a_admin logged out from 10.237.35.254.
%Mar 12 12:25:27:449 2026 H3C SSHS/6/SSHS_LOG: User xz4a_admin logged out from 10.237.35.254 port 60641.
%Mar 12 12:25:27:449 2026 H3C SSHS/6/SSHS_DISCONNECT: SSH user xz4a_admin (IP: 10.237.35.254) disconnected from the server.
%Mar 12 12:38:57:451 2026 H3C SSHS/6/SSHS_LOG: Accepted password for xz4a_admin from 10.237.35.254 port 63244.

%Mar 12 12:38:58:497 2026 H3C SSHS/6/SSHS_CONNECT: SSH user xz4a_admin (IP: 10.237.35.254) connected to the server successfully.
%Mar 12 12:38:58:982 2026 H3C SHELL/5/SHELL_LOGIN: xz4a_admin logged in from 10.237.35.254.
%Mar 12 12:39:34:338 2026 H3C SHELL/4/SHELL_CMD_MATCHFAIL: -User=xz4a_admin-IPAddr=10.237.35.254; Command screen-length 0 temporary in view shell failed to be matched.
%Mar 12 12:39:34:361 2026 H3C SHELL/6/SHELL_CMD: -Line=vty0-IPAddr=10.237.35.254-User=xz4a_admin; Command is display version
%Mar 12 12:39:34:498 2026 H3C SHELL/6/SHELL_CMD: -Line=vty0-IPAddr=10.237.35.254-User=xz4a_admin; Command is display device
%Mar 12 12:39:34:571 2026 H3C SHELL/6/SHELL_CMD: -Line=vty0-IPAddr=10.237.35.254-User=xz4a_admin; Command is display startup
%Mar 12 12:39:34:638 2026 H3C SHELL/6/SHELL_CMD: -Line=vty0-IPAddr=10.237.35.254-User=xz4a_admin; Command is display cpu-usage
%Mar 12 12:39:34:744 2026 H3C SHELL/4/SHELL_CMD_MATCHFAIL: -User=xz4a_admin-IPAddr=10.237.35.254; Command display memory-usage in view shell failed to be matched.
%Mar 12 12:39:34:770 2026 H3C SHELL/6/SHELL_CMD: -Line=vty0-IPAddr=10.237.35.254-User=xz4a_admin; Command is display interface brief
%Mar 12 12:39:35:389 2026 H3C SHELL/6/SHELL_CMD: -Line=vty0-IPAddr=10.237.35.254-User=xz4a_admin; Command is display ip interface brief
%Mar 12 12:39:35:447 2026 H3C SHELL/6/SHELL_CMD: -Line=vty0-IPAddr=10.237.35.254-User=xz4a_admin; Command is display current-configuration
%Mar 12 12:39:36:444 2026 H3C SHELL/6/SHELL_CMD: -Line=vty0-IPAddr=10.237.35.254-User=xz4a_admin; Command is display ip routing-table
%Mar 12 12:39:36:528 2026 H3C SHELL/6/SHELL_CMD: -Line=vty0-IPAddr=10.237.35.254-User=xz4a_admin; Command is display logbuffer
%Mar 12 12:41:53:849 2026 H3C SHELL/5/SHELL_LOGOUT: xz4a_admin logged out from 10.237.35.254.
%Mar 12 12:41:53:883 2026 H3C SSHS/6/SSHS_LOG: User xz4a_admin logged out from 10.237.35.254 port 63244.
%Mar 12 12:41:53:883 2026 H3C SSHS/6/SSHS_DISCONNECT: SSH user xz4a_admin (IP: 10.237.35.254) disconnected from the server.
%Mar 12 13:01:05:681 2026 H3C SSHS/6/SSHS_LOG: Accepted password for xz4a_admin from 10.237.35.254 port 50499.

%Mar 12 13:01:06:730 2026 H3C SSHS/6/SSHS_CONNECT: SSH user xz4a_admin (IP: 10.237.35.254) connected to the server successfully.
%Mar 12 13:01:07:232 2026 H3C SHELL/5/SHELL_LOGIN: xz4a_admin logged in from 10.237.35.254.
%Mar 12 13:01:38:305 2026 H3C SHELL/4/SHELL_CMD_MATCHFAIL: -User=xz4a_admin-IPAddr=10.237.35.254; Command screen-length 0 temporary in view shell failed to be matched.
%Mar 12 13:01:38:327 2026 H3C SHELL/6/SHELL_CMD: -Line=vty0-IPAddr=10.237.35.254-User=xz4a_admin; Command is display version
%Mar 12 13:01:38:419 2026 H3C SHELL/6/SHELL_CMD: -Line=vty0-IPAddr=10.237.35.254-User=xz4a_admin; Command is display device
%Mar 12 13:01:38:495 2026 H3C SHELL/6/SHELL_CMD: -Line=vty0-IPAddr=10.237.35.254-User=xz4a_admin; Command is display startup
%Mar 12 13:01:38:571 2026 H3C SHELL/6/SHELL_CMD: -Line=vty0-IPAddr=10.237.35.254-User=xz4a_admin; Command is display cpu-usage
%Mar 12 13:01:38:675 2026 H3C SHELL/4/SHELL_CMD_MATCHFAIL: -User=xz4a_admin-IPAddr=10.237.35.254; Command display memory-usage in view shell failed to be matched.
%Mar 12 13:01:38:735 2026 H3C SHELL/6/SHELL_CMD: -Line=vty0-IPAddr=10.237.35.254-User=xz4a_admin; Command is display interface brief
%Mar 12 13:01:39:292 2026 H3C SHELL/6/SHELL_CMD: -Line=vty0-IPAddr=10.237.35.254-User=xz4a_admin; Command is display ip interface brief
%Mar 12 13:01:39:346 2026 H3C SHELL/6/SHELL_CMD: -Line=vty0-IPAddr=10.237.35.254-User=xz4a_admin; Command is display current-configuration
%Mar 12 13:01:40:366 2026 H3C SHELL/6/SHELL_CMD: -Line=vty0-IPAddr=10.237.35.254-User=xz4a_admin; Command is display ip routing-table
%Mar 12 13:01:40:416 2026 H3C SHELL/6/SHELL_CMD: -Line=vty0-IPAddr=10.237.35.254-User=xz4a_admin; Command is display logbuffer
%Mar 12 13:03:57:135 2026 H3C SHELL/5/SHELL_LOGOUT: xz4a_admin logged out from 10.237.35.254.
%Mar 12 13:03:57:168 2026 H3C SSHS/6/SSHS_LOG: User xz4a_admin logged out from 10.237.35.254 port 50499.
%Mar 12 13:03:57:169 2026 H3C SSHS/6/SSHS_DISCONNECT: SSH user xz4a_admin (IP: 10.237.35.254) disconnected from the server.
%Mar 12 13:18:48:715 2026 H3C SSHS/6/SSHS_LOG: Accepted password for xz4a_admin from 10.237.35.254 port 53168.

%Mar 12 13:18:49:763 2026 H3C SSHS/6/SSHS_CONNECT: SSH user xz4a_admin (IP: 10.237.35.254) connected to the server successfully.
%Mar 12 13:18:50:255 2026 H3C SHELL/5/SHELL_LOGIN: xz4a_admin logged in from 10.237.35.254.
%Mar 12 13:19:21:493 2026 H3C SHELL/4/SHELL_CMD_MATCHFAIL: -User=xz4a_admin-IPAddr=10.237.35.254; Command screen-length 0 temporary in view shell failed to be matched.
%Mar 12 13:19:21:523 2026 H3C SHELL/6/SHELL_CMD: -Line=vty0-IPAddr=10.237.35.254-User=xz4a_admin; Command is display version
%Mar 12 13:19:21:642 2026 H3C SHELL/6/SHELL_CMD: -Line=vty0-IPAddr=10.237.35.254-User=xz4a_admin; Command is display device
%Mar 12 13:19:21:702 2026 H3C SHELL/6/SHELL_CMD: -Line=vty0-IPAddr=10.237.35.254-User=xz4a_admin; Command is display startup
%Mar 12 13:19:21:778 2026 H3C SHELL/6/SHELL_CMD: -Line=vty0-IPAddr=10.237.35.254-User=xz4a_admin; Command is display cpu-usage
%Mar 12 13:19:21:863 2026 H3C SHELL/4/SHELL_CMD_MATCHFAIL: -User=xz4a_admin-IPAddr=10.237.35.254; Command display memory-usage in view shell failed to be matched.
%Mar 12 13:19:21:896 2026 H3C SHELL/6/SHELL_CMD: -Line=vty0-IPAddr=10.237.35.254-User=xz4a_admin; Command is display interface brief
%Mar 12 13:19:22:448 2026 H3C SHELL/6/SHELL_CMD: -Line=vty0-IPAddr=10.237.35.254-User=xz4a_admin; Command is display ip interface brief
%Mar 12 13:19:22:500 2026 H3C SHELL/6/SHELL_CMD: -Line=vty0-IPAddr=10.237.35.254-User=xz4a_admin; Command is display current-configuration
%Mar 12 13:19:23:533 2026 H3C SHELL/6/SHELL_CMD: -Line=vty0-IPAddr=10.237.35.254-User=xz4a_admin; Command is display ip routing-table
%Mar 12 13:19:23:584 2026 H3C SHELL/6/SHELL_CMD: -Line=vty0-IPAddr=10.237.35.254-User=xz4a_admin; Command is display logbuffer
%Mar 12 13:20:09:976 2026 H3C SHELL/5/SHELL_LOGOUT: xz4a_admin logged out from 10.237.35.254.
%Mar 12 13:20:10:020 2026 H3C SSHS/6/SSHS_LOG: User xz4a_admin logged out from 10.237.35.254 port 53168.
%Mar 12 13:20:10:020 2026 H3C SSHS/6/SSHS_DISCONNECT: SSH user xz4a_admin (IP: 10.237.35.254) disconnected from the server.
%Mar 12 13:27:21:458 2026 H3C SSHS/6/SSHS_LOG: Accepted password for xz4a_admin from 10.237.35.254 port 54649.

%Mar 12 13:27:22:505 2026 H3C SSHS/6/SSHS_CONNECT: SSH user xz4a_admin (IP: 10.237.35.254) connected to the server successfully.
%Mar 12 13:27:23:002 2026 H3C SHELL/5/SHELL_LOGIN: xz4a_admin logged in from 10.237.35.254.
%Mar 12 13:27:53:161 2026 H3C SHELL/4/SHELL_CMD_MATCHFAIL: -User=xz4a_admin-IPAddr=10.237.35.254; Command screen-length 0 temporary in view shell failed to be matched.
%Mar 12 13:27:53:191 2026 H3C SHELL/6/SHELL_CMD: -Line=vty0-IPAddr=10.237.35.254-User=xz4a_admin; Command is display version
%Mar 12 13:27:53:293 2026 H3C SHELL/6/SHELL_CMD: -Line=vty0-IPAddr=10.237.35.254-User=xz4a_admin; Command is display device
%Mar 12 13:27:53:351 2026 H3C SHELL/6/SHELL_CMD: -Line=vty0-IPAddr=10.237.35.254-User=xz4a_admin; Command is display startup
%Mar 12 13:27:53:434 2026 H3C SHELL/6/SHELL_CMD: -Line=vty0-IPAddr=10.237.35.254-User=xz4a_admin; Command is display cpu-usage
%Mar 12 13:27:53:514 2026 H3C SHELL/4/SHELL_CMD_MATCHFAIL: -User=xz4a_admin-IPAddr=10.237.35.254; Command display memory-usage in view shell failed to be matched.
%Mar 12 13:27:53:543 2026 H3C SHELL/6/SHELL_CMD: -Line=vty0-IPAddr=10.237.35.254-User=xz4a_admin; Command is display interface brief
%Mar 12 13:27:54:139 2026 H3C SHELL/6/SHELL_CMD: -Line=vty0-IPAddr=10.237.35.254-User=xz4a_admin; Command is display ip interface brief
%Mar 12 13:27:54:190 2026 H3C SHELL/6/SHELL_CMD: -Line=vty0-IPAddr=10.237.35.254-User=xz4a_admin; Command is display current-configuration
%Mar 12 13:27:55:210 2026 H3C SHELL/6/SHELL_CMD: -Line=vty0-IPAddr=10.237.35.254-User=xz4a_admin; Command is display ip routing-table
%Mar 12 13:27:55:259 2026 H3C SHELL/6/SHELL_CMD: -Line=vty0-IPAddr=10.237.35.254-User=xz4a_admin; Command is display logbuffer
%Mar 12 13:30:12:888 2026 H3C SHELL/5/SHELL_LOGOUT: xz4a_admin logged out from 10.237.35.254.
%Mar 12 13:30:12:921 2026 H3C SSHS/6/SSHS_LOG: User xz4a_admin logged out from 10.237.35.254 port 54649.
%Mar 12 13:30:12:922 2026 H3C SSHS/6/SSHS_DISCONNECT: SSH user xz4a_admin (IP: 10.237.35.254) disconnected from the server.
%Mar 12 15:19:00:596 2026 H3C SSHS/6/SSHS_LOG: Accepted password for xz4a_admin from 10.237.35.254 port 56177.

%Mar 12 15:19:01:645 2026 H3C SSHS/6/SSHS_CONNECT: SSH user xz4a_admin (IP: 10.237.35.254) connected to the server successfully.
%Mar 12 15:19:02:138 2026 H3C SHELL/5/SHELL_LOGIN: xz4a_admin logged in from 10.237.35.254.
%Mar 12 15:19:43:978 2026 H3C SHELL/4/SHELL_CMD_MATCHFAIL: -User=xz4a_admin-IPAddr=10.237.35.254; Command screen-length 0 temporary in view shell failed to be matched.
%Mar 12 15:19:44:004 2026 H3C SHELL/6/SHELL_CMD: -Line=vty0-IPAddr=10.237.35.254-User=xz4a_admin; Command is display version
%Mar 12 15:19:44:123 2026 H3C SHELL/6/SHELL_CMD: -Line=vty0-IPAddr=10.237.35.254-User=xz4a_admin; Command is display device
%Mar 12 15:19:44:177 2026 H3C SHELL/6/SHELL_CMD: -Line=vty0-IPAddr=10.237.35.254-User=xz4a_admin; Command is display startup
%Mar 12 15:19:44:247 2026 H3C SHELL/6/SHELL_CMD: -Line=vty0-IPAddr=10.237.35.254-User=xz4a_admin; Command is display cpu-usage
%Mar 12 15:19:44:394 2026 H3C SHELL/4/SHELL_CMD_MATCHFAIL: -User=xz4a_admin-IPAddr=10.237.35.254; Command display memory-usage in view shell failed to be matched.
%Mar 12 15:19:44:427 2026 H3C SHELL/6/SHELL_CMD: -Line=vty0-IPAddr=10.237.35.254-User=xz4a_admin; Command is display interface brief
%Mar 12 15:19:44:936 2026 H3C SHELL/6/SHELL_CMD: -Line=vty0-IPAddr=10.237.35.254-User=xz4a_admin; Command is display ip interface brief
%Mar 12 15:19:44:993 2026 H3C SHELL/6/SHELL_CMD: -Line=vty0-IPAddr=10.237.35.254-User=xz4a_admin; Command is display current-configuration
%Mar 12 15:19:46:000 2026 H3C SHELL/6/SHELL_CMD: -Line=vty0-IPAddr=10.237.35.254-User=xz4a_admin; Command is display ip routing-table
%Mar 12 15:19:46:070 2026 H3C SHELL/6/SHELL_CMD: -Line=vty0-IPAddr=10.237.35.254-User=xz4a_admin; Command is display logbuffer
%Mar 12 15:20:39:109 2026 H3C SHELL/5/SHELL_LOGOUT: xz4a_admin logged out from 10.237.35.254.
%Mar 12 15:20:39:140 2026 H3C SSHS/6/SSHS_LOG: User xz4a_admin logged out from 10.237.35.254 port 56177.
%Mar 12 15:20:39:140 2026 H3C SSHS/6/SSHS_DISCONNECT: SSH user xz4a_admin (IP: 10.237.35.254) disconnected from the server.
%Mar 12 15:25:40:570 2026 H3C SSHS/6/SSHS_LOG: Accepted password for xz4a_admin from 10.237.35.254 port 57466.

%Mar 12 15:25:41:617 2026 H3C SSHS/6/SSHS_CONNECT: SSH user xz4a_admin (IP: 10.237.35.254) connected to the server successfully.
%Mar 12 15:25:42:107 2026 H3C SHELL/5/SHELL_LOGIN: xz4a_admin logged in from 10.237.35.254.
%Mar 12 15:26:11:200 2026 H3C SHELL/4/SHELL_CMD_MATCHFAIL: -User=xz4a_admin-IPAddr=10.237.35.254; Command screen-length 0 temporary in view shell failed to be matched.
%Mar 12 15:26:11:223 2026 H3C SHELL/6/SHELL_CMD: -Line=vty0-IPAddr=10.237.35.254-User=xz4a_admin; Command is display version
%Mar 12 15:26:11:323 2026 H3C SHELL/6/SHELL_CMD: -Line=vty0-IPAddr=10.237.35.254-User=xz4a_admin; Command is display device
%Mar 12 15:26:11:376 2026 H3C SHELL/6/SHELL_CMD: -Line=vty0-IPAddr=10.237.35.254-User=xz4a_admin; Command is display startup
%Mar 12 15:26:11:445 2026 H3C SHELL/6/SHELL_CMD: -Line=vty0-IPAddr=10.237.35.254-User=xz4a_admin; Command is display cpu-usage
%Mar 12 15:26:11:510 2026 H3C SHELL/4/SHELL_CMD_MATCHFAIL: -User=xz4a_admin-IPAddr=10.237.35.254; Command display memory-usage in view shell failed to be matched.
%Mar 12 15:26:11:534 2026 H3C SHELL/6/SHELL_CMD: -Line=vty0-IPAddr=10.237.35.254-User=xz4a_admin; Command is display interface brief
%Mar 12 15:26:12:081 2026 H3C SHELL/6/SHELL_CMD: -Line=vty0-IPAddr=10.237.35.254-User=xz4a_admin; Command is display ip interface brief
%Mar 12 15:26:12:156 2026 H3C SHELL/6/SHELL_CMD: -Line=vty0-IPAddr=10.237.35.254-User=xz4a_admin; Command is display current-configuration
%Mar 12 15:26:13:143 2026 H3C SHELL/6/SHELL_CMD: -Line=vty0-IPAddr=10.237.35.254-User=xz4a_admin; Command is display ip routing-table
%Mar 12 15:26:13:193 2026 H3C SHELL/6/SHELL_CMD: -Line=vty0-IPAddr=10.237.35.254-User=xz4a_admin; Command is display logbuffer
%Mar 12 15:26:59:205 2026 H3C SHELL/5/SHELL_LOGOUT: xz4a_admin logged out from 10.237.35.254.
%Mar 12 15:26:59:239 2026 H3C SSHS/6/SSHS_LOG: User xz4a_admin logged out from 10.237.35.254 port 57466.
%Mar 12 15:26:59:239 2026 H3C SSHS/6/SSHS_DISCONNECT: SSH user xz4a_admin (IP: 10.237.35.254) disconnected from the server.
%Mar 13 12:41:59:240 2026 H3C SSHS/6/SSHS_LOG: Accepted password for xz4a_admin from 10.237.35.254 port 65304.

%Mar 13 12:42:00:288 2026 H3C SSHS/6/SSHS_CONNECT: SSH user xz4a_admin (IP: 10.237.35.254) connected to the server successfully.
%Mar 13 12:42:00:779 2026 H3C SHELL/5/SHELL_LOGIN: xz4a_admin logged in from 10.237.35.254.
%Mar 13 12:42:43:878 2026 H3C SHELL/4/SHELL_CMD_MATCHFAIL: -User=xz4a_admin-IPAddr=10.237.35.254; Command screen-length 0 temporary in view shell failed to be matched.
%Mar 13 12:42:43:901 2026 H3C SHELL/6/SHELL_CMD: -Line=vty0-IPAddr=10.237.35.254-User=xz4a_admin; Command is display version
%Mar 13 12:42:44:007 2026 H3C SHELL/6/SHELL_CMD: -Line=vty0-IPAddr=10.237.35.254-User=xz4a_admin; Command is display device
%Mar 13 12:42:44:082 2026 H3C SHELL/6/SHELL_CMD: -Line=vty0-IPAddr=10.237.35.254-User=xz4a_admin; Command is display startup
%Mar 13 12:42:44:149 2026 H3C SHELL/6/SHELL_CMD: -Line=vty0-IPAddr=10.237.35.254-User=xz4a_admin; Command is display cpu-usage
%Mar 13 12:42:44:227 2026 H3C SHELL/4/SHELL_CMD_MATCHFAIL: -User=xz4a_admin-IPAddr=10.237.35.254; Command display memory-usage in view shell failed to be matched.
%Mar 13 12:42:44:251 2026 H3C SHELL/6/SHELL_CMD: -Line=vty0-IPAddr=10.237.35.254-User=xz4a_admin; Command is display interface brief
%Mar 13 12:42:44:845 2026 H3C SHELL/6/SHELL_CMD: -Line=vty0-IPAddr=10.237.35.254-User=xz4a_admin; Command is display ip interface brief
%Mar 13 12:42:44:909 2026 H3C SHELL/6/SHELL_CMD: -Line=vty0-IPAddr=10.237.35.254-User=xz4a_admin; Command is display current-configuration
